#
# There is insufficient memory for the Java Runtime Environment to continue.
# Native memory allocation (malloc) failed to allocate 80272 bytes for Chunk::new
# Possible reasons:
#   The system is out of physical RAM or swap space
#   The process is running with CompressedOops enabled, and the Java Heap may be blocking the growth of the native heap
# Possible solutions:
#   Reduce memory load on the system
#   Increase physical memory or swap space
#   Check if swap backing store is full
#   Decrease Java heap size (-Xmx/-Xms)
#   Decrease number of Java threads
#   Decrease Java thread stack sizes (-Xss)
#   Set larger code cache with -XX:ReservedCodeCacheSize=
#   JVM is running with Unscaled Compressed Oops mode in which the Java heap is
#     placed in the first 4GB address space. The Java Heap base address is the
#     maximum limit for the native heap growth. Please use -XX:HeapBaseMinAddress
#     to set the Java Heap base and to place the Java Heap above 4GB virtual address.
# This output file may be truncated or incomplete.
#
#  Out of Memory Error (arena.cpp:189), pid=20164, tid=18648
#
# JRE version: Java(TM) SE Runtime Environment (17.0.4.1+1) (build 17.0.4.1+1-LTS-2)
# Java VM: Java HotSpot(TM) 64-Bit Server VM (17.0.4.1+1-LTS-2, mixed mode, sharing, tiered, compressed oops, compressed class ptrs, g1 gc, windows-amd64)
# No core dump will be written. Minidumps are not enabled by default on client versions of Windows
#

---------------  S U M M A R Y ------------

Command Line: -Dmaven.multiModuleProjectDirectory=C:\Senac\curso ds\ProjetoIntegradorUC15\Etapa0708PIUC15\petpug\petpug org.apache.maven.wrapper.MavenWrapperMain -Dmaven.ext.class.path=C:\Program Files\NetBeans-14\netbeans\java\maven-nblib\netbeans-eventspy.jar -Dfile.encoding=UTF-8 install

Host: Intel(R) Core(TM) i5-8250U CPU @ 1.60GHz, 8 cores, 7G,  Windows 11 , 64 bit Build 22621 (10.0.22621.2506)
Time: Mon Dec 18 09:40:56 2023 Hora oficial do Brasil elapsed time: 14.665322 seconds (0d 0h 0m 14s)

---------------  T H R E A D  ---------------

Current thread (0x0000019ce972ac30):  JavaThread "C2 CompilerThread0" daemon [_thread_in_native, id=18648, stack(0x00000073cc900000,0x00000073cca00000)]


Current CompileTask:
C2:  14665  248       4       java.lang.StringBuilder::append (8 bytes)

Stack: [0x00000073cc900000,0x00000073cca00000]
Native frames: (J=compiled Java code, j=interpreted, Vv=VM code, C=native code)
V  [jvm.dll+0x6723ba]
V  [jvm.dll+0x7d1e34]
V  [jvm.dll+0x7d35de]
V  [jvm.dll+0x7d3c43]
V  [jvm.dll+0x243065]
V  [jvm.dll+0xaa57b]
V  [jvm.dll+0xaab0c]
V  [jvm.dll+0x360467]
V  [jvm.dll+0x32a971]
V  [jvm.dll+0x329e1a]
V  [jvm.dll+0x2161a1]
V  [jvm.dll+0x2155c1]
V  [jvm.dll+0x1a1fcd]
V  [jvm.dll+0x224e08]
V  [jvm.dll+0x222f75]
V  [jvm.dll+0x787a0b]
V  [jvm.dll+0x781fca]
V  [jvm.dll+0x671245]
C  [ucrtbase.dll+0x29363]
C  [KERNEL32.DLL+0x1257d]
C  [ntdll.dll+0x5aa58]


---------------  P R O C E S S  ---------------

Threads class SMR info:
_java_thread_list=0x0000019cea1e2d40, length=12, elements={
0x0000019cc964bea0, 0x0000019ce970e1f0, 0x0000019ce9710070, 0x0000019ce9726230,
0x0000019ce9728bf0, 0x0000019ce97295a0, 0x0000019ce9729f50, 0x0000019ce972ac30,
0x0000019ce97944d0, 0x0000019ce979d6d0, 0x0000019cea1db6e0, 0x0000019cea1e6890
}

Java Threads: ( => current thread )
  0x0000019cc964bea0 JavaThread "main" [_thread_in_native, id=23008, stack(0x00000073cbb00000,0x00000073cbc00000)]
  0x0000019ce970e1f0 JavaThread "Reference Handler" daemon [_thread_blocked, id=18000, stack(0x00000073cc300000,0x00000073cc400000)]
  0x0000019ce9710070 JavaThread "Finalizer" daemon [_thread_blocked, id=4680, stack(0x00000073cc400000,0x00000073cc500000)]
  0x0000019ce9726230 JavaThread "Signal Dispatcher" daemon [_thread_blocked, id=22040, stack(0x00000073cc500000,0x00000073cc600000)]
  0x0000019ce9728bf0 JavaThread "Attach Listener" daemon [_thread_blocked, id=14080, stack(0x00000073cc600000,0x00000073cc700000)]
  0x0000019ce97295a0 JavaThread "Service Thread" daemon [_thread_blocked, id=7224, stack(0x00000073cc700000,0x00000073cc800000)]
  0x0000019ce9729f50 JavaThread "Monitor Deflation Thread" daemon [_thread_blocked, id=28600, stack(0x00000073cc800000,0x00000073cc900000)]
=>0x0000019ce972ac30 JavaThread "C2 CompilerThread0" daemon [_thread_in_native, id=18648, stack(0x00000073cc900000,0x00000073cca00000)]
  0x0000019ce97944d0 JavaThread "C1 CompilerThread0" daemon [_thread_blocked, id=13604, stack(0x00000073cca00000,0x00000073ccb00000)]
  0x0000019ce979d6d0 JavaThread "Sweeper thread" daemon [_thread_blocked, id=17720, stack(0x00000073ccb00000,0x00000073ccc00000)]
  0x0000019cea1db6e0 JavaThread "Notification Thread" daemon [_thread_blocked, id=2332, stack(0x00000073ccc00000,0x00000073ccd00000)]
  0x0000019cea1e6890 JavaThread "Common-Cleaner" daemon [_thread_blocked, id=11112, stack(0x00000073cce00000,0x00000073ccf00000)]

Other Threads:
  0x0000019ce97072b0 VMThread "VM Thread" [stack: 0x00000073cc200000,0x00000073cc300000] [id=26656]
  0x0000019cea1e1bd0 WatcherThread [stack: 0x00000073ccd00000,0x00000073cce00000] [id=17948]
  0x0000019cc96a56d0 GCTaskThread "GC Thread#0" [stack: 0x00000073cbd00000,0x00000073cbe00000] [id=18644]
  0x0000019cc96b73a0 ConcurrentGCThread "G1 Main Marker" [stack: 0x00000073cbe00000,0x00000073cbf00000] [id=11808]
  0x0000019cc96b8dc0 ConcurrentGCThread "G1 Conc#0" [stack: 0x00000073cbf00000,0x00000073cc000000] [id=9292]
  0x0000019cc971d520 ConcurrentGCThread "G1 Refine#0" [stack: 0x00000073cc000000,0x00000073cc100000] [id=11108]
  0x0000019cc971df40 ConcurrentGCThread "G1 Service" [stack: 0x00000073cc100000,0x00000073cc200000] [id=21452]

Threads with active compile tasks:
C2 CompilerThread0    14708  248       4       java.lang.StringBuilder::append (8 bytes)

VM state: not at safepoint (normal execution)

VM Mutex/Monitor currently owned by a thread: None

Heap address: 0x0000000081400000, size: 2028 MB, Compressed Oops mode: 32-bit

CDS archive(s) mapped at: [0x0000000800000000-0x0000000800bc0000-0x0000000800bc0000), size 12320768, SharedBaseAddress: 0x0000000800000000, ArchiveRelocationMode: 0.
Compressed class space mapped at: 0x0000000800c00000-0x0000000840c00000, reserved size: 1073741824
Narrow klass base: 0x0000000800000000, Narrow klass shift: 0, Narrow klass range: 0x100000000

GC Precious Log:
 CPUs: 8 total, 8 available
 Memory: 8106M
 Large Page Support: Disabled
 NUMA Support: Disabled
 Compressed Oops: Enabled (32-bit)
 Heap Region Size: 1M
 Heap Min Capacity: 8M
 Heap Initial Capacity: 128M
 Heap Max Capacity: 2028M
 Pre-touch: Disabled
 Parallel Workers: 8
 Concurrent Workers: 2
 Concurrent Refinement Workers: 8
 Periodic GC: Disabled

Heap:
 garbage-first heap   total 131072K, used 3072K [0x0000000081400000, 0x0000000100000000)
  region size 1024K, 4 young (4096K), 0 survivors (0K)
 Metaspace       used 1089K, committed 1216K, reserved 1056768K
  class space    used 103K, committed 192K, reserved 1048576K

Heap Regions: E=young(eden), S=young(survivor), O=old, HS=humongous(starts), HC=humongous(continues), CS=collection set, F=free, OA=open archive, CA=closed archive, TAMS=top-at-mark-start (previous, next)
|   0|0x0000000081400000, 0x0000000081400000, 0x0000000081500000|  0%| F|  |TAMS 0x0000000081400000, 0x0000000081400000| Untracked 
|   1|0x0000000081500000, 0x0000000081500000, 0x0000000081600000|  0%| F|  |TAMS 0x0000000081500000, 0x0000000081500000| Untracked 
|   2|0x0000000081600000, 0x0000000081600000, 0x0000000081700000|  0%| F|  |TAMS 0x0000000081600000, 0x0000000081600000| Untracked 
|   3|0x0000000081700000, 0x0000000081700000, 0x0000000081800000|  0%| F|  |TAMS 0x0000000081700000, 0x0000000081700000| Untracked 
|   4|0x0000000081800000, 0x0000000081800000, 0x0000000081900000|  0%| F|  |TAMS 0x0000000081800000, 0x0000000081800000| Untracked 
|   5|0x0000000081900000, 0x0000000081900000, 0x0000000081a00000|  0%| F|  |TAMS 0x0000000081900000, 0x0000000081900000| Untracked 
|   6|0x0000000081a00000, 0x0000000081a00000, 0x0000000081b00000|  0%| F|  |TAMS 0x0000000081a00000, 0x0000000081a00000| Untracked 
|   7|0x0000000081b00000, 0x0000000081b00000, 0x0000000081c00000|  0%| F|  |TAMS 0x0000000081b00000, 0x0000000081b00000| Untracked 
|   8|0x0000000081c00000, 0x0000000081c00000, 0x0000000081d00000|  0%| F|  |TAMS 0x0000000081c00000, 0x0000000081c00000| Untracked 
|   9|0x0000000081d00000, 0x0000000081d00000, 0x0000000081e00000|  0%| F|  |TAMS 0x0000000081d00000, 0x0000000081d00000| Untracked 
|  10|0x0000000081e00000, 0x0000000081e00000, 0x0000000081f00000|  0%| F|  |TAMS 0x0000000081e00000, 0x0000000081e00000| Untracked 
|  11|0x0000000081f00000, 0x0000000081f00000, 0x0000000082000000|  0%| F|  |TAMS 0x0000000081f00000, 0x0000000081f00000| Untracked 
|  12|0x0000000082000000, 0x0000000082000000, 0x0000000082100000|  0%| F|  |TAMS 0x0000000082000000, 0x0000000082000000| Untracked 
|  13|0x0000000082100000, 0x0000000082100000, 0x0000000082200000|  0%| F|  |TAMS 0x0000000082100000, 0x0000000082100000| Untracked 
|  14|0x0000000082200000, 0x0000000082200000, 0x0000000082300000|  0%| F|  |TAMS 0x0000000082200000, 0x0000000082200000| Untracked 
|  15|0x0000000082300000, 0x0000000082300000, 0x0000000082400000|  0%| F|  |TAMS 0x0000000082300000, 0x0000000082300000| Untracked 
|  16|0x0000000082400000, 0x0000000082400000, 0x0000000082500000|  0%| F|  |TAMS 0x0000000082400000, 0x0000000082400000| Untracked 
|  17|0x0000000082500000, 0x0000000082500000, 0x0000000082600000|  0%| F|  |TAMS 0x0000000082500000, 0x0000000082500000| Untracked 
|  18|0x0000000082600000, 0x0000000082600000, 0x0000000082700000|  0%| F|  |TAMS 0x0000000082600000, 0x0000000082600000| Untracked 
|  19|0x0000000082700000, 0x0000000082700000, 0x0000000082800000|  0%| F|  |TAMS 0x0000000082700000, 0x0000000082700000| Untracked 
|  20|0x0000000082800000, 0x0000000082800000, 0x0000000082900000|  0%| F|  |TAMS 0x0000000082800000, 0x0000000082800000| Untracked 
|  21|0x0000000082900000, 0x0000000082900000, 0x0000000082a00000|  0%| F|  |TAMS 0x0000000082900000, 0x0000000082900000| Untracked 
|  22|0x0000000082a00000, 0x0000000082a00000, 0x0000000082b00000|  0%| F|  |TAMS 0x0000000082a00000, 0x0000000082a00000| Untracked 
|  23|0x0000000082b00000, 0x0000000082b00000, 0x0000000082c00000|  0%| F|  |TAMS 0x0000000082b00000, 0x0000000082b00000| Untracked 
|  24|0x0000000082c00000, 0x0000000082c00000, 0x0000000082d00000|  0%| F|  |TAMS 0x0000000082c00000, 0x0000000082c00000| Untracked 
|  25|0x0000000082d00000, 0x0000000082d00000, 0x0000000082e00000|  0%| F|  |TAMS 0x0000000082d00000, 0x0000000082d00000| Untracked 
|  26|0x0000000082e00000, 0x0000000082e00000, 0x0000000082f00000|  0%| F|  |TAMS 0x0000000082e00000, 0x0000000082e00000| Untracked 
|  27|0x0000000082f00000, 0x0000000082f00000, 0x0000000083000000|  0%| F|  |TAMS 0x0000000082f00000, 0x0000000082f00000| Untracked 
|  28|0x0000000083000000, 0x0000000083000000, 0x0000000083100000|  0%| F|  |TAMS 0x0000000083000000, 0x0000000083000000| Untracked 
|  29|0x0000000083100000, 0x0000000083100000, 0x0000000083200000|  0%| F|  |TAMS 0x0000000083100000, 0x0000000083100000| Untracked 
|  30|0x0000000083200000, 0x0000000083200000, 0x0000000083300000|  0%| F|  |TAMS 0x0000000083200000, 0x0000000083200000| Untracked 
|  31|0x0000000083300000, 0x0000000083300000, 0x0000000083400000|  0%| F|  |TAMS 0x0000000083300000, 0x0000000083300000| Untracked 
|  32|0x0000000083400000, 0x0000000083400000, 0x0000000083500000|  0%| F|  |TAMS 0x0000000083400000, 0x0000000083400000| Untracked 
|  33|0x0000000083500000, 0x0000000083500000, 0x0000000083600000|  0%| F|  |TAMS 0x0000000083500000, 0x0000000083500000| Untracked 
|  34|0x0000000083600000, 0x0000000083600000, 0x0000000083700000|  0%| F|  |TAMS 0x0000000083600000, 0x0000000083600000| Untracked 
|  35|0x0000000083700000, 0x0000000083700000, 0x0000000083800000|  0%| F|  |TAMS 0x0000000083700000, 0x0000000083700000| Untracked 
|  36|0x0000000083800000, 0x0000000083800000, 0x0000000083900000|  0%| F|  |TAMS 0x0000000083800000, 0x0000000083800000| Untracked 
|  37|0x0000000083900000, 0x0000000083900000, 0x0000000083a00000|  0%| F|  |TAMS 0x0000000083900000, 0x0000000083900000| Untracked 
|  38|0x0000000083a00000, 0x0000000083a00000, 0x0000000083b00000|  0%| F|  |TAMS 0x0000000083a00000, 0x0000000083a00000| Untracked 
|  39|0x0000000083b00000, 0x0000000083b00000, 0x0000000083c00000|  0%| F|  |TAMS 0x0000000083b00000, 0x0000000083b00000| Untracked 
|  40|0x0000000083c00000, 0x0000000083c00000, 0x0000000083d00000|  0%| F|  |TAMS 0x0000000083c00000, 0x0000000083c00000| Untracked 
|  41|0x0000000083d00000, 0x0000000083d00000, 0x0000000083e00000|  0%| F|  |TAMS 0x0000000083d00000, 0x0000000083d00000| Untracked 
|  42|0x0000000083e00000, 0x0000000083e00000, 0x0000000083f00000|  0%| F|  |TAMS 0x0000000083e00000, 0x0000000083e00000| Untracked 
|  43|0x0000000083f00000, 0x0000000083f00000, 0x0000000084000000|  0%| F|  |TAMS 0x0000000083f00000, 0x0000000083f00000| Untracked 
|  44|0x0000000084000000, 0x0000000084000000, 0x0000000084100000|  0%| F|  |TAMS 0x0000000084000000, 0x0000000084000000| Untracked 
|  45|0x0000000084100000, 0x0000000084100000, 0x0000000084200000|  0%| F|  |TAMS 0x0000000084100000, 0x0000000084100000| Untracked 
|  46|0x0000000084200000, 0x0000000084200000, 0x0000000084300000|  0%| F|  |TAMS 0x0000000084200000, 0x0000000084200000| Untracked 
|  47|0x0000000084300000, 0x0000000084300000, 0x0000000084400000|  0%| F|  |TAMS 0x0000000084300000, 0x0000000084300000| Untracked 
|  48|0x0000000084400000, 0x0000000084400000, 0x0000000084500000|  0%| F|  |TAMS 0x0000000084400000, 0x0000000084400000| Untracked 
|  49|0x0000000084500000, 0x0000000084500000, 0x0000000084600000|  0%| F|  |TAMS 0x0000000084500000, 0x0000000084500000| Untracked 
|  50|0x0000000084600000, 0x0000000084600000, 0x0000000084700000|  0%| F|  |TAMS 0x0000000084600000, 0x0000000084600000| Untracked 
|  51|0x0000000084700000, 0x0000000084700000, 0x0000000084800000|  0%| F|  |TAMS 0x0000000084700000, 0x0000000084700000| Untracked 
|  52|0x0000000084800000, 0x0000000084800000, 0x0000000084900000|  0%| F|  |TAMS 0x0000000084800000, 0x0000000084800000| Untracked 
|  53|0x0000000084900000, 0x0000000084900000, 0x0000000084a00000|  0%| F|  |TAMS 0x0000000084900000, 0x0000000084900000| Untracked 
|  54|0x0000000084a00000, 0x0000000084a00000, 0x0000000084b00000|  0%| F|  |TAMS 0x0000000084a00000, 0x0000000084a00000| Untracked 
|  55|0x0000000084b00000, 0x0000000084b00000, 0x0000000084c00000|  0%| F|  |TAMS 0x0000000084b00000, 0x0000000084b00000| Untracked 
|  56|0x0000000084c00000, 0x0000000084c00000, 0x0000000084d00000|  0%| F|  |TAMS 0x0000000084c00000, 0x0000000084c00000| Untracked 
|  57|0x0000000084d00000, 0x0000000084d00000, 0x0000000084e00000|  0%| F|  |TAMS 0x0000000084d00000, 0x0000000084d00000| Untracked 
|  58|0x0000000084e00000, 0x0000000084e00000, 0x0000000084f00000|  0%| F|  |TAMS 0x0000000084e00000, 0x0000000084e00000| Untracked 
|  59|0x0000000084f00000, 0x0000000084f00000, 0x0000000085000000|  0%| F|  |TAMS 0x0000000084f00000, 0x0000000084f00000| Untracked 
|  60|0x0000000085000000, 0x0000000085000000, 0x0000000085100000|  0%| F|  |TAMS 0x0000000085000000, 0x0000000085000000| Untracked 
|  61|0x0000000085100000, 0x0000000085100000, 0x0000000085200000|  0%| F|  |TAMS 0x0000000085100000, 0x0000000085100000| Untracked 
|  62|0x0000000085200000, 0x0000000085200000, 0x0000000085300000|  0%| F|  |TAMS 0x0000000085200000, 0x0000000085200000| Untracked 
|  63|0x0000000085300000, 0x0000000085300000, 0x0000000085400000|  0%| F|  |TAMS 0x0000000085300000, 0x0000000085300000| Untracked 
|  64|0x0000000085400000, 0x0000000085400000, 0x0000000085500000|  0%| F|  |TAMS 0x0000000085400000, 0x0000000085400000| Untracked 
|  65|0x0000000085500000, 0x0000000085500000, 0x0000000085600000|  0%| F|  |TAMS 0x0000000085500000, 0x0000000085500000| Untracked 
|  66|0x0000000085600000, 0x0000000085600000, 0x0000000085700000|  0%| F|  |TAMS 0x0000000085600000, 0x0000000085600000| Untracked 
|  67|0x0000000085700000, 0x0000000085700000, 0x0000000085800000|  0%| F|  |TAMS 0x0000000085700000, 0x0000000085700000| Untracked 
|  68|0x0000000085800000, 0x0000000085800000, 0x0000000085900000|  0%| F|  |TAMS 0x0000000085800000, 0x0000000085800000| Untracked 
|  69|0x0000000085900000, 0x0000000085900000, 0x0000000085a00000|  0%| F|  |TAMS 0x0000000085900000, 0x0000000085900000| Untracked 
|  70|0x0000000085a00000, 0x0000000085a00000, 0x0000000085b00000|  0%| F|  |TAMS 0x0000000085a00000, 0x0000000085a00000| Untracked 
|  71|0x0000000085b00000, 0x0000000085b00000, 0x0000000085c00000|  0%| F|  |TAMS 0x0000000085b00000, 0x0000000085b00000| Untracked 
|  72|0x0000000085c00000, 0x0000000085c00000, 0x0000000085d00000|  0%| F|  |TAMS 0x0000000085c00000, 0x0000000085c00000| Untracked 
|  73|0x0000000085d00000, 0x0000000085d00000, 0x0000000085e00000|  0%| F|  |TAMS 0x0000000085d00000, 0x0000000085d00000| Untracked 
|  74|0x0000000085e00000, 0x0000000085e00000, 0x0000000085f00000|  0%| F|  |TAMS 0x0000000085e00000, 0x0000000085e00000| Untracked 
|  75|0x0000000085f00000, 0x0000000085f00000, 0x0000000086000000|  0%| F|  |TAMS 0x0000000085f00000, 0x0000000085f00000| Untracked 
|  76|0x0000000086000000, 0x0000000086000000, 0x0000000086100000|  0%| F|  |TAMS 0x0000000086000000, 0x0000000086000000| Untracked 
|  77|0x0000000086100000, 0x0000000086100000, 0x0000000086200000|  0%| F|  |TAMS 0x0000000086100000, 0x0000000086100000| Untracked 
|  78|0x0000000086200000, 0x0000000086200000, 0x0000000086300000|  0%| F|  |TAMS 0x0000000086200000, 0x0000000086200000| Untracked 
|  79|0x0000000086300000, 0x0000000086300000, 0x0000000086400000|  0%| F|  |TAMS 0x0000000086300000, 0x0000000086300000| Untracked 
|  80|0x0000000086400000, 0x0000000086400000, 0x0000000086500000|  0%| F|  |TAMS 0x0000000086400000, 0x0000000086400000| Untracked 
|  81|0x0000000086500000, 0x0000000086500000, 0x0000000086600000|  0%| F|  |TAMS 0x0000000086500000, 0x0000000086500000| Untracked 
|  82|0x0000000086600000, 0x0000000086600000, 0x0000000086700000|  0%| F|  |TAMS 0x0000000086600000, 0x0000000086600000| Untracked 
|  83|0x0000000086700000, 0x0000000086700000, 0x0000000086800000|  0%| F|  |TAMS 0x0000000086700000, 0x0000000086700000| Untracked 
|  84|0x0000000086800000, 0x0000000086800000, 0x0000000086900000|  0%| F|  |TAMS 0x0000000086800000, 0x0000000086800000| Untracked 
|  85|0x0000000086900000, 0x0000000086900000, 0x0000000086a00000|  0%| F|  |TAMS 0x0000000086900000, 0x0000000086900000| Untracked 
|  86|0x0000000086a00000, 0x0000000086a00000, 0x0000000086b00000|  0%| F|  |TAMS 0x0000000086a00000, 0x0000000086a00000| Untracked 
|  87|0x0000000086b00000, 0x0000000086b00000, 0x0000000086c00000|  0%| F|  |TAMS 0x0000000086b00000, 0x0000000086b00000| Untracked 
|  88|0x0000000086c00000, 0x0000000086c00000, 0x0000000086d00000|  0%| F|  |TAMS 0x0000000086c00000, 0x0000000086c00000| Untracked 
|  89|0x0000000086d00000, 0x0000000086d00000, 0x0000000086e00000|  0%| F|  |TAMS 0x0000000086d00000, 0x0000000086d00000| Untracked 
|  90|0x0000000086e00000, 0x0000000086e00000, 0x0000000086f00000|  0%| F|  |TAMS 0x0000000086e00000, 0x0000000086e00000| Untracked 
|  91|0x0000000086f00000, 0x0000000086f00000, 0x0000000087000000|  0%| F|  |TAMS 0x0000000086f00000, 0x0000000086f00000| Untracked 
|  92|0x0000000087000000, 0x0000000087000000, 0x0000000087100000|  0%| F|  |TAMS 0x0000000087000000, 0x0000000087000000| Untracked 
|  93|0x0000000087100000, 0x0000000087100000, 0x0000000087200000|  0%| F|  |TAMS 0x0000000087100000, 0x0000000087100000| Untracked 
|  94|0x0000000087200000, 0x0000000087200000, 0x0000000087300000|  0%| F|  |TAMS 0x0000000087200000, 0x0000000087200000| Untracked 
|  95|0x0000000087300000, 0x0000000087300000, 0x0000000087400000|  0%| F|  |TAMS 0x0000000087300000, 0x0000000087300000| Untracked 
|  96|0x0000000087400000, 0x0000000087400000, 0x0000000087500000|  0%| F|  |TAMS 0x0000000087400000, 0x0000000087400000| Untracked 
|  97|0x0000000087500000, 0x0000000087500000, 0x0000000087600000|  0%| F|  |TAMS 0x0000000087500000, 0x0000000087500000| Untracked 
|  98|0x0000000087600000, 0x0000000087600000, 0x0000000087700000|  0%| F|  |TAMS 0x0000000087600000, 0x0000000087600000| Untracked 
|  99|0x0000000087700000, 0x0000000087700000, 0x0000000087800000|  0%| F|  |TAMS 0x0000000087700000, 0x0000000087700000| Untracked 
| 100|0x0000000087800000, 0x0000000087800000, 0x0000000087900000|  0%| F|  |TAMS 0x0000000087800000, 0x0000000087800000| Untracked 
| 101|0x0000000087900000, 0x0000000087900000, 0x0000000087a00000|  0%| F|  |TAMS 0x0000000087900000, 0x0000000087900000| Untracked 
| 102|0x0000000087a00000, 0x0000000087a00000, 0x0000000087b00000|  0%| F|  |TAMS 0x0000000087a00000, 0x0000000087a00000| Untracked 
| 103|0x0000000087b00000, 0x0000000087b00000, 0x0000000087c00000|  0%| F|  |TAMS 0x0000000087b00000, 0x0000000087b00000| Untracked 
| 104|0x0000000087c00000, 0x0000000087c00000, 0x0000000087d00000|  0%| F|  |TAMS 0x0000000087c00000, 0x0000000087c00000| Untracked 
| 105|0x0000000087d00000, 0x0000000087d00000, 0x0000000087e00000|  0%| F|  |TAMS 0x0000000087d00000, 0x0000000087d00000| Untracked 
| 106|0x0000000087e00000, 0x0000000087e00000, 0x0000000087f00000|  0%| F|  |TAMS 0x0000000087e00000, 0x0000000087e00000| Untracked 
| 107|0x0000000087f00000, 0x0000000087f00000, 0x0000000088000000|  0%| F|  |TAMS 0x0000000087f00000, 0x0000000087f00000| Untracked 
| 108|0x0000000088000000, 0x0000000088000000, 0x0000000088100000|  0%| F|  |TAMS 0x0000000088000000, 0x0000000088000000| Untracked 
| 109|0x0000000088100000, 0x0000000088100000, 0x0000000088200000|  0%| F|  |TAMS 0x0000000088100000, 0x0000000088100000| Untracked 
| 110|0x0000000088200000, 0x0000000088200000, 0x0000000088300000|  0%| F|  |TAMS 0x0000000088200000, 0x0000000088200000| Untracked 
| 111|0x0000000088300000, 0x0000000088300000, 0x0000000088400000|  0%| F|  |TAMS 0x0000000088300000, 0x0000000088300000| Untracked 
| 112|0x0000000088400000, 0x0000000088400000, 0x0000000088500000|  0%| F|  |TAMS 0x0000000088400000, 0x0000000088400000| Untracked 
| 113|0x0000000088500000, 0x0000000088500000, 0x0000000088600000|  0%| F|  |TAMS 0x0000000088500000, 0x0000000088500000| Untracked 
| 114|0x0000000088600000, 0x0000000088600000, 0x0000000088700000|  0%| F|  |TAMS 0x0000000088600000, 0x0000000088600000| Untracked 
| 115|0x0000000088700000, 0x0000000088700000, 0x0000000088800000|  0%| F|  |TAMS 0x0000000088700000, 0x0000000088700000| Untracked 
| 116|0x0000000088800000, 0x0000000088800000, 0x0000000088900000|  0%| F|  |TAMS 0x0000000088800000, 0x0000000088800000| Untracked 
| 117|0x0000000088900000, 0x0000000088900000, 0x0000000088a00000|  0%| F|  |TAMS 0x0000000088900000, 0x0000000088900000| Untracked 
| 118|0x0000000088a00000, 0x0000000088a00000, 0x0000000088b00000|  0%| F|  |TAMS 0x0000000088a00000, 0x0000000088a00000| Untracked 
| 119|0x0000000088b00000, 0x0000000088b00000, 0x0000000088c00000|  0%| F|  |TAMS 0x0000000088b00000, 0x0000000088b00000| Untracked 
| 120|0x0000000088c00000, 0x0000000088c00000, 0x0000000088d00000|  0%| F|  |TAMS 0x0000000088c00000, 0x0000000088c00000| Untracked 
| 121|0x0000000088d00000, 0x0000000088d00000, 0x0000000088e00000|  0%| F|  |TAMS 0x0000000088d00000, 0x0000000088d00000| Untracked 
| 122|0x0000000088e00000, 0x0000000088e00000, 0x0000000088f00000|  0%| F|  |TAMS 0x0000000088e00000, 0x0000000088e00000| Untracked 
| 123|0x0000000088f00000, 0x0000000088f00000, 0x0000000089000000|  0%| F|  |TAMS 0x0000000088f00000, 0x0000000088f00000| Untracked 
| 124|0x0000000089000000, 0x0000000089080800, 0x0000000089100000| 50%| E|  |TAMS 0x0000000089000000, 0x0000000089000000| Complete 
| 125|0x0000000089100000, 0x0000000089200000, 0x0000000089200000|100%| E|CS|TAMS 0x0000000089100000, 0x0000000089100000| Complete 
| 126|0x0000000089200000, 0x0000000089300000, 0x0000000089300000|100%| E|CS|TAMS 0x0000000089200000, 0x0000000089200000| Complete 
| 127|0x0000000089300000, 0x0000000089400000, 0x0000000089400000|100%| E|CS|TAMS 0x0000000089300000, 0x0000000089300000| Complete 

Card table byte_map: [0x0000019ce2520000,0x0000019ce2920000] _byte_map_base: 0x0000019ce2116000

Marking Bits (Prev, Next): (CMBitMap*) 0x0000019cc96a5ce0, (CMBitMap*) 0x0000019cc96a5d20
 Prev Bits: [0x0000019ce2d20000, 0x0000019ce4cd0000)
 Next Bits: [0x0000019ce4cd0000, 0x0000019ce6c80000)

Polling page: 0x0000019cc9720000

Metaspace:

Usage:
  Non-class:    986.27 KB used.
      Class:    103.70 KB used.
       Both:      1.06 MB used.

Virtual space:
  Non-class space:        8.00 MB reserved,       1.00 MB ( 12%) committed,  1 nodes.
      Class space:        1.00 GB reserved,     192.00 KB ( <1%) committed,  1 nodes.
             Both:        1.01 GB reserved,       1.19 MB ( <1%) committed. 

Chunk freelists:
   Non-Class:  3.77 MB
       Class:  3.71 MB
        Both:  7.47 MB

MaxMetaspaceSize: unlimited
CompressedClassSpaceSize: 1.00 GB
Initial GC threshold: 21.00 MB
Current GC threshold: 21.00 MB
CDS: on
MetaspaceReclaimPolicy: balanced
 - commit_granule_bytes: 65536.
 - commit_granule_words: 8192.
 - virtual_space_node_default_size: 1048576.
 - enlarge_chunks_in_place: 1.
 - new_chunks_are_fully_committed: 0.
 - uncommit_free_chunks: 1.
 - use_allocation_guard: 0.
 - handle_deallocations: 1.


Internal statistics:

num_allocs_failed_limit: 0.
num_arena_births: 14.
num_arena_deaths: 0.
num_vsnodes_births: 2.
num_vsnodes_deaths: 0.
num_space_committed: 19.
num_space_uncommitted: 0.
num_chunks_returned_to_freelist: 0.
num_chunks_taken_from_freelist: 35.
num_chunk_merges: 0.
num_chunk_splits: 17.
num_chunks_enlarged: 15.
num_purges: 0.
num_inconsistent_stats: 0.

CodeHeap 'non-profiled nmethods': size=120000Kb used=77Kb max_used=77Kb free=119922Kb
 bounds [0x0000019cda190000, 0x0000019cda400000, 0x0000019ce16c0000]
CodeHeap 'profiled nmethods': size=120000Kb used=310Kb max_used=310Kb free=119689Kb
 bounds [0x0000019cd2c60000, 0x0000019cd2ed0000, 0x0000019cda190000]
CodeHeap 'non-nmethods': size=5760Kb used=1106Kb max_used=1121Kb free=4653Kb
 bounds [0x0000019cd26c0000, 0x0000019cd2930000, 0x0000019cd2c60000]
 total_blobs=652 nmethods=268 adapters=297
 compilation: enabled
              stopped_count=0, restarted_count=0
 full_count=0

Compilation events (20 events):
Event: 13.952 Thread 0x0000019ce97944d0  241       3       java.util.zip.Inflater::ensureOpen (47 bytes)
Event: 13.952 Thread 0x0000019ce97944d0 nmethod 241 0x0000019cd2ca6090 code [0x0000019cd2ca6240, 0x0000019cd2ca64a8]
Event: 13.954 Thread 0x0000019ce972ac30 nmethod 239 0x0000019cda1a0f10 code [0x0000019cda1a10a0, 0x0000019cda1a1548]
Event: 14.653 Thread 0x0000019ce97944d0  242       3       jdk.internal.ref.CleanerImpl::getCleanerImpl (13 bytes)
Event: 14.653 Thread 0x0000019ce97944d0 nmethod 242 0x0000019cd2ca6590 code [0x0000019cd2ca6740, 0x0000019cd2ca6a08]
Event: 14.653 Thread 0x0000019ce97944d0  243       3       java.lang.ref.Cleaner$1::apply (9 bytes)
Event: 14.654 Thread 0x0000019ce97944d0 nmethod 243 0x0000019cd2ca6b10 code [0x0000019cd2ca6cc0, 0x0000019cd2ca6f38]
Event: 14.654 Thread 0x0000019ce97944d0  244       3       java.lang.ref.Cleaner$1::apply (5 bytes)
Event: 14.654 Thread 0x0000019ce97944d0 nmethod 244 0x0000019cd2ca7010 code [0x0000019cd2ca71a0, 0x0000019cd2ca72b8]
Event: 14.656 Thread 0x0000019ce972ac30  246       4       java.lang.CharacterDataLatin1::toLowerCase (39 bytes)
Event: 14.656 Thread 0x0000019ce97944d0  247       3       java.lang.AbstractStringBuilder::checkRange (63 bytes)
Event: 14.657 Thread 0x0000019ce972ac30 nmethod 246 0x0000019cda1a1b10 code [0x0000019cda1a1c80, 0x0000019cda1a1d78]
Event: 14.657 Thread 0x0000019ce97944d0 nmethod 247 0x0000019cd2ca7390 code [0x0000019cd2ca7620, 0x0000019cd2ca7f18]
Event: 14.658 Thread 0x0000019ce972ac30  248       4       java.lang.StringBuilder::append (8 bytes)
Event: 14.661 Thread 0x0000019ce97944d0  249       3       java.lang.StringBuilder::append (10 bytes)
Event: 14.661 Thread 0x0000019ce97944d0 nmethod 249 0x0000019cd2ca8290 code [0x0000019cd2ca8420, 0x0000019cd2ca8568]
Event: 14.661 Thread 0x0000019ce97944d0  250       3       java.lang.AbstractStringBuilder::append (63 bytes)
Event: 14.662 Thread 0x0000019ce97944d0 nmethod 250 0x0000019cd2ca8610 code [0x0000019cd2ca8800, 0x0000019cd2ca8d68]
Event: 14.662 Thread 0x0000019ce97944d0  251       1       sun.nio.fs.NativeBuffer::address (5 bytes)
Event: 14.662 Thread 0x0000019ce97944d0 nmethod 251 0x0000019cda1a1e90 code [0x0000019cda1a2020, 0x0000019cda1a20f8]

GC Heap History (0 events):
No events

Deoptimization events (4 events):
Event: 13.528 Thread 0x0000019cc964bea0 DEOPT PACKING pc=0x0000019cd2c78067 sp=0x00000073cbbfe220
Event: 13.528 Thread 0x0000019cc964bea0 DEOPT UNPACKING pc=0x0000019cd2712b43 sp=0x00000073cbbfd640 mode 0
Event: 13.532 Thread 0x0000019cc964bea0 DEOPT PACKING pc=0x0000019cd2c773d1 sp=0x00000073cbbfe330
Event: 13.532 Thread 0x0000019cc964bea0 DEOPT UNPACKING pc=0x0000019cd2712b43 sp=0x00000073cbbfd7a8 mode 0

Classes unloaded (0 events):
No events

Classes redefined (0 events):
No events

Internal exceptions (4 events):
Event: 10.875 Thread 0x0000019cc964bea0 Exception <a 'sun/nio/fs/WindowsException'{0x00000000892a7898}> (0x00000000892a7898) 
thrown [s\open\src\hotspot\share\prims\jni.cpp, line 516]
Event: 10.875 Thread 0x0000019cc964bea0 Exception <a 'sun/nio/fs/WindowsException'{0x00000000892a80c0}> (0x00000000892a80c0) 
thrown [s\open\src\hotspot\share\prims\jni.cpp, line 516]
Event: 11.510 Thread 0x0000019cc964bea0 Exception <a 'sun/nio/fs/WindowsException'{0x00000000892d2ed8}> (0x00000000892d2ed8) 
thrown [s\open\src\hotspot\share\prims\jni.cpp, line 516]
Event: 13.539 Thread 0x0000019cc964bea0 Exception <a 'java/lang/NoSuchMethodError'{0x0000000089152660}: 'int java.lang.invoke.DirectMethodHandle$Holder.invokeSpecial(java.lang.Object, java.lang.Object, java.lang.Object)'> (0x0000000089152660) 
thrown [s\open\src\hotspot\share\interpreter\linkResolver.cpp, line 759]

VM Operations (10 events):
Event: 8.959 Executing VM operation: HandshakeAllThreads
Event: 8.959 Executing VM operation: HandshakeAllThreads done
Event: 8.959 Executing VM operation: Cleanup
Event: 8.959 Executing VM operation: Cleanup done
Event: 9.967 Executing VM operation: Cleanup
Event: 10.861 Executing VM operation: Cleanup done
Event: 11.875 Executing VM operation: Cleanup
Event: 13.510 Executing VM operation: Cleanup done
Event: 14.517 Executing VM operation: Cleanup
Event: 14.517 Executing VM operation: Cleanup done

Events (20 events):
Event: 11.539 loading class java/io/FilePermissionCollection$1
Event: 11.539 loading class java/io/FilePermissionCollection$1 done
Event: 11.540 loading class java/lang/reflect/InvocationTargetException
Event: 11.540 loading class java/lang/reflect/InvocationTargetException done
Event: 11.552 loading class java/lang/IllegalAccessException
Event: 11.552 loading class java/lang/IllegalAccessException done
Event: 11.558 loading class java/net/MalformedURLException
Event: 11.558 loading class java/net/MalformedURLException done
Event: 13.510 loading class java/io/Reader
Event: 13.513 loading class java/io/Reader done
Event: 13.513 loading class java/io/InputStreamReader
Event: 13.513 loading class java/io/InputStreamReader done
Event: 13.514 loading class java/io/BufferedReader
Event: 13.514 loading class java/io/BufferedReader done
Event: 13.514 loading class sun/nio/cs/StreamDecoder
Event: 13.514 loading class sun/nio/cs/StreamDecoder done
Event: 13.519 loading class java/io/FilenameFilter
Event: 13.519 loading class java/io/FilenameFilter done
Event: 13.542 loading class jdk/internal/loader/URLClassPath$FileLoader
Event: 13.542 loading class jdk/internal/loader/URLClassPath$FileLoader done


Dynamic libraries:
0x00007ff75cc70000 - 0x00007ff75cc80000 	C:\Program Files\Java\jdk-17.0.4.1\bin\java.exe
0x00007ffe52bb0000 - 0x00007ffe52dc7000 	C:\WINDOWS\SYSTEM32\ntdll.dll
0x00007ffe51f30000 - 0x00007ffe51ff4000 	C:\WINDOWS\System32\KERNEL32.DLL
0x00007ffe501b0000 - 0x00007ffe50555000 	C:\WINDOWS\System32\KERNELBASE.dll
0x00007ffe50720000 - 0x00007ffe50831000 	C:\WINDOWS\System32\ucrtbase.dll
0x00007ffe30030000 - 0x00007ffe30048000 	C:\Program Files\Java\jdk-17.0.4.1\bin\jli.dll
0x00007ffe517e0000 - 0x00007ffe51891000 	C:\WINDOWS\System32\ADVAPI32.dll
0x00007ffe518a0000 - 0x00007ffe51947000 	C:\WINDOWS\System32\msvcrt.dll
0x00007ffe522a0000 - 0x00007ffe52346000 	C:\WINDOWS\System32\sechost.dll
0x00007ffe52000000 - 0x00007ffe52117000 	C:\WINDOWS\System32\RPCRT4.dll
0x00007ffe50980000 - 0x00007ffe50b2e000 	C:\WINDOWS\System32\USER32.dll
0x00007ffe506f0000 - 0x00007ffe50716000 	C:\WINDOWS\System32\win32u.dll
0x00007ffe51c60000 - 0x00007ffe51c89000 	C:\WINDOWS\System32\GDI32.dll
0x00007ffe50560000 - 0x00007ffe50679000 	C:\WINDOWS\System32\gdi32full.dll
0x00007ffe4ff20000 - 0x00007ffe4ffba000 	C:\WINDOWS\System32\msvcp_win.dll
0x00007ffe33530000 - 0x00007ffe3354a000 	C:\Program Files\Java\jdk-17.0.4.1\bin\VCRUNTIME140.dll
0x00007ffe37df0000 - 0x00007ffe38083000 	C:\WINDOWS\WinSxS\amd64_microsoft.windows.common-controls_6595b64144ccf1df_6.0.22621.2506_none_270c5ae97388e100\COMCTL32.dll
0x00007ffe43a50000 - 0x00007ffe43a5a000 	C:\WINDOWS\SYSTEM32\VERSION.dll
0x00007ffe51c90000 - 0x00007ffe51cc1000 	C:\WINDOWS\System32\IMM32.DLL
0x00007ffe46400000 - 0x00007ffe4640c000 	C:\Program Files\Java\jdk-17.0.4.1\bin\vcruntime140_1.dll
0x00007ffe10100000 - 0x00007ffe1018d000 	C:\Program Files\Java\jdk-17.0.4.1\bin\msvcp140.dll
0x00007ffdedab0000 - 0x00007ffdee672000 	C:\Program Files\Java\jdk-17.0.4.1\bin\server\jvm.dll
0x00007ffe52b60000 - 0x00007ffe52b68000 	C:\WINDOWS\System32\PSAPI.DLL
0x00007ffe48480000 - 0x00007ffe48489000 	C:\WINDOWS\SYSTEM32\WSOCK32.dll
0x00007ffe50900000 - 0x00007ffe50971000 	C:\WINDOWS\System32\WS2_32.dll
0x00007ffe44d00000 - 0x00007ffe44d34000 	C:\WINDOWS\SYSTEM32\WINMM.dll
0x00007ffe4efb0000 - 0x00007ffe4efc8000 	C:\WINDOWS\SYSTEM32\kernel.appcore.dll
0x00007ffe45ed0000 - 0x00007ffe45eda000 	C:\Program Files\Java\jdk-17.0.4.1\bin\jimage.dll
0x00007ffe4d850000 - 0x00007ffe4da83000 	C:\WINDOWS\SYSTEM32\DBGHELP.DLL
0x00007ffe52350000 - 0x00007ffe526d9000 	C:\WINDOWS\System32\combase.dll
0x00007ffe51950000 - 0x00007ffe51a27000 	C:\WINDOWS\System32\OLEAUT32.dll
0x00007ffe315e0000 - 0x00007ffe31612000 	C:\WINDOWS\SYSTEM32\dbgcore.DLL
0x00007ffe50130000 - 0x00007ffe501aa000 	C:\WINDOWS\System32\bcryptPrimitives.dll
0x00007ffe2ffc0000 - 0x00007ffe2ffe5000 	C:\Program Files\Java\jdk-17.0.4.1\bin\java.dll
0x00007ffe00e30000 - 0x00007ffe00f06000 	C:\Program Files\Java\jdk-17.0.4.1\bin\jsvml.dll
0x00007ffe50d00000 - 0x00007ffe51559000 	C:\WINDOWS\System32\SHELL32.dll
0x00007ffe4de50000 - 0x00007ffe4e744000 	C:\WINDOWS\SYSTEM32\windows.storage.dll
0x00007ffe4dd10000 - 0x00007ffe4de4e000 	C:\WINDOWS\SYSTEM32\wintypes.dll
0x00007ffe50b30000 - 0x00007ffe50c23000 	C:\WINDOWS\System32\SHCORE.dll
0x00007ffe51eb0000 - 0x00007ffe51f0e000 	C:\WINDOWS\System32\shlwapi.dll
0x00007ffe4fe50000 - 0x00007ffe4fe76000 	C:\WINDOWS\SYSTEM32\profapi.dll
0x00007ffe33090000 - 0x00007ffe330a9000 	C:\Program Files\Java\jdk-17.0.4.1\bin\net.dll
0x00007ffe44b60000 - 0x00007ffe44c97000 	C:\WINDOWS\SYSTEM32\WINHTTP.dll
0x00007ffe4f490000 - 0x00007ffe4f4f9000 	C:\WINDOWS\system32\mswsock.dll
0x00007ffe30140000 - 0x00007ffe30156000 	C:\Program Files\Java\jdk-17.0.4.1\bin\nio.dll
0x00007ffe30080000 - 0x00007ffe30098000 	C:\Program Files\Java\jdk-17.0.4.1\bin\zip.dll

dbghelp: loaded successfully - version: 4.0.5 - missing functions: none
symbol engine: initialized successfully - sym options: 0x614 - pdb path: .;C:\Program Files\Java\jdk-17.0.4.1\bin;C:\WINDOWS\SYSTEM32;C:\WINDOWS\WinSxS\amd64_microsoft.windows.common-controls_6595b64144ccf1df_6.0.22621.2506_none_270c5ae97388e100;C:\Program Files\Java\jdk-17.0.4.1\bin\server

VM Arguments:
jvm_args: -Dmaven.multiModuleProjectDirectory=C:\Senac\curso ds\ProjetoIntegradorUC15\Etapa0708PIUC15\petpug\petpug 
java_command: org.apache.maven.wrapper.MavenWrapperMain -Dmaven.ext.class.path=C:\Program Files\NetBeans-14\netbeans\java\maven-nblib\netbeans-eventspy.jar -Dfile.encoding=UTF-8 install
java_class_path (initial): C:\Senac\curso ds\ProjetoIntegradorUC15\Etapa0708PIUC15\petpug\petpug\.mvn\wrapper\maven-wrapper.jar
Launcher Type: SUN_STANDARD

[Global flags]
     intx CICompilerCount                          = 4                                         {product} {ergonomic}
     uint ConcGCThreads                            = 2                                         {product} {ergonomic}
     uint G1ConcRefinementThreads                  = 8                                         {product} {ergonomic}
   size_t G1HeapRegionSize                         = 1048576                                   {product} {ergonomic}
    uintx GCDrainStackTargetSize                   = 64                                        {product} {ergonomic}
   size_t InitialHeapSize                          = 134217728                                 {product} {ergonomic}
   size_t MarkStackSize                            = 4194304                                   {product} {ergonomic}
   size_t MaxHeapSize                              = 2126512128                                {product} {ergonomic}
   size_t MaxNewSize                               = 1275068416                                {product} {ergonomic}
   size_t MinHeapDeltaBytes                        = 1048576                                   {product} {ergonomic}
   size_t MinHeapSize                              = 8388608                                   {product} {ergonomic}
    uintx NonNMethodCodeHeapSize                   = 5839372                                {pd product} {ergonomic}
    uintx NonProfiledCodeHeapSize                  = 122909434                              {pd product} {ergonomic}
    uintx ProfiledCodeHeapSize                     = 122909434                              {pd product} {ergonomic}
    uintx ReservedCodeCacheSize                    = 251658240                              {pd product} {ergonomic}
     bool SegmentedCodeCache                       = true                                      {product} {ergonomic}
   size_t SoftMaxHeapSize                          = 2126512128                             {manageable} {ergonomic}
     bool UseCompressedClassPointers               = true                           {product lp64_product} {ergonomic}
     bool UseCompressedOops                        = true                           {product lp64_product} {ergonomic}
     bool UseG1GC                                  = true                                      {product} {ergonomic}
     bool UseLargePagesIndividualAllocation        = false                                  {pd product} {ergonomic}

Logging:
Log output configuration:
 #0: stdout all=warning uptime,level,tags
 #1: stderr all=off uptime,level,tags

Environment Variables:
JAVA_HOME=C:\Program Files\Java\jdk-17.0.4.1
PATH=C:\Program Files\Common Files\Oracle\Java\javapath;C:\ProgramData\Oracle\Java\javapath;C:\Program Files (x86)\Intel\Intel(R) Management Engine Components\iCLS\;C:\Program Files\Intel\Intel(R) Management Engine Components\iCLS\;C:\windows\system32;C:\windows;C:\windows\System32\Wbem;C:\windows\System32\WindowsPowerShell\v1.0\;C:\windows\System32\OpenSSH\;C:\Program Files (x86)\NVIDIA Corporation\PhysX\Common;C:\Program Files (x86)\Intel\Intel(R) Management Engine Components\DAL;C:\Program Files\Intel\Intel(R) Management Engine Components\DAL;C:\Program Files (x86)\Intel\Intel(R) Management Engine Components\IPT;C:\Program Files\Intel\Intel(R) Management Engine Components\IPT;C:\WINDOWS\system32;C:\WINDOWS;C:\WINDOWS\System32\Wbem;C:\WINDOWS\System32\WindowsPowerShell\v1.0\;C:\WINDOWS\System32\OpenSSH\;C:\ProgramData\UNIVALI\Portugol Studio;C:\Program Files\Git\cmd;D:\Microsoft VS Code\bin;D:\;C:\Users\larak\AppData\Local\Microsoft\WindowsApps;C:\Program Files\JetBrains\PyCharm Community Edition 2020.3.3\bin;;C:\Users\larak\AppData\Local\GitHubDesktop\bin;C:\Users\larak\AppData\Roaming\npm
USERNAME=larak
OS=Windows_NT
PROCESSOR_IDENTIFIER=Intel64 Family 6 Model 142 Stepping 10, GenuineIntel



---------------  S Y S T E M  ---------------

OS:
 Windows 11 , 64 bit Build 22621 (10.0.22621.2506)
OS uptime: 3 days 14:32 hours

CPU: total 8 (initial active 8) (4 cores per cpu, 2 threads per core) family 6 model 142 stepping 10 microcode 0xe0, cx8, cmov, fxsr, ht, mmx, 3dnowpref, sse, sse2, sse3, ssse3, sse4.1, sse4.2, popcnt, lzcnt, tsc, tscinvbit, avx, avx2, aes, erms, clmul, bmi1, bmi2, adx, fma, vzeroupper, clflush, clflushopt

Memory: 4k page, system-wide physical 8106M (263M free)
TotalPageFile size 32682M (AvailPageFile size 6M)
current process WorkingSet (physical memory assigned to process): 36M, peak: 36M
current process commit charge ("private bytes"): 212M, peak: 212M

vm_info: Java HotSpot(TM) 64-Bit Server VM (17.0.4.1+1-LTS-2) for windows-amd64 JRE (17.0.4.1+1-LTS-2), built on Aug 16 2022 18:32:06 by "mach5one" with MS VC++ 16.8 / 16.9 (VS2019)

END.
