#
# There is insufficient memory for the Java Runtime Environment to continue.
# Native memory allocation (malloc) failed to allocate 99536 bytes for Chunk::new
# Possible reasons:
#   The system is out of physical RAM or swap space
#   The process is running with CompressedOops enabled, and the Java Heap may be blocking the growth of the native heap
# Possible solutions:
#   Reduce memory load on the system
#   Increase physical memory or swap space
#   Check if swap backing store is full
#   Decrease Java heap size (-Xmx/-Xms)
#   Decrease number of Java threads
#   Decrease Java thread stack sizes (-Xss)
#   Set larger code cache with -XX:ReservedCodeCacheSize=
#   JVM is running with Unscaled Compressed Oops mode in which the Java heap is
#     placed in the first 4GB address space. The Java Heap base address is the
#     maximum limit for the native heap growth. Please use -XX:HeapBaseMinAddress
#     to set the Java Heap base and to place the Java Heap above 4GB virtual address.
# This output file may be truncated or incomplete.
#
#  Out of Memory Error (arena.cpp:189), pid=23244, tid=28976
#
# JRE version: Java(TM) SE Runtime Environment (17.0.4.1+1) (build 17.0.4.1+1-LTS-2)
# Java VM: Java HotSpot(TM) 64-Bit Server VM (17.0.4.1+1-LTS-2, mixed mode, sharing, tiered, compressed oops, compressed class ptrs, g1 gc, windows-amd64)
# No core dump will be written. Minidumps are not enabled by default on client versions of Windows
#

---------------  S U M M A R Y ------------

Command Line: -Dmaven.multiModuleProjectDirectory=C:\Senac\curso ds\ProjetoIntegradorUC15\Etapa0708PIUC15\petpug\petpug org.apache.maven.wrapper.MavenWrapperMain -Dmaven.ext.class.path=C:\Program Files\NetBeans-14\netbeans\java\maven-nblib\netbeans-eventspy.jar -Dfile.encoding=UTF-8 install

Host: Intel(R) Core(TM) i5-8250U CPU @ 1.60GHz, 8 cores, 7G,  Windows 11 , 64 bit Build 22621 (10.0.22621.2506)
Time: Mon Dec 18 09:41:08 2023 Hora oficial do Brasil elapsed time: 59.077805 seconds (0d 0h 0m 59s)

---------------  T H R E A D  ---------------

Current thread (0x000001357392ac30):  JavaThread "C2 CompilerThread0" daemon [_thread_in_native, id=28976, stack(0x0000003155500000,0x0000003155600000)]


Current CompileTask:
C2:  59077 2569   !   4       java.net.URL::<init> (543 bytes)

Stack: [0x0000003155500000,0x0000003155600000]
Native frames: (J=compiled Java code, j=interpreted, Vv=VM code, C=native code)
V  [jvm.dll+0x6723ba]
V  [jvm.dll+0x7d1e34]
V  [jvm.dll+0x7d35de]
V  [jvm.dll+0x7d3c43]
V  [jvm.dll+0x243065]
V  [jvm.dll+0xaa57b]
V  [jvm.dll+0xaab0c]
V  [jvm.dll+0x55c413]
V  [jvm.dll+0x32a9a0]
V  [jvm.dll+0x329e1a]
V  [jvm.dll+0x2161a1]
V  [jvm.dll+0x2155c1]
V  [jvm.dll+0x1a1fcd]
V  [jvm.dll+0x224e08]
V  [jvm.dll+0x222f75]
V  [jvm.dll+0x787a0b]
V  [jvm.dll+0x781fca]
V  [jvm.dll+0x671245]
C  [ucrtbase.dll+0x29363]
C  [KERNEL32.DLL+0x1257d]
C  [ntdll.dll+0x5aa58]


---------------  P R O C E S S  ---------------

Threads class SMR info:
_java_thread_list=0x0000013575bc0080, length=12, elements={
0x000001355581bea0, 0x000001357390e950, 0x00000135739111f0, 0x0000013573926180,
0x0000013573928b40, 0x00000135739294f0, 0x0000013573929ea0, 0x000001357392ac30,
0x0000013573991180, 0x0000013573997280, 0x00000135744b94c0, 0x00000135744c2160
}

Java Threads: ( => current thread )
  0x000001355581bea0 JavaThread "main" [_thread_in_vm, id=11776, stack(0x0000003154700000,0x0000003154800000)]
  0x000001357390e950 JavaThread "Reference Handler" daemon [_thread_blocked, id=28952, stack(0x0000003154f00000,0x0000003155000000)]
  0x00000135739111f0 JavaThread "Finalizer" daemon [_thread_blocked, id=28956, stack(0x0000003155000000,0x0000003155100000)]
  0x0000013573926180 JavaThread "Signal Dispatcher" daemon [_thread_blocked, id=28960, stack(0x0000003155100000,0x0000003155200000)]
  0x0000013573928b40 JavaThread "Attach Listener" daemon [_thread_blocked, id=28964, stack(0x0000003155200000,0x0000003155300000)]
  0x00000135739294f0 JavaThread "Service Thread" daemon [_thread_blocked, id=28968, stack(0x0000003155300000,0x0000003155400000)]
  0x0000013573929ea0 JavaThread "Monitor Deflation Thread" daemon [_thread_blocked, id=28972, stack(0x0000003155400000,0x0000003155500000)]
=>0x000001357392ac30 JavaThread "C2 CompilerThread0" daemon [_thread_in_native, id=28976, stack(0x0000003155500000,0x0000003155600000)]
  0x0000013573991180 JavaThread "C1 CompilerThread0" daemon [_thread_blocked, id=28980, stack(0x0000003155600000,0x0000003155700000)]
  0x0000013573997280 JavaThread "Sweeper thread" daemon [_thread_blocked, id=28984, stack(0x0000003155700000,0x0000003155800000)]
  0x00000135744b94c0 JavaThread "Notification Thread" daemon [_thread_blocked, id=28992, stack(0x0000003155800000,0x0000003155900000)]
  0x00000135744c2160 JavaThread "Common-Cleaner" daemon [_thread_blocked, id=29000, stack(0x0000003155a00000,0x0000003155b00000)]

Other Threads:
  0x000001357390a5c0 VMThread "VM Thread" [stack: 0x0000003154e00000,0x0000003154f00000] [id=28900]
  0x00000135744bcd50 WatcherThread [stack: 0x0000003155900000,0x0000003155a00000] [id=28996]
  0x00000135558756d0 GCTaskThread "GC Thread#0" [stack: 0x0000003154900000,0x0000003154a00000] [id=28752]
  0x00000135749b22e0 GCTaskThread "GC Thread#1" [stack: 0x0000003155b00000,0x0000003155c00000] [id=22632]
  0x000001357441f3a0 GCTaskThread "GC Thread#2" [stack: 0x0000003155c00000,0x0000003155d00000] [id=4668]
  0x0000013574bcd840 GCTaskThread "GC Thread#3" [stack: 0x0000003155d00000,0x0000003155e00000] [id=14572]
  0x0000013574bcdaf0 GCTaskThread "GC Thread#4" [stack: 0x0000003155e00000,0x0000003155f00000] [id=18836]
  0x0000013574d43fd0 GCTaskThread "GC Thread#5" [stack: 0x0000003155f00000,0x0000003156000000] [id=8980]
  0x0000013574d44280 GCTaskThread "GC Thread#6" [stack: 0x0000003156000000,0x0000003156100000] [id=23264]
  0x0000013574d44530 GCTaskThread "GC Thread#7" [stack: 0x0000003156100000,0x0000003156200000] [id=16764]
  0x00000135558873a0 ConcurrentGCThread "G1 Main Marker" [stack: 0x0000003154a00000,0x0000003154b00000] [id=28756]
  0x0000013555888dc0 ConcurrentGCThread "G1 Conc#0" [stack: 0x0000003154b00000,0x0000003154c00000] [id=28760]
  0x00000135558edcc0 ConcurrentGCThread "G1 Refine#0" [stack: 0x0000003154c00000,0x0000003154d00000] [id=28764]
  0x00000135558ee6e0 ConcurrentGCThread "G1 Service" [stack: 0x0000003154d00000,0x0000003154e00000] [id=28768]

Threads with active compile tasks:
C2 CompilerThread0    59130 2569   !   4       java.net.URL::<init> (543 bytes)

VM state: not at safepoint (normal execution)

VM Mutex/Monitor currently owned by a thread: None

Heap address: 0x0000000081400000, size: 2028 MB, Compressed Oops mode: 32-bit

CDS archive(s) mapped at: [0x0000000800000000-0x0000000800bc0000-0x0000000800bc0000), size 12320768, SharedBaseAddress: 0x0000000800000000, ArchiveRelocationMode: 0.
Compressed class space mapped at: 0x0000000800c00000-0x0000000840c00000, reserved size: 1073741824
Narrow klass base: 0x0000000800000000, Narrow klass shift: 0, Narrow klass range: 0x100000000

GC Precious Log:
 CPUs: 8 total, 8 available
 Memory: 8106M
 Large Page Support: Disabled
 NUMA Support: Disabled
 Compressed Oops: Enabled (32-bit)
 Heap Region Size: 1M
 Heap Min Capacity: 8M
 Heap Initial Capacity: 128M
 Heap Max Capacity: 2028M
 Pre-touch: Disabled
 Parallel Workers: 8
 Concurrent Workers: 2
 Concurrent Refinement Workers: 8
 Periodic GC: Disabled

Heap:
 garbage-first heap   total 131072K, used 33781K [0x0000000081400000, 0x0000000100000000)
  region size 1024K, 31 young (31744K), 2 survivors (2048K)
 Metaspace       used 13963K, committed 14144K, reserved 1064960K
  class space    used 1711K, committed 1792K, reserved 1048576K

Heap Regions: E=young(eden), S=young(survivor), O=old, HS=humongous(starts), HC=humongous(continues), CS=collection set, F=free, OA=open archive, CA=closed archive, TAMS=top-at-mark-start (previous, next)
|   0|0x0000000081400000, 0x0000000081500000, 0x0000000081500000|100%| O|  |TAMS 0x0000000081400000, 0x0000000081400000| Untracked 
|   1|0x0000000081500000, 0x0000000081600000, 0x0000000081600000|100%| O|  |TAMS 0x0000000081500000, 0x0000000081500000| Untracked 
|   2|0x0000000081600000, 0x0000000081700000, 0x0000000081700000|100%| O|  |TAMS 0x0000000081600000, 0x0000000081600000| Untracked 
|   3|0x0000000081700000, 0x00000000817ab800, 0x0000000081800000| 66%| O|  |TAMS 0x0000000081700000, 0x0000000081700000| Untracked 
|   4|0x0000000081800000, 0x0000000081800000, 0x0000000081900000|  0%| F|  |TAMS 0x0000000081800000, 0x0000000081800000| Untracked 
|   5|0x0000000081900000, 0x0000000081900000, 0x0000000081a00000|  0%| F|  |TAMS 0x0000000081900000, 0x0000000081900000| Untracked 
|   6|0x0000000081a00000, 0x0000000081a00000, 0x0000000081b00000|  0%| F|  |TAMS 0x0000000081a00000, 0x0000000081a00000| Untracked 
|   7|0x0000000081b00000, 0x0000000081b00000, 0x0000000081c00000|  0%| F|  |TAMS 0x0000000081b00000, 0x0000000081b00000| Untracked 
|   8|0x0000000081c00000, 0x0000000081c00000, 0x0000000081d00000|  0%| F|  |TAMS 0x0000000081c00000, 0x0000000081c00000| Untracked 
|   9|0x0000000081d00000, 0x0000000081d00000, 0x0000000081e00000|  0%| F|  |TAMS 0x0000000081d00000, 0x0000000081d00000| Untracked 
|  10|0x0000000081e00000, 0x0000000081e00000, 0x0000000081f00000|  0%| F|  |TAMS 0x0000000081e00000, 0x0000000081e00000| Untracked 
|  11|0x0000000081f00000, 0x0000000081f00000, 0x0000000082000000|  0%| F|  |TAMS 0x0000000081f00000, 0x0000000081f00000| Untracked 
|  12|0x0000000082000000, 0x0000000082000000, 0x0000000082100000|  0%| F|  |TAMS 0x0000000082000000, 0x0000000082000000| Untracked 
|  13|0x0000000082100000, 0x0000000082100000, 0x0000000082200000|  0%| F|  |TAMS 0x0000000082100000, 0x0000000082100000| Untracked 
|  14|0x0000000082200000, 0x0000000082200000, 0x0000000082300000|  0%| F|  |TAMS 0x0000000082200000, 0x0000000082200000| Untracked 
|  15|0x0000000082300000, 0x0000000082300000, 0x0000000082400000|  0%| F|  |TAMS 0x0000000082300000, 0x0000000082300000| Untracked 
|  16|0x0000000082400000, 0x0000000082400000, 0x0000000082500000|  0%| F|  |TAMS 0x0000000082400000, 0x0000000082400000| Untracked 
|  17|0x0000000082500000, 0x0000000082500000, 0x0000000082600000|  0%| F|  |TAMS 0x0000000082500000, 0x0000000082500000| Untracked 
|  18|0x0000000082600000, 0x0000000082600000, 0x0000000082700000|  0%| F|  |TAMS 0x0000000082600000, 0x0000000082600000| Untracked 
|  19|0x0000000082700000, 0x0000000082700000, 0x0000000082800000|  0%| F|  |TAMS 0x0000000082700000, 0x0000000082700000| Untracked 
|  20|0x0000000082800000, 0x0000000082800000, 0x0000000082900000|  0%| F|  |TAMS 0x0000000082800000, 0x0000000082800000| Untracked 
|  21|0x0000000082900000, 0x0000000082900000, 0x0000000082a00000|  0%| F|  |TAMS 0x0000000082900000, 0x0000000082900000| Untracked 
|  22|0x0000000082a00000, 0x0000000082a00000, 0x0000000082b00000|  0%| F|  |TAMS 0x0000000082a00000, 0x0000000082a00000| Untracked 
|  23|0x0000000082b00000, 0x0000000082b00000, 0x0000000082c00000|  0%| F|  |TAMS 0x0000000082b00000, 0x0000000082b00000| Untracked 
|  24|0x0000000082c00000, 0x0000000082c00000, 0x0000000082d00000|  0%| F|  |TAMS 0x0000000082c00000, 0x0000000082c00000| Untracked 
|  25|0x0000000082d00000, 0x0000000082d00000, 0x0000000082e00000|  0%| F|  |TAMS 0x0000000082d00000, 0x0000000082d00000| Untracked 
|  26|0x0000000082e00000, 0x0000000082e00000, 0x0000000082f00000|  0%| F|  |TAMS 0x0000000082e00000, 0x0000000082e00000| Untracked 
|  27|0x0000000082f00000, 0x0000000082f00000, 0x0000000083000000|  0%| F|  |TAMS 0x0000000082f00000, 0x0000000082f00000| Untracked 
|  28|0x0000000083000000, 0x0000000083000000, 0x0000000083100000|  0%| F|  |TAMS 0x0000000083000000, 0x0000000083000000| Untracked 
|  29|0x0000000083100000, 0x0000000083100000, 0x0000000083200000|  0%| F|  |TAMS 0x0000000083100000, 0x0000000083100000| Untracked 
|  30|0x0000000083200000, 0x0000000083200000, 0x0000000083300000|  0%| F|  |TAMS 0x0000000083200000, 0x0000000083200000| Untracked 
|  31|0x0000000083300000, 0x0000000083300000, 0x0000000083400000|  0%| F|  |TAMS 0x0000000083300000, 0x0000000083300000| Untracked 
|  32|0x0000000083400000, 0x0000000083400000, 0x0000000083500000|  0%| F|  |TAMS 0x0000000083400000, 0x0000000083400000| Untracked 
|  33|0x0000000083500000, 0x0000000083500000, 0x0000000083600000|  0%| F|  |TAMS 0x0000000083500000, 0x0000000083500000| Untracked 
|  34|0x0000000083600000, 0x0000000083600000, 0x0000000083700000|  0%| F|  |TAMS 0x0000000083600000, 0x0000000083600000| Untracked 
|  35|0x0000000083700000, 0x0000000083700000, 0x0000000083800000|  0%| F|  |TAMS 0x0000000083700000, 0x0000000083700000| Untracked 
|  36|0x0000000083800000, 0x0000000083800000, 0x0000000083900000|  0%| F|  |TAMS 0x0000000083800000, 0x0000000083800000| Untracked 
|  37|0x0000000083900000, 0x0000000083900000, 0x0000000083a00000|  0%| F|  |TAMS 0x0000000083900000, 0x0000000083900000| Untracked 
|  38|0x0000000083a00000, 0x0000000083a00000, 0x0000000083b00000|  0%| F|  |TAMS 0x0000000083a00000, 0x0000000083a00000| Untracked 
|  39|0x0000000083b00000, 0x0000000083b00000, 0x0000000083c00000|  0%| F|  |TAMS 0x0000000083b00000, 0x0000000083b00000| Untracked 
|  40|0x0000000083c00000, 0x0000000083c00000, 0x0000000083d00000|  0%| F|  |TAMS 0x0000000083c00000, 0x0000000083c00000| Untracked 
|  41|0x0000000083d00000, 0x0000000083d00000, 0x0000000083e00000|  0%| F|  |TAMS 0x0000000083d00000, 0x0000000083d00000| Untracked 
|  42|0x0000000083e00000, 0x0000000083e00000, 0x0000000083f00000|  0%| F|  |TAMS 0x0000000083e00000, 0x0000000083e00000| Untracked 
|  43|0x0000000083f00000, 0x0000000083f00000, 0x0000000084000000|  0%| F|  |TAMS 0x0000000083f00000, 0x0000000083f00000| Untracked 
|  44|0x0000000084000000, 0x0000000084000000, 0x0000000084100000|  0%| F|  |TAMS 0x0000000084000000, 0x0000000084000000| Untracked 
|  45|0x0000000084100000, 0x0000000084100000, 0x0000000084200000|  0%| F|  |TAMS 0x0000000084100000, 0x0000000084100000| Untracked 
|  46|0x0000000084200000, 0x0000000084200000, 0x0000000084300000|  0%| F|  |TAMS 0x0000000084200000, 0x0000000084200000| Untracked 
|  47|0x0000000084300000, 0x0000000084300000, 0x0000000084400000|  0%| F|  |TAMS 0x0000000084300000, 0x0000000084300000| Untracked 
|  48|0x0000000084400000, 0x0000000084400000, 0x0000000084500000|  0%| F|  |TAMS 0x0000000084400000, 0x0000000084400000| Untracked 
|  49|0x0000000084500000, 0x0000000084500000, 0x0000000084600000|  0%| F|  |TAMS 0x0000000084500000, 0x0000000084500000| Untracked 
|  50|0x0000000084600000, 0x0000000084600000, 0x0000000084700000|  0%| F|  |TAMS 0x0000000084600000, 0x0000000084600000| Untracked 
|  51|0x0000000084700000, 0x0000000084700000, 0x0000000084800000|  0%| F|  |TAMS 0x0000000084700000, 0x0000000084700000| Untracked 
|  52|0x0000000084800000, 0x0000000084800000, 0x0000000084900000|  0%| F|  |TAMS 0x0000000084800000, 0x0000000084800000| Untracked 
|  53|0x0000000084900000, 0x0000000084900000, 0x0000000084a00000|  0%| F|  |TAMS 0x0000000084900000, 0x0000000084900000| Untracked 
|  54|0x0000000084a00000, 0x0000000084a00000, 0x0000000084b00000|  0%| F|  |TAMS 0x0000000084a00000, 0x0000000084a00000| Untracked 
|  55|0x0000000084b00000, 0x0000000084b00000, 0x0000000084c00000|  0%| F|  |TAMS 0x0000000084b00000, 0x0000000084b00000| Untracked 
|  56|0x0000000084c00000, 0x0000000084c00000, 0x0000000084d00000|  0%| F|  |TAMS 0x0000000084c00000, 0x0000000084c00000| Untracked 
|  57|0x0000000084d00000, 0x0000000084d00000, 0x0000000084e00000|  0%| F|  |TAMS 0x0000000084d00000, 0x0000000084d00000| Untracked 
|  58|0x0000000084e00000, 0x0000000084e00000, 0x0000000084f00000|  0%| F|  |TAMS 0x0000000084e00000, 0x0000000084e00000| Untracked 
|  59|0x0000000084f00000, 0x0000000084f00000, 0x0000000085000000|  0%| F|  |TAMS 0x0000000084f00000, 0x0000000084f00000| Untracked 
|  60|0x0000000085000000, 0x0000000085000000, 0x0000000085100000|  0%| F|  |TAMS 0x0000000085000000, 0x0000000085000000| Untracked 
|  61|0x0000000085100000, 0x0000000085100000, 0x0000000085200000|  0%| F|  |TAMS 0x0000000085100000, 0x0000000085100000| Untracked 
|  62|0x0000000085200000, 0x0000000085200000, 0x0000000085300000|  0%| F|  |TAMS 0x0000000085200000, 0x0000000085200000| Untracked 
|  63|0x0000000085300000, 0x0000000085300000, 0x0000000085400000|  0%| F|  |TAMS 0x0000000085300000, 0x0000000085300000| Untracked 
|  64|0x0000000085400000, 0x0000000085400000, 0x0000000085500000|  0%| F|  |TAMS 0x0000000085400000, 0x0000000085400000| Untracked 
|  65|0x0000000085500000, 0x0000000085500000, 0x0000000085600000|  0%| F|  |TAMS 0x0000000085500000, 0x0000000085500000| Untracked 
|  66|0x0000000085600000, 0x0000000085600000, 0x0000000085700000|  0%| F|  |TAMS 0x0000000085600000, 0x0000000085600000| Untracked 
|  67|0x0000000085700000, 0x0000000085700000, 0x0000000085800000|  0%| F|  |TAMS 0x0000000085700000, 0x0000000085700000| Untracked 
|  68|0x0000000085800000, 0x0000000085800000, 0x0000000085900000|  0%| F|  |TAMS 0x0000000085800000, 0x0000000085800000| Untracked 
|  69|0x0000000085900000, 0x0000000085900000, 0x0000000085a00000|  0%| F|  |TAMS 0x0000000085900000, 0x0000000085900000| Untracked 
|  70|0x0000000085a00000, 0x0000000085a00000, 0x0000000085b00000|  0%| F|  |TAMS 0x0000000085a00000, 0x0000000085a00000| Untracked 
|  71|0x0000000085b00000, 0x0000000085b00000, 0x0000000085c00000|  0%| F|  |TAMS 0x0000000085b00000, 0x0000000085b00000| Untracked 
|  72|0x0000000085c00000, 0x0000000085c00000, 0x0000000085d00000|  0%| F|  |TAMS 0x0000000085c00000, 0x0000000085c00000| Untracked 
|  73|0x0000000085d00000, 0x0000000085d00000, 0x0000000085e00000|  0%| F|  |TAMS 0x0000000085d00000, 0x0000000085d00000| Untracked 
|  74|0x0000000085e00000, 0x0000000085e00000, 0x0000000085f00000|  0%| F|  |TAMS 0x0000000085e00000, 0x0000000085e00000| Untracked 
|  75|0x0000000085f00000, 0x0000000085f00000, 0x0000000086000000|  0%| F|  |TAMS 0x0000000085f00000, 0x0000000085f00000| Untracked 
|  76|0x0000000086000000, 0x0000000086000000, 0x0000000086100000|  0%| F|  |TAMS 0x0000000086000000, 0x0000000086000000| Untracked 
|  77|0x0000000086100000, 0x0000000086100000, 0x0000000086200000|  0%| F|  |TAMS 0x0000000086100000, 0x0000000086100000| Untracked 
|  78|0x0000000086200000, 0x0000000086200000, 0x0000000086300000|  0%| F|  |TAMS 0x0000000086200000, 0x0000000086200000| Untracked 
|  79|0x0000000086300000, 0x0000000086300000, 0x0000000086400000|  0%| F|  |TAMS 0x0000000086300000, 0x0000000086300000| Untracked 
|  80|0x0000000086400000, 0x0000000086400000, 0x0000000086500000|  0%| F|  |TAMS 0x0000000086400000, 0x0000000086400000| Untracked 
|  81|0x0000000086500000, 0x0000000086500000, 0x0000000086600000|  0%| F|  |TAMS 0x0000000086500000, 0x0000000086500000| Untracked 
|  82|0x0000000086600000, 0x0000000086600000, 0x0000000086700000|  0%| F|  |TAMS 0x0000000086600000, 0x0000000086600000| Untracked 
|  83|0x0000000086700000, 0x0000000086700000, 0x0000000086800000|  0%| F|  |TAMS 0x0000000086700000, 0x0000000086700000| Untracked 
|  84|0x0000000086800000, 0x0000000086800000, 0x0000000086900000|  0%| F|  |TAMS 0x0000000086800000, 0x0000000086800000| Untracked 
|  85|0x0000000086900000, 0x0000000086900000, 0x0000000086a00000|  0%| F|  |TAMS 0x0000000086900000, 0x0000000086900000| Untracked 
|  86|0x0000000086a00000, 0x0000000086a00000, 0x0000000086b00000|  0%| F|  |TAMS 0x0000000086a00000, 0x0000000086a00000| Untracked 
|  87|0x0000000086b00000, 0x0000000086b00000, 0x0000000086c00000|  0%| F|  |TAMS 0x0000000086b00000, 0x0000000086b00000| Untracked 
|  88|0x0000000086c00000, 0x0000000086c00000, 0x0000000086d00000|  0%| F|  |TAMS 0x0000000086c00000, 0x0000000086c00000| Untracked 
|  89|0x0000000086d00000, 0x0000000086d00000, 0x0000000086e00000|  0%| F|  |TAMS 0x0000000086d00000, 0x0000000086d00000| Untracked 
|  90|0x0000000086e00000, 0x0000000086e00000, 0x0000000086f00000|  0%| F|  |TAMS 0x0000000086e00000, 0x0000000086e00000| Untracked 
|  91|0x0000000086f00000, 0x0000000086f00000, 0x0000000087000000|  0%| F|  |TAMS 0x0000000086f00000, 0x0000000086f00000| Untracked 
|  92|0x0000000087000000, 0x0000000087000000, 0x0000000087100000|  0%| F|  |TAMS 0x0000000087000000, 0x0000000087000000| Untracked 
|  93|0x0000000087100000, 0x0000000087100000, 0x0000000087200000|  0%| F|  |TAMS 0x0000000087100000, 0x0000000087100000| Untracked 
|  94|0x0000000087200000, 0x0000000087200000, 0x0000000087300000|  0%| F|  |TAMS 0x0000000087200000, 0x0000000087200000| Untracked 
|  95|0x0000000087300000, 0x0000000087300000, 0x0000000087400000|  0%| F|  |TAMS 0x0000000087300000, 0x0000000087300000| Untracked 
|  96|0x0000000087400000, 0x0000000087451c20, 0x0000000087500000| 31%| S|CS|TAMS 0x0000000087400000, 0x0000000087400000| Complete 
|  97|0x0000000087500000, 0x0000000087600000, 0x0000000087600000|100%| S|CS|TAMS 0x0000000087500000, 0x0000000087500000| Complete 
|  98|0x0000000087600000, 0x0000000087600000, 0x0000000087700000|  0%| F|  |TAMS 0x0000000087600000, 0x0000000087600000| Untracked 
|  99|0x0000000087700000, 0x0000000087700800, 0x0000000087800000|  0%| E|  |TAMS 0x0000000087700000, 0x0000000087700000| Complete 
| 100|0x0000000087800000, 0x0000000087900000, 0x0000000087900000|100%| E|CS|TAMS 0x0000000087800000, 0x0000000087800000| Complete 
| 101|0x0000000087900000, 0x0000000087a00000, 0x0000000087a00000|100%| E|CS|TAMS 0x0000000087900000, 0x0000000087900000| Complete 
| 102|0x0000000087a00000, 0x0000000087b00000, 0x0000000087b00000|100%| E|CS|TAMS 0x0000000087a00000, 0x0000000087a00000| Complete 
| 103|0x0000000087b00000, 0x0000000087c00000, 0x0000000087c00000|100%| E|CS|TAMS 0x0000000087b00000, 0x0000000087b00000| Complete 
| 104|0x0000000087c00000, 0x0000000087d00000, 0x0000000087d00000|100%| E|CS|TAMS 0x0000000087c00000, 0x0000000087c00000| Complete 
| 105|0x0000000087d00000, 0x0000000087e00000, 0x0000000087e00000|100%| E|CS|TAMS 0x0000000087d00000, 0x0000000087d00000| Complete 
| 106|0x0000000087e00000, 0x0000000087f00000, 0x0000000087f00000|100%| E|CS|TAMS 0x0000000087e00000, 0x0000000087e00000| Complete 
| 107|0x0000000087f00000, 0x0000000088000000, 0x0000000088000000|100%| E|CS|TAMS 0x0000000087f00000, 0x0000000087f00000| Complete 
| 108|0x0000000088000000, 0x0000000088100000, 0x0000000088100000|100%| E|CS|TAMS 0x0000000088000000, 0x0000000088000000| Complete 
| 109|0x0000000088100000, 0x0000000088200000, 0x0000000088200000|100%| E|CS|TAMS 0x0000000088100000, 0x0000000088100000| Complete 
| 110|0x0000000088200000, 0x0000000088300000, 0x0000000088300000|100%| E|CS|TAMS 0x0000000088200000, 0x0000000088200000| Complete 
| 111|0x0000000088300000, 0x0000000088400000, 0x0000000088400000|100%| E|CS|TAMS 0x0000000088300000, 0x0000000088300000| Complete 
| 112|0x0000000088400000, 0x0000000088500000, 0x0000000088500000|100%| E|CS|TAMS 0x0000000088400000, 0x0000000088400000| Complete 
| 113|0x0000000088500000, 0x0000000088600000, 0x0000000088600000|100%| E|CS|TAMS 0x0000000088500000, 0x0000000088500000| Complete 
| 114|0x0000000088600000, 0x0000000088700000, 0x0000000088700000|100%| E|CS|TAMS 0x0000000088600000, 0x0000000088600000| Complete 
| 115|0x0000000088700000, 0x0000000088800000, 0x0000000088800000|100%| E|CS|TAMS 0x0000000088700000, 0x0000000088700000| Complete 
| 116|0x0000000088800000, 0x0000000088900000, 0x0000000088900000|100%| E|CS|TAMS 0x0000000088800000, 0x0000000088800000| Complete 
| 117|0x0000000088900000, 0x0000000088a00000, 0x0000000088a00000|100%| E|CS|TAMS 0x0000000088900000, 0x0000000088900000| Complete 
| 118|0x0000000088a00000, 0x0000000088b00000, 0x0000000088b00000|100%| E|CS|TAMS 0x0000000088a00000, 0x0000000088a00000| Complete 
| 119|0x0000000088b00000, 0x0000000088c00000, 0x0000000088c00000|100%| E|CS|TAMS 0x0000000088b00000, 0x0000000088b00000| Complete 
| 120|0x0000000088c00000, 0x0000000088d00000, 0x0000000088d00000|100%| E|CS|TAMS 0x0000000088c00000, 0x0000000088c00000| Complete 
| 121|0x0000000088d00000, 0x0000000088e00000, 0x0000000088e00000|100%| E|CS|TAMS 0x0000000088d00000, 0x0000000088d00000| Complete 
| 122|0x0000000088e00000, 0x0000000088f00000, 0x0000000088f00000|100%| E|CS|TAMS 0x0000000088e00000, 0x0000000088e00000| Complete 
| 123|0x0000000088f00000, 0x0000000089000000, 0x0000000089000000|100%| E|CS|TAMS 0x0000000088f00000, 0x0000000088f00000| Complete 
| 124|0x0000000089000000, 0x0000000089100000, 0x0000000089100000|100%| E|CS|TAMS 0x0000000089000000, 0x0000000089000000| Complete 
| 125|0x0000000089100000, 0x0000000089200000, 0x0000000089200000|100%| E|CS|TAMS 0x0000000089100000, 0x0000000089100000| Complete 
| 126|0x0000000089200000, 0x0000000089300000, 0x0000000089300000|100%| E|CS|TAMS 0x0000000089200000, 0x0000000089200000| Complete 
| 127|0x0000000089300000, 0x0000000089400000, 0x0000000089400000|100%| E|CS|TAMS 0x0000000089300000, 0x0000000089300000| Complete 

Card table byte_map: [0x000001356c7c0000,0x000001356cbc0000] _byte_map_base: 0x000001356c3b6000

Marking Bits (Prev, Next): (CMBitMap*) 0x0000013555875ce0, (CMBitMap*) 0x0000013555875d20
 Prev Bits: [0x000001356cfc0000, 0x000001356ef70000)
 Next Bits: [0x000001356ef70000, 0x0000013570f20000)

Polling page: 0x00000135537a0000

Metaspace:

Usage:
  Non-class:     11.96 MB used.
      Class:      1.67 MB used.
       Both:     13.64 MB used.

Virtual space:
  Non-class space:       16.00 MB reserved,      12.06 MB ( 75%) committed,  2 nodes.
      Class space:        1.00 GB reserved,       1.75 MB ( <1%) committed,  1 nodes.
             Both:        1.02 GB reserved,      13.81 MB (  1%) committed. 

Chunk freelists:
   Non-Class:  3.06 MB
       Class:  2.08 MB
        Both:  5.14 MB

MaxMetaspaceSize: unlimited
CompressedClassSpaceSize: 1.00 GB
Initial GC threshold: 21.00 MB
Current GC threshold: 21.00 MB
CDS: on
MetaspaceReclaimPolicy: balanced
 - commit_granule_bytes: 65536.
 - commit_granule_words: 8192.
 - virtual_space_node_default_size: 1048576.
 - enlarge_chunks_in_place: 1.
 - new_chunks_are_fully_committed: 0.
 - uncommit_free_chunks: 1.
 - use_allocation_guard: 0.
 - handle_deallocations: 1.


Internal statistics:

num_allocs_failed_limit: 0.
num_arena_births: 76.
num_arena_deaths: 0.
num_vsnodes_births: 3.
num_vsnodes_deaths: 0.
num_space_committed: 221.
num_space_uncommitted: 0.
num_chunks_returned_to_freelist: 0.
num_chunks_taken_from_freelist: 559.
num_chunk_merges: 0.
num_chunk_splits: 384.
num_chunks_enlarged: 316.
num_purges: 0.
num_inconsistent_stats: 0.

CodeHeap 'non-profiled nmethods': size=120000Kb used=993Kb max_used=993Kb free=119006Kb
 bounds [0x0000013564b60000, 0x0000013564dd0000, 0x000001356c090000]
CodeHeap 'profiled nmethods': size=120000Kb used=5208Kb max_used=5208Kb free=114791Kb
 bounds [0x000001355d630000, 0x000001355db50000, 0x0000013564b60000]
CodeHeap 'non-nmethods': size=5760Kb used=1172Kb max_used=1235Kb free=4587Kb
 bounds [0x000001355d090000, 0x000001355d300000, 0x000001355d630000]
 total_blobs=3022 nmethods=2559 adapters=375
 compilation: enabled
              stopped_count=0, restarted_count=0
 full_count=0

Compilation events (20 events):
Event: 58.703 Thread 0x0000013573991180 2570   !   3       com.google.inject.internal.InjectorImpl::getBinding (54 bytes)
Event: 58.704 Thread 0x0000013573991180 nmethod 2570 0x000001355db33d90 code [0x000001355db34040, 0x000001355db34c48]
Event: 58.705 Thread 0x0000013573991180 2571   !   3       com.google.inject.internal.Initializer$InjectableReference::get (254 bytes)
Event: 58.706 Thread 0x000001357392ac30 nmethod 2567 0x0000013564c57c10 code [0x0000013564c57dc0, 0x0000013564c58138]
Event: 58.706 Thread 0x000001357392ac30 2569   !   4       java.net.URL::<init> (543 bytes)
Event: 58.707 Thread 0x0000013573991180 nmethod 2571 0x000001355db35210 code [0x000001355db35580, 0x000001355db36748]
Event: 58.707 Thread 0x0000013573991180 2572       3       java.net.URLStreamHandler::setURL (73 bytes)
Event: 58.708 Thread 0x0000013573991180 nmethod 2572 0x000001355db37110 code [0x000001355db373e0, 0x000001355db38258]
Event: 58.714 Thread 0x0000013573991180 2573       3       java.net.URL::getDefaultPort (8 bytes)
Event: 58.714 Thread 0x0000013573991180 nmethod 2573 0x000001355db38790 code [0x000001355db38940, 0x000001355db38b08]
Event: 58.917 Thread 0x0000013573991180 2575       3       java.lang.Character::codePointBefore (48 bytes)
Event: 58.917 Thread 0x0000013573991180 nmethod 2575 0x000001355db38c10 code [0x000001355db38e00, 0x000001355db393d8]
Event: 58.926 Thread 0x0000013573991180 2576       3       java.lang.String::<init> (830 bytes)
Event: 58.936 Thread 0x0000013573991180 nmethod 2576 0x000001355db39590 code [0x000001355db39a80, 0x000001355db3c758]
Event: 58.942 Thread 0x0000013573991180 2577       3       sun.nio.cs.UTF_8$Decoder::decodeArrayLoop (688 bytes)
Event: 58.948 Thread 0x0000013573991180 nmethod 2577 0x000001355db3d310 code [0x000001355db3db40, 0x000001355db42cb8]
Event: 58.948 Thread 0x0000013573991180 2579   !   3       sun.nio.cs.StreamDecoder::read (196 bytes)
Event: 58.950 Thread 0x0000013573991180 nmethod 2579 0x000001355db44410 code [0x000001355db44680, 0x000001355db45288]
Event: 58.950 Thread 0x0000013573991180 2580       3       java.lang.String::valueOf (39 bytes)
Event: 58.950 Thread 0x0000013573991180 nmethod 2580 0x000001355db45790 code [0x000001355db45980, 0x000001355db46098]

GC Heap History (4 events):
Event: 38.316 GC heap before
{Heap before GC invocations=0 (full 0):
 garbage-first heap   total 131072K, used 22528K [0x0000000081400000, 0x0000000100000000)
  region size 1024K, 23 young (23552K), 0 survivors (0K)
 Metaspace       used 5644K, committed 5824K, reserved 1056768K
  class space    used 676K, committed 768K, reserved 1048576K
}
Event: 39.595 GC heap after
{Heap after GC invocations=1 (full 0):
 garbage-first heap   total 131072K, used 3798K [0x0000000081400000, 0x0000000100000000)
  region size 1024K, 3 young (3072K), 3 survivors (3072K)
 Metaspace       used 5644K, committed 5824K, reserved 1056768K
  class space    used 676K, committed 768K, reserved 1048576K
}
Event: 50.449 GC heap before
{Heap before GC invocations=1 (full 0):
 garbage-first heap   total 131072K, used 31446K [0x0000000081400000, 0x0000000100000000)
  region size 1024K, 30 young (30720K), 3 survivors (3072K)
 Metaspace       used 8804K, committed 8960K, reserved 1064960K
  class space    used 1071K, committed 1152K, reserved 1048576K
}
Event: 50.458 GC heap after
{Heap after GC invocations=2 (full 0):
 garbage-first heap   total 131072K, used 5109K [0x0000000081400000, 0x0000000100000000)
  region size 1024K, 2 young (2048K), 2 survivors (2048K)
 Metaspace       used 8804K, committed 8960K, reserved 1064960K
  class space    used 1071K, committed 1152K, reserved 1048576K
}

Deoptimization events (20 events):
Event: 58.098 Thread 0x000001355581bea0 DEOPT PACKING pc=0x0000013564bba7f4 sp=0x00000031547fd490
Event: 58.098 Thread 0x000001355581bea0 DEOPT UNPACKING pc=0x000001355d0e23a3 sp=0x00000031547fd430 mode 2
Event: 58.695 Thread 0x000001355581bea0 DEOPT PACKING pc=0x0000013564c183a8 sp=0x00000031547fd460
Event: 58.695 Thread 0x000001355581bea0 DEOPT UNPACKING pc=0x000001355d0e2b43 sp=0x00000031547fc880 mode 0
Event: 58.696 Thread 0x000001355581bea0 Uncommon trap: trap_request=0xffffff45 fr.pc=0x0000013564c132bc relative=0x0000000000000a7c
Event: 58.696 Thread 0x000001355581bea0 Uncommon trap: reason=unstable_if action=reinterpret pc=0x0000013564c132bc method=sun.net.util.IPAddressUtil.scan(Ljava/lang/String;JJ[C)I @ 14 c2
Event: 58.696 Thread 0x000001355581bea0 DEOPT PACKING pc=0x0000013564c132bc sp=0x00000031547fd080
Event: 58.696 Thread 0x000001355581bea0 DEOPT UNPACKING pc=0x000001355d0e23a3 sp=0x00000031547fcf00 mode 2
Event: 58.701 Thread 0x000001355581bea0 Uncommon trap: trap_request=0xffffff45 fr.pc=0x0000013564c10bc4 relative=0x0000000000000044
Event: 58.701 Thread 0x000001355581bea0 Uncommon trap: reason=unstable_if action=reinterpret pc=0x0000013564c10bc4 method=sun.net.util.IPAddressUtil.scan(Ljava/lang/String;JJ[C)I @ 14 c2
Event: 58.701 Thread 0x000001355581bea0 DEOPT PACKING pc=0x0000013564c10bc4 sp=0x00000031547fd000
Event: 58.701 Thread 0x000001355581bea0 DEOPT UNPACKING pc=0x000001355d0e23a3 sp=0x00000031547fcee8 mode 2
Event: 58.912 Thread 0x000001355581bea0 Uncommon trap: trap_request=0xffffff45 fr.pc=0x0000013564bfc768 relative=0x0000000000000fe8
Event: 58.912 Thread 0x000001355581bea0 Uncommon trap: reason=unstable_if action=reinterpret pc=0x0000013564bfc768 method=java.lang.String.<init>([BIILjava/nio/charset/Charset;)V @ 47 c2
Event: 58.912 Thread 0x000001355581bea0 DEOPT PACKING pc=0x0000013564bfc768 sp=0x00000031547fcdf0
Event: 58.912 Thread 0x000001355581bea0 DEOPT UNPACKING pc=0x000001355d0e23a3 sp=0x00000031547fcdc8 mode 2
Event: 58.941 Thread 0x000001355581bea0 Uncommon trap: trap_request=0xffffff45 fr.pc=0x0000013564bc3290 relative=0x00000000000004d0
Event: 58.941 Thread 0x000001355581bea0 Uncommon trap: reason=unstable_if action=reinterpret pc=0x0000013564bc3290 method=java.lang.String.decodeASCII([BI[CII)I @ 7 c2
Event: 58.941 Thread 0x000001355581bea0 DEOPT PACKING pc=0x0000013564bc3290 sp=0x00000031547fc890
Event: 58.941 Thread 0x000001355581bea0 DEOPT UNPACKING pc=0x000001355d0e23a3 sp=0x00000031547fc6b8 mode 2

Classes unloaded (0 events):
No events

Classes redefined (0 events):
No events

Internal exceptions (20 events):
Event: 21.477 Thread 0x000001355581bea0 Exception <a 'java/lang/NoSuchMethodError'{0x0000000088d579c8}: 'void java.lang.invoke.DirectMethodHandle$Holder.invokeStatic(java.lang.Object, java.lang.Object, java.lang.Object)'> (0x0000000088d579c8) 
thrown [s\open\src\hotspot\share\interpreter\linkResolver.cpp, line 759]
Event: 21.525 Thread 0x000001355581bea0 Exception <a 'java/lang/NoSuchMethodError'{0x0000000088db40e0}: 'int java.lang.invoke.DirectMethodHandle$Holder.invokeStatic(java.lang.Object, java.lang.Object, int)'> (0x0000000088db40e0) 
thrown [s\open\src\hotspot\share\interpreter\linkResolver.cpp, line 759]
Event: 25.985 Thread 0x000001355581bea0 Exception <a 'java/lang/NoSuchMethodError'{0x0000000088b3c7e0}: 'java.lang.Object java.lang.invoke.DirectMethodHandle$Holder.invokeSpecialIFC(java.lang.Object, java.lang.Object, java.lang.Object, java.lang.Object)'> (0x0000000088b3c7e0) 
thrown [s\open\src\hotspot\share\interpreter\linkResolver.cpp, line 759]
Event: 29.663 Thread 0x000001355581bea0 Exception <a 'java/lang/NoSuchMethodError'{0x0000000088526a40}: 'java.lang.Object java.lang.invoke.DirectMethodHandle$Holder.invokeStaticInit(java.lang.Object)'> (0x0000000088526a40) 
thrown [s\open\src\hotspot\share\interpreter\linkResolver.cpp, line 759]
Event: 29.673 Thread 0x000001355581bea0 Exception <a 'java/lang/NoSuchMethodError'{0x0000000088547168}: 'void java.lang.invoke.DirectMethodHandle$Holder.invokeSpecial(java.lang.Object, java.lang.Object, java.lang.Object)'> (0x0000000088547168) 
thrown [s\open\src\hotspot\share\interpreter\linkResolver.cpp, line 759]
Event: 30.546 Thread 0x000001355581bea0 Exception <a 'java/lang/NoSuchMethodError'{0x00000000884cb9a0}: 'java.lang.Object java.lang.invoke.DirectMethodHandle$Holder.invokeInterface(java.lang.Object, java.lang.Object)'> (0x00000000884cb9a0) 
thrown [s\open\src\hotspot\share\interpreter\linkResolver.cpp, line 759]
Event: 30.978 Thread 0x000001355581bea0 Exception <a 'java/lang/NoSuchMethodError'{0x0000000088389350}: 'java.lang.Object java.lang.invoke.Invokers$Holder.invokeExact_MT(java.lang.Object, java.lang.Object, java.lang.Object, java.lang.Object, java.lang.Object, java.lang.Object)'> (0x0000000088389350) 
thrown [s\open\src\hotspot\share\interpreter\linkResolver.cpp, line 759]
Event: 30.986 Thread 0x000001355581bea0 Exception <a 'java/lang/NoSuchMethodError'{0x000000008839a810}: 'int java.lang.invoke.DirectMethodHandle$Holder.invokeSpecialIFC(java.lang.Object, java.lang.Object, java.lang.Object, java.lang.Object, java.lang.Object)'> (0x000000008839a810) 
thrown [s\open\src\hotspot\share\interpreter\linkResolver.cpp, line 759]
Event: 32.695 Thread 0x000001355581bea0 Exception <a 'java/lang/NoSuchMethodError'{0x0000000088178f50}: 'java.lang.Object java.lang.invoke.DirectMethodHandle$Holder.newInvokeSpecial(java.lang.Object, java.lang.Object, java.lang.Object, java.lang.Object, java.lang.Object)'> (0x0000000088178f50) 
thrown [s\open\src\hotspot\share\interpreter\linkResolver.cpp, line 759]
Event: 34.213 Thread 0x000001355581bea0 Exception <a 'java/lang/NoSuchMethodError'{0x0000000088090628}: 'int java.lang.invoke.DirectMethodHandle$Holder.invokeStaticInit(java.lang.Object, java.lang.Object)'> (0x0000000088090628) 
thrown [s\open\src\hotspot\share\interpreter\linkResolver.cpp, line 759]
Event: 34.964 Thread 0x000001355581bea0 Exception <a 'java/lang/NoClassDefFoundError'{0x00000000880ce930}: javax/enterprise/inject/Typed> (0x00000000880ce930) 
thrown [s\open\src\hotspot\share\classfile\systemDictionary.cpp, line 245]
Event: 53.087 Thread 0x000001355581bea0 Exception <a 'java/lang/NoSuchMethodError'{0x0000000088a70910}: 'void java.lang.invoke.DirectMethodHandle$Holder.invokeStaticInit(java.lang.Object, java.lang.Object, java.lang.Object)'> (0x0000000088a70910) 
thrown [s\open\src\hotspot\share\interpreter\linkResolver.cpp, line 759]
Event: 53.096 Thread 0x000001355581bea0 Exception <a 'java/lang/ExceptionInInitializerError'{0x0000000088a9e5d8}> (0x0000000088a9e5d8) 
thrown [s\open\src\hotspot\share\oops\instanceKlass.cpp, line 1166]
Event: 53.431 Thread 0x000001355581bea0 Implicit null exception at 0x0000013564be65af to 0x0000013564be670c
Event: 53.434 Thread 0x000001355581bea0 Exception <a 'java/lang/NoSuchMethodError'{0x00000000889b8b60}: 'java.lang.Object java.lang.invoke.Invokers$Holder.invokeExact_MT(java.lang.Object, int, java.lang.Object)'> (0x00000000889b8b60) 
thrown [s\open\src\hotspot\share\interpreter\linkResolver.cpp, line 759]
Event: 53.597 Thread 0x000001355581bea0 Exception <a 'java/lang/NoSuchMethodError'{0x000000008881b5c0}: 'void java.lang.invoke.DirectMethodHandle$Holder.invokeStatic(java.lang.Object, java.lang.Object)'> (0x000000008881b5c0) 
thrown [s\open\src\hotspot\share\interpreter\linkResolver.cpp, line 759]
Event: 53.607 Thread 0x000001355581bea0 Exception <a 'java/lang/NoSuchMethodError'{0x000000008882c120}: 'int java.lang.invoke.DirectMethodHandle$Holder.invokeSpecial(java.lang.Object, java.lang.Object, java.lang.Object, java.lang.Object)'> (0x000000008882c120) 
thrown [s\open\src\hotspot\share\interpreter\linkResolver.cpp, line 759]
Event: 56.144 Thread 0x000001355581bea0 Exception <a 'java/lang/NoClassDefFoundError'{0x0000000087f1ec50}: com/google/inject/servlet/ServletModuleTargetVisitor> (0x0000000087f1ec50) 
thrown [s\open\src\hotspot\share\classfile\systemDictionary.cpp, line 245]
Event: 57.040 Thread 0x000001355581bea0 Exception <a 'java/lang/NoSuchMethodError'{0x0000000087dbe8f0}: 'void java.lang.invoke.DirectMethodHandle$Holder.invokeVirtual(java.lang.Object, java.lang.Object)'> (0x0000000087dbe8f0) 
thrown [s\open\src\hotspot\share\interpreter\linkResolver.cpp, line 759]
Event: 57.386 Thread 0x000001355581bea0 Exception <a 'java/lang/NoSuchMethodError'{0x0000000087c484a0}: 'java.lang.Object java.lang.invoke.DirectMethodHandle$Holder.invokeStaticInit(java.lang.Object, int, int, int, int)'> (0x0000000087c484a0) 
thrown [s\open\src\hotspot\share\interpreter\linkResolver.cpp, line 759]

VM Operations (20 events):
Event: 53.807 Executing VM operation: HandshakeAllThreads
Event: 53.807 Executing VM operation: HandshakeAllThreads done
Event: 54.320 Executing VM operation: HandshakeAllThreads
Event: 54.320 Executing VM operation: HandshakeAllThreads done
Event: 55.334 Executing VM operation: Cleanup
Event: 55.354 Executing VM operation: Cleanup done
Event: 55.657 Executing VM operation: HandshakeAllThreads
Event: 55.657 Executing VM operation: HandshakeAllThreads done
Event: 56.658 Executing VM operation: Cleanup
Event: 56.667 Executing VM operation: Cleanup done
Event: 57.333 Executing VM operation: HandshakeAllThreads
Event: 57.333 Executing VM operation: HandshakeAllThreads done
Event: 57.608 Executing VM operation: HandshakeAllThreads
Event: 57.608 Executing VM operation: HandshakeAllThreads done
Event: 58.609 Executing VM operation: Cleanup
Event: 58.674 Executing VM operation: Cleanup done
Event: 58.695 Executing VM operation: HandshakeAllThreads
Event: 58.695 Executing VM operation: HandshakeAllThreads done
Event: 58.696 Executing VM operation: HandshakeAllThreads
Event: 58.696 Executing VM operation: HandshakeAllThreads done

Events (20 events):
Event: 57.879 loading class jdk/internal/math/FDBigInteger
Event: 57.879 loading class jdk/internal/math/FDBigInteger done
Event: 58.108 loading class java/lang/ProcessEnvironment$CheckedKeySet
Event: 58.108 loading class java/lang/ProcessEnvironment$CheckedKeySet done
Event: 58.189 Thread 0x000001357510ca80 Thread added: 0x000001357510ca80
Event: 58.564 Thread 0x000001357510ca80 Thread exited: 0x000001357510ca80
Event: 58.694 loading class java/net/URL$2
Event: 58.694 loading class java/net/URL$2 done
Event: 58.694 loading class java/net/URL$1
Event: 58.694 loading class java/net/URL$1 done
Event: 58.694 loading class java/net/spi/URLStreamHandlerProvider
Event: 58.694 loading class java/net/spi/URLStreamHandlerProvider done
Event: 58.695 loading class sun/net/www/protocol/https/Handler
Event: 58.695 loading class sun/net/www/protocol/http/Handler
Event: 58.695 loading class sun/net/www/protocol/http/Handler done
Event: 58.695 loading class sun/net/www/protocol/https/Handler done
Event: 58.700 loading class java/util/regex/Pattern$Pos
Event: 58.700 loading class java/util/regex/Pattern$Pos done
Event: 58.705 loading class java/util/ArrayList$SubList$1
Event: 58.705 loading class java/util/ArrayList$SubList$1 done


Dynamic libraries:
0x00007ff75cc70000 - 0x00007ff75cc80000 	C:\Program Files\Java\jdk-17.0.4.1\bin\java.exe
0x00007ffe52bb0000 - 0x00007ffe52dc7000 	C:\WINDOWS\SYSTEM32\ntdll.dll
0x00007ffe51f30000 - 0x00007ffe51ff4000 	C:\WINDOWS\System32\KERNEL32.DLL
0x00007ffe501b0000 - 0x00007ffe50555000 	C:\WINDOWS\System32\KERNELBASE.dll
0x00007ffe50720000 - 0x00007ffe50831000 	C:\WINDOWS\System32\ucrtbase.dll
0x00007ffe30030000 - 0x00007ffe30048000 	C:\Program Files\Java\jdk-17.0.4.1\bin\jli.dll
0x00007ffe517e0000 - 0x00007ffe51891000 	C:\WINDOWS\System32\ADVAPI32.dll
0x00007ffe518a0000 - 0x00007ffe51947000 	C:\WINDOWS\System32\msvcrt.dll
0x00007ffe522a0000 - 0x00007ffe52346000 	C:\WINDOWS\System32\sechost.dll
0x00007ffe52000000 - 0x00007ffe52117000 	C:\WINDOWS\System32\RPCRT4.dll
0x00007ffe50980000 - 0x00007ffe50b2e000 	C:\WINDOWS\System32\USER32.dll
0x00007ffe506f0000 - 0x00007ffe50716000 	C:\WINDOWS\System32\win32u.dll
0x00007ffe51c60000 - 0x00007ffe51c89000 	C:\WINDOWS\System32\GDI32.dll
0x00007ffe50560000 - 0x00007ffe50679000 	C:\WINDOWS\System32\gdi32full.dll
0x00007ffe4ff20000 - 0x00007ffe4ffba000 	C:\WINDOWS\System32\msvcp_win.dll
0x00007ffe33530000 - 0x00007ffe3354a000 	C:\Program Files\Java\jdk-17.0.4.1\bin\VCRUNTIME140.dll
0x00007ffe37df0000 - 0x00007ffe38083000 	C:\WINDOWS\WinSxS\amd64_microsoft.windows.common-controls_6595b64144ccf1df_6.0.22621.2506_none_270c5ae97388e100\COMCTL32.dll
0x00007ffe43a50000 - 0x00007ffe43a5a000 	C:\WINDOWS\SYSTEM32\VERSION.dll
0x00007ffe51c90000 - 0x00007ffe51cc1000 	C:\WINDOWS\System32\IMM32.DLL
0x00007ffe46400000 - 0x00007ffe4640c000 	C:\Program Files\Java\jdk-17.0.4.1\bin\vcruntime140_1.dll
0x00007ffe10100000 - 0x00007ffe1018d000 	C:\Program Files\Java\jdk-17.0.4.1\bin\msvcp140.dll
0x00007ffdedab0000 - 0x00007ffdee672000 	C:\Program Files\Java\jdk-17.0.4.1\bin\server\jvm.dll
0x00007ffe52b60000 - 0x00007ffe52b68000 	C:\WINDOWS\System32\PSAPI.DLL
0x00007ffe48480000 - 0x00007ffe48489000 	C:\WINDOWS\SYSTEM32\WSOCK32.dll
0x00007ffe50900000 - 0x00007ffe50971000 	C:\WINDOWS\System32\WS2_32.dll
0x00007ffe44d00000 - 0x00007ffe44d34000 	C:\WINDOWS\SYSTEM32\WINMM.dll
0x00007ffe4efb0000 - 0x00007ffe4efc8000 	C:\WINDOWS\SYSTEM32\kernel.appcore.dll
0x00007ffe45ed0000 - 0x00007ffe45eda000 	C:\Program Files\Java\jdk-17.0.4.1\bin\jimage.dll
0x00007ffe4d850000 - 0x00007ffe4da83000 	C:\WINDOWS\SYSTEM32\DBGHELP.DLL
0x00007ffe52350000 - 0x00007ffe526d9000 	C:\WINDOWS\System32\combase.dll
0x00007ffe51950000 - 0x00007ffe51a27000 	C:\WINDOWS\System32\OLEAUT32.dll
0x00007ffe315e0000 - 0x00007ffe31612000 	C:\WINDOWS\SYSTEM32\dbgcore.DLL
0x00007ffe50130000 - 0x00007ffe501aa000 	C:\WINDOWS\System32\bcryptPrimitives.dll
0x00007ffe2ffc0000 - 0x00007ffe2ffe5000 	C:\Program Files\Java\jdk-17.0.4.1\bin\java.dll
0x00007ffe00e30000 - 0x00007ffe00f06000 	C:\Program Files\Java\jdk-17.0.4.1\bin\jsvml.dll
0x00007ffe50d00000 - 0x00007ffe51559000 	C:\WINDOWS\System32\SHELL32.dll
0x00007ffe4de50000 - 0x00007ffe4e744000 	C:\WINDOWS\SYSTEM32\windows.storage.dll
0x00007ffe4dd10000 - 0x00007ffe4de4e000 	C:\WINDOWS\SYSTEM32\wintypes.dll
0x00007ffe50b30000 - 0x00007ffe50c23000 	C:\WINDOWS\System32\SHCORE.dll
0x00007ffe51eb0000 - 0x00007ffe51f0e000 	C:\WINDOWS\System32\shlwapi.dll
0x00007ffe4fe50000 - 0x00007ffe4fe76000 	C:\WINDOWS\SYSTEM32\profapi.dll
0x00007ffe33090000 - 0x00007ffe330a9000 	C:\Program Files\Java\jdk-17.0.4.1\bin\net.dll
0x00007ffe44b60000 - 0x00007ffe44c97000 	C:\WINDOWS\SYSTEM32\WINHTTP.dll
0x00007ffe4f490000 - 0x00007ffe4f4f9000 	C:\WINDOWS\system32\mswsock.dll
0x00007ffe30140000 - 0x00007ffe30156000 	C:\Program Files\Java\jdk-17.0.4.1\bin\nio.dll
0x00007ffe30080000 - 0x00007ffe30098000 	C:\Program Files\Java\jdk-17.0.4.1\bin\zip.dll
0x0000000069ac0000 - 0x0000000069ae4000 	C:\Users\larak\AppData\Local\Temp\jansi-2.4.0-16db05b4f4e4c6c7-jansi.dll
0x00007ffe455e0000 - 0x00007ffe455f0000 	C:\Program Files\Java\jdk-17.0.4.1\bin\verify.dll

dbghelp: loaded successfully - version: 4.0.5 - missing functions: none
symbol engine: initialized successfully - sym options: 0x614 - pdb path: .;C:\Program Files\Java\jdk-17.0.4.1\bin;C:\WINDOWS\SYSTEM32;C:\WINDOWS\WinSxS\amd64_microsoft.windows.common-controls_6595b64144ccf1df_6.0.22621.2506_none_270c5ae97388e100;C:\Program Files\Java\jdk-17.0.4.1\bin\server;C:\Users\larak\AppData\Local\Temp

VM Arguments:
jvm_args: -Dmaven.multiModuleProjectDirectory=C:\Senac\curso ds\ProjetoIntegradorUC15\Etapa0708PIUC15\petpug\petpug 
java_command: org.apache.maven.wrapper.MavenWrapperMain -Dmaven.ext.class.path=C:\Program Files\NetBeans-14\netbeans\java\maven-nblib\netbeans-eventspy.jar -Dfile.encoding=UTF-8 install
java_class_path (initial): C:\Senac\curso ds\ProjetoIntegradorUC15\Etapa0708PIUC15\petpug\petpug\.mvn\wrapper\maven-wrapper.jar
Launcher Type: SUN_STANDARD

[Global flags]
     intx CICompilerCount                          = 4                                         {product} {ergonomic}
     uint ConcGCThreads                            = 2                                         {product} {ergonomic}
     uint G1ConcRefinementThreads                  = 8                                         {product} {ergonomic}
   size_t G1HeapRegionSize                         = 1048576                                   {product} {ergonomic}
    uintx GCDrainStackTargetSize                   = 64                                        {product} {ergonomic}
   size_t InitialHeapSize                          = 134217728                                 {product} {ergonomic}
   size_t MarkStackSize                            = 4194304                                   {product} {ergonomic}
   size_t MaxHeapSize                              = 2126512128                                {product} {ergonomic}
   size_t MaxNewSize                               = 1275068416                                {product} {ergonomic}
   size_t MinHeapDeltaBytes                        = 1048576                                   {product} {ergonomic}
   size_t MinHeapSize                              = 8388608                                   {product} {ergonomic}
    uintx NonNMethodCodeHeapSize                   = 5839372                                {pd product} {ergonomic}
    uintx NonProfiledCodeHeapSize                  = 122909434                              {pd product} {ergonomic}
    uintx ProfiledCodeHeapSize                     = 122909434                              {pd product} {ergonomic}
    uintx ReservedCodeCacheSize                    = 251658240                              {pd product} {ergonomic}
     bool SegmentedCodeCache                       = true                                      {product} {ergonomic}
   size_t SoftMaxHeapSize                          = 2126512128                             {manageable} {ergonomic}
     bool UseCompressedClassPointers               = true                           {product lp64_product} {ergonomic}
     bool UseCompressedOops                        = true                           {product lp64_product} {ergonomic}
     bool UseG1GC                                  = true                                      {product} {ergonomic}
     bool UseLargePagesIndividualAllocation        = false                                  {pd product} {ergonomic}

Logging:
Log output configuration:
 #0: stdout all=warning uptime,level,tags
 #1: stderr all=off uptime,level,tags

Environment Variables:
JAVA_HOME=C:\Program Files\Java\jdk-17.0.4.1
PATH=C:\Program Files\Common Files\Oracle\Java\javapath;C:\ProgramData\Oracle\Java\javapath;C:\Program Files (x86)\Intel\Intel(R) Management Engine Components\iCLS\;C:\Program Files\Intel\Intel(R) Management Engine Components\iCLS\;C:\windows\system32;C:\windows;C:\windows\System32\Wbem;C:\windows\System32\WindowsPowerShell\v1.0\;C:\windows\System32\OpenSSH\;C:\Program Files (x86)\NVIDIA Corporation\PhysX\Common;C:\Program Files (x86)\Intel\Intel(R) Management Engine Components\DAL;C:\Program Files\Intel\Intel(R) Management Engine Components\DAL;C:\Program Files (x86)\Intel\Intel(R) Management Engine Components\IPT;C:\Program Files\Intel\Intel(R) Management Engine Components\IPT;C:\WINDOWS\system32;C:\WINDOWS;C:\WINDOWS\System32\Wbem;C:\WINDOWS\System32\WindowsPowerShell\v1.0\;C:\WINDOWS\System32\OpenSSH\;C:\ProgramData\UNIVALI\Portugol Studio;C:\Program Files\Git\cmd;D:\Microsoft VS Code\bin;D:\;C:\Users\larak\AppData\Local\Microsoft\WindowsApps;C:\Program Files\JetBrains\PyCharm Community Edition 2020.3.3\bin;;C:\Users\larak\AppData\Local\GitHubDesktop\bin;C:\Users\larak\AppData\Roaming\npm
USERNAME=larak
OS=Windows_NT
PROCESSOR_IDENTIFIER=Intel64 Family 6 Model 142 Stepping 10, GenuineIntel



---------------  S Y S T E M  ---------------

OS:
 Windows 11 , 64 bit Build 22621 (10.0.22621.2506)
OS uptime: 3 days 14:33 hours

CPU: total 8 (initial active 8) (4 cores per cpu, 2 threads per core) family 6 model 142 stepping 10 microcode 0xe0, cx8, cmov, fxsr, ht, mmx, 3dnowpref, sse, sse2, sse3, ssse3, sse4.1, sse4.2, popcnt, lzcnt, tsc, tscinvbit, avx, avx2, aes, erms, clmul, bmi1, bmi2, adx, fma, vzeroupper, clflush, clflushopt

Memory: 4k page, system-wide physical 8106M (623M free)
TotalPageFile size 32682M (AvailPageFile size 4M)
current process WorkingSet (physical memory assigned to process): 99M, peak: 99M
current process commit charge ("private bytes"): 242M, peak: 245M

vm_info: Java HotSpot(TM) 64-Bit Server VM (17.0.4.1+1-LTS-2) for windows-amd64 JRE (17.0.4.1+1-LTS-2), built on Aug 16 2022 18:32:06 by "mach5one" with MS VC++ 16.8 / 16.9 (VS2019)

END.
