#
# There is insufficient memory for the Java Runtime Environment to continue.
# Native memory allocation (malloc) failed to allocate 764336 bytes for Chunk::new
# Possible reasons:
#   The system is out of physical RAM or swap space
#   The process is running with CompressedOops enabled, and the Java Heap may be blocking the growth of the native heap
# Possible solutions:
#   Reduce memory load on the system
#   Increase physical memory or swap space
#   Check if swap backing store is full
#   Decrease Java heap size (-Xmx/-Xms)
#   Decrease number of Java threads
#   Decrease Java thread stack sizes (-Xss)
#   Set larger code cache with -XX:ReservedCodeCacheSize=
#   JVM is running with Unscaled Compressed Oops mode in which the Java heap is
#     placed in the first 4GB address space. The Java Heap base address is the
#     maximum limit for the native heap growth. Please use -XX:HeapBaseMinAddress
#     to set the Java Heap base and to place the Java Heap above 4GB virtual address.
# This output file may be truncated or incomplete.
#
#  Out of Memory Error (arena.cpp:189), pid=19940, tid=20576
#
# JRE version: Java(TM) SE Runtime Environment (17.0.4.1+1) (build 17.0.4.1+1-LTS-2)
# Java VM: Java HotSpot(TM) 64-Bit Server VM (17.0.4.1+1-LTS-2, mixed mode, sharing, tiered, compressed oops, compressed class ptrs, g1 gc, windows-amd64)
# No core dump will be written. Minidumps are not enabled by default on client versions of Windows
#

---------------  S U M M A R Y ------------

Command Line: -Dmaven.multiModuleProjectDirectory=C:\Senac\curso ds\ProjetoIntegradorUC15\Etapa0708PIUC15\petpug\petpug org.apache.maven.wrapper.MavenWrapperMain -Dmaven.ext.class.path=C:\Program Files\NetBeans-14\netbeans\java\maven-nblib\netbeans-eventspy.jar -Dfile.encoding=UTF-8 install

Host: Intel(R) Core(TM) i5-8250U CPU @ 1.60GHz, 8 cores, 7G,  Windows 11 , 64 bit Build 22621 (10.0.22621.2506)
Time: Mon Dec 18 09:40:56 2023 Hora oficial do Brasil elapsed time: 424.232427 seconds (0d 0h 7m 4s)

---------------  T H R E A D  ---------------

Current thread (0x0000026d2f7eab90):  JavaThread "C2 CompilerThread0" daemon [_thread_in_native, id=20576, stack(0x00000080c1f00000,0x00000080c2000000)]


Current CompileTask:
C2: 424232 3870   !   4       org.apache.maven.model.Plugin::clone (204 bytes)

Stack: [0x00000080c1f00000,0x00000080c2000000]
Native frames: (J=compiled Java code, j=interpreted, Vv=VM code, C=native code)
V  [jvm.dll+0x6723ba]
V  [jvm.dll+0x7d1e34]
V  [jvm.dll+0x7d35de]
V  [jvm.dll+0x7d3c43]
V  [jvm.dll+0x243065]
V  [jvm.dll+0xaa57b]
V  [jvm.dll+0xaab0c]
V  [jvm.dll+0x360412]
V  [jvm.dll+0x32a971]
V  [jvm.dll+0x329e1a]
V  [jvm.dll+0x2161a1]
V  [jvm.dll+0x2155c1]
V  [jvm.dll+0x1a1fcd]
V  [jvm.dll+0x224e08]
V  [jvm.dll+0x222f75]
V  [jvm.dll+0x787a0b]
V  [jvm.dll+0x781fca]
V  [jvm.dll+0x671245]
C  [ucrtbase.dll+0x29363]
C  [KERNEL32.DLL+0x1257d]
C  [ntdll.dll+0x5aa58]


---------------  P R O C E S S  ---------------

Threads class SMR info:
_java_thread_list=0x0000026d31e1f940, length=12, elements={
0x0000026d116dbe20, 0x0000026d2f7ce8f0, 0x0000026d2f7d1190, 0x0000026d2f7e6190,
0x0000026d2f7e8b50, 0x0000026d2f7e9500, 0x0000026d2f7e9eb0, 0x0000026d2f7eab90,
0x0000026d2f854430, 0x0000026d2f85a6e0, 0x0000026d304c08f0, 0x0000026d304cb230
}

Java Threads: ( => current thread )
  0x0000026d116dbe20 JavaThread "main" [_thread_in_Java, id=20052, stack(0x00000080c1100000,0x00000080c1200000)]
  0x0000026d2f7ce8f0 JavaThread "Reference Handler" daemon [_thread_blocked, id=20528, stack(0x00000080c1900000,0x00000080c1a00000)]
  0x0000026d2f7d1190 JavaThread "Finalizer" daemon [_thread_blocked, id=20540, stack(0x00000080c1a00000,0x00000080c1b00000)]
  0x0000026d2f7e6190 JavaThread "Signal Dispatcher" daemon [_thread_blocked, id=20560, stack(0x00000080c1b00000,0x00000080c1c00000)]
  0x0000026d2f7e8b50 JavaThread "Attach Listener" daemon [_thread_blocked, id=20564, stack(0x00000080c1c00000,0x00000080c1d00000)]
  0x0000026d2f7e9500 JavaThread "Service Thread" daemon [_thread_blocked, id=20568, stack(0x00000080c1d00000,0x00000080c1e00000)]
  0x0000026d2f7e9eb0 JavaThread "Monitor Deflation Thread" daemon [_thread_blocked, id=20572, stack(0x00000080c1e00000,0x00000080c1f00000)]
=>0x0000026d2f7eab90 JavaThread "C2 CompilerThread0" daemon [_thread_in_native, id=20576, stack(0x00000080c1f00000,0x00000080c2000000)]
  0x0000026d2f854430 JavaThread "C1 CompilerThread0" daemon [_thread_blocked, id=20680, stack(0x00000080c2000000,0x00000080c2100000)]
  0x0000026d2f85a6e0 JavaThread "Sweeper thread" daemon [_thread_blocked, id=20836, stack(0x00000080c2100000,0x00000080c2200000)]
  0x0000026d304c08f0 JavaThread "Notification Thread" daemon [_thread_blocked, id=20936, stack(0x00000080c2200000,0x00000080c2300000)]
  0x0000026d304cb230 JavaThread "Common-Cleaner" daemon [_thread_blocked, id=20944, stack(0x00000080c2400000,0x00000080c2500000)]

Other Threads:
  0x0000026d2f7c6a70 VMThread "VM Thread" [stack: 0x00000080c1800000,0x00000080c1900000] [id=20380]
  0x0000026d304c6de0 WatcherThread [stack: 0x00000080c2300000,0x00000080c2400000] [id=20940]
  0x0000026d11735650 GCTaskThread "GC Thread#0" [stack: 0x00000080c1300000,0x00000080c1400000] [id=20360]
  0x0000026d30c48670 GCTaskThread "GC Thread#1" [stack: 0x00000080c2500000,0x00000080c2600000] [id=17596]
  0x0000026d30c65820 GCTaskThread "GC Thread#2" [stack: 0x00000080c2600000,0x00000080c2700000] [id=17800]
  0x0000026d308fa020 GCTaskThread "GC Thread#3" [stack: 0x00000080c2700000,0x00000080c2800000] [id=2788]
  0x0000026d308fa2d0 GCTaskThread "GC Thread#4" [stack: 0x00000080c2800000,0x00000080c2900000] [id=15336]
  0x0000026d30bcbfa0 GCTaskThread "GC Thread#5" [stack: 0x00000080c2900000,0x00000080c2a00000] [id=18232]
  0x0000026d30bcc250 GCTaskThread "GC Thread#6" [stack: 0x00000080c2a00000,0x00000080c2b00000] [id=13884]
  0x0000026d30c84fd0 GCTaskThread "GC Thread#7" [stack: 0x00000080c2b00000,0x00000080c2c00000] [id=9400]
  0x0000026d11747320 ConcurrentGCThread "G1 Main Marker" [stack: 0x00000080c1400000,0x00000080c1500000] [id=20364]
  0x0000026d11748d40 ConcurrentGCThread "G1 Conc#0" [stack: 0x00000080c1500000,0x00000080c1600000] [id=20368]
  0x0000026d117ad4b0 ConcurrentGCThread "G1 Refine#0" [stack: 0x00000080c1600000,0x00000080c1700000] [id=20372]
  0x0000026d117aded0 ConcurrentGCThread "G1 Service" [stack: 0x00000080c1700000,0x00000080c1800000] [id=20376]

Threads with active compile tasks:
C2 CompilerThread0   424305 3870   !   4       org.apache.maven.model.Plugin::clone (204 bytes)

VM state: not at safepoint (normal execution)

VM Mutex/Monitor currently owned by a thread: None

Heap address: 0x0000000081400000, size: 2028 MB, Compressed Oops mode: 32-bit

CDS archive(s) mapped at: [0x0000000800000000-0x0000000800bc0000-0x0000000800bc0000), size 12320768, SharedBaseAddress: 0x0000000800000000, ArchiveRelocationMode: 0.
Compressed class space mapped at: 0x0000000800c00000-0x0000000840c00000, reserved size: 1073741824
Narrow klass base: 0x0000000800000000, Narrow klass shift: 0, Narrow klass range: 0x100000000

GC Precious Log:
 CPUs: 8 total, 8 available
 Memory: 8106M
 Large Page Support: Disabled
 NUMA Support: Disabled
 Compressed Oops: Enabled (32-bit)
 Heap Region Size: 1M
 Heap Min Capacity: 8M
 Heap Initial Capacity: 128M
 Heap Max Capacity: 2028M
 Pre-touch: Disabled
 Parallel Workers: 8
 Concurrent Workers: 2
 Concurrent Refinement Workers: 8
 Periodic GC: Disabled

Heap:
 garbage-first heap   total 131072K, used 25220K [0x0000000081400000, 0x0000000100000000)
  region size 1024K, 22 young (22528K), 9 survivors (9216K)
 Metaspace       used 15797K, committed 16000K, reserved 1064960K
  class space    used 1863K, committed 1920K, reserved 1048576K

Heap Regions: E=young(eden), S=young(survivor), O=old, HS=humongous(starts), HC=humongous(continues), CS=collection set, F=free, OA=open archive, CA=closed archive, TAMS=top-at-mark-start (previous, next)
|   0|0x0000000081400000, 0x0000000081500000, 0x0000000081500000|100%| O|  |TAMS 0x0000000081400000, 0x0000000081400000| Untracked 
|   1|0x0000000081500000, 0x0000000081600000, 0x0000000081600000|100%| O|  |TAMS 0x0000000081500000, 0x0000000081500000| Untracked 
|   2|0x0000000081600000, 0x0000000081700000, 0x0000000081700000|100%| O|  |TAMS 0x0000000081600000, 0x0000000081600000| Untracked 
|   3|0x0000000081700000, 0x00000000817aec00, 0x0000000081800000| 68%| O|  |TAMS 0x0000000081700000, 0x0000000081700000| Untracked 
|   4|0x0000000081800000, 0x0000000081800000, 0x0000000081900000|  0%| F|  |TAMS 0x0000000081800000, 0x0000000081800000| Untracked 
|   5|0x0000000081900000, 0x0000000081900000, 0x0000000081a00000|  0%| F|  |TAMS 0x0000000081900000, 0x0000000081900000| Untracked 
|   6|0x0000000081a00000, 0x0000000081a00000, 0x0000000081b00000|  0%| F|  |TAMS 0x0000000081a00000, 0x0000000081a00000| Untracked 
|   7|0x0000000081b00000, 0x0000000081b00000, 0x0000000081c00000|  0%| F|  |TAMS 0x0000000081b00000, 0x0000000081b00000| Untracked 
|   8|0x0000000081c00000, 0x0000000081c00000, 0x0000000081d00000|  0%| F|  |TAMS 0x0000000081c00000, 0x0000000081c00000| Untracked 
|   9|0x0000000081d00000, 0x0000000081d00000, 0x0000000081e00000|  0%| F|  |TAMS 0x0000000081d00000, 0x0000000081d00000| Untracked 
|  10|0x0000000081e00000, 0x0000000081e00000, 0x0000000081f00000|  0%| F|  |TAMS 0x0000000081e00000, 0x0000000081e00000| Untracked 
|  11|0x0000000081f00000, 0x0000000081f00000, 0x0000000082000000|  0%| F|  |TAMS 0x0000000081f00000, 0x0000000081f00000| Untracked 
|  12|0x0000000082000000, 0x0000000082000000, 0x0000000082100000|  0%| F|  |TAMS 0x0000000082000000, 0x0000000082000000| Untracked 
|  13|0x0000000082100000, 0x0000000082100000, 0x0000000082200000|  0%| F|  |TAMS 0x0000000082100000, 0x0000000082100000| Untracked 
|  14|0x0000000082200000, 0x0000000082200000, 0x0000000082300000|  0%| F|  |TAMS 0x0000000082200000, 0x0000000082200000| Untracked 
|  15|0x0000000082300000, 0x0000000082300000, 0x0000000082400000|  0%| F|  |TAMS 0x0000000082300000, 0x0000000082300000| Untracked 
|  16|0x0000000082400000, 0x0000000082400000, 0x0000000082500000|  0%| F|  |TAMS 0x0000000082400000, 0x0000000082400000| Untracked 
|  17|0x0000000082500000, 0x0000000082500000, 0x0000000082600000|  0%| F|  |TAMS 0x0000000082500000, 0x0000000082500000| Untracked 
|  18|0x0000000082600000, 0x0000000082600000, 0x0000000082700000|  0%| F|  |TAMS 0x0000000082600000, 0x0000000082600000| Untracked 
|  19|0x0000000082700000, 0x0000000082700000, 0x0000000082800000|  0%| F|  |TAMS 0x0000000082700000, 0x0000000082700000| Untracked 
|  20|0x0000000082800000, 0x0000000082800000, 0x0000000082900000|  0%| F|  |TAMS 0x0000000082800000, 0x0000000082800000| Untracked 
|  21|0x0000000082900000, 0x0000000082900000, 0x0000000082a00000|  0%| F|  |TAMS 0x0000000082900000, 0x0000000082900000| Untracked 
|  22|0x0000000082a00000, 0x0000000082a00000, 0x0000000082b00000|  0%| F|  |TAMS 0x0000000082a00000, 0x0000000082a00000| Untracked 
|  23|0x0000000082b00000, 0x0000000082b00000, 0x0000000082c00000|  0%| F|  |TAMS 0x0000000082b00000, 0x0000000082b00000| Untracked 
|  24|0x0000000082c00000, 0x0000000082c00000, 0x0000000082d00000|  0%| F|  |TAMS 0x0000000082c00000, 0x0000000082c00000| Untracked 
|  25|0x0000000082d00000, 0x0000000082d00000, 0x0000000082e00000|  0%| F|  |TAMS 0x0000000082d00000, 0x0000000082d00000| Untracked 
|  26|0x0000000082e00000, 0x0000000082e00000, 0x0000000082f00000|  0%| F|  |TAMS 0x0000000082e00000, 0x0000000082e00000| Untracked 
|  27|0x0000000082f00000, 0x0000000082f00000, 0x0000000083000000|  0%| F|  |TAMS 0x0000000082f00000, 0x0000000082f00000| Untracked 
|  28|0x0000000083000000, 0x0000000083000000, 0x0000000083100000|  0%| F|  |TAMS 0x0000000083000000, 0x0000000083000000| Untracked 
|  29|0x0000000083100000, 0x0000000083100000, 0x0000000083200000|  0%| F|  |TAMS 0x0000000083100000, 0x0000000083100000| Untracked 
|  30|0x0000000083200000, 0x0000000083200000, 0x0000000083300000|  0%| F|  |TAMS 0x0000000083200000, 0x0000000083200000| Untracked 
|  31|0x0000000083300000, 0x0000000083300000, 0x0000000083400000|  0%| F|  |TAMS 0x0000000083300000, 0x0000000083300000| Untracked 
|  32|0x0000000083400000, 0x0000000083400000, 0x0000000083500000|  0%| F|  |TAMS 0x0000000083400000, 0x0000000083400000| Untracked 
|  33|0x0000000083500000, 0x0000000083500000, 0x0000000083600000|  0%| F|  |TAMS 0x0000000083500000, 0x0000000083500000| Untracked 
|  34|0x0000000083600000, 0x0000000083600000, 0x0000000083700000|  0%| F|  |TAMS 0x0000000083600000, 0x0000000083600000| Untracked 
|  35|0x0000000083700000, 0x0000000083700000, 0x0000000083800000|  0%| F|  |TAMS 0x0000000083700000, 0x0000000083700000| Untracked 
|  36|0x0000000083800000, 0x0000000083800000, 0x0000000083900000|  0%| F|  |TAMS 0x0000000083800000, 0x0000000083800000| Untracked 
|  37|0x0000000083900000, 0x0000000083900000, 0x0000000083a00000|  0%| F|  |TAMS 0x0000000083900000, 0x0000000083900000| Untracked 
|  38|0x0000000083a00000, 0x0000000083a00000, 0x0000000083b00000|  0%| F|  |TAMS 0x0000000083a00000, 0x0000000083a00000| Untracked 
|  39|0x0000000083b00000, 0x0000000083b00000, 0x0000000083c00000|  0%| F|  |TAMS 0x0000000083b00000, 0x0000000083b00000| Untracked 
|  40|0x0000000083c00000, 0x0000000083c00000, 0x0000000083d00000|  0%| F|  |TAMS 0x0000000083c00000, 0x0000000083c00000| Untracked 
|  41|0x0000000083d00000, 0x0000000083d00000, 0x0000000083e00000|  0%| F|  |TAMS 0x0000000083d00000, 0x0000000083d00000| Untracked 
|  42|0x0000000083e00000, 0x0000000083e00000, 0x0000000083f00000|  0%| F|  |TAMS 0x0000000083e00000, 0x0000000083e00000| Untracked 
|  43|0x0000000083f00000, 0x0000000083ff2550, 0x0000000084000000| 94%| S|CS|TAMS 0x0000000083f00000, 0x0000000083f00000| Complete 
|  44|0x0000000084000000, 0x0000000084100000, 0x0000000084100000|100%| S|CS|TAMS 0x0000000084000000, 0x0000000084000000| Complete 
|  45|0x0000000084100000, 0x0000000084200000, 0x0000000084200000|100%| S|CS|TAMS 0x0000000084100000, 0x0000000084100000| Complete 
|  46|0x0000000084200000, 0x0000000084300000, 0x0000000084300000|100%| S|CS|TAMS 0x0000000084200000, 0x0000000084200000| Complete 
|  47|0x0000000084300000, 0x0000000084400000, 0x0000000084400000|100%| S|CS|TAMS 0x0000000084300000, 0x0000000084300000| Complete 
|  48|0x0000000084400000, 0x0000000084500000, 0x0000000084500000|100%| S|CS|TAMS 0x0000000084400000, 0x0000000084400000| Complete 
|  49|0x0000000084500000, 0x0000000084600000, 0x0000000084600000|100%| S|CS|TAMS 0x0000000084500000, 0x0000000084500000| Complete 
|  50|0x0000000084600000, 0x0000000084700000, 0x0000000084700000|100%| S|CS|TAMS 0x0000000084600000, 0x0000000084600000| Complete 
|  51|0x0000000084700000, 0x0000000084800000, 0x0000000084800000|100%| S|CS|TAMS 0x0000000084700000, 0x0000000084700000| Complete 
|  52|0x0000000084800000, 0x0000000084800000, 0x0000000084900000|  0%| F|  |TAMS 0x0000000084800000, 0x0000000084800000| Untracked 
|  53|0x0000000084900000, 0x0000000084900000, 0x0000000084a00000|  0%| F|  |TAMS 0x0000000084900000, 0x0000000084900000| Untracked 
|  54|0x0000000084a00000, 0x0000000084a00000, 0x0000000084b00000|  0%| F|  |TAMS 0x0000000084a00000, 0x0000000084a00000| Untracked 
|  55|0x0000000084b00000, 0x0000000084b00000, 0x0000000084c00000|  0%| F|  |TAMS 0x0000000084b00000, 0x0000000084b00000| Untracked 
|  56|0x0000000084c00000, 0x0000000084c00000, 0x0000000084d00000|  0%| F|  |TAMS 0x0000000084c00000, 0x0000000084c00000| Untracked 
|  57|0x0000000084d00000, 0x0000000084d00000, 0x0000000084e00000|  0%| F|  |TAMS 0x0000000084d00000, 0x0000000084d00000| Untracked 
|  58|0x0000000084e00000, 0x0000000084e00000, 0x0000000084f00000|  0%| F|  |TAMS 0x0000000084e00000, 0x0000000084e00000| Untracked 
|  59|0x0000000084f00000, 0x0000000084f00000, 0x0000000085000000|  0%| F|  |TAMS 0x0000000084f00000, 0x0000000084f00000| Untracked 
|  60|0x0000000085000000, 0x0000000085000000, 0x0000000085100000|  0%| F|  |TAMS 0x0000000085000000, 0x0000000085000000| Untracked 
|  61|0x0000000085100000, 0x0000000085100000, 0x0000000085200000|  0%| F|  |TAMS 0x0000000085100000, 0x0000000085100000| Untracked 
|  62|0x0000000085200000, 0x0000000085200000, 0x0000000085300000|  0%| F|  |TAMS 0x0000000085200000, 0x0000000085200000| Untracked 
|  63|0x0000000085300000, 0x0000000085300000, 0x0000000085400000|  0%| F|  |TAMS 0x0000000085300000, 0x0000000085300000| Untracked 
|  64|0x0000000085400000, 0x0000000085400000, 0x0000000085500000|  0%| F|  |TAMS 0x0000000085400000, 0x0000000085400000| Untracked 
|  65|0x0000000085500000, 0x0000000085500000, 0x0000000085600000|  0%| F|  |TAMS 0x0000000085500000, 0x0000000085500000| Untracked 
|  66|0x0000000085600000, 0x0000000085600000, 0x0000000085700000|  0%| F|  |TAMS 0x0000000085600000, 0x0000000085600000| Untracked 
|  67|0x0000000085700000, 0x0000000085700000, 0x0000000085800000|  0%| F|  |TAMS 0x0000000085700000, 0x0000000085700000| Untracked 
|  68|0x0000000085800000, 0x0000000085800000, 0x0000000085900000|  0%| F|  |TAMS 0x0000000085800000, 0x0000000085800000| Untracked 
|  69|0x0000000085900000, 0x0000000085900000, 0x0000000085a00000|  0%| F|  |TAMS 0x0000000085900000, 0x0000000085900000| Untracked 
|  70|0x0000000085a00000, 0x0000000085a00000, 0x0000000085b00000|  0%| F|  |TAMS 0x0000000085a00000, 0x0000000085a00000| Untracked 
|  71|0x0000000085b00000, 0x0000000085b00000, 0x0000000085c00000|  0%| F|  |TAMS 0x0000000085b00000, 0x0000000085b00000| Untracked 
|  72|0x0000000085c00000, 0x0000000085c00000, 0x0000000085d00000|  0%| F|  |TAMS 0x0000000085c00000, 0x0000000085c00000| Untracked 
|  73|0x0000000085d00000, 0x0000000085d00000, 0x0000000085e00000|  0%| F|  |TAMS 0x0000000085d00000, 0x0000000085d00000| Untracked 
|  74|0x0000000085e00000, 0x0000000085e00000, 0x0000000085f00000|  0%| F|  |TAMS 0x0000000085e00000, 0x0000000085e00000| Untracked 
|  75|0x0000000085f00000, 0x0000000085f00000, 0x0000000086000000|  0%| F|  |TAMS 0x0000000085f00000, 0x0000000085f00000| Untracked 
|  76|0x0000000086000000, 0x0000000086000000, 0x0000000086100000|  0%| F|  |TAMS 0x0000000086000000, 0x0000000086000000| Untracked 
|  77|0x0000000086100000, 0x0000000086100000, 0x0000000086200000|  0%| F|  |TAMS 0x0000000086100000, 0x0000000086100000| Untracked 
|  78|0x0000000086200000, 0x0000000086200000, 0x0000000086300000|  0%| F|  |TAMS 0x0000000086200000, 0x0000000086200000| Untracked 
|  79|0x0000000086300000, 0x0000000086300000, 0x0000000086400000|  0%| F|  |TAMS 0x0000000086300000, 0x0000000086300000| Untracked 
|  80|0x0000000086400000, 0x0000000086400000, 0x0000000086500000|  0%| F|  |TAMS 0x0000000086400000, 0x0000000086400000| Untracked 
|  81|0x0000000086500000, 0x0000000086500000, 0x0000000086600000|  0%| F|  |TAMS 0x0000000086500000, 0x0000000086500000| Untracked 
|  82|0x0000000086600000, 0x0000000086600000, 0x0000000086700000|  0%| F|  |TAMS 0x0000000086600000, 0x0000000086600000| Untracked 
|  83|0x0000000086700000, 0x0000000086700000, 0x0000000086800000|  0%| F|  |TAMS 0x0000000086700000, 0x0000000086700000| Untracked 
|  84|0x0000000086800000, 0x0000000086800000, 0x0000000086900000|  0%| F|  |TAMS 0x0000000086800000, 0x0000000086800000| Untracked 
|  85|0x0000000086900000, 0x0000000086900000, 0x0000000086a00000|  0%| F|  |TAMS 0x0000000086900000, 0x0000000086900000| Untracked 
|  86|0x0000000086a00000, 0x0000000086a00000, 0x0000000086b00000|  0%| F|  |TAMS 0x0000000086a00000, 0x0000000086a00000| Untracked 
|  87|0x0000000086b00000, 0x0000000086b00000, 0x0000000086c00000|  0%| F|  |TAMS 0x0000000086b00000, 0x0000000086b00000| Untracked 
|  88|0x0000000086c00000, 0x0000000086c00000, 0x0000000086d00000|  0%| F|  |TAMS 0x0000000086c00000, 0x0000000086c00000| Untracked 
|  89|0x0000000086d00000, 0x0000000086d00000, 0x0000000086e00000|  0%| F|  |TAMS 0x0000000086d00000, 0x0000000086d00000| Untracked 
|  90|0x0000000086e00000, 0x0000000086e00000, 0x0000000086f00000|  0%| F|  |TAMS 0x0000000086e00000, 0x0000000086e00000| Untracked 
|  91|0x0000000086f00000, 0x0000000086f00000, 0x0000000087000000|  0%| F|  |TAMS 0x0000000086f00000, 0x0000000086f00000| Untracked 
|  92|0x0000000087000000, 0x0000000087000000, 0x0000000087100000|  0%| F|  |TAMS 0x0000000087000000, 0x0000000087000000| Untracked 
|  93|0x0000000087100000, 0x0000000087100000, 0x0000000087200000|  0%| F|  |TAMS 0x0000000087100000, 0x0000000087100000| Untracked 
|  94|0x0000000087200000, 0x0000000087200000, 0x0000000087300000|  0%| F|  |TAMS 0x0000000087200000, 0x0000000087200000| Untracked 
|  95|0x0000000087300000, 0x0000000087300000, 0x0000000087400000|  0%| F|  |TAMS 0x0000000087300000, 0x0000000087300000| Untracked 
|  96|0x0000000087400000, 0x0000000087400000, 0x0000000087500000|  0%| F|  |TAMS 0x0000000087400000, 0x0000000087400000| Untracked 
|  97|0x0000000087500000, 0x0000000087500000, 0x0000000087600000|  0%| F|  |TAMS 0x0000000087500000, 0x0000000087500000| Untracked 
|  98|0x0000000087600000, 0x0000000087600000, 0x0000000087700000|  0%| F|  |TAMS 0x0000000087600000, 0x0000000087600000| Untracked 
|  99|0x0000000087700000, 0x0000000087700000, 0x0000000087800000|  0%| F|  |TAMS 0x0000000087700000, 0x0000000087700000| Untracked 
| 100|0x0000000087800000, 0x0000000087800000, 0x0000000087900000|  0%| F|  |TAMS 0x0000000087800000, 0x0000000087800000| Untracked 
| 101|0x0000000087900000, 0x0000000087900000, 0x0000000087a00000|  0%| F|  |TAMS 0x0000000087900000, 0x0000000087900000| Untracked 
| 102|0x0000000087a00000, 0x0000000087a00000, 0x0000000087b00000|  0%| F|  |TAMS 0x0000000087a00000, 0x0000000087a00000| Untracked 
| 103|0x0000000087b00000, 0x0000000087b00000, 0x0000000087c00000|  0%| F|  |TAMS 0x0000000087b00000, 0x0000000087b00000| Untracked 
| 104|0x0000000087c00000, 0x0000000087c00000, 0x0000000087d00000|  0%| F|  |TAMS 0x0000000087c00000, 0x0000000087c00000| Untracked 
| 105|0x0000000087d00000, 0x0000000087d00000, 0x0000000087e00000|  0%| F|  |TAMS 0x0000000087d00000, 0x0000000087d00000| Untracked 
| 106|0x0000000087e00000, 0x0000000087e00000, 0x0000000087f00000|  0%| F|  |TAMS 0x0000000087e00000, 0x0000000087e00000| Untracked 
| 107|0x0000000087f00000, 0x0000000087f00000, 0x0000000088000000|  0%| F|  |TAMS 0x0000000087f00000, 0x0000000087f00000| Untracked 
| 108|0x0000000088000000, 0x0000000088000000, 0x0000000088100000|  0%| F|  |TAMS 0x0000000088000000, 0x0000000088000000| Untracked 
| 109|0x0000000088100000, 0x0000000088100000, 0x0000000088200000|  0%| F|  |TAMS 0x0000000088100000, 0x0000000088100000| Untracked 
| 110|0x0000000088200000, 0x0000000088200000, 0x0000000088300000|  0%| F|  |TAMS 0x0000000088200000, 0x0000000088200000| Untracked 
| 111|0x0000000088300000, 0x0000000088300000, 0x0000000088400000|  0%| F|  |TAMS 0x0000000088300000, 0x0000000088300000| Untracked 
| 112|0x0000000088400000, 0x0000000088400000, 0x0000000088500000|  0%| F|  |TAMS 0x0000000088400000, 0x0000000088400000| Untracked 
| 113|0x0000000088500000, 0x0000000088500000, 0x0000000088600000|  0%| F|  |TAMS 0x0000000088500000, 0x0000000088500000| Untracked 
| 114|0x0000000088600000, 0x0000000088600000, 0x0000000088700000|  0%| F|  |TAMS 0x0000000088600000, 0x0000000088600000| Untracked 
| 115|0x0000000088700000, 0x0000000088800000, 0x0000000088800000|100%| E|  |TAMS 0x0000000088700000, 0x0000000088700000| Complete 
| 116|0x0000000088800000, 0x0000000088900000, 0x0000000088900000|100%| E|CS|TAMS 0x0000000088800000, 0x0000000088800000| Complete 
| 117|0x0000000088900000, 0x0000000088a00000, 0x0000000088a00000|100%| E|CS|TAMS 0x0000000088900000, 0x0000000088900000| Complete 
| 118|0x0000000088a00000, 0x0000000088b00000, 0x0000000088b00000|100%| E|CS|TAMS 0x0000000088a00000, 0x0000000088a00000| Complete 
| 119|0x0000000088b00000, 0x0000000088c00000, 0x0000000088c00000|100%| E|CS|TAMS 0x0000000088b00000, 0x0000000088b00000| Complete 
| 120|0x0000000088c00000, 0x0000000088d00000, 0x0000000088d00000|100%| E|CS|TAMS 0x0000000088c00000, 0x0000000088c00000| Complete 
| 121|0x0000000088d00000, 0x0000000088e00000, 0x0000000088e00000|100%| E|CS|TAMS 0x0000000088d00000, 0x0000000088d00000| Complete 
| 122|0x0000000088e00000, 0x0000000088f00000, 0x0000000088f00000|100%| E|CS|TAMS 0x0000000088e00000, 0x0000000088e00000| Complete 
| 123|0x0000000088f00000, 0x0000000089000000, 0x0000000089000000|100%| E|CS|TAMS 0x0000000088f00000, 0x0000000088f00000| Complete 
| 124|0x0000000089000000, 0x0000000089100000, 0x0000000089100000|100%| E|CS|TAMS 0x0000000089000000, 0x0000000089000000| Complete 
| 125|0x0000000089100000, 0x0000000089200000, 0x0000000089200000|100%| E|CS|TAMS 0x0000000089100000, 0x0000000089100000| Complete 
| 126|0x0000000089200000, 0x0000000089300000, 0x0000000089300000|100%| E|CS|TAMS 0x0000000089200000, 0x0000000089200000| Complete 
| 127|0x0000000089300000, 0x0000000089400000, 0x0000000089400000|100%| E|CS|TAMS 0x0000000089300000, 0x0000000089300000| Complete 

Card table byte_map: [0x0000026d28680000,0x0000026d28a80000] _byte_map_base: 0x0000026d28276000

Marking Bits (Prev, Next): (CMBitMap*) 0x0000026d11735c60, (CMBitMap*) 0x0000026d11735ca0
 Prev Bits: [0x0000026d28e80000, 0x0000026d2ae30000)
 Next Bits: [0x0000026d2ae30000, 0x0000026d2cde0000)

Polling page: 0x0000026d10eb0000

Metaspace:

Usage:
  Non-class:     13.61 MB used.
      Class:      1.82 MB used.
       Both:     15.43 MB used.

Virtual space:
  Non-class space:       16.00 MB reserved,      13.75 MB ( 86%) committed,  2 nodes.
      Class space:        1.00 GB reserved,       1.88 MB ( <1%) committed,  1 nodes.
             Both:        1.02 GB reserved,      15.62 MB (  2%) committed. 

Chunk freelists:
   Non-Class:  1.74 MB
       Class:  1.94 MB
        Both:  3.68 MB

MaxMetaspaceSize: unlimited
CompressedClassSpaceSize: 1.00 GB
Initial GC threshold: 21.00 MB
Current GC threshold: 21.00 MB
CDS: on
MetaspaceReclaimPolicy: balanced
 - commit_granule_bytes: 65536.
 - commit_granule_words: 8192.
 - virtual_space_node_default_size: 1048576.
 - enlarge_chunks_in_place: 1.
 - new_chunks_are_fully_committed: 0.
 - uncommit_free_chunks: 1.
 - use_allocation_guard: 0.
 - handle_deallocations: 1.


Internal statistics:

num_allocs_failed_limit: 0.
num_arena_births: 94.
num_arena_deaths: 0.
num_vsnodes_births: 3.
num_vsnodes_deaths: 0.
num_space_committed: 250.
num_space_uncommitted: 0.
num_chunks_returned_to_freelist: 0.
num_chunks_taken_from_freelist: 646.
num_chunk_merges: 0.
num_chunk_splits: 445.
num_chunks_enlarged: 357.
num_purges: 0.
num_inconsistent_stats: 0.

CodeHeap 'non-profiled nmethods': size=120000Kb used=1934Kb max_used=1934Kb free=118065Kb
 bounds [0x0000026d20a20000, 0x0000026d20c90000, 0x0000026d27f50000]
CodeHeap 'profiled nmethods': size=120000Kb used=7852Kb max_used=7852Kb free=112147Kb
 bounds [0x0000026d194f0000, 0x0000026d19ca0000, 0x0000026d20a20000]
CodeHeap 'non-nmethods': size=5760Kb used=1176Kb max_used=1249Kb free=4584Kb
 bounds [0x0000026d18f50000, 0x0000026d191c0000, 0x0000026d194f0000]
 total_blobs=4312 nmethods=3844 adapters=380
 compilation: enabled
              stopped_count=0, restarted_count=0
 full_count=0

Compilation events (20 events):
Event: 424.000 Thread 0x0000026d2f854430 nmethod 3860 0x0000026d19c85110 code [0x0000026d19c85320, 0x0000026d19c85838]
Event: 424.008 Thread 0x0000026d2f7eab90 3861       4       java.util.HashMap::containsKey (14 bytes)
Event: 424.012 Thread 0x0000026d2f854430 3862   !   3       org.eclipse.aether.internal.impl.synccontext.named.NamedLockFactoryAdapter$AdaptedLockSyncContext::closeAll (136 bytes)
Event: 424.014 Thread 0x0000026d2f7eab90 nmethod 3861 0x0000026d20c02f10 code [0x0000026d20c030a0, 0x0000026d20c03358]
Event: 424.015 Thread 0x0000026d2f854430 nmethod 3862 0x0000026d19c85990 code [0x0000026d19c85d20, 0x0000026d19c87be8]
Event: 424.016 Thread 0x0000026d2f854430 3863       3       org.apache.maven.model.io.xpp3.MavenXpp3Reader::parseModel (1606 bytes)
Event: 424.049 Thread 0x0000026d2f854430 nmethod 3863 0x0000026d19c88590 code [0x0000026d19c89720, 0x0000026d19c93968]
Event: 424.049 Thread 0x0000026d2f854430 3865       3       org.apache.maven.model.interpolation.StringVisitorModelInterpolator$ModelVisitor::visit (107 bytes)
Event: 424.050 Thread 0x0000026d2f854430 nmethod 3865 0x0000026d19c96810 code [0x0000026d19c96a40, 0x0000026d19c97678]
Event: 424.050 Thread 0x0000026d2f854430 3864   !   3       org.apache.maven.model.Scm::clone (73 bytes)
Event: 424.051 Thread 0x0000026d2f854430 nmethod 3864 0x0000026d19c97a90 code [0x0000026d19c97d40, 0x0000026d19c98998]
Event: 424.051 Thread 0x0000026d2f854430 3866       1       org.eclipse.aether.resolution.ArtifactDescriptorResult::getManagedDependencies (5 bytes)
Event: 424.051 Thread 0x0000026d2f854430 nmethod 3866 0x0000026d20c03590 code [0x0000026d20c03720, 0x0000026d20c037f8]
Event: 424.051 Thread 0x0000026d2f854430 3867       1       org.eclipse.aether.resolution.ArtifactDescriptorResult::getRepositories (5 bytes)
Event: 424.052 Thread 0x0000026d2f854430 nmethod 3867 0x0000026d20c03890 code [0x0000026d20c03a20, 0x0000026d20c03af8]
Event: 424.079 Thread 0x0000026d2f854430 3868   !   3       org.apache.maven.model.PatternSet::clone (137 bytes)
Event: 424.081 Thread 0x0000026d2f854430 nmethod 3868 0x0000026d19c98e90 code [0x0000026d19c991c0, 0x0000026d19c9a558]
Event: 424.102 Thread 0x0000026d2f854430 3869       3       java.util.concurrent.ConcurrentHashMap::remove (8 bytes)
Event: 424.102 Thread 0x0000026d2f854430 nmethod 3869 0x0000026d19c9ad10 code [0x0000026d19c9aec0, 0x0000026d19c9b008]
Event: 424.127 Thread 0x0000026d2f7eab90 3870   !   4       org.apache.maven.model.Plugin::clone (204 bytes)

GC Heap History (6 events):
Event: 46.816 GC heap before
{Heap before GC invocations=0 (full 0):
 garbage-first heap   total 131072K, used 23552K [0x0000000081400000, 0x0000000100000000)
  region size 1024K, 23 young (23552K), 0 survivors (0K)
 Metaspace       used 5647K, committed 5888K, reserved 1056768K
  class space    used 676K, committed 768K, reserved 1048576K
}
Event: 48.076 GC heap after
{Heap after GC invocations=1 (full 0):
 garbage-first heap   total 131072K, used 3791K [0x0000000081400000, 0x0000000100000000)
  region size 1024K, 3 young (3072K), 3 survivors (3072K)
 Metaspace       used 5647K, committed 5888K, reserved 1056768K
  class space    used 676K, committed 768K, reserved 1048576K
}
Event: 77.512 GC heap before
{Heap before GC invocations=1 (full 0):
 garbage-first heap   total 131072K, used 33487K [0x0000000081400000, 0x0000000100000000)
  region size 1024K, 32 young (32768K), 3 survivors (3072K)
 Metaspace       used 9177K, committed 9344K, reserved 1064960K
  class space    used 1118K, committed 1216K, reserved 1048576K
}
Event: 77.568 GC heap after
{Heap after GC invocations=2 (full 0):
 garbage-first heap   total 131072K, used 5475K [0x0000000081400000, 0x0000000100000000)
  region size 1024K, 2 young (2048K), 2 survivors (2048K)
 Metaspace       used 9177K, committed 9344K, reserved 1064960K
  class space    used 1118K, committed 1216K, reserved 1048576K
}
Event: 420.212 GC heap before
{Heap before GC invocations=2 (full 0):
 garbage-first heap   total 131072K, used 81251K [0x0000000081400000, 0x0000000100000000)
  region size 1024K, 76 young (77824K), 2 survivors (2048K)
 Metaspace       used 15669K, committed 15872K, reserved 1064960K
  class space    used 1862K, committed 1920K, reserved 1048576K
}
Event: 420.336 GC heap after
{Heap after GC invocations=3 (full 0):
 garbage-first heap   total 131072K, used 12932K [0x0000000081400000, 0x0000000100000000)
  region size 1024K, 9 young (9216K), 9 survivors (9216K)
 Metaspace       used 15669K, committed 15872K, reserved 1064960K
  class space    used 1862K, committed 1920K, reserved 1048576K
}

Deoptimization events (20 events):
Event: 422.552 Thread 0x0000026d116dbe20 Uncommon trap: trap_request=0xffffffbe fr.pc=0x0000026d20bf9a64 relative=0x0000000000001104
Event: 422.552 Thread 0x0000026d116dbe20 Uncommon trap: reason=profile_predicate action=maybe_recompile pc=0x0000026d20bf9a64 method=java.util.concurrent.ConcurrentHashMap.putAll(Ljava/util/Map;)V @ 28 c2
Event: 422.552 Thread 0x0000026d116dbe20 DEOPT PACKING pc=0x0000026d20bf9a64 sp=0x00000080c11fc090
Event: 422.552 Thread 0x0000026d116dbe20 DEOPT UNPACKING pc=0x0000026d18fa23a3 sp=0x00000080c11fc060 mode 2
Event: 422.552 Thread 0x0000026d116dbe20 Uncommon trap: trap_request=0xffffffbe fr.pc=0x0000026d20bf9a64 relative=0x0000000000001104
Event: 422.552 Thread 0x0000026d116dbe20 Uncommon trap: reason=profile_predicate action=maybe_recompile pc=0x0000026d20bf9a64 method=java.util.concurrent.ConcurrentHashMap.putAll(Ljava/util/Map;)V @ 28 c2
Event: 422.552 Thread 0x0000026d116dbe20 DEOPT PACKING pc=0x0000026d20bf9a64 sp=0x00000080c11fbff0
Event: 422.552 Thread 0x0000026d116dbe20 DEOPT UNPACKING pc=0x0000026d18fa23a3 sp=0x00000080c11fbfc0 mode 2
Event: 422.552 Thread 0x0000026d116dbe20 Uncommon trap: trap_request=0xffffffbe fr.pc=0x0000026d20bf9a64 relative=0x0000000000001104
Event: 422.552 Thread 0x0000026d116dbe20 Uncommon trap: reason=profile_predicate action=maybe_recompile pc=0x0000026d20bf9a64 method=java.util.concurrent.ConcurrentHashMap.putAll(Ljava/util/Map;)V @ 28 c2
Event: 422.552 Thread 0x0000026d116dbe20 DEOPT PACKING pc=0x0000026d20bf9a64 sp=0x00000080c11fbff0
Event: 422.552 Thread 0x0000026d116dbe20 DEOPT UNPACKING pc=0x0000026d18fa23a3 sp=0x00000080c11fbfc0 mode 2
Event: 422.567 Thread 0x0000026d116dbe20 Uncommon trap: trap_request=0xffffff45 fr.pc=0x0000026d20be0358 relative=0x0000000000006638
Event: 422.567 Thread 0x0000026d116dbe20 Uncommon trap: reason=unstable_if action=reinterpret pc=0x0000026d20be0358 method=org.codehaus.plexus.interpolation.StringSearchInterpolator.interpolate(Ljava/lang/String;Lorg/codehaus/plexus/interpolation/RecursionInterceptor;Ljava/util/Set;)Ljava/lang/S
Event: 422.567 Thread 0x0000026d116dbe20 DEOPT PACKING pc=0x0000026d20be0358 sp=0x00000080c11fbe80
Event: 422.567 Thread 0x0000026d116dbe20 DEOPT UNPACKING pc=0x0000026d18fa23a3 sp=0x00000080c11fbe50 mode 2
Event: 424.031 Thread 0x0000026d116dbe20 Uncommon trap: trap_request=0xffffffde fr.pc=0x0000026d20a5f374 relative=0x0000000000000f54
Event: 424.046 Thread 0x0000026d116dbe20 Uncommon trap: reason=class_check action=maybe_recompile pc=0x0000026d20a5f374 method=java.util.concurrent.ConcurrentHashMap.putVal(Ljava/lang/Object;Ljava/lang/Object;Z)Ljava/lang/Object; @ 242 c2
Event: 424.046 Thread 0x0000026d116dbe20 DEOPT PACKING pc=0x0000026d20a5f374 sp=0x00000080c11fc0c0
Event: 424.046 Thread 0x0000026d116dbe20 DEOPT UNPACKING pc=0x0000026d18fa23a3 sp=0x00000080c11fc030 mode 2

Classes unloaded (0 events):
No events

Classes redefined (0 events):
No events

Internal exceptions (20 events):
Event: 39.031 Thread 0x0000026d116dbe20 Exception <a 'java/lang/NoSuchMethodError'{0x000000008850cc00}: 'java.lang.Object java.lang.invoke.DirectMethodHandle$Holder.invokeStaticInit(java.lang.Object)'> (0x000000008850cc00) 
thrown [s\open\src\hotspot\share\interpreter\linkResolver.cpp, line 759]
Event: 39.078 Thread 0x0000026d116dbe20 Exception <a 'java/lang/NoSuchMethodError'{0x000000008852d328}: 'void java.lang.invoke.DirectMethodHandle$Holder.invokeSpecial(java.lang.Object, java.lang.Object, java.lang.Object)'> (0x000000008852d328) 
thrown [s\open\src\hotspot\share\interpreter\linkResolver.cpp, line 759]
Event: 40.882 Thread 0x0000026d116dbe20 Exception <a 'java/lang/NoSuchMethodError'{0x00000000884b2258}: 'java.lang.Object java.lang.invoke.DirectMethodHandle$Holder.invokeInterface(java.lang.Object, java.lang.Object)'> (0x00000000884b2258) 
thrown [s\open\src\hotspot\share\interpreter\linkResolver.cpp, line 759]
Event: 41.987 Thread 0x0000026d116dbe20 Exception <a 'java/lang/NoSuchMethodError'{0x000000008836fa88}: 'java.lang.Object java.lang.invoke.Invokers$Holder.invokeExact_MT(java.lang.Object, java.lang.Object, java.lang.Object, java.lang.Object, java.lang.Object, java.lang.Object)'> (0x000000008836fa88) 
thrown [s\open\src\hotspot\share\interpreter\linkResolver.cpp, line 759]
Event: 41.991 Thread 0x0000026d116dbe20 Exception <a 'java/lang/NoSuchMethodError'{0x0000000088381188}: 'int java.lang.invoke.DirectMethodHandle$Holder.invokeSpecialIFC(java.lang.Object, java.lang.Object, java.lang.Object, java.lang.Object, java.lang.Object)'> (0x0000000088381188) 
thrown [s\open\src\hotspot\share\interpreter\linkResolver.cpp, line 759]
Event: 44.387 Thread 0x0000026d116dbe20 Exception <a 'java/lang/NoSuchMethodError'{0x000000008815f930}: 'java.lang.Object java.lang.invoke.DirectMethodHandle$Holder.newInvokeSpecial(java.lang.Object, java.lang.Object, java.lang.Object, java.lang.Object, java.lang.Object)'> (0x000000008815f930) 
thrown [s\open\src\hotspot\share\interpreter\linkResolver.cpp, line 759]
Event: 45.852 Thread 0x0000026d116dbe20 Exception <a 'java/lang/NoSuchMethodError'{0x0000000088078a80}: 'int java.lang.invoke.DirectMethodHandle$Holder.invokeStaticInit(java.lang.Object, java.lang.Object)'> (0x0000000088078a80) 
thrown [s\open\src\hotspot\share\interpreter\linkResolver.cpp, line 759]
Event: 45.894 Thread 0x0000026d116dbe20 Exception <a 'java/lang/NoClassDefFoundError'{0x00000000880b6e18}: javax/enterprise/inject/Typed> (0x00000000880b6e18) 
thrown [s\open\src\hotspot\share\classfile\systemDictionary.cpp, line 245]
Event: 100.191 Thread 0x0000026d116dbe20 Exception <a 'java/lang/NoSuchMethodError'{0x0000000088c524a0}: 'void java.lang.invoke.DirectMethodHandle$Holder.invokeStaticInit(java.lang.Object, java.lang.Object, java.lang.Object)'> (0x0000000088c524a0) 
thrown [s\open\src\hotspot\share\interpreter\linkResolver.cpp, line 759]
Event: 100.205 Thread 0x0000026d116dbe20 Exception <a 'java/lang/ExceptionInInitializerError'{0x0000000088c7f610}> (0x0000000088c7f610) 
thrown [s\open\src\hotspot\share\oops\instanceKlass.cpp, line 1166]
Event: 105.541 Thread 0x0000026d116dbe20 Implicit null exception at 0x0000026d20a922af to 0x0000026d20a9240c
Event: 105.545 Thread 0x0000026d116dbe20 Exception <a 'java/lang/NoSuchMethodError'{0x0000000088b9a9f8}: 'java.lang.Object java.lang.invoke.Invokers$Holder.invokeExact_MT(java.lang.Object, int, java.lang.Object)'> (0x0000000088b9a9f8) 
thrown [s\open\src\hotspot\share\interpreter\linkResolver.cpp, line 759]
Event: 106.857 Thread 0x0000026d116dbe20 Exception <a 'java/lang/NoSuchMethodError'{0x0000000088bfd048}: 'void java.lang.invoke.DirectMethodHandle$Holder.invokeStatic(java.lang.Object, java.lang.Object)'> (0x0000000088bfd048) 
thrown [s\open\src\hotspot\share\interpreter\linkResolver.cpp, line 759]
Event: 106.882 Thread 0x0000026d116dbe20 Exception <a 'java/lang/NoSuchMethodError'{0x0000000088a0e420}: 'int java.lang.invoke.DirectMethodHandle$Holder.invokeSpecial(java.lang.Object, java.lang.Object, java.lang.Object, java.lang.Object)'> (0x0000000088a0e420) 
thrown [s\open\src\hotspot\share\interpreter\linkResolver.cpp, line 759]
Event: 163.370 Thread 0x0000026d116dbe20 Exception <a 'java/lang/NoClassDefFoundError'{0x0000000088286110}: com/google/inject/servlet/ServletModuleTargetVisitor> (0x0000000088286110) 
thrown [s\open\src\hotspot\share\classfile\systemDictionary.cpp, line 245]
Event: 179.118 Thread 0x0000026d116dbe20 Exception <a 'java/lang/NoSuchMethodError'{0x0000000087f25dd8}: 'void java.lang.invoke.DirectMethodHandle$Holder.invokeVirtual(java.lang.Object, java.lang.Object)'> (0x0000000087f25dd8) 
thrown [s\open\src\hotspot\share\interpreter\linkResolver.cpp, line 759]
Event: 189.602 Thread 0x0000026d116dbe20 Exception <a 'java/lang/NoSuchMethodError'{0x0000000087faf680}: 'java.lang.Object java.lang.invoke.DirectMethodHandle$Holder.invokeStaticInit(java.lang.Object, int, int, int, int)'> (0x0000000087faf680) 
thrown [s\open\src\hotspot\share\interpreter\linkResolver.cpp, line 759]
Event: 256.500 Thread 0x0000026d116dbe20 Implicit null exception at 0x0000026d20a695f2 to 0x0000026d20a69c0c
Event: 256.500 Thread 0x0000026d116dbe20 Implicit null exception at 0x0000026d20a494f2 to 0x0000026d20a49b2c
Event: 410.075 Thread 0x0000026d116dbe20 Exception <a 'java/lang/NoSuchMethodError'{0x000000008592f4c8}: 'int java.lang.invoke.DirectMethodHandle$Holder.invokeSpecialIFC(java.lang.Object, java.lang.Object, java.lang.Object, java.lang.Object)'> (0x000000008592f4c8) 
thrown [s\open\src\hotspot\share\interpreter\linkResolver.cpp, line 759]

VM Operations (20 events):
Event: 410.811 Executing VM operation: Cleanup
Event: 410.842 Executing VM operation: Cleanup done
Event: 411.851 Executing VM operation: Cleanup
Event: 411.852 Executing VM operation: Cleanup done
Event: 412.860 Executing VM operation: Cleanup
Event: 412.883 Executing VM operation: Cleanup done
Event: 413.893 Executing VM operation: Cleanup
Event: 413.973 Executing VM operation: Cleanup done
Event: 414.980 Executing VM operation: Cleanup
Event: 414.980 Executing VM operation: Cleanup done
Event: 418.003 Executing VM operation: Cleanup
Event: 418.003 Executing VM operation: Cleanup done
Event: 419.012 Executing VM operation: Cleanup
Event: 419.012 Executing VM operation: Cleanup done
Event: 420.202 Executing VM operation: G1CollectForAllocation
Event: 420.336 Executing VM operation: G1CollectForAllocation done
Event: 421.361 Executing VM operation: Cleanup
Event: 421.385 Executing VM operation: Cleanup done
Event: 423.395 Executing VM operation: Cleanup
Event: 423.617 Executing VM operation: Cleanup done

Events (20 events):
Event: 278.374 loading class java/lang/Byte$ByteCache
Event: 278.374 loading class java/lang/Byte$ByteCache done
Event: 309.532 loading class java/lang/invoke/MethodHandle$1
Event: 309.533 loading class java/lang/invoke/MethodHandle$1 done
Event: 405.522 loading class java/util/stream/MatchOps$MatchKind
Event: 405.524 loading class java/util/stream/MatchOps$MatchKind done
Event: 405.524 loading class java/util/stream/MatchOps
Event: 405.526 loading class java/util/stream/MatchOps done
Event: 405.526 loading class java/util/stream/MatchOps$MatchOp
Event: 405.526 loading class java/util/stream/MatchOps$MatchOp done
Event: 405.527 loading class java/util/stream/MatchOps$BooleanTerminalSink
Event: 405.528 loading class java/util/stream/MatchOps$BooleanTerminalSink done
Event: 405.530 loading class java/util/stream/MatchOps$1MatchSink
Event: 405.530 loading class java/util/stream/MatchOps$1MatchSink done
Event: 406.382 Thread 0x0000026d309c9490 Thread added: 0x0000026d309c9490
Event: 406.696 Thread 0x0000026d309c9490 Thread exited: 0x0000026d309c9490
Event: 406.704 loading class java/util/LinkedList$LLSpliterator
Event: 406.705 loading class java/util/LinkedList$LLSpliterator done
Event: 408.188 Thread 0x0000026d31968880 Thread added: 0x0000026d31968880
Event: 408.799 Thread 0x0000026d31968880 Thread exited: 0x0000026d31968880


Dynamic libraries:
0x00007ff75cc70000 - 0x00007ff75cc80000 	C:\Program Files\Java\jdk-17.0.4.1\bin\java.exe
0x00007ffe52bb0000 - 0x00007ffe52dc7000 	C:\WINDOWS\SYSTEM32\ntdll.dll
0x00007ffe51f30000 - 0x00007ffe51ff4000 	C:\WINDOWS\System32\KERNEL32.DLL
0x00007ffe501b0000 - 0x00007ffe50555000 	C:\WINDOWS\System32\KERNELBASE.dll
0x00007ffe50720000 - 0x00007ffe50831000 	C:\WINDOWS\System32\ucrtbase.dll
0x00007ffe30030000 - 0x00007ffe30048000 	C:\Program Files\Java\jdk-17.0.4.1\bin\jli.dll
0x00007ffe517e0000 - 0x00007ffe51891000 	C:\WINDOWS\System32\ADVAPI32.dll
0x00007ffe518a0000 - 0x00007ffe51947000 	C:\WINDOWS\System32\msvcrt.dll
0x00007ffe522a0000 - 0x00007ffe52346000 	C:\WINDOWS\System32\sechost.dll
0x00007ffe52000000 - 0x00007ffe52117000 	C:\WINDOWS\System32\RPCRT4.dll
0x00007ffe50980000 - 0x00007ffe50b2e000 	C:\WINDOWS\System32\USER32.dll
0x00007ffe506f0000 - 0x00007ffe50716000 	C:\WINDOWS\System32\win32u.dll
0x00007ffe51c60000 - 0x00007ffe51c89000 	C:\WINDOWS\System32\GDI32.dll
0x00007ffe50560000 - 0x00007ffe50679000 	C:\WINDOWS\System32\gdi32full.dll
0x00007ffe4ff20000 - 0x00007ffe4ffba000 	C:\WINDOWS\System32\msvcp_win.dll
0x00007ffe33530000 - 0x00007ffe3354a000 	C:\Program Files\Java\jdk-17.0.4.1\bin\VCRUNTIME140.dll
0x00007ffe37df0000 - 0x00007ffe38083000 	C:\WINDOWS\WinSxS\amd64_microsoft.windows.common-controls_6595b64144ccf1df_6.0.22621.2506_none_270c5ae97388e100\COMCTL32.dll
0x00007ffe43a50000 - 0x00007ffe43a5a000 	C:\WINDOWS\SYSTEM32\VERSION.dll
0x00007ffe51c90000 - 0x00007ffe51cc1000 	C:\WINDOWS\System32\IMM32.DLL
0x00007ffe46400000 - 0x00007ffe4640c000 	C:\Program Files\Java\jdk-17.0.4.1\bin\vcruntime140_1.dll
0x00007ffe10100000 - 0x00007ffe1018d000 	C:\Program Files\Java\jdk-17.0.4.1\bin\msvcp140.dll
0x00007ffdedab0000 - 0x00007ffdee672000 	C:\Program Files\Java\jdk-17.0.4.1\bin\server\jvm.dll
0x00007ffe52b60000 - 0x00007ffe52b68000 	C:\WINDOWS\System32\PSAPI.DLL
0x00007ffe48480000 - 0x00007ffe48489000 	C:\WINDOWS\SYSTEM32\WSOCK32.dll
0x00007ffe50900000 - 0x00007ffe50971000 	C:\WINDOWS\System32\WS2_32.dll
0x00007ffe44d00000 - 0x00007ffe44d34000 	C:\WINDOWS\SYSTEM32\WINMM.dll
0x00007ffe4efb0000 - 0x00007ffe4efc8000 	C:\WINDOWS\SYSTEM32\kernel.appcore.dll
0x00007ffe45ed0000 - 0x00007ffe45eda000 	C:\Program Files\Java\jdk-17.0.4.1\bin\jimage.dll
0x00007ffe4d850000 - 0x00007ffe4da83000 	C:\WINDOWS\SYSTEM32\DBGHELP.DLL
0x00007ffe52350000 - 0x00007ffe526d9000 	C:\WINDOWS\System32\combase.dll
0x00007ffe51950000 - 0x00007ffe51a27000 	C:\WINDOWS\System32\OLEAUT32.dll
0x00007ffe315e0000 - 0x00007ffe31612000 	C:\WINDOWS\SYSTEM32\dbgcore.DLL
0x00007ffe50130000 - 0x00007ffe501aa000 	C:\WINDOWS\System32\bcryptPrimitives.dll
0x00007ffe2ffc0000 - 0x00007ffe2ffe5000 	C:\Program Files\Java\jdk-17.0.4.1\bin\java.dll
0x00007ffe00e30000 - 0x00007ffe00f06000 	C:\Program Files\Java\jdk-17.0.4.1\bin\jsvml.dll
0x00007ffe50d00000 - 0x00007ffe51559000 	C:\WINDOWS\System32\SHELL32.dll
0x00007ffe4de50000 - 0x00007ffe4e744000 	C:\WINDOWS\SYSTEM32\windows.storage.dll
0x00007ffe4dd10000 - 0x00007ffe4de4e000 	C:\WINDOWS\SYSTEM32\wintypes.dll
0x00007ffe50b30000 - 0x00007ffe50c23000 	C:\WINDOWS\System32\SHCORE.dll
0x00007ffe51eb0000 - 0x00007ffe51f0e000 	C:\WINDOWS\System32\shlwapi.dll
0x00007ffe4fe50000 - 0x00007ffe4fe76000 	C:\WINDOWS\SYSTEM32\profapi.dll
0x00007ffe33090000 - 0x00007ffe330a9000 	C:\Program Files\Java\jdk-17.0.4.1\bin\net.dll
0x00007ffe44b60000 - 0x00007ffe44c97000 	C:\WINDOWS\SYSTEM32\WINHTTP.dll
0x00007ffe4f490000 - 0x00007ffe4f4f9000 	C:\WINDOWS\system32\mswsock.dll
0x00007ffe30140000 - 0x00007ffe30156000 	C:\Program Files\Java\jdk-17.0.4.1\bin\nio.dll
0x00007ffe30080000 - 0x00007ffe30098000 	C:\Program Files\Java\jdk-17.0.4.1\bin\zip.dll
0x0000000069ac0000 - 0x0000000069ae4000 	C:\Users\larak\AppData\Local\Temp\jansi-2.4.0-c45ebd99164622df-jansi.dll
0x00007ffe455e0000 - 0x00007ffe455f0000 	C:\Program Files\Java\jdk-17.0.4.1\bin\verify.dll

dbghelp: loaded successfully - version: 4.0.5 - missing functions: none
symbol engine: initialized successfully - sym options: 0x614 - pdb path: .;C:\Program Files\Java\jdk-17.0.4.1\bin;C:\WINDOWS\SYSTEM32;C:\WINDOWS\WinSxS\amd64_microsoft.windows.common-controls_6595b64144ccf1df_6.0.22621.2506_none_270c5ae97388e100;C:\Program Files\Java\jdk-17.0.4.1\bin\server;C:\Users\larak\AppData\Local\Temp

VM Arguments:
jvm_args: -Dmaven.multiModuleProjectDirectory=C:\Senac\curso ds\ProjetoIntegradorUC15\Etapa0708PIUC15\petpug\petpug 
java_command: org.apache.maven.wrapper.MavenWrapperMain -Dmaven.ext.class.path=C:\Program Files\NetBeans-14\netbeans\java\maven-nblib\netbeans-eventspy.jar -Dfile.encoding=UTF-8 install
java_class_path (initial): C:\Senac\curso ds\ProjetoIntegradorUC15\Etapa0708PIUC15\petpug\petpug\.mvn\wrapper\maven-wrapper.jar
Launcher Type: SUN_STANDARD

[Global flags]
     intx CICompilerCount                          = 4                                         {product} {ergonomic}
     uint ConcGCThreads                            = 2                                         {product} {ergonomic}
     uint G1ConcRefinementThreads                  = 8                                         {product} {ergonomic}
   size_t G1HeapRegionSize                         = 1048576                                   {product} {ergonomic}
    uintx GCDrainStackTargetSize                   = 64                                        {product} {ergonomic}
   size_t InitialHeapSize                          = 134217728                                 {product} {ergonomic}
   size_t MarkStackSize                            = 4194304                                   {product} {ergonomic}
   size_t MaxHeapSize                              = 2126512128                                {product} {ergonomic}
   size_t MaxNewSize                               = 1275068416                                {product} {ergonomic}
   size_t MinHeapDeltaBytes                        = 1048576                                   {product} {ergonomic}
   size_t MinHeapSize                              = 8388608                                   {product} {ergonomic}
    uintx NonNMethodCodeHeapSize                   = 5839372                                {pd product} {ergonomic}
    uintx NonProfiledCodeHeapSize                  = 122909434                              {pd product} {ergonomic}
    uintx ProfiledCodeHeapSize                     = 122909434                              {pd product} {ergonomic}
    uintx ReservedCodeCacheSize                    = 251658240                              {pd product} {ergonomic}
     bool SegmentedCodeCache                       = true                                      {product} {ergonomic}
   size_t SoftMaxHeapSize                          = 2126512128                             {manageable} {ergonomic}
     bool UseCompressedClassPointers               = true                           {product lp64_product} {ergonomic}
     bool UseCompressedOops                        = true                           {product lp64_product} {ergonomic}
     bool UseG1GC                                  = true                                      {product} {ergonomic}
     bool UseLargePagesIndividualAllocation        = false                                  {pd product} {ergonomic}

Logging:
Log output configuration:
 #0: stdout all=warning uptime,level,tags
 #1: stderr all=off uptime,level,tags

Environment Variables:
JAVA_HOME=C:\Program Files\Java\jdk-17.0.4.1
PATH=C:\Program Files\Common Files\Oracle\Java\javapath;C:\ProgramData\Oracle\Java\javapath;C:\Program Files (x86)\Intel\Intel(R) Management Engine Components\iCLS\;C:\Program Files\Intel\Intel(R) Management Engine Components\iCLS\;C:\windows\system32;C:\windows;C:\windows\System32\Wbem;C:\windows\System32\WindowsPowerShell\v1.0\;C:\windows\System32\OpenSSH\;C:\Program Files (x86)\NVIDIA Corporation\PhysX\Common;C:\Program Files (x86)\Intel\Intel(R) Management Engine Components\DAL;C:\Program Files\Intel\Intel(R) Management Engine Components\DAL;C:\Program Files (x86)\Intel\Intel(R) Management Engine Components\IPT;C:\Program Files\Intel\Intel(R) Management Engine Components\IPT;C:\WINDOWS\system32;C:\WINDOWS;C:\WINDOWS\System32\Wbem;C:\WINDOWS\System32\WindowsPowerShell\v1.0\;C:\WINDOWS\System32\OpenSSH\;C:\ProgramData\UNIVALI\Portugol Studio;C:\Program Files\Git\cmd;D:\Microsoft VS Code\bin;D:\;C:\Users\larak\AppData\Local\Microsoft\WindowsApps;C:\Program Files\JetBrains\PyCharm Community Edition 2020.3.3\bin;;C:\Users\larak\AppData\Local\GitHubDesktop\bin;C:\Users\larak\AppData\Roaming\npm
USERNAME=larak
OS=Windows_NT
PROCESSOR_IDENTIFIER=Intel64 Family 6 Model 142 Stepping 10, GenuineIntel



---------------  S Y S T E M  ---------------

OS:
 Windows 11 , 64 bit Build 22621 (10.0.22621.2506)
OS uptime: 3 days 14:32 hours

CPU: total 8 (initial active 8) (4 cores per cpu, 2 threads per core) family 6 model 142 stepping 10 microcode 0xe0, cx8, cmov, fxsr, ht, mmx, 3dnowpref, sse, sse2, sse3, ssse3, sse4.1, sse4.2, popcnt, lzcnt, tsc, tscinvbit, avx, avx2, aes, erms, clmul, bmi1, bmi2, adx, fma, vzeroupper, clflush, clflushopt

Memory: 4k page, system-wide physical 8106M (257M free)
TotalPageFile size 32682M (AvailPageFile size 0M)
current process WorkingSet (physical memory assigned to process): 124M, peak: 134M
current process commit charge ("private bytes"): 244M, peak: 263M

vm_info: Java HotSpot(TM) 64-Bit Server VM (17.0.4.1+1-LTS-2) for windows-amd64 JRE (17.0.4.1+1-LTS-2), built on Aug 16 2022 18:32:06 by "mach5one" with MS VC++ 16.8 / 16.9 (VS2019)

END.
