#
# There is insufficient memory for the Java Runtime Environment to continue.
# Native memory allocation (malloc) failed to allocate 184992 bytes for Chunk::new
# Possible reasons:
#   The system is out of physical RAM or swap space
#   The process is running with CompressedOops enabled, and the Java Heap may be blocking the growth of the native heap
# Possible solutions:
#   Reduce memory load on the system
#   Increase physical memory or swap space
#   Check if swap backing store is full
#   Decrease Java heap size (-Xmx/-Xms)
#   Decrease number of Java threads
#   Decrease Java thread stack sizes (-Xss)
#   Set larger code cache with -XX:ReservedCodeCacheSize=
#   JVM is running with Unscaled Compressed Oops mode in which the Java heap is
#     placed in the first 4GB address space. The Java Heap base address is the
#     maximum limit for the native heap growth. Please use -XX:HeapBaseMinAddress
#     to set the Java Heap base and to place the Java Heap above 4GB virtual address.
# This output file may be truncated or incomplete.
#
#  Out of Memory Error (arena.cpp:189), pid=6616, tid=14816
#
# JRE version: Java(TM) SE Runtime Environment (17.0.4.1+1) (build 17.0.4.1+1-LTS-2)
# Java VM: Java HotSpot(TM) 64-Bit Server VM (17.0.4.1+1-LTS-2, mixed mode, sharing, tiered, compressed oops, compressed class ptrs, g1 gc, windows-amd64)
# No core dump will be written. Minidumps are not enabled by default on client versions of Windows
#

---------------  S U M M A R Y ------------

Command Line: -Dmaven.multiModuleProjectDirectory=C:\Senac\curso ds\ProjetoIntegradorUC15\Etapa0708PIUC15\petpug\petpug org.apache.maven.wrapper.MavenWrapperMain -Dmaven.ext.class.path=C:\Program Files\NetBeans-14\netbeans\java\maven-nblib\netbeans-eventspy.jar -Dfile.encoding=UTF-8 install

Host: Intel(R) Core(TM) i5-8250U CPU @ 1.60GHz, 8 cores, 7G,  Windows 11 , 64 bit Build 22621 (10.0.22621.2506)
Time: Mon Dec 18 09:38:09 2023 Hora oficial do Brasil elapsed time: 272.617949 seconds (0d 0h 4m 32s)

---------------  T H R E A D  ---------------

Current thread (0x000001e2e55fac30):  JavaThread "C2 CompilerThread0" daemon [_thread_in_native, id=14816, stack(0x00000020a4200000,0x00000020a4300000)]


Current CompileTask:
C2: 272618 3247 %     4       sun.nio.cs.UTF_8$Decoder::decodeArrayLoop @ 103 (688 bytes)

Stack: [0x00000020a4200000,0x00000020a4300000]
Native frames: (J=compiled Java code, j=interpreted, Vv=VM code, C=native code)
V  [jvm.dll+0x6723ba]
V  [jvm.dll+0x7d1e34]
V  [jvm.dll+0x7d35de]
V  [jvm.dll+0x7d3c43]
V  [jvm.dll+0x243065]
V  [jvm.dll+0xaa57b]
V  [jvm.dll+0xaab0c]
V  [jvm.dll+0x360467]
V  [jvm.dll+0x1ba0c8]
V  [jvm.dll+0x2162f9]
V  [jvm.dll+0x2155c1]
V  [jvm.dll+0x1a1fcd]
V  [jvm.dll+0x224e08]
V  [jvm.dll+0x222f75]
V  [jvm.dll+0x787a0b]
V  [jvm.dll+0x781fca]
V  [jvm.dll+0x671245]
C  [ucrtbase.dll+0x29363]
C  [KERNEL32.DLL+0x1257d]
C  [ntdll.dll+0x5aa58]


---------------  P R O C E S S  ---------------

Threads class SMR info:
_java_thread_list=0x000001e2e685d800, length=12, elements={
0x000001e2c74ebea0, 0x000001e2e55de990, 0x000001e2e55e0fb0, 0x000001e2e55f6230,
0x000001e2e55f8bf0, 0x000001e2e55f95a0, 0x000001e2e55f9f50, 0x000001e2e55fac30,
0x000001e2e56644d0, 0x000001e2e566a780, 0x000001e2e60bcc30, 0x000001e2e60c93d0
}

Java Threads: ( => current thread )
  0x000001e2c74ebea0 JavaThread "main" [_thread_in_Java, id=8804, stack(0x00000020a3400000,0x00000020a3500000)]
  0x000001e2e55de990 JavaThread "Reference Handler" daemon [_thread_blocked, id=13036, stack(0x00000020a3c00000,0x00000020a3d00000)]
  0x000001e2e55e0fb0 JavaThread "Finalizer" daemon [_thread_blocked, id=5188, stack(0x00000020a3d00000,0x00000020a3e00000)]
  0x000001e2e55f6230 JavaThread "Signal Dispatcher" daemon [_thread_blocked, id=15200, stack(0x00000020a3e00000,0x00000020a3f00000)]
  0x000001e2e55f8bf0 JavaThread "Attach Listener" daemon [_thread_blocked, id=13912, stack(0x00000020a3f00000,0x00000020a4000000)]
  0x000001e2e55f95a0 JavaThread "Service Thread" daemon [_thread_blocked, id=9196, stack(0x00000020a4000000,0x00000020a4100000)]
  0x000001e2e55f9f50 JavaThread "Monitor Deflation Thread" daemon [_thread_blocked, id=3580, stack(0x00000020a4100000,0x00000020a4200000)]
=>0x000001e2e55fac30 JavaThread "C2 CompilerThread0" daemon [_thread_in_native, id=14816, stack(0x00000020a4200000,0x00000020a4300000)]
  0x000001e2e56644d0 JavaThread "C1 CompilerThread0" daemon [_thread_blocked, id=6556, stack(0x00000020a4300000,0x00000020a4400000)]
  0x000001e2e566a780 JavaThread "Sweeper thread" daemon [_thread_blocked, id=7472, stack(0x00000020a4400000,0x00000020a4500000)]
  0x000001e2e60bcc30 JavaThread "Notification Thread" daemon [_thread_blocked, id=2516, stack(0x00000020a4500000,0x00000020a4600000)]
  0x000001e2e60c93d0 JavaThread "Common-Cleaner" daemon [_thread_blocked, id=11552, stack(0x00000020a4700000,0x00000020a4800000)]

Other Threads:
  0x000001e2e55d72b0 VMThread "VM Thread" [stack: 0x00000020a3b00000,0x00000020a3c00000] [id=13396]
  0x000001e2e60c5130 WatcherThread [stack: 0x00000020a4600000,0x00000020a4700000] [id=9240]
  0x000001e2c75456d0 GCTaskThread "GC Thread#0" [stack: 0x00000020a3600000,0x00000020a3700000] [id=7404]
  0x000001e2e650e6c0 GCTaskThread "GC Thread#1" [stack: 0x00000020a4900000,0x00000020a4a00000] [id=22276]
  0x000001e2e650e970 GCTaskThread "GC Thread#2" [stack: 0x00000020a4a00000,0x00000020a4b00000] [id=22280]
  0x000001e2e6b995a0 GCTaskThread "GC Thread#3" [stack: 0x00000020a4b00000,0x00000020a4c00000] [id=22284]
  0x000001e2e675bcb0 GCTaskThread "GC Thread#4" [stack: 0x00000020a4c00000,0x00000020a4d00000] [id=22288]
  0x000001e2e675bf60 GCTaskThread "GC Thread#5" [stack: 0x00000020a4d00000,0x00000020a4e00000] [id=22292]
  0x000001e2e66cb240 GCTaskThread "GC Thread#6" [stack: 0x00000020a4e00000,0x00000020a4f00000] [id=22296]
  0x000001e2e66cb4f0 GCTaskThread "GC Thread#7" [stack: 0x00000020a4f00000,0x00000020a5000000] [id=22300]
  0x000001e2c75573a0 ConcurrentGCThread "G1 Main Marker" [stack: 0x00000020a3700000,0x00000020a3800000] [id=9308]
  0x000001e2c7558dc0 ConcurrentGCThread "G1 Conc#0" [stack: 0x00000020a3800000,0x00000020a3900000] [id=14652]
  0x000001e2c75bd520 ConcurrentGCThread "G1 Refine#0" [stack: 0x00000020a3900000,0x00000020a3a00000] [id=8232]
  0x000001e2c75bdf40 ConcurrentGCThread "G1 Service" [stack: 0x00000020a3a00000,0x00000020a3b00000] [id=6916]

Threads with active compile tasks:
C2 CompilerThread0   272679 3247 %     4       sun.nio.cs.UTF_8$Decoder::decodeArrayLoop @ 103 (688 bytes)

VM state: not at safepoint (normal execution)

VM Mutex/Monitor currently owned by a thread: None

Heap address: 0x0000000081400000, size: 2028 MB, Compressed Oops mode: 32-bit

CDS archive(s) mapped at: [0x0000000800000000-0x0000000800bc0000-0x0000000800bc0000), size 12320768, SharedBaseAddress: 0x0000000800000000, ArchiveRelocationMode: 0.
Compressed class space mapped at: 0x0000000800c00000-0x0000000840c00000, reserved size: 1073741824
Narrow klass base: 0x0000000800000000, Narrow klass shift: 0, Narrow klass range: 0x100000000

GC Precious Log:
 CPUs: 8 total, 8 available
 Memory: 8106M
 Large Page Support: Disabled
 NUMA Support: Disabled
 Compressed Oops: Enabled (32-bit)
 Heap Region Size: 1M
 Heap Min Capacity: 8M
 Heap Initial Capacity: 128M
 Heap Max Capacity: 2028M
 Pre-touch: Disabled
 Parallel Workers: 8
 Concurrent Workers: 2
 Concurrent Refinement Workers: 8
 Periodic GC: Disabled

Heap:
 garbage-first heap   total 131072K, used 54637K [0x0000000081400000, 0x0000000100000000)
  region size 1024K, 51 young (52224K), 2 survivors (2048K)
 Metaspace       used 15278K, committed 15488K, reserved 1064960K
  class space    used 1836K, committed 1920K, reserved 1048576K

Heap Regions: E=young(eden), S=young(survivor), O=old, HS=humongous(starts), HC=humongous(continues), CS=collection set, F=free, OA=open archive, CA=closed archive, TAMS=top-at-mark-start (previous, next)
|   0|0x0000000081400000, 0x0000000081500000, 0x0000000081500000|100%| O|  |TAMS 0x0000000081400000, 0x0000000081400000| Untracked 
|   1|0x0000000081500000, 0x0000000081600000, 0x0000000081600000|100%| O|  |TAMS 0x0000000081500000, 0x0000000081500000| Untracked 
|   2|0x0000000081600000, 0x0000000081700000, 0x0000000081700000|100%| O|  |TAMS 0x0000000081600000, 0x0000000081600000| Untracked 
|   3|0x0000000081700000, 0x0000000081792800, 0x0000000081800000| 57%| O|  |TAMS 0x0000000081700000, 0x0000000081700000| Untracked 
|   4|0x0000000081800000, 0x0000000081800000, 0x0000000081900000|  0%| F|  |TAMS 0x0000000081800000, 0x0000000081800000| Untracked 
|   5|0x0000000081900000, 0x0000000081900000, 0x0000000081a00000|  0%| F|  |TAMS 0x0000000081900000, 0x0000000081900000| Untracked 
|   6|0x0000000081a00000, 0x0000000081a00000, 0x0000000081b00000|  0%| F|  |TAMS 0x0000000081a00000, 0x0000000081a00000| Untracked 
|   7|0x0000000081b00000, 0x0000000081b00000, 0x0000000081c00000|  0%| F|  |TAMS 0x0000000081b00000, 0x0000000081b00000| Untracked 
|   8|0x0000000081c00000, 0x0000000081c00000, 0x0000000081d00000|  0%| F|  |TAMS 0x0000000081c00000, 0x0000000081c00000| Untracked 
|   9|0x0000000081d00000, 0x0000000081d00000, 0x0000000081e00000|  0%| F|  |TAMS 0x0000000081d00000, 0x0000000081d00000| Untracked 
|  10|0x0000000081e00000, 0x0000000081e00000, 0x0000000081f00000|  0%| F|  |TAMS 0x0000000081e00000, 0x0000000081e00000| Untracked 
|  11|0x0000000081f00000, 0x0000000081f00000, 0x0000000082000000|  0%| F|  |TAMS 0x0000000081f00000, 0x0000000081f00000| Untracked 
|  12|0x0000000082000000, 0x0000000082000000, 0x0000000082100000|  0%| F|  |TAMS 0x0000000082000000, 0x0000000082000000| Untracked 
|  13|0x0000000082100000, 0x0000000082100000, 0x0000000082200000|  0%| F|  |TAMS 0x0000000082100000, 0x0000000082100000| Untracked 
|  14|0x0000000082200000, 0x0000000082200000, 0x0000000082300000|  0%| F|  |TAMS 0x0000000082200000, 0x0000000082200000| Untracked 
|  15|0x0000000082300000, 0x0000000082300000, 0x0000000082400000|  0%| F|  |TAMS 0x0000000082300000, 0x0000000082300000| Untracked 
|  16|0x0000000082400000, 0x0000000082400000, 0x0000000082500000|  0%| F|  |TAMS 0x0000000082400000, 0x0000000082400000| Untracked 
|  17|0x0000000082500000, 0x0000000082500000, 0x0000000082600000|  0%| F|  |TAMS 0x0000000082500000, 0x0000000082500000| Untracked 
|  18|0x0000000082600000, 0x0000000082600000, 0x0000000082700000|  0%| F|  |TAMS 0x0000000082600000, 0x0000000082600000| Untracked 
|  19|0x0000000082700000, 0x0000000082700000, 0x0000000082800000|  0%| F|  |TAMS 0x0000000082700000, 0x0000000082700000| Untracked 
|  20|0x0000000082800000, 0x0000000082800000, 0x0000000082900000|  0%| F|  |TAMS 0x0000000082800000, 0x0000000082800000| Untracked 
|  21|0x0000000082900000, 0x0000000082900000, 0x0000000082a00000|  0%| F|  |TAMS 0x0000000082900000, 0x0000000082900000| Untracked 
|  22|0x0000000082a00000, 0x0000000082a00000, 0x0000000082b00000|  0%| F|  |TAMS 0x0000000082a00000, 0x0000000082a00000| Untracked 
|  23|0x0000000082b00000, 0x0000000082b00000, 0x0000000082c00000|  0%| F|  |TAMS 0x0000000082b00000, 0x0000000082b00000| Untracked 
|  24|0x0000000082c00000, 0x0000000082c00000, 0x0000000082d00000|  0%| F|  |TAMS 0x0000000082c00000, 0x0000000082c00000| Untracked 
|  25|0x0000000082d00000, 0x0000000082d00000, 0x0000000082e00000|  0%| F|  |TAMS 0x0000000082d00000, 0x0000000082d00000| Untracked 
|  26|0x0000000082e00000, 0x0000000082e00000, 0x0000000082f00000|  0%| F|  |TAMS 0x0000000082e00000, 0x0000000082e00000| Untracked 
|  27|0x0000000082f00000, 0x0000000082f00000, 0x0000000083000000|  0%| F|  |TAMS 0x0000000082f00000, 0x0000000082f00000| Untracked 
|  28|0x0000000083000000, 0x0000000083000000, 0x0000000083100000|  0%| F|  |TAMS 0x0000000083000000, 0x0000000083000000| Untracked 
|  29|0x0000000083100000, 0x0000000083100000, 0x0000000083200000|  0%| F|  |TAMS 0x0000000083100000, 0x0000000083100000| Untracked 
|  30|0x0000000083200000, 0x0000000083200000, 0x0000000083300000|  0%| F|  |TAMS 0x0000000083200000, 0x0000000083200000| Untracked 
|  31|0x0000000083300000, 0x0000000083300000, 0x0000000083400000|  0%| F|  |TAMS 0x0000000083300000, 0x0000000083300000| Untracked 
|  32|0x0000000083400000, 0x0000000083400000, 0x0000000083500000|  0%| F|  |TAMS 0x0000000083400000, 0x0000000083400000| Untracked 
|  33|0x0000000083500000, 0x0000000083500000, 0x0000000083600000|  0%| F|  |TAMS 0x0000000083500000, 0x0000000083500000| Untracked 
|  34|0x0000000083600000, 0x0000000083600000, 0x0000000083700000|  0%| F|  |TAMS 0x0000000083600000, 0x0000000083600000| Untracked 
|  35|0x0000000083700000, 0x0000000083700000, 0x0000000083800000|  0%| F|  |TAMS 0x0000000083700000, 0x0000000083700000| Untracked 
|  36|0x0000000083800000, 0x0000000083800000, 0x0000000083900000|  0%| F|  |TAMS 0x0000000083800000, 0x0000000083800000| Untracked 
|  37|0x0000000083900000, 0x0000000083900000, 0x0000000083a00000|  0%| F|  |TAMS 0x0000000083900000, 0x0000000083900000| Untracked 
|  38|0x0000000083a00000, 0x0000000083a00000, 0x0000000083b00000|  0%| F|  |TAMS 0x0000000083a00000, 0x0000000083a00000| Untracked 
|  39|0x0000000083b00000, 0x0000000083b00000, 0x0000000083c00000|  0%| F|  |TAMS 0x0000000083b00000, 0x0000000083b00000| Untracked 
|  40|0x0000000083c00000, 0x0000000083c00000, 0x0000000083d00000|  0%| F|  |TAMS 0x0000000083c00000, 0x0000000083c00000| Untracked 
|  41|0x0000000083d00000, 0x0000000083d00000, 0x0000000083e00000|  0%| F|  |TAMS 0x0000000083d00000, 0x0000000083d00000| Untracked 
|  42|0x0000000083e00000, 0x0000000083e00000, 0x0000000083f00000|  0%| F|  |TAMS 0x0000000083e00000, 0x0000000083e00000| Untracked 
|  43|0x0000000083f00000, 0x0000000083f00000, 0x0000000084000000|  0%| F|  |TAMS 0x0000000083f00000, 0x0000000083f00000| Untracked 
|  44|0x0000000084000000, 0x0000000084000000, 0x0000000084100000|  0%| F|  |TAMS 0x0000000084000000, 0x0000000084000000| Untracked 
|  45|0x0000000084100000, 0x0000000084100000, 0x0000000084200000|  0%| F|  |TAMS 0x0000000084100000, 0x0000000084100000| Untracked 
|  46|0x0000000084200000, 0x0000000084200000, 0x0000000084300000|  0%| F|  |TAMS 0x0000000084200000, 0x0000000084200000| Untracked 
|  47|0x0000000084300000, 0x0000000084300000, 0x0000000084400000|  0%| F|  |TAMS 0x0000000084300000, 0x0000000084300000| Untracked 
|  48|0x0000000084400000, 0x0000000084400000, 0x0000000084500000|  0%| F|  |TAMS 0x0000000084400000, 0x0000000084400000| Untracked 
|  49|0x0000000084500000, 0x0000000084500000, 0x0000000084600000|  0%| F|  |TAMS 0x0000000084500000, 0x0000000084500000| Untracked 
|  50|0x0000000084600000, 0x0000000084600000, 0x0000000084700000|  0%| F|  |TAMS 0x0000000084600000, 0x0000000084600000| Untracked 
|  51|0x0000000084700000, 0x0000000084700000, 0x0000000084800000|  0%| F|  |TAMS 0x0000000084700000, 0x0000000084700000| Untracked 
|  52|0x0000000084800000, 0x0000000084800000, 0x0000000084900000|  0%| F|  |TAMS 0x0000000084800000, 0x0000000084800000| Untracked 
|  53|0x0000000084900000, 0x0000000084900000, 0x0000000084a00000|  0%| F|  |TAMS 0x0000000084900000, 0x0000000084900000| Untracked 
|  54|0x0000000084a00000, 0x0000000084a00000, 0x0000000084b00000|  0%| F|  |TAMS 0x0000000084a00000, 0x0000000084a00000| Untracked 
|  55|0x0000000084b00000, 0x0000000084b00000, 0x0000000084c00000|  0%| F|  |TAMS 0x0000000084b00000, 0x0000000084b00000| Untracked 
|  56|0x0000000084c00000, 0x0000000084c00000, 0x0000000084d00000|  0%| F|  |TAMS 0x0000000084c00000, 0x0000000084c00000| Untracked 
|  57|0x0000000084d00000, 0x0000000084d00000, 0x0000000084e00000|  0%| F|  |TAMS 0x0000000084d00000, 0x0000000084d00000| Untracked 
|  58|0x0000000084e00000, 0x0000000084e00000, 0x0000000084f00000|  0%| F|  |TAMS 0x0000000084e00000, 0x0000000084e00000| Untracked 
|  59|0x0000000084f00000, 0x0000000084f00000, 0x0000000085000000|  0%| F|  |TAMS 0x0000000084f00000, 0x0000000084f00000| Untracked 
|  60|0x0000000085000000, 0x0000000085000000, 0x0000000085100000|  0%| F|  |TAMS 0x0000000085000000, 0x0000000085000000| Untracked 
|  61|0x0000000085100000, 0x0000000085100000, 0x0000000085200000|  0%| F|  |TAMS 0x0000000085100000, 0x0000000085100000| Untracked 
|  62|0x0000000085200000, 0x0000000085200000, 0x0000000085300000|  0%| F|  |TAMS 0x0000000085200000, 0x0000000085200000| Untracked 
|  63|0x0000000085300000, 0x0000000085300000, 0x0000000085400000|  0%| F|  |TAMS 0x0000000085300000, 0x0000000085300000| Untracked 
|  64|0x0000000085400000, 0x0000000085400000, 0x0000000085500000|  0%| F|  |TAMS 0x0000000085400000, 0x0000000085400000| Untracked 
|  65|0x0000000085500000, 0x0000000085500000, 0x0000000085600000|  0%| F|  |TAMS 0x0000000085500000, 0x0000000085500000| Untracked 
|  66|0x0000000085600000, 0x0000000085600000, 0x0000000085700000|  0%| F|  |TAMS 0x0000000085600000, 0x0000000085600000| Untracked 
|  67|0x0000000085700000, 0x0000000085700000, 0x0000000085800000|  0%| F|  |TAMS 0x0000000085700000, 0x0000000085700000| Untracked 
|  68|0x0000000085800000, 0x0000000085800000, 0x0000000085900000|  0%| F|  |TAMS 0x0000000085800000, 0x0000000085800000| Untracked 
|  69|0x0000000085900000, 0x0000000085900000, 0x0000000085a00000|  0%| F|  |TAMS 0x0000000085900000, 0x0000000085900000| Untracked 
|  70|0x0000000085a00000, 0x0000000085a00000, 0x0000000085b00000|  0%| F|  |TAMS 0x0000000085a00000, 0x0000000085a00000| Untracked 
|  71|0x0000000085b00000, 0x0000000085b00000, 0x0000000085c00000|  0%| F|  |TAMS 0x0000000085b00000, 0x0000000085b00000| Untracked 
|  72|0x0000000085c00000, 0x0000000085c00000, 0x0000000085d00000|  0%| F|  |TAMS 0x0000000085c00000, 0x0000000085c00000| Untracked 
|  73|0x0000000085d00000, 0x0000000085d00000, 0x0000000085e00000|  0%| F|  |TAMS 0x0000000085d00000, 0x0000000085d00000| Untracked 
|  74|0x0000000085e00000, 0x0000000085e00000, 0x0000000085f00000|  0%| F|  |TAMS 0x0000000085e00000, 0x0000000085e00000| Untracked 
|  75|0x0000000085f00000, 0x0000000085f00000, 0x0000000086000000|  0%| F|  |TAMS 0x0000000085f00000, 0x0000000085f00000| Untracked 
|  76|0x0000000086000000, 0x0000000086000000, 0x0000000086100000|  0%| F|  |TAMS 0x0000000086000000, 0x0000000086000000| Untracked 
|  77|0x0000000086100000, 0x0000000086182010, 0x0000000086200000| 50%| E|  |TAMS 0x0000000086100000, 0x0000000086100000| Complete 
|  78|0x0000000086200000, 0x0000000086300000, 0x0000000086300000|100%| E|CS|TAMS 0x0000000086200000, 0x0000000086200000| Complete 
|  79|0x0000000086300000, 0x0000000086400000, 0x0000000086400000|100%| E|CS|TAMS 0x0000000086300000, 0x0000000086300000| Complete 
|  80|0x0000000086400000, 0x0000000086500000, 0x0000000086500000|100%| E|CS|TAMS 0x0000000086400000, 0x0000000086400000| Complete 
|  81|0x0000000086500000, 0x0000000086600000, 0x0000000086600000|100%| E|CS|TAMS 0x0000000086500000, 0x0000000086500000| Complete 
|  82|0x0000000086600000, 0x0000000086700000, 0x0000000086700000|100%| E|CS|TAMS 0x0000000086600000, 0x0000000086600000| Complete 
|  83|0x0000000086700000, 0x0000000086800000, 0x0000000086800000|100%| E|CS|TAMS 0x0000000086700000, 0x0000000086700000| Complete 
|  84|0x0000000086800000, 0x0000000086900000, 0x0000000086900000|100%| E|CS|TAMS 0x0000000086800000, 0x0000000086800000| Complete 
|  85|0x0000000086900000, 0x0000000086a00000, 0x0000000086a00000|100%| E|CS|TAMS 0x0000000086900000, 0x0000000086900000| Complete 
|  86|0x0000000086a00000, 0x0000000086b00000, 0x0000000086b00000|100%| E|CS|TAMS 0x0000000086a00000, 0x0000000086a00000| Complete 
|  87|0x0000000086b00000, 0x0000000086c00000, 0x0000000086c00000|100%| E|CS|TAMS 0x0000000086b00000, 0x0000000086b00000| Complete 
|  88|0x0000000086c00000, 0x0000000086d00000, 0x0000000086d00000|100%| E|CS|TAMS 0x0000000086c00000, 0x0000000086c00000| Complete 
|  89|0x0000000086d00000, 0x0000000086e00000, 0x0000000086e00000|100%| E|CS|TAMS 0x0000000086d00000, 0x0000000086d00000| Complete 
|  90|0x0000000086e00000, 0x0000000086f00000, 0x0000000086f00000|100%| E|CS|TAMS 0x0000000086e00000, 0x0000000086e00000| Complete 
|  91|0x0000000086f00000, 0x0000000087000000, 0x0000000087000000|100%| E|CS|TAMS 0x0000000086f00000, 0x0000000086f00000| Complete 
|  92|0x0000000087000000, 0x0000000087100000, 0x0000000087100000|100%| E|CS|TAMS 0x0000000087000000, 0x0000000087000000| Complete 
|  93|0x0000000087100000, 0x00000000871c8d98, 0x0000000087200000| 78%| S|CS|TAMS 0x0000000087100000, 0x0000000087100000| Complete 
|  94|0x0000000087200000, 0x0000000087300000, 0x0000000087300000|100%| S|CS|TAMS 0x0000000087200000, 0x0000000087200000| Complete 
|  95|0x0000000087300000, 0x0000000087400000, 0x0000000087400000|100%| E|CS|TAMS 0x0000000087300000, 0x0000000087300000| Complete 
|  96|0x0000000087400000, 0x0000000087500000, 0x0000000087500000|100%| E|CS|TAMS 0x0000000087400000, 0x0000000087400000| Complete 
|  97|0x0000000087500000, 0x0000000087600000, 0x0000000087600000|100%| E|CS|TAMS 0x0000000087500000, 0x0000000087500000| Complete 
|  98|0x0000000087600000, 0x0000000087700000, 0x0000000087700000|100%| E|CS|TAMS 0x0000000087600000, 0x0000000087600000| Complete 
|  99|0x0000000087700000, 0x0000000087800000, 0x0000000087800000|100%| E|CS|TAMS 0x0000000087700000, 0x0000000087700000| Complete 
| 100|0x0000000087800000, 0x0000000087900000, 0x0000000087900000|100%| E|CS|TAMS 0x0000000087800000, 0x0000000087800000| Complete 
| 101|0x0000000087900000, 0x0000000087a00000, 0x0000000087a00000|100%| E|CS|TAMS 0x0000000087900000, 0x0000000087900000| Complete 
| 102|0x0000000087a00000, 0x0000000087b00000, 0x0000000087b00000|100%| E|CS|TAMS 0x0000000087a00000, 0x0000000087a00000| Complete 
| 103|0x0000000087b00000, 0x0000000087c00000, 0x0000000087c00000|100%| E|CS|TAMS 0x0000000087b00000, 0x0000000087b00000| Complete 
| 104|0x0000000087c00000, 0x0000000087d00000, 0x0000000087d00000|100%| E|CS|TAMS 0x0000000087c00000, 0x0000000087c00000| Complete 
| 105|0x0000000087d00000, 0x0000000087e00000, 0x0000000087e00000|100%| E|CS|TAMS 0x0000000087d00000, 0x0000000087d00000| Complete 
| 106|0x0000000087e00000, 0x0000000087f00000, 0x0000000087f00000|100%| E|CS|TAMS 0x0000000087e00000, 0x0000000087e00000| Complete 
| 107|0x0000000087f00000, 0x0000000088000000, 0x0000000088000000|100%| E|CS|TAMS 0x0000000087f00000, 0x0000000087f00000| Complete 
| 108|0x0000000088000000, 0x0000000088100000, 0x0000000088100000|100%| E|CS|TAMS 0x0000000088000000, 0x0000000088000000| Complete 
| 109|0x0000000088100000, 0x0000000088200000, 0x0000000088200000|100%| E|CS|TAMS 0x0000000088100000, 0x0000000088100000| Complete 
| 110|0x0000000088200000, 0x0000000088300000, 0x0000000088300000|100%| E|CS|TAMS 0x0000000088200000, 0x0000000088200000| Complete 
| 111|0x0000000088300000, 0x0000000088400000, 0x0000000088400000|100%| E|CS|TAMS 0x0000000088300000, 0x0000000088300000| Complete 
| 112|0x0000000088400000, 0x0000000088500000, 0x0000000088500000|100%| E|CS|TAMS 0x0000000088400000, 0x0000000088400000| Complete 
| 113|0x0000000088500000, 0x0000000088600000, 0x0000000088600000|100%| E|CS|TAMS 0x0000000088500000, 0x0000000088500000| Complete 
| 114|0x0000000088600000, 0x0000000088700000, 0x0000000088700000|100%| E|CS|TAMS 0x0000000088600000, 0x0000000088600000| Complete 
| 115|0x0000000088700000, 0x0000000088800000, 0x0000000088800000|100%| E|CS|TAMS 0x0000000088700000, 0x0000000088700000| Complete 
| 116|0x0000000088800000, 0x0000000088900000, 0x0000000088900000|100%| E|CS|TAMS 0x0000000088800000, 0x0000000088800000| Complete 
| 117|0x0000000088900000, 0x0000000088a00000, 0x0000000088a00000|100%| E|CS|TAMS 0x0000000088900000, 0x0000000088900000| Complete 
| 118|0x0000000088a00000, 0x0000000088b00000, 0x0000000088b00000|100%| E|CS|TAMS 0x0000000088a00000, 0x0000000088a00000| Complete 
| 119|0x0000000088b00000, 0x0000000088c00000, 0x0000000088c00000|100%| E|CS|TAMS 0x0000000088b00000, 0x0000000088b00000| Complete 
| 120|0x0000000088c00000, 0x0000000088d00000, 0x0000000088d00000|100%| E|CS|TAMS 0x0000000088c00000, 0x0000000088c00000| Complete 
| 121|0x0000000088d00000, 0x0000000088e00000, 0x0000000088e00000|100%| E|CS|TAMS 0x0000000088d00000, 0x0000000088d00000| Complete 
| 122|0x0000000088e00000, 0x0000000088f00000, 0x0000000088f00000|100%| E|CS|TAMS 0x0000000088e00000, 0x0000000088e00000| Complete 
| 123|0x0000000088f00000, 0x0000000089000000, 0x0000000089000000|100%| E|CS|TAMS 0x0000000088f00000, 0x0000000088f00000| Complete 
| 124|0x0000000089000000, 0x0000000089100000, 0x0000000089100000|100%| E|CS|TAMS 0x0000000089000000, 0x0000000089000000| Complete 
| 125|0x0000000089100000, 0x0000000089200000, 0x0000000089200000|100%| E|CS|TAMS 0x0000000089100000, 0x0000000089100000| Complete 
| 126|0x0000000089200000, 0x0000000089300000, 0x0000000089300000|100%| E|CS|TAMS 0x0000000089200000, 0x0000000089200000| Complete 
| 127|0x0000000089300000, 0x0000000089400000, 0x0000000089400000|100%| E|CS|TAMS 0x0000000089300000, 0x0000000089300000| Complete 

Card table byte_map: [0x000001e2de490000,0x000001e2de890000] _byte_map_base: 0x000001e2de086000

Marking Bits (Prev, Next): (CMBitMap*) 0x000001e2c7545ce0, (CMBitMap*) 0x000001e2c7545d20
 Prev Bits: [0x000001e2dec90000, 0x000001e2e0c40000)
 Next Bits: [0x000001e2e0c40000, 0x000001e2e2bf0000)

Polling page: 0x000001e2c6cc0000

Metaspace:

Usage:
  Non-class:     13.13 MB used.
      Class:      1.79 MB used.
       Both:     14.92 MB used.

Virtual space:
  Non-class space:       16.00 MB reserved,      13.25 MB ( 83%) committed,  2 nodes.
      Class space:        1.00 GB reserved,       1.88 MB ( <1%) committed,  1 nodes.
             Both:        1.02 GB reserved,      15.12 MB (  1%) committed. 

Chunk freelists:
   Non-Class:  2.11 MB
       Class:  1.97 MB
        Both:  4.08 MB

MaxMetaspaceSize: unlimited
CompressedClassSpaceSize: 1.00 GB
Initial GC threshold: 21.00 MB
Current GC threshold: 21.00 MB
CDS: on
MetaspaceReclaimPolicy: balanced
 - commit_granule_bytes: 65536.
 - commit_granule_words: 8192.
 - virtual_space_node_default_size: 1048576.
 - enlarge_chunks_in_place: 1.
 - new_chunks_are_fully_committed: 0.
 - uncommit_free_chunks: 1.
 - use_allocation_guard: 0.
 - handle_deallocations: 1.


Internal statistics:

num_allocs_failed_limit: 0.
num_arena_births: 86.
num_arena_deaths: 0.
num_vsnodes_births: 3.
num_vsnodes_deaths: 0.
num_space_committed: 242.
num_space_uncommitted: 0.
num_chunks_returned_to_freelist: 0.
num_chunks_taken_from_freelist: 620.
num_chunk_merges: 0.
num_chunk_splits: 421.
num_chunks_enlarged: 346.
num_purges: 0.
num_inconsistent_stats: 0.

CodeHeap 'non-profiled nmethods': size=120000Kb used=1321Kb max_used=1321Kb free=118678Kb
 bounds [0x000001e2d6830000, 0x000001e2d6aa0000, 0x000001e2ddd60000]
CodeHeap 'profiled nmethods': size=120000Kb used=6506Kb max_used=6506Kb free=113493Kb
 bounds [0x000001e2cf300000, 0x000001e2cf960000, 0x000001e2d6830000]
CodeHeap 'non-nmethods': size=5760Kb used=1176Kb max_used=1221Kb free=4584Kb
 bounds [0x000001e2ced60000, 0x000001e2cefd0000, 0x000001e2cf300000]
 total_blobs=3690 nmethods=3223 adapters=379
 compilation: enabled
              stopped_count=0, restarted_count=0
 full_count=0

Compilation events (20 events):
Event: 272.582 Thread 0x000001e2e56644d0 nmethod 3244 0x000001e2cf955690 code [0x000001e2cf955840, 0x000001e2cf955ac8]
Event: 272.582 Thread 0x000001e2e56644d0 3245       3       org.apache.maven.model.io.xpp3.MavenXpp3Reader::getTrimmedValue (11 bytes)
Event: 272.582 Thread 0x000001e2e55fac30 3247 %     4       sun.nio.cs.UTF_8$Decoder::decodeArrayLoop @ 103 (688 bytes)
Event: 272.583 Thread 0x000001e2e56644d0 nmethod 3245 0x000001e2cf955c90 code [0x000001e2cf955e60, 0x000001e2cf9561d8]
Event: 272.583 Thread 0x000001e2e56644d0 3246       1       org.apache.maven.model.Contributor::setEmail (6 bytes)
Event: 272.583 Thread 0x000001e2e56644d0 nmethod 3246 0x000001e2d6979d90 code [0x000001e2d6979f20, 0x000001e2d697a038]
Event: 272.583 Thread 0x000001e2e56644d0 3248       1       org.apache.maven.model.Contributor::setRoles (6 bytes)
Event: 272.583 Thread 0x000001e2e56644d0 nmethod 3248 0x000001e2d697a090 code [0x000001e2d697a220, 0x000001e2d697a338]
Event: 272.584 Thread 0x000001e2e56644d0 3249       3       org.apache.maven.model.Developer::<init> (5 bytes)
Event: 272.584 Thread 0x000001e2e56644d0 nmethod 3249 0x000001e2cf956310 code [0x000001e2cf9564c0, 0x000001e2cf956678]
Event: 272.589 Thread 0x000001e2e56644d0 3250       1       org.apache.maven.model.PluginExecution::setId (6 bytes)
Event: 272.589 Thread 0x000001e2e56644d0 nmethod 3250 0x000001e2d697a390 code [0x000001e2d697a520, 0x000001e2d697a638]
Event: 272.590 Thread 0x000001e2e56644d0 3251       3       org.codehaus.plexus.util.xml.pull.MXParser::joinPC (69 bytes)
Event: 272.590 Thread 0x000001e2e56644d0 nmethod 3251 0x000001e2cf956790 code [0x000001e2cf956940, 0x000001e2cf956bd8]
Event: 272.590 Thread 0x000001e2e56644d0 3252   !   3       sun.nio.cs.StreamDecoder::readBytes (271 bytes)
Event: 272.592 Thread 0x000001e2e56644d0 nmethod 3252 0x000001e2cf956d10 code [0x000001e2cf957020, 0x000001e2cf958028]
Event: 272.592 Thread 0x000001e2e56644d0 3253   !   3       org.apache.maven.model.Developer::clone (51 bytes)
Event: 272.593 Thread 0x000001e2e56644d0 nmethod 3253 0x000001e2cf958910 code [0x000001e2cf958b80, 0x000001e2cf9594a8]
Event: 272.594 Thread 0x000001e2e56644d0 3254   !   3       org.apache.maven.model.Repository::clone (87 bytes)
Event: 272.595 Thread 0x000001e2e56644d0 nmethod 3254 0x000001e2cf959810 code [0x000001e2cf959ac0, 0x000001e2cf95a5e8]

GC Heap History (4 events):
Event: 36.522 GC heap before
{Heap before GC invocations=0 (full 0):
 garbage-first heap   total 131072K, used 23552K [0x0000000081400000, 0x0000000100000000)
  region size 1024K, 23 young (23552K), 0 survivors (0K)
 Metaspace       used 5662K, committed 5888K, reserved 1056768K
  class space    used 678K, committed 768K, reserved 1048576K
}
Event: 36.843 GC heap after
{Heap after GC invocations=1 (full 0):
 garbage-first heap   total 131072K, used 3805K [0x0000000081400000, 0x0000000100000000)
  region size 1024K, 3 young (3072K), 3 survivors (3072K)
 Metaspace       used 5662K, committed 5888K, reserved 1056768K
  class space    used 678K, committed 768K, reserved 1048576K
}
Event: 45.573 GC heap before
{Heap before GC invocations=1 (full 0):
 garbage-first heap   total 131072K, used 34525K [0x0000000081400000, 0x0000000100000000)
  region size 1024K, 33 young (33792K), 3 survivors (3072K)
 Metaspace       used 9322K, committed 9536K, reserved 1064960K
  class space    used 1133K, committed 1216K, reserved 1048576K
}
Event: 45.581 GC heap after
{Heap after GC invocations=2 (full 0):
 garbage-first heap   total 131072K, used 5485K [0x0000000081400000, 0x0000000100000000)
  region size 1024K, 2 young (2048K), 2 survivors (2048K)
 Metaspace       used 9322K, committed 9536K, reserved 1064960K
  class space    used 1133K, committed 1216K, reserved 1048576K
}

Deoptimization events (20 events):
Event: 79.056 Thread 0x000001e2c74ebea0 Uncommon trap: trap_request=0xffffff66 fr.pc=0x000001e2d6969604 relative=0x0000000000000f24
Event: 79.056 Thread 0x000001e2c74ebea0 Uncommon trap: reason=speculate_class_check action=maybe_recompile pc=0x000001e2d6969604 method=java.util.regex.Pattern$CharPredicate.lambda$negate$3(I)Z @ 2 c2
Event: 79.056 Thread 0x000001e2c74ebea0 DEOPT PACKING pc=0x000001e2d6969604 sp=0x00000020a34fc250
Event: 79.056 Thread 0x000001e2c74ebea0 DEOPT UNPACKING pc=0x000001e2cedb23a3 sp=0x00000020a34fc110 mode 2
Event: 265.664 Thread 0x000001e2c74ebea0 Uncommon trap: trap_request=0xffffffbe fr.pc=0x000001e2d6973df4 relative=0x0000000000001414
Event: 265.670 Thread 0x000001e2c74ebea0 Uncommon trap: reason=profile_predicate action=maybe_recompile pc=0x000001e2d6973df4 method=java.util.regex.Pattern$CharPropertyGreedy.match(Ljava/util/regex/Matcher;ILjava/lang/CharSequence;)Z @ 103 c2
Event: 265.670 Thread 0x000001e2c74ebea0 DEOPT PACKING pc=0x000001e2d6973df4 sp=0x00000020a34fc260
Event: 265.671 Thread 0x000001e2c74ebea0 DEOPT UNPACKING pc=0x000001e2cedb23a3 sp=0x00000020a34fc1f0 mode 2
Event: 266.835 Thread 0x000001e2c74ebea0 Uncommon trap: trap_request=0xffffffbe fr.pc=0x000001e2d6973df4 relative=0x0000000000001414
Event: 266.835 Thread 0x000001e2c74ebea0 Uncommon trap: reason=profile_predicate action=maybe_recompile pc=0x000001e2d6973df4 method=java.util.regex.Pattern$CharPropertyGreedy.match(Ljava/util/regex/Matcher;ILjava/lang/CharSequence;)Z @ 103 c2
Event: 266.835 Thread 0x000001e2c74ebea0 DEOPT PACKING pc=0x000001e2d6973df4 sp=0x00000020a34fc380
Event: 266.835 Thread 0x000001e2c74ebea0 DEOPT UNPACKING pc=0x000001e2cedb23a3 sp=0x00000020a34fc310 mode 2
Event: 266.835 Thread 0x000001e2c74ebea0 Uncommon trap: trap_request=0xffffffbe fr.pc=0x000001e2d6973df4 relative=0x0000000000001414
Event: 266.835 Thread 0x000001e2c74ebea0 Uncommon trap: reason=profile_predicate action=maybe_recompile pc=0x000001e2d6973df4 method=java.util.regex.Pattern$CharPropertyGreedy.match(Ljava/util/regex/Matcher;ILjava/lang/CharSequence;)Z @ 103 c2
Event: 266.835 Thread 0x000001e2c74ebea0 DEOPT PACKING pc=0x000001e2d6973df4 sp=0x00000020a34fc230
Event: 266.835 Thread 0x000001e2c74ebea0 DEOPT UNPACKING pc=0x000001e2cedb23a3 sp=0x00000020a34fc1c0 mode 2
Event: 266.835 Thread 0x000001e2c74ebea0 Uncommon trap: trap_request=0xffffffbe fr.pc=0x000001e2d6973df4 relative=0x0000000000001414
Event: 266.835 Thread 0x000001e2c74ebea0 Uncommon trap: reason=profile_predicate action=maybe_recompile pc=0x000001e2d6973df4 method=java.util.regex.Pattern$CharPropertyGreedy.match(Ljava/util/regex/Matcher;ILjava/lang/CharSequence;)Z @ 103 c2
Event: 266.835 Thread 0x000001e2c74ebea0 DEOPT PACKING pc=0x000001e2d6973df4 sp=0x00000020a34fc230
Event: 266.835 Thread 0x000001e2c74ebea0 DEOPT UNPACKING pc=0x000001e2cedb23a3 sp=0x00000020a34fc1c0 mode 2

Classes unloaded (0 events):
No events

Classes redefined (0 events):
No events

Internal exceptions (20 events):
Event: 22.886 Thread 0x000001e2c74ebea0 Exception <a 'java/lang/NoSuchMethodError'{0x0000000088b1dbf0}: 'java.lang.Object java.lang.invoke.DirectMethodHandle$Holder.invokeSpecialIFC(java.lang.Object, java.lang.Object, java.lang.Object, java.lang.Object)'> (0x0000000088b1dbf0) 
thrown [s\open\src\hotspot\share\interpreter\linkResolver.cpp, line 759]
Event: 32.619 Thread 0x000001e2c74ebea0 Exception <a 'java/lang/NoSuchMethodError'{0x0000000088508398}: 'java.lang.Object java.lang.invoke.DirectMethodHandle$Holder.invokeStaticInit(java.lang.Object)'> (0x0000000088508398) 
thrown [s\open\src\hotspot\share\interpreter\linkResolver.cpp, line 759]
Event: 32.637 Thread 0x000001e2c74ebea0 Exception <a 'java/lang/NoSuchMethodError'{0x0000000088528ac0}: 'void java.lang.invoke.DirectMethodHandle$Holder.invokeSpecial(java.lang.Object, java.lang.Object, java.lang.Object)'> (0x0000000088528ac0) 
thrown [s\open\src\hotspot\share\interpreter\linkResolver.cpp, line 759]
Event: 33.325 Thread 0x000001e2c74ebea0 Exception <a 'java/lang/NoSuchMethodError'{0x00000000884ad5c0}: 'java.lang.Object java.lang.invoke.DirectMethodHandle$Holder.invokeInterface(java.lang.Object, java.lang.Object)'> (0x00000000884ad5c0) 
thrown [s\open\src\hotspot\share\interpreter\linkResolver.cpp, line 759]
Event: 33.403 Thread 0x000001e2c74ebea0 Exception <a 'java/lang/NoSuchMethodError'{0x000000008836b6d0}: 'java.lang.Object java.lang.invoke.Invokers$Holder.invokeExact_MT(java.lang.Object, java.lang.Object, java.lang.Object, java.lang.Object, java.lang.Object, java.lang.Object)'> (0x000000008836b6d0) 
thrown [s\open\src\hotspot\share\interpreter\linkResolver.cpp, line 759]
Event: 33.409 Thread 0x000001e2c74ebea0 Exception <a 'java/lang/NoSuchMethodError'{0x000000008837cde0}: 'int java.lang.invoke.DirectMethodHandle$Holder.invokeSpecialIFC(java.lang.Object, java.lang.Object, java.lang.Object, java.lang.Object, java.lang.Object)'> (0x000000008837cde0) 
thrown [s\open\src\hotspot\share\interpreter\linkResolver.cpp, line 759]
Event: 34.061 Thread 0x000001e2c74ebea0 Exception <a 'java/lang/NoSuchMethodError'{0x000000008815be98}: 'java.lang.Object java.lang.invoke.DirectMethodHandle$Holder.newInvokeSpecial(java.lang.Object, java.lang.Object, java.lang.Object, java.lang.Object, java.lang.Object)'> (0x000000008815be98) 
thrown [s\open\src\hotspot\share\interpreter\linkResolver.cpp, line 759]
Event: 35.445 Thread 0x000001e2c74ebea0 Exception <a 'java/lang/NoSuchMethodError'{0x0000000088073378}: 'int java.lang.invoke.DirectMethodHandle$Holder.invokeStaticInit(java.lang.Object, java.lang.Object)'> (0x0000000088073378) 
thrown [s\open\src\hotspot\share\interpreter\linkResolver.cpp, line 759]
Event: 35.947 Thread 0x000001e2c74ebea0 Exception <a 'java/lang/NoClassDefFoundError'{0x00000000880b1a00}: javax/enterprise/inject/Typed> (0x00000000880b1a00) 
thrown [s\open\src\hotspot\share\classfile\systemDictionary.cpp, line 245]
Event: 51.432 Thread 0x000001e2c74ebea0 Exception <a 'java/lang/NoSuchMethodError'{0x0000000088d5e510}: 'void java.lang.invoke.DirectMethodHandle$Holder.invokeStaticInit(java.lang.Object, java.lang.Object, java.lang.Object)'> (0x0000000088d5e510) 
thrown [s\open\src\hotspot\share\interpreter\linkResolver.cpp, line 759]
Event: 51.441 Thread 0x000001e2c74ebea0 Exception <a 'java/lang/ExceptionInInitializerError'{0x0000000088d8b8d0}> (0x0000000088d8b8d0) 
thrown [s\open\src\hotspot\share\oops\instanceKlass.cpp, line 1166]
Event: 52.353 Thread 0x000001e2c74ebea0 Implicit null exception at 0x000001e2d68a552f to 0x000001e2d68a568c
Event: 52.381 Thread 0x000001e2c74ebea0 Exception <a 'java/lang/NoSuchMethodError'{0x0000000088ca5da0}: 'java.lang.Object java.lang.invoke.Invokers$Holder.invokeExact_MT(java.lang.Object, int, java.lang.Object)'> (0x0000000088ca5da0) 
thrown [s\open\src\hotspot\share\interpreter\linkResolver.cpp, line 759]
Event: 52.404 Thread 0x000001e2c74ebea0 Exception <a 'java/lang/NoSuchMethodError'{0x0000000088b08888}: 'void java.lang.invoke.DirectMethodHandle$Holder.invokeStatic(java.lang.Object, java.lang.Object)'> (0x0000000088b08888) 
thrown [s\open\src\hotspot\share\interpreter\linkResolver.cpp, line 759]
Event: 52.408 Thread 0x000001e2c74ebea0 Exception <a 'java/lang/NoSuchMethodError'{0x0000000088b193e8}: 'int java.lang.invoke.DirectMethodHandle$Holder.invokeSpecial(java.lang.Object, java.lang.Object, java.lang.Object, java.lang.Object)'> (0x0000000088b193e8) 
thrown [s\open\src\hotspot\share\interpreter\linkResolver.cpp, line 759]
Event: 59.251 Thread 0x000001e2c74ebea0 Exception <a 'java/lang/NoClassDefFoundError'{0x0000000088391500}: com/google/inject/servlet/ServletModuleTargetVisitor> (0x0000000088391500) 
thrown [s\open\src\hotspot\share\classfile\systemDictionary.cpp, line 245]
Event: 62.498 Thread 0x000001e2c74ebea0 Exception <a 'java/lang/NoSuchMethodError'{0x0000000088031608}: 'void java.lang.invoke.DirectMethodHandle$Holder.invokeVirtual(java.lang.Object, java.lang.Object)'> (0x0000000088031608) 
thrown [s\open\src\hotspot\share\interpreter\linkResolver.cpp, line 759]
Event: 63.323 Thread 0x000001e2c74ebea0 Exception <a 'java/lang/NoSuchMethodError'{0x00000000880bb5d8}: 'java.lang.Object java.lang.invoke.DirectMethodHandle$Holder.invokeStaticInit(java.lang.Object, int, int, int, int)'> (0x00000000880bb5d8) 
thrown [s\open\src\hotspot\share\interpreter\linkResolver.cpp, line 759]
Event: 66.248 Thread 0x000001e2c74ebea0 Implicit null exception at 0x000001e2d6866cf2 to 0x000001e2d686730c
Event: 66.248 Thread 0x000001e2c74ebea0 Implicit null exception at 0x000001e2d685b4f2 to 0x000001e2d685bb0c

VM Operations (20 events):
Event: 81.218 Executing VM operation: Cleanup
Event: 81.218 Executing VM operation: Cleanup done
Event: 244.963 Executing VM operation: Cleanup
Event: 246.045 Executing VM operation: Cleanup done
Event: 247.065 Executing VM operation: Cleanup
Event: 249.133 Executing VM operation: Cleanup done
Event: 255.198 Executing VM operation: Cleanup
Event: 257.644 Executing VM operation: Cleanup done
Event: 258.675 Executing VM operation: Cleanup
Event: 259.590 Executing VM operation: Cleanup done
Event: 260.595 Executing VM operation: Cleanup
Event: 261.638 Executing VM operation: Cleanup done
Event: 262.647 Executing VM operation: Cleanup
Event: 263.106 Executing VM operation: Cleanup done
Event: 268.168 Executing VM operation: Cleanup
Event: 268.168 Executing VM operation: Cleanup done
Event: 270.196 Executing VM operation: Cleanup
Event: 270.213 Executing VM operation: Cleanup done
Event: 271.215 Executing VM operation: Cleanup
Event: 271.406 Executing VM operation: Cleanup done

Events (20 events):
Event: 68.029 loading class sun/util/resources/Bundles$2
Event: 68.029 loading class sun/util/resources/Bundles$2 done
Event: 69.370 loading class java/lang/Short$ShortCache
Event: 69.371 loading class java/lang/Short$ShortCache done
Event: 69.371 loading class java/lang/Byte$ByteCache
Event: 69.371 loading class java/lang/Byte$ByteCache done
Event: 74.547 Thread 0x000001e2e686c0d0 Thread added: 0x000001e2e686c0d0
Event: 76.262 Thread 0x000001e2e686c0d0 Thread exited: 0x000001e2e686c0d0
Event: 79.082 loading class java/lang/invoke/MethodHandle$1
Event: 79.082 loading class java/lang/invoke/MethodHandle$1 done
Event: 263.914 loading class java/util/stream/MatchOps$MatchKind
Event: 263.924 loading class java/util/stream/MatchOps$MatchKind done
Event: 263.925 loading class java/util/stream/MatchOps
Event: 265.643 loading class java/util/stream/MatchOps done
Event: 265.643 loading class java/util/stream/MatchOps$MatchOp
Event: 265.648 loading class java/util/stream/MatchOps$MatchOp done
Event: 265.650 loading class java/util/stream/MatchOps$BooleanTerminalSink
Event: 265.650 loading class java/util/stream/MatchOps$BooleanTerminalSink done
Event: 265.658 loading class java/util/stream/MatchOps$1MatchSink
Event: 265.660 loading class java/util/stream/MatchOps$1MatchSink done


Dynamic libraries:
0x00007ff75cc70000 - 0x00007ff75cc80000 	C:\Program Files\Java\jdk-17.0.4.1\bin\java.exe
0x00007ffe52bb0000 - 0x00007ffe52dc7000 	C:\WINDOWS\SYSTEM32\ntdll.dll
0x00007ffe51f30000 - 0x00007ffe51ff4000 	C:\WINDOWS\System32\KERNEL32.DLL
0x00007ffe501b0000 - 0x00007ffe50555000 	C:\WINDOWS\System32\KERNELBASE.dll
0x00007ffe50720000 - 0x00007ffe50831000 	C:\WINDOWS\System32\ucrtbase.dll
0x00007ffe30030000 - 0x00007ffe30048000 	C:\Program Files\Java\jdk-17.0.4.1\bin\jli.dll
0x00007ffe517e0000 - 0x00007ffe51891000 	C:\WINDOWS\System32\ADVAPI32.dll
0x00007ffe518a0000 - 0x00007ffe51947000 	C:\WINDOWS\System32\msvcrt.dll
0x00007ffe522a0000 - 0x00007ffe52346000 	C:\WINDOWS\System32\sechost.dll
0x00007ffe52000000 - 0x00007ffe52117000 	C:\WINDOWS\System32\RPCRT4.dll
0x00007ffe50980000 - 0x00007ffe50b2e000 	C:\WINDOWS\System32\USER32.dll
0x00007ffe506f0000 - 0x00007ffe50716000 	C:\WINDOWS\System32\win32u.dll
0x00007ffe51c60000 - 0x00007ffe51c89000 	C:\WINDOWS\System32\GDI32.dll
0x00007ffe50560000 - 0x00007ffe50679000 	C:\WINDOWS\System32\gdi32full.dll
0x00007ffe4ff20000 - 0x00007ffe4ffba000 	C:\WINDOWS\System32\msvcp_win.dll
0x00007ffe33530000 - 0x00007ffe3354a000 	C:\Program Files\Java\jdk-17.0.4.1\bin\VCRUNTIME140.dll
0x00007ffe37df0000 - 0x00007ffe38083000 	C:\WINDOWS\WinSxS\amd64_microsoft.windows.common-controls_6595b64144ccf1df_6.0.22621.2506_none_270c5ae97388e100\COMCTL32.dll
0x00007ffe43a50000 - 0x00007ffe43a5a000 	C:\WINDOWS\SYSTEM32\VERSION.dll
0x00007ffe51c90000 - 0x00007ffe51cc1000 	C:\WINDOWS\System32\IMM32.DLL
0x00007ffe46400000 - 0x00007ffe4640c000 	C:\Program Files\Java\jdk-17.0.4.1\bin\vcruntime140_1.dll
0x00007ffe10100000 - 0x00007ffe1018d000 	C:\Program Files\Java\jdk-17.0.4.1\bin\msvcp140.dll
0x00007ffdedab0000 - 0x00007ffdee672000 	C:\Program Files\Java\jdk-17.0.4.1\bin\server\jvm.dll
0x00007ffe52b60000 - 0x00007ffe52b68000 	C:\WINDOWS\System32\PSAPI.DLL
0x00007ffe48480000 - 0x00007ffe48489000 	C:\WINDOWS\SYSTEM32\WSOCK32.dll
0x00007ffe50900000 - 0x00007ffe50971000 	C:\WINDOWS\System32\WS2_32.dll
0x00007ffe44d00000 - 0x00007ffe44d34000 	C:\WINDOWS\SYSTEM32\WINMM.dll
0x00007ffe4efb0000 - 0x00007ffe4efc8000 	C:\WINDOWS\SYSTEM32\kernel.appcore.dll
0x00007ffe45ed0000 - 0x00007ffe45eda000 	C:\Program Files\Java\jdk-17.0.4.1\bin\jimage.dll
0x00007ffe4d850000 - 0x00007ffe4da83000 	C:\WINDOWS\SYSTEM32\DBGHELP.DLL
0x00007ffe52350000 - 0x00007ffe526d9000 	C:\WINDOWS\System32\combase.dll
0x00007ffe51950000 - 0x00007ffe51a27000 	C:\WINDOWS\System32\OLEAUT32.dll
0x00007ffe315e0000 - 0x00007ffe31612000 	C:\WINDOWS\SYSTEM32\dbgcore.DLL
0x00007ffe50130000 - 0x00007ffe501aa000 	C:\WINDOWS\System32\bcryptPrimitives.dll
0x00007ffe2ffc0000 - 0x00007ffe2ffe5000 	C:\Program Files\Java\jdk-17.0.4.1\bin\java.dll
0x00007ffe00e30000 - 0x00007ffe00f06000 	C:\Program Files\Java\jdk-17.0.4.1\bin\jsvml.dll
0x00007ffe50d00000 - 0x00007ffe51559000 	C:\WINDOWS\System32\SHELL32.dll
0x00007ffe4de50000 - 0x00007ffe4e744000 	C:\WINDOWS\SYSTEM32\windows.storage.dll
0x00007ffe4dd10000 - 0x00007ffe4de4e000 	C:\WINDOWS\SYSTEM32\wintypes.dll
0x00007ffe50b30000 - 0x00007ffe50c23000 	C:\WINDOWS\System32\SHCORE.dll
0x00007ffe51eb0000 - 0x00007ffe51f0e000 	C:\WINDOWS\System32\shlwapi.dll
0x00007ffe4fe50000 - 0x00007ffe4fe76000 	C:\WINDOWS\SYSTEM32\profapi.dll
0x00007ffe33090000 - 0x00007ffe330a9000 	C:\Program Files\Java\jdk-17.0.4.1\bin\net.dll
0x00007ffe44b60000 - 0x00007ffe44c97000 	C:\WINDOWS\SYSTEM32\WINHTTP.dll
0x00007ffe4f490000 - 0x00007ffe4f4f9000 	C:\WINDOWS\system32\mswsock.dll
0x00007ffe30140000 - 0x00007ffe30156000 	C:\Program Files\Java\jdk-17.0.4.1\bin\nio.dll
0x00007ffe30080000 - 0x00007ffe30098000 	C:\Program Files\Java\jdk-17.0.4.1\bin\zip.dll
0x0000000069ac0000 - 0x0000000069ae4000 	C:\Users\larak\AppData\Local\Temp\jansi-2.4.0-937491e3178e40d0-jansi.dll
0x00007ffe455e0000 - 0x00007ffe455f0000 	C:\Program Files\Java\jdk-17.0.4.1\bin\verify.dll

dbghelp: loaded successfully - version: 4.0.5 - missing functions: none
symbol engine: initialized successfully - sym options: 0x614 - pdb path: .;C:\Program Files\Java\jdk-17.0.4.1\bin;C:\WINDOWS\SYSTEM32;C:\WINDOWS\WinSxS\amd64_microsoft.windows.common-controls_6595b64144ccf1df_6.0.22621.2506_none_270c5ae97388e100;C:\Program Files\Java\jdk-17.0.4.1\bin\server;C:\Users\larak\AppData\Local\Temp

VM Arguments:
jvm_args: -Dmaven.multiModuleProjectDirectory=C:\Senac\curso ds\ProjetoIntegradorUC15\Etapa0708PIUC15\petpug\petpug 
java_command: org.apache.maven.wrapper.MavenWrapperMain -Dmaven.ext.class.path=C:\Program Files\NetBeans-14\netbeans\java\maven-nblib\netbeans-eventspy.jar -Dfile.encoding=UTF-8 install
java_class_path (initial): C:\Senac\curso ds\ProjetoIntegradorUC15\Etapa0708PIUC15\petpug\petpug\.mvn\wrapper\maven-wrapper.jar
Launcher Type: SUN_STANDARD

[Global flags]
     intx CICompilerCount                          = 4                                         {product} {ergonomic}
     uint ConcGCThreads                            = 2                                         {product} {ergonomic}
     uint G1ConcRefinementThreads                  = 8                                         {product} {ergonomic}
   size_t G1HeapRegionSize                         = 1048576                                   {product} {ergonomic}
    uintx GCDrainStackTargetSize                   = 64                                        {product} {ergonomic}
   size_t InitialHeapSize                          = 134217728                                 {product} {ergonomic}
   size_t MarkStackSize                            = 4194304                                   {product} {ergonomic}
   size_t MaxHeapSize                              = 2126512128                                {product} {ergonomic}
   size_t MaxNewSize                               = 1275068416                                {product} {ergonomic}
   size_t MinHeapDeltaBytes                        = 1048576                                   {product} {ergonomic}
   size_t MinHeapSize                              = 8388608                                   {product} {ergonomic}
    uintx NonNMethodCodeHeapSize                   = 5839372                                {pd product} {ergonomic}
    uintx NonProfiledCodeHeapSize                  = 122909434                              {pd product} {ergonomic}
    uintx ProfiledCodeHeapSize                     = 122909434                              {pd product} {ergonomic}
    uintx ReservedCodeCacheSize                    = 251658240                              {pd product} {ergonomic}
     bool SegmentedCodeCache                       = true                                      {product} {ergonomic}
   size_t SoftMaxHeapSize                          = 2126512128                             {manageable} {ergonomic}
     bool UseCompressedClassPointers               = true                           {product lp64_product} {ergonomic}
     bool UseCompressedOops                        = true                           {product lp64_product} {ergonomic}
     bool UseG1GC                                  = true                                      {product} {ergonomic}
     bool UseLargePagesIndividualAllocation        = false                                  {pd product} {ergonomic}

Logging:
Log output configuration:
 #0: stdout all=warning uptime,level,tags
 #1: stderr all=off uptime,level,tags

Environment Variables:
JAVA_HOME=C:\Program Files\Java\jdk-17.0.4.1
PATH=C:\Program Files\Common Files\Oracle\Java\javapath;C:\ProgramData\Oracle\Java\javapath;C:\Program Files (x86)\Intel\Intel(R) Management Engine Components\iCLS\;C:\Program Files\Intel\Intel(R) Management Engine Components\iCLS\;C:\windows\system32;C:\windows;C:\windows\System32\Wbem;C:\windows\System32\WindowsPowerShell\v1.0\;C:\windows\System32\OpenSSH\;C:\Program Files (x86)\NVIDIA Corporation\PhysX\Common;C:\Program Files (x86)\Intel\Intel(R) Management Engine Components\DAL;C:\Program Files\Intel\Intel(R) Management Engine Components\DAL;C:\Program Files (x86)\Intel\Intel(R) Management Engine Components\IPT;C:\Program Files\Intel\Intel(R) Management Engine Components\IPT;C:\WINDOWS\system32;C:\WINDOWS;C:\WINDOWS\System32\Wbem;C:\WINDOWS\System32\WindowsPowerShell\v1.0\;C:\WINDOWS\System32\OpenSSH\;C:\ProgramData\UNIVALI\Portugol Studio;C:\Program Files\Git\cmd;D:\Microsoft VS Code\bin;D:\;C:\Users\larak\AppData\Local\Microsoft\WindowsApps;C:\Program Files\JetBrains\PyCharm Community Edition 2020.3.3\bin;;C:\Users\larak\AppData\Local\GitHubDesktop\bin;C:\Users\larak\AppData\Roaming\npm
USERNAME=larak
OS=Windows_NT
PROCESSOR_IDENTIFIER=Intel64 Family 6 Model 142 Stepping 10, GenuineIntel



---------------  S Y S T E M  ---------------

OS:
 Windows 11 , 64 bit Build 22621 (10.0.22621.2506)
OS uptime: 3 days 14:30 hours

CPU: total 8 (initial active 8) (4 cores per cpu, 2 threads per core) family 6 model 142 stepping 10 microcode 0xe0, cx8, cmov, fxsr, ht, mmx, 3dnowpref, sse, sse2, sse3, ssse3, sse4.1, sse4.2, popcnt, lzcnt, tsc, tscinvbit, avx, avx2, aes, erms, clmul, bmi1, bmi2, adx, fma, vzeroupper, clflush, clflushopt

Memory: 4k page, system-wide physical 8106M (228M free)
TotalPageFile size 32682M (AvailPageFile size 67M)
current process WorkingSet (physical memory assigned to process): 48M, peak: 106M
current process commit charge ("private bytes"): 239M, peak: 243M

vm_info: Java HotSpot(TM) 64-Bit Server VM (17.0.4.1+1-LTS-2) for windows-amd64 JRE (17.0.4.1+1-LTS-2), built on Aug 16 2022 18:32:06 by "mach5one" with MS VC++ 16.8 / 16.9 (VS2019)

END.
