#
# There is insufficient memory for the Java Runtime Environment to continue.
# Native memory allocation (malloc) failed to allocate 1574160 bytes for Chunk::new
# Possible reasons:
#   The system is out of physical RAM or swap space
#   The process is running with CompressedOops enabled, and the Java Heap may be blocking the growth of the native heap
# Possible solutions:
#   Reduce memory load on the system
#   Increase physical memory or swap space
#   Check if swap backing store is full
#   Decrease Java heap size (-Xmx/-Xms)
#   Decrease number of Java threads
#   Decrease Java thread stack sizes (-Xss)
#   Set larger code cache with -XX:ReservedCodeCacheSize=
#   JVM is running with Unscaled Compressed Oops mode in which the Java heap is
#     placed in the first 4GB address space. The Java Heap base address is the
#     maximum limit for the native heap growth. Please use -XX:HeapBaseMinAddress
#     to set the Java Heap base and to place the Java Heap above 4GB virtual address.
# This output file may be truncated or incomplete.
#
#  Out of Memory Error (arena.cpp:189), pid=21716, tid=24480
#
# JRE version: Java(TM) SE Runtime Environment (17.0.4.1+1) (build 17.0.4.1+1-LTS-2)
# Java VM: Java HotSpot(TM) 64-Bit Server VM (17.0.4.1+1-LTS-2, mixed mode, sharing, tiered, compressed oops, compressed class ptrs, g1 gc, windows-amd64)
# No core dump will be written. Minidumps are not enabled by default on client versions of Windows
#

---------------  S U M M A R Y ------------

Command Line: -Dmaven.multiModuleProjectDirectory=C:\Senac\curso ds\ProjetoIntegradorUC15\Etapa0708PIUC15\petpug\petpug org.apache.maven.wrapper.MavenWrapperMain -Dmaven.ext.class.path=C:\Program Files\NetBeans-14\netbeans\java\maven-nblib\netbeans-eventspy.jar -Dfile.encoding=UTF-8 install

Host: Intel(R) Core(TM) i5-8250U CPU @ 1.60GHz, 8 cores, 7G,  Windows 11 , 64 bit Build 22621 (10.0.22621.2506)
Time: Mon Dec 18 09:40:28 2023 Hora oficial do Brasil elapsed time: 49.505042 seconds (0d 0h 0m 49s)

---------------  T H R E A D  ---------------

Current thread (0x000001ce7f76c660):  JavaThread "C2 CompilerThread0" daemon [_thread_in_native, id=24480, stack(0x000000a1b7100000,0x000000a1b7200000)]


Current CompileTask:
C2:  49505 1770   !   4       java.net.URL::<init> (543 bytes)

Stack: [0x000000a1b7100000,0x000000a1b7200000]
Native frames: (J=compiled Java code, j=interpreted, Vv=VM code, C=native code)
V  [jvm.dll+0x6723ba]
V  [jvm.dll+0x7d1e34]
V  [jvm.dll+0x7d35de]
V  [jvm.dll+0x7d3c43]
V  [jvm.dll+0x243065]
V  [jvm.dll+0xaa57b]
V  [jvm.dll+0xaab0c]
V  [jvm.dll+0x360467]
V  [jvm.dll+0x32a971]
V  [jvm.dll+0x329e1a]
V  [jvm.dll+0x2161a1]
V  [jvm.dll+0x2155c1]
V  [jvm.dll+0x1a1fcd]
V  [jvm.dll+0x224e08]
V  [jvm.dll+0x222f75]
V  [jvm.dll+0x787a0b]
V  [jvm.dll+0x781fca]
V  [jvm.dll+0x671245]
C  [ucrtbase.dll+0x29363]
C  [KERNEL32.DLL+0x1257d]
C  [ntdll.dll+0x5aa58]


---------------  P R O C E S S  ---------------

Threads class SMR info:
_java_thread_list=0x000001ce191e8d60, length=12, elements={
0x000001ce79dfbea0, 0x000001ce7f751280, 0x000001ce7f753380, 0x000001ce7f767bb0,
0x000001ce7f76a570, 0x000001ce7f76af20, 0x000001ce7f76b8d0, 0x000001ce7f76c660,
0x000001ce7f7d2810, 0x000001ce7f7d6e30, 0x000001ce191e4800, 0x000001ce191ebd60
}

Java Threads: ( => current thread )
  0x000001ce79dfbea0 JavaThread "main" [_thread_in_vm, id=12680, stack(0x000000a1b6300000,0x000000a1b6400000)]
  0x000001ce7f751280 JavaThread "Reference Handler" daemon [_thread_blocked, id=15104, stack(0x000000a1b6b00000,0x000000a1b6c00000)]
  0x000001ce7f753380 JavaThread "Finalizer" daemon [_thread_blocked, id=16020, stack(0x000000a1b6c00000,0x000000a1b6d00000)]
  0x000001ce7f767bb0 JavaThread "Signal Dispatcher" daemon [_thread_blocked, id=24992, stack(0x000000a1b6d00000,0x000000a1b6e00000)]
  0x000001ce7f76a570 JavaThread "Attach Listener" daemon [_thread_blocked, id=26180, stack(0x000000a1b6e00000,0x000000a1b6f00000)]
  0x000001ce7f76af20 JavaThread "Service Thread" daemon [_thread_blocked, id=24924, stack(0x000000a1b6f00000,0x000000a1b7000000)]
  0x000001ce7f76b8d0 JavaThread "Monitor Deflation Thread" daemon [_thread_blocked, id=24968, stack(0x000000a1b7000000,0x000000a1b7100000)]
=>0x000001ce7f76c660 JavaThread "C2 CompilerThread0" daemon [_thread_in_native, id=24480, stack(0x000000a1b7100000,0x000000a1b7200000)]
  0x000001ce7f7d2810 JavaThread "C1 CompilerThread0" daemon [_thread_blocked, id=22712, stack(0x000000a1b7200000,0x000000a1b7300000)]
  0x000001ce7f7d6e30 JavaThread "Sweeper thread" daemon [_thread_blocked, id=26936, stack(0x000000a1b7300000,0x000000a1b7400000)]
  0x000001ce191e4800 JavaThread "Notification Thread" daemon [_thread_blocked, id=22632, stack(0x000000a1b7400000,0x000000a1b7500000)]
  0x000001ce191ebd60 JavaThread "Common-Cleaner" daemon [_thread_blocked, id=23680, stack(0x000000a1b7600000,0x000000a1b7700000)]

Other Threads:
  0x000001ce7f74d690 VMThread "VM Thread" [stack: 0x000000a1b6a00000,0x000000a1b6b00000] [id=22944]
  0x000001ce191e7500 WatcherThread [stack: 0x000000a1b7500000,0x000000a1b7600000] [id=23560]
  0x000001ce79e556d0 GCTaskThread "GC Thread#0" [stack: 0x000000a1b6500000,0x000000a1b6600000] [id=23472]
  0x000001ce1977a6f0 GCTaskThread "GC Thread#1" [stack: 0x000000a1b7700000,0x000000a1b7800000] [id=5208]
  0x000001ce19518040 GCTaskThread "GC Thread#2" [stack: 0x000000a1b7800000,0x000000a1b7900000] [id=25560]
  0x000001ce1946dfa0 GCTaskThread "GC Thread#3" [stack: 0x000000a1b7900000,0x000000a1b7a00000] [id=18308]
  0x000001ce197b3b10 GCTaskThread "GC Thread#4" [stack: 0x000000a1b7a00000,0x000000a1b7b00000] [id=18344]
  0x000001ce19a10470 GCTaskThread "GC Thread#5" [stack: 0x000000a1b7b00000,0x000000a1b7c00000] [id=18388]
  0x000001ce19996d60 GCTaskThread "GC Thread#6" [stack: 0x000000a1b7c00000,0x000000a1b7d00000] [id=18392]
  0x000001ce19997010 GCTaskThread "GC Thread#7" [stack: 0x000000a1b7d00000,0x000000a1b7e00000] [id=18404]
  0x000001ce79e673a0 ConcurrentGCThread "G1 Main Marker" [stack: 0x000000a1b6600000,0x000000a1b6700000] [id=16728]
  0x000001ce79e68dc0 ConcurrentGCThread "G1 Conc#0" [stack: 0x000000a1b6700000,0x000000a1b6800000] [id=16156]
  0x000001ce79ecdcc0 ConcurrentGCThread "G1 Refine#0" [stack: 0x000000a1b6800000,0x000000a1b6900000] [id=22716]
  0x000001ce79ece6e0 ConcurrentGCThread "G1 Service" [stack: 0x000000a1b6900000,0x000000a1b6a00000] [id=25144]

Threads with active compile tasks:
C2 CompilerThread0    49550 1770   !   4       java.net.URL::<init> (543 bytes)

VM state: not at safepoint (normal execution)

VM Mutex/Monitor currently owned by a thread: None

Heap address: 0x0000000081400000, size: 2028 MB, Compressed Oops mode: 32-bit

CDS archive(s) mapped at: [0x0000000800000000-0x0000000800bc0000-0x0000000800bc0000), size 12320768, SharedBaseAddress: 0x0000000800000000, ArchiveRelocationMode: 0.
Compressed class space mapped at: 0x0000000800c00000-0x0000000840c00000, reserved size: 1073741824
Narrow klass base: 0x0000000800000000, Narrow klass shift: 0, Narrow klass range: 0x100000000

GC Precious Log:
 CPUs: 8 total, 8 available
 Memory: 8106M
 Large Page Support: Disabled
 NUMA Support: Disabled
 Compressed Oops: Enabled (32-bit)
 Heap Region Size: 1M
 Heap Min Capacity: 8M
 Heap Initial Capacity: 128M
 Heap Max Capacity: 2028M
 Pre-touch: Disabled
 Parallel Workers: 8
 Concurrent Workers: 2
 Concurrent Refinement Workers: 8
 Periodic GC: Disabled

Heap:
 garbage-first heap   total 131072K, used 11458K [0x0000000081400000, 0x0000000100000000)
  region size 1024K, 9 young (9216K), 2 survivors (2048K)
 Metaspace       used 10351K, committed 10560K, reserved 1064960K
  class space    used 1264K, committed 1344K, reserved 1048576K

Heap Regions: E=young(eden), S=young(survivor), O=old, HS=humongous(starts), HC=humongous(continues), CS=collection set, F=free, OA=open archive, CA=closed archive, TAMS=top-at-mark-start (previous, next)
|   0|0x0000000081400000, 0x0000000081500000, 0x0000000081500000|100%| O|  |TAMS 0x0000000081400000, 0x0000000081400000| Untracked 
|   1|0x0000000081500000, 0x0000000081600000, 0x0000000081600000|100%| O|  |TAMS 0x0000000081500000, 0x0000000081500000| Untracked 
|   2|0x0000000081600000, 0x0000000081700000, 0x0000000081700000|100%| O|  |TAMS 0x0000000081600000, 0x0000000081600000| Untracked 
|   3|0x0000000081700000, 0x00000000817aee00, 0x0000000081800000| 68%| O|  |TAMS 0x0000000081700000, 0x0000000081700000| Untracked 
|   4|0x0000000081800000, 0x0000000081800000, 0x0000000081900000|  0%| F|  |TAMS 0x0000000081800000, 0x0000000081800000| Untracked 
|   5|0x0000000081900000, 0x0000000081900000, 0x0000000081a00000|  0%| F|  |TAMS 0x0000000081900000, 0x0000000081900000| Untracked 
|   6|0x0000000081a00000, 0x0000000081a00000, 0x0000000081b00000|  0%| F|  |TAMS 0x0000000081a00000, 0x0000000081a00000| Untracked 
|   7|0x0000000081b00000, 0x0000000081b00000, 0x0000000081c00000|  0%| F|  |TAMS 0x0000000081b00000, 0x0000000081b00000| Untracked 
|   8|0x0000000081c00000, 0x0000000081c00000, 0x0000000081d00000|  0%| F|  |TAMS 0x0000000081c00000, 0x0000000081c00000| Untracked 
|   9|0x0000000081d00000, 0x0000000081d00000, 0x0000000081e00000|  0%| F|  |TAMS 0x0000000081d00000, 0x0000000081d00000| Untracked 
|  10|0x0000000081e00000, 0x0000000081e00000, 0x0000000081f00000|  0%| F|  |TAMS 0x0000000081e00000, 0x0000000081e00000| Untracked 
|  11|0x0000000081f00000, 0x0000000081f00000, 0x0000000082000000|  0%| F|  |TAMS 0x0000000081f00000, 0x0000000081f00000| Untracked 
|  12|0x0000000082000000, 0x0000000082000000, 0x0000000082100000|  0%| F|  |TAMS 0x0000000082000000, 0x0000000082000000| Untracked 
|  13|0x0000000082100000, 0x0000000082100000, 0x0000000082200000|  0%| F|  |TAMS 0x0000000082100000, 0x0000000082100000| Untracked 
|  14|0x0000000082200000, 0x0000000082200000, 0x0000000082300000|  0%| F|  |TAMS 0x0000000082200000, 0x0000000082200000| Untracked 
|  15|0x0000000082300000, 0x0000000082300000, 0x0000000082400000|  0%| F|  |TAMS 0x0000000082300000, 0x0000000082300000| Untracked 
|  16|0x0000000082400000, 0x0000000082400000, 0x0000000082500000|  0%| F|  |TAMS 0x0000000082400000, 0x0000000082400000| Untracked 
|  17|0x0000000082500000, 0x0000000082500000, 0x0000000082600000|  0%| F|  |TAMS 0x0000000082500000, 0x0000000082500000| Untracked 
|  18|0x0000000082600000, 0x0000000082600000, 0x0000000082700000|  0%| F|  |TAMS 0x0000000082600000, 0x0000000082600000| Untracked 
|  19|0x0000000082700000, 0x0000000082700000, 0x0000000082800000|  0%| F|  |TAMS 0x0000000082700000, 0x0000000082700000| Untracked 
|  20|0x0000000082800000, 0x0000000082800000, 0x0000000082900000|  0%| F|  |TAMS 0x0000000082800000, 0x0000000082800000| Untracked 
|  21|0x0000000082900000, 0x0000000082900000, 0x0000000082a00000|  0%| F|  |TAMS 0x0000000082900000, 0x0000000082900000| Untracked 
|  22|0x0000000082a00000, 0x0000000082a00000, 0x0000000082b00000|  0%| F|  |TAMS 0x0000000082a00000, 0x0000000082a00000| Untracked 
|  23|0x0000000082b00000, 0x0000000082b00000, 0x0000000082c00000|  0%| F|  |TAMS 0x0000000082b00000, 0x0000000082b00000| Untracked 
|  24|0x0000000082c00000, 0x0000000082c00000, 0x0000000082d00000|  0%| F|  |TAMS 0x0000000082c00000, 0x0000000082c00000| Untracked 
|  25|0x0000000082d00000, 0x0000000082d00000, 0x0000000082e00000|  0%| F|  |TAMS 0x0000000082d00000, 0x0000000082d00000| Untracked 
|  26|0x0000000082e00000, 0x0000000082e00000, 0x0000000082f00000|  0%| F|  |TAMS 0x0000000082e00000, 0x0000000082e00000| Untracked 
|  27|0x0000000082f00000, 0x0000000082f00000, 0x0000000083000000|  0%| F|  |TAMS 0x0000000082f00000, 0x0000000082f00000| Untracked 
|  28|0x0000000083000000, 0x0000000083000000, 0x0000000083100000|  0%| F|  |TAMS 0x0000000083000000, 0x0000000083000000| Untracked 
|  29|0x0000000083100000, 0x0000000083100000, 0x0000000083200000|  0%| F|  |TAMS 0x0000000083100000, 0x0000000083100000| Untracked 
|  30|0x0000000083200000, 0x0000000083200000, 0x0000000083300000|  0%| F|  |TAMS 0x0000000083200000, 0x0000000083200000| Untracked 
|  31|0x0000000083300000, 0x0000000083300000, 0x0000000083400000|  0%| F|  |TAMS 0x0000000083300000, 0x0000000083300000| Untracked 
|  32|0x0000000083400000, 0x0000000083400000, 0x0000000083500000|  0%| F|  |TAMS 0x0000000083400000, 0x0000000083400000| Untracked 
|  33|0x0000000083500000, 0x0000000083500000, 0x0000000083600000|  0%| F|  |TAMS 0x0000000083500000, 0x0000000083500000| Untracked 
|  34|0x0000000083600000, 0x0000000083600000, 0x0000000083700000|  0%| F|  |TAMS 0x0000000083600000, 0x0000000083600000| Untracked 
|  35|0x0000000083700000, 0x0000000083700000, 0x0000000083800000|  0%| F|  |TAMS 0x0000000083700000, 0x0000000083700000| Untracked 
|  36|0x0000000083800000, 0x0000000083800000, 0x0000000083900000|  0%| F|  |TAMS 0x0000000083800000, 0x0000000083800000| Untracked 
|  37|0x0000000083900000, 0x0000000083900000, 0x0000000083a00000|  0%| F|  |TAMS 0x0000000083900000, 0x0000000083900000| Untracked 
|  38|0x0000000083a00000, 0x0000000083a00000, 0x0000000083b00000|  0%| F|  |TAMS 0x0000000083a00000, 0x0000000083a00000| Untracked 
|  39|0x0000000083b00000, 0x0000000083b00000, 0x0000000083c00000|  0%| F|  |TAMS 0x0000000083b00000, 0x0000000083b00000| Untracked 
|  40|0x0000000083c00000, 0x0000000083c00000, 0x0000000083d00000|  0%| F|  |TAMS 0x0000000083c00000, 0x0000000083c00000| Untracked 
|  41|0x0000000083d00000, 0x0000000083d00000, 0x0000000083e00000|  0%| F|  |TAMS 0x0000000083d00000, 0x0000000083d00000| Untracked 
|  42|0x0000000083e00000, 0x0000000083e00000, 0x0000000083f00000|  0%| F|  |TAMS 0x0000000083e00000, 0x0000000083e00000| Untracked 
|  43|0x0000000083f00000, 0x0000000083f00000, 0x0000000084000000|  0%| F|  |TAMS 0x0000000083f00000, 0x0000000083f00000| Untracked 
|  44|0x0000000084000000, 0x0000000084000000, 0x0000000084100000|  0%| F|  |TAMS 0x0000000084000000, 0x0000000084000000| Untracked 
|  45|0x0000000084100000, 0x0000000084100000, 0x0000000084200000|  0%| F|  |TAMS 0x0000000084100000, 0x0000000084100000| Untracked 
|  46|0x0000000084200000, 0x0000000084200000, 0x0000000084300000|  0%| F|  |TAMS 0x0000000084200000, 0x0000000084200000| Untracked 
|  47|0x0000000084300000, 0x0000000084300000, 0x0000000084400000|  0%| F|  |TAMS 0x0000000084300000, 0x0000000084300000| Untracked 
|  48|0x0000000084400000, 0x0000000084400000, 0x0000000084500000|  0%| F|  |TAMS 0x0000000084400000, 0x0000000084400000| Untracked 
|  49|0x0000000084500000, 0x0000000084500000, 0x0000000084600000|  0%| F|  |TAMS 0x0000000084500000, 0x0000000084500000| Untracked 
|  50|0x0000000084600000, 0x0000000084600000, 0x0000000084700000|  0%| F|  |TAMS 0x0000000084600000, 0x0000000084600000| Untracked 
|  51|0x0000000084700000, 0x0000000084700000, 0x0000000084800000|  0%| F|  |TAMS 0x0000000084700000, 0x0000000084700000| Untracked 
|  52|0x0000000084800000, 0x0000000084800000, 0x0000000084900000|  0%| F|  |TAMS 0x0000000084800000, 0x0000000084800000| Untracked 
|  53|0x0000000084900000, 0x0000000084900000, 0x0000000084a00000|  0%| F|  |TAMS 0x0000000084900000, 0x0000000084900000| Untracked 
|  54|0x0000000084a00000, 0x0000000084a00000, 0x0000000084b00000|  0%| F|  |TAMS 0x0000000084a00000, 0x0000000084a00000| Untracked 
|  55|0x0000000084b00000, 0x0000000084b00000, 0x0000000084c00000|  0%| F|  |TAMS 0x0000000084b00000, 0x0000000084b00000| Untracked 
|  56|0x0000000084c00000, 0x0000000084c00000, 0x0000000084d00000|  0%| F|  |TAMS 0x0000000084c00000, 0x0000000084c00000| Untracked 
|  57|0x0000000084d00000, 0x0000000084d00000, 0x0000000084e00000|  0%| F|  |TAMS 0x0000000084d00000, 0x0000000084d00000| Untracked 
|  58|0x0000000084e00000, 0x0000000084e00000, 0x0000000084f00000|  0%| F|  |TAMS 0x0000000084e00000, 0x0000000084e00000| Untracked 
|  59|0x0000000084f00000, 0x0000000084f00000, 0x0000000085000000|  0%| F|  |TAMS 0x0000000084f00000, 0x0000000084f00000| Untracked 
|  60|0x0000000085000000, 0x0000000085000000, 0x0000000085100000|  0%| F|  |TAMS 0x0000000085000000, 0x0000000085000000| Untracked 
|  61|0x0000000085100000, 0x0000000085100000, 0x0000000085200000|  0%| F|  |TAMS 0x0000000085100000, 0x0000000085100000| Untracked 
|  62|0x0000000085200000, 0x0000000085200000, 0x0000000085300000|  0%| F|  |TAMS 0x0000000085200000, 0x0000000085200000| Untracked 
|  63|0x0000000085300000, 0x0000000085300000, 0x0000000085400000|  0%| F|  |TAMS 0x0000000085300000, 0x0000000085300000| Untracked 
|  64|0x0000000085400000, 0x0000000085400000, 0x0000000085500000|  0%| F|  |TAMS 0x0000000085400000, 0x0000000085400000| Untracked 
|  65|0x0000000085500000, 0x0000000085500000, 0x0000000085600000|  0%| F|  |TAMS 0x0000000085500000, 0x0000000085500000| Untracked 
|  66|0x0000000085600000, 0x0000000085600000, 0x0000000085700000|  0%| F|  |TAMS 0x0000000085600000, 0x0000000085600000| Untracked 
|  67|0x0000000085700000, 0x0000000085700000, 0x0000000085800000|  0%| F|  |TAMS 0x0000000085700000, 0x0000000085700000| Untracked 
|  68|0x0000000085800000, 0x0000000085800000, 0x0000000085900000|  0%| F|  |TAMS 0x0000000085800000, 0x0000000085800000| Untracked 
|  69|0x0000000085900000, 0x0000000085900000, 0x0000000085a00000|  0%| F|  |TAMS 0x0000000085900000, 0x0000000085900000| Untracked 
|  70|0x0000000085a00000, 0x0000000085a00000, 0x0000000085b00000|  0%| F|  |TAMS 0x0000000085a00000, 0x0000000085a00000| Untracked 
|  71|0x0000000085b00000, 0x0000000085b00000, 0x0000000085c00000|  0%| F|  |TAMS 0x0000000085b00000, 0x0000000085b00000| Untracked 
|  72|0x0000000085c00000, 0x0000000085c00000, 0x0000000085d00000|  0%| F|  |TAMS 0x0000000085c00000, 0x0000000085c00000| Untracked 
|  73|0x0000000085d00000, 0x0000000085d00000, 0x0000000085e00000|  0%| F|  |TAMS 0x0000000085d00000, 0x0000000085d00000| Untracked 
|  74|0x0000000085e00000, 0x0000000085e00000, 0x0000000085f00000|  0%| F|  |TAMS 0x0000000085e00000, 0x0000000085e00000| Untracked 
|  75|0x0000000085f00000, 0x0000000085f00000, 0x0000000086000000|  0%| F|  |TAMS 0x0000000085f00000, 0x0000000085f00000| Untracked 
|  76|0x0000000086000000, 0x0000000086000000, 0x0000000086100000|  0%| F|  |TAMS 0x0000000086000000, 0x0000000086000000| Untracked 
|  77|0x0000000086100000, 0x0000000086100000, 0x0000000086200000|  0%| F|  |TAMS 0x0000000086100000, 0x0000000086100000| Untracked 
|  78|0x0000000086200000, 0x0000000086200000, 0x0000000086300000|  0%| F|  |TAMS 0x0000000086200000, 0x0000000086200000| Untracked 
|  79|0x0000000086300000, 0x0000000086300000, 0x0000000086400000|  0%| F|  |TAMS 0x0000000086300000, 0x0000000086300000| Untracked 
|  80|0x0000000086400000, 0x0000000086400000, 0x0000000086500000|  0%| F|  |TAMS 0x0000000086400000, 0x0000000086400000| Untracked 
|  81|0x0000000086500000, 0x0000000086500000, 0x0000000086600000|  0%| F|  |TAMS 0x0000000086500000, 0x0000000086500000| Untracked 
|  82|0x0000000086600000, 0x0000000086600000, 0x0000000086700000|  0%| F|  |TAMS 0x0000000086600000, 0x0000000086600000| Untracked 
|  83|0x0000000086700000, 0x0000000086700000, 0x0000000086800000|  0%| F|  |TAMS 0x0000000086700000, 0x0000000086700000| Untracked 
|  84|0x0000000086800000, 0x0000000086800000, 0x0000000086900000|  0%| F|  |TAMS 0x0000000086800000, 0x0000000086800000| Untracked 
|  85|0x0000000086900000, 0x0000000086900000, 0x0000000086a00000|  0%| F|  |TAMS 0x0000000086900000, 0x0000000086900000| Untracked 
|  86|0x0000000086a00000, 0x0000000086a00000, 0x0000000086b00000|  0%| F|  |TAMS 0x0000000086a00000, 0x0000000086a00000| Untracked 
|  87|0x0000000086b00000, 0x0000000086b00000, 0x0000000086c00000|  0%| F|  |TAMS 0x0000000086b00000, 0x0000000086b00000| Untracked 
|  88|0x0000000086c00000, 0x0000000086c00000, 0x0000000086d00000|  0%| F|  |TAMS 0x0000000086c00000, 0x0000000086c00000| Untracked 
|  89|0x0000000086d00000, 0x0000000086d00000, 0x0000000086e00000|  0%| F|  |TAMS 0x0000000086d00000, 0x0000000086d00000| Untracked 
|  90|0x0000000086e00000, 0x0000000086e00000, 0x0000000086f00000|  0%| F|  |TAMS 0x0000000086e00000, 0x0000000086e00000| Untracked 
|  91|0x0000000086f00000, 0x0000000086f00000, 0x0000000087000000|  0%| F|  |TAMS 0x0000000086f00000, 0x0000000086f00000| Untracked 
|  92|0x0000000087000000, 0x0000000087000000, 0x0000000087100000|  0%| F|  |TAMS 0x0000000087000000, 0x0000000087000000| Untracked 
|  93|0x0000000087100000, 0x0000000087100000, 0x0000000087200000|  0%| F|  |TAMS 0x0000000087100000, 0x0000000087100000| Untracked 
|  94|0x0000000087200000, 0x0000000087281df8, 0x0000000087300000| 50%| S|CS|TAMS 0x0000000087200000, 0x0000000087200000| Complete 
|  95|0x0000000087300000, 0x0000000087400000, 0x0000000087400000|100%| S|CS|TAMS 0x0000000087300000, 0x0000000087300000| Complete 
|  96|0x0000000087400000, 0x0000000087400000, 0x0000000087500000|  0%| F|  |TAMS 0x0000000087400000, 0x0000000087400000| Untracked 
|  97|0x0000000087500000, 0x0000000087500000, 0x0000000087600000|  0%| F|  |TAMS 0x0000000087500000, 0x0000000087500000| Untracked 
|  98|0x0000000087600000, 0x0000000087600000, 0x0000000087700000|  0%| F|  |TAMS 0x0000000087600000, 0x0000000087600000| Untracked 
|  99|0x0000000087700000, 0x0000000087700000, 0x0000000087800000|  0%| F|  |TAMS 0x0000000087700000, 0x0000000087700000| Untracked 
| 100|0x0000000087800000, 0x0000000087800000, 0x0000000087900000|  0%| F|  |TAMS 0x0000000087800000, 0x0000000087800000| Untracked 
| 101|0x0000000087900000, 0x0000000087900000, 0x0000000087a00000|  0%| F|  |TAMS 0x0000000087900000, 0x0000000087900000| Untracked 
| 102|0x0000000087a00000, 0x0000000087a00000, 0x0000000087b00000|  0%| F|  |TAMS 0x0000000087a00000, 0x0000000087a00000| Untracked 
| 103|0x0000000087b00000, 0x0000000087b00000, 0x0000000087c00000|  0%| F|  |TAMS 0x0000000087b00000, 0x0000000087b00000| Untracked 
| 104|0x0000000087c00000, 0x0000000087c00000, 0x0000000087d00000|  0%| F|  |TAMS 0x0000000087c00000, 0x0000000087c00000| Untracked 
| 105|0x0000000087d00000, 0x0000000087d00000, 0x0000000087e00000|  0%| F|  |TAMS 0x0000000087d00000, 0x0000000087d00000| Untracked 
| 106|0x0000000087e00000, 0x0000000087e00000, 0x0000000087f00000|  0%| F|  |TAMS 0x0000000087e00000, 0x0000000087e00000| Untracked 
| 107|0x0000000087f00000, 0x0000000087f00000, 0x0000000088000000|  0%| F|  |TAMS 0x0000000087f00000, 0x0000000087f00000| Untracked 
| 108|0x0000000088000000, 0x0000000088000000, 0x0000000088100000|  0%| F|  |TAMS 0x0000000088000000, 0x0000000088000000| Untracked 
| 109|0x0000000088100000, 0x0000000088100000, 0x0000000088200000|  0%| F|  |TAMS 0x0000000088100000, 0x0000000088100000| Untracked 
| 110|0x0000000088200000, 0x0000000088200000, 0x0000000088300000|  0%| F|  |TAMS 0x0000000088200000, 0x0000000088200000| Untracked 
| 111|0x0000000088300000, 0x0000000088300000, 0x0000000088400000|  0%| F|  |TAMS 0x0000000088300000, 0x0000000088300000| Untracked 
| 112|0x0000000088400000, 0x0000000088400000, 0x0000000088500000|  0%| F|  |TAMS 0x0000000088400000, 0x0000000088400000| Untracked 
| 113|0x0000000088500000, 0x0000000088500000, 0x0000000088600000|  0%| F|  |TAMS 0x0000000088500000, 0x0000000088500000| Untracked 
| 114|0x0000000088600000, 0x0000000088600000, 0x0000000088700000|  0%| F|  |TAMS 0x0000000088600000, 0x0000000088600000| Untracked 
| 115|0x0000000088700000, 0x0000000088700000, 0x0000000088800000|  0%| F|  |TAMS 0x0000000088700000, 0x0000000088700000| Untracked 
| 116|0x0000000088800000, 0x0000000088800000, 0x0000000088900000|  0%| F|  |TAMS 0x0000000088800000, 0x0000000088800000| Untracked 
| 117|0x0000000088900000, 0x0000000088900000, 0x0000000088a00000|  0%| F|  |TAMS 0x0000000088900000, 0x0000000088900000| Untracked 
| 118|0x0000000088a00000, 0x0000000088a00000, 0x0000000088b00000|  0%| F|  |TAMS 0x0000000088a00000, 0x0000000088a00000| Untracked 
| 119|0x0000000088b00000, 0x0000000088b00000, 0x0000000088c00000|  0%| F|  |TAMS 0x0000000088b00000, 0x0000000088b00000| Untracked 
| 120|0x0000000088c00000, 0x0000000088c00000, 0x0000000088d00000|  0%| F|  |TAMS 0x0000000088c00000, 0x0000000088c00000| Untracked 
| 121|0x0000000088d00000, 0x0000000088e00000, 0x0000000088e00000|100%| E|  |TAMS 0x0000000088d00000, 0x0000000088d00000| Complete 
| 122|0x0000000088e00000, 0x0000000088f00000, 0x0000000088f00000|100%| E|CS|TAMS 0x0000000088e00000, 0x0000000088e00000| Complete 
| 123|0x0000000088f00000, 0x0000000089000000, 0x0000000089000000|100%| E|CS|TAMS 0x0000000088f00000, 0x0000000088f00000| Complete 
| 124|0x0000000089000000, 0x0000000089100000, 0x0000000089100000|100%| E|CS|TAMS 0x0000000089000000, 0x0000000089000000| Complete 
| 125|0x0000000089100000, 0x0000000089200000, 0x0000000089200000|100%| E|CS|TAMS 0x0000000089100000, 0x0000000089100000| Complete 
| 126|0x0000000089200000, 0x0000000089300000, 0x0000000089300000|100%| E|CS|TAMS 0x0000000089200000, 0x0000000089200000| Complete 
| 127|0x0000000089300000, 0x0000000089400000, 0x0000000089400000|100%| E|CS|TAMS 0x0000000089300000, 0x0000000089300000| Complete 

Card table byte_map: [0x000001ce7a600000,0x000001ce7aa00000] _byte_map_base: 0x000001ce7a1f6000

Marking Bits (Prev, Next): (CMBitMap*) 0x000001ce79e55ce0, (CMBitMap*) 0x000001ce79e55d20
 Prev Bits: [0x000001ce7ae00000, 0x000001ce7cdb0000)
 Next Bits: [0x000001ce7cdb0000, 0x000001ce7ed60000)

Polling page: 0x000001ce77f80000

Metaspace:

Usage:
  Non-class:      8.87 MB used.
      Class:      1.24 MB used.
       Both:     10.11 MB used.

Virtual space:
  Non-class space:       16.00 MB reserved,       9.00 MB ( 56%) committed,  2 nodes.
      Class space:        1.00 GB reserved,       1.31 MB ( <1%) committed,  1 nodes.
             Both:        1.02 GB reserved,      10.31 MB ( <1%) committed. 

Chunk freelists:
   Non-Class:  1.59 MB
       Class:  2.72 MB
        Both:  4.31 MB

MaxMetaspaceSize: unlimited
CompressedClassSpaceSize: 1.00 GB
Initial GC threshold: 21.00 MB
Current GC threshold: 21.00 MB
CDS: on
MetaspaceReclaimPolicy: balanced
 - commit_granule_bytes: 65536.
 - commit_granule_words: 8192.
 - virtual_space_node_default_size: 1048576.
 - enlarge_chunks_in_place: 1.
 - new_chunks_are_fully_committed: 0.
 - uncommit_free_chunks: 1.
 - use_allocation_guard: 0.
 - handle_deallocations: 1.


Internal statistics:

num_allocs_failed_limit: 0.
num_arena_births: 56.
num_arena_deaths: 0.
num_vsnodes_births: 3.
num_vsnodes_deaths: 0.
num_space_committed: 165.
num_space_uncommitted: 0.
num_chunks_returned_to_freelist: 0.
num_chunks_taken_from_freelist: 410.
num_chunk_merges: 0.
num_chunk_splits: 279.
num_chunks_enlarged: 228.
num_purges: 0.
num_inconsistent_stats: 0.

CodeHeap 'non-profiled nmethods': size=120000Kb used=621Kb max_used=621Kb free=119378Kb
 bounds [0x000001ce0f270000, 0x000001ce0f4e0000, 0x000001ce167a0000]
CodeHeap 'profiled nmethods': size=120000Kb used=3576Kb max_used=3576Kb free=116423Kb
 bounds [0x000001ce07d40000, 0x000001ce080c0000, 0x000001ce0f270000]
CodeHeap 'non-nmethods': size=5760Kb used=1154Kb max_used=1186Kb free=4605Kb
 bounds [0x000001ce077a0000, 0x000001ce07a10000, 0x000001ce07d40000]
 total_blobs=2225 nmethods=1777 adapters=361
 compilation: enabled
              stopped_count=0, restarted_count=0
 full_count=0

Compilation events (20 events):
Event: 49.263 Thread 0x000001ce7f7d2810 1775       3       sun.reflect.annotation.AnnotatedTypeFactory::buildAnnotatedType (154 bytes)
Event: 49.265 Thread 0x000001ce7f7d2810 nmethod 1775 0x000001ce080b7590 code [0x000001ce080b7920, 0x000001ce080b93b8]
Event: 49.266 Thread 0x000001ce7f7d2810 1776       3       com.google.inject.spi.InjectionPoint$$Lambda$74/0x0000000800cea388::test (8 bytes)
Event: 49.266 Thread 0x000001ce7f7d2810 nmethod 1776 0x000001ce080b9990 code [0x000001ce080b9ba0, 0x000001ce080ba338]
Event: 49.268 Thread 0x000001ce7f7d2810 1777       3       com.google.common.collect.Lists::newArrayList (8 bytes)
Event: 49.269 Thread 0x000001ce7f7d2810 nmethod 1777 0x000001ce080ba590 code [0x000001ce080ba740, 0x000001ce080baa78]
Event: 49.269 Thread 0x000001ce7f7d2810 1778       3       com.google.inject.internal.MoreTypes::access$000 (6 bytes)
Event: 49.269 Thread 0x000001ce7f7d2810 nmethod 1778 0x000001ce080bab90 code [0x000001ce080bad60, 0x000001ce080bb1a8]
Event: 49.287 Thread 0x000001ce7f7d2810 1780       3       java.util.ArrayList::toArray (12 bytes)
Event: 49.288 Thread 0x000001ce7f7d2810 nmethod 1780 0x000001ce080bb290 code [0x000001ce080bb440, 0x000001ce080bb628]
Event: 49.291 Thread 0x000001ce7f7d2810 1781       3       com.google.common.collect.ImmutableList::construct (8 bytes)
Event: 49.292 Thread 0x000001ce7f7d2810 nmethod 1781 0x000001ce080bb710 code [0x000001ce080bb8e0, 0x000001ce080bbc18]
Event: 49.292 Thread 0x000001ce7f7d2810 1782       3       com.google.common.collect.ObjectArrays::checkElementsNotNull (7 bytes)
Event: 49.292 Thread 0x000001ce7f7d2810 nmethod 1782 0x000001ce080bbd90 code [0x000001ce080bbf40, 0x000001ce080bc188]
Event: 49.293 Thread 0x000001ce7f7d2810 1783       1       com.google.inject.internal.KotlinSupport$KotlinUnsupported::lambda$static$0 (2 bytes)
Event: 49.293 Thread 0x000001ce7f7d2810 nmethod 1783 0x000001ce0f30b390 code [0x000001ce0f30b520, 0x000001ce0f30b5d8]
Event: 49.295 Thread 0x000001ce7f7d2810 1784       3       java.lang.reflect.Executable::getGenericParameterTypes (20 bytes)
Event: 49.295 Thread 0x000001ce7f7d2810 nmethod 1784 0x000001ce080bc290 code [0x000001ce080bc4a0, 0x000001ce080bcb88]
Event: 49.297 Thread 0x000001ce7f7d2810 1785       3       java.lang.reflect.Constructor::getGenericParameterTypes (5 bytes)
Event: 49.299 Thread 0x000001ce7f7d2810 nmethod 1785 0x000001ce080bcd10 code [0x000001ce080bcfa0, 0x000001ce080bdf18]

GC Heap History (4 events):
Event: 26.330 GC heap before
{Heap before GC invocations=0 (full 0):
 garbage-first heap   total 131072K, used 23552K [0x0000000081400000, 0x0000000100000000)
  region size 1024K, 23 young (23552K), 0 survivors (0K)
 Metaspace       used 5666K, committed 5888K, reserved 1056768K
  class space    used 678K, committed 768K, reserved 1048576K
}
Event: 27.286 GC heap after
{Heap after GC invocations=1 (full 0):
 garbage-first heap   total 131072K, used 3807K [0x0000000081400000, 0x0000000100000000)
  region size 1024K, 3 young (3072K), 3 survivors (3072K)
 Metaspace       used 5666K, committed 5888K, reserved 1056768K
  class space    used 678K, committed 768K, reserved 1048576K
}
Event: 43.996 GC heap before
{Heap before GC invocations=1 (full 0):
 garbage-first heap   total 131072K, used 33503K [0x0000000081400000, 0x0000000100000000)
  region size 1024K, 32 young (32768K), 3 survivors (3072K)
 Metaspace       used 9155K, committed 9344K, reserved 1064960K
  class space    used 1117K, committed 1216K, reserved 1048576K
}
Event: 44.005 GC heap after
{Heap after GC invocations=2 (full 0):
 garbage-first heap   total 131072K, used 5314K [0x0000000081400000, 0x0000000100000000)
  region size 1024K, 2 young (2048K), 2 survivors (2048K)
 Metaspace       used 9155K, committed 9344K, reserved 1064960K
  class space    used 1117K, committed 1216K, reserved 1048576K
}

Deoptimization events (20 events):
Event: 46.873 Thread 0x000001ce79dfbea0 Uncommon trap: trap_request=0xffffffc6 fr.pc=0x000001ce0f2d1e24 relative=0x0000000000000464
Event: 46.873 Thread 0x000001ce79dfbea0 Uncommon trap: reason=bimorphic_or_optimized_type_check action=maybe_recompile pc=0x000001ce0f2d1e24 method=java.util.HashMap.getNode(Ljava/lang/Object;)Ljava/util/HashMap$Node; @ 128 c2
Event: 46.873 Thread 0x000001ce79dfbea0 DEOPT PACKING pc=0x000001ce0f2d1e24 sp=0x000000a1b63fd040
Event: 46.873 Thread 0x000001ce79dfbea0 DEOPT UNPACKING pc=0x000001ce077f23a3 sp=0x000000a1b63fcfb8 mode 2
Event: 48.674 Thread 0x000001ce79dfbea0 Uncommon trap: trap_request=0xffffffd6 fr.pc=0x000001ce0f309290 relative=0x0000000000000170
Event: 48.674 Thread 0x000001ce79dfbea0 Uncommon trap: reason=array_check action=maybe_recompile pc=0x000001ce0f309290 method=java.util.stream.Nodes$FixedNodeBuilder.accept(Ljava/lang/Object;)V @ 28 c2
Event: 48.674 Thread 0x000001ce79dfbea0 DEOPT PACKING pc=0x000001ce0f309290 sp=0x000000a1b63fcbb0
Event: 48.674 Thread 0x000001ce79dfbea0 DEOPT UNPACKING pc=0x000001ce077f23a3 sp=0x000000a1b63fcb60 mode 2
Event: 48.674 Thread 0x000001ce79dfbea0 Uncommon trap: trap_request=0xffffffd6 fr.pc=0x000001ce0f309290 relative=0x0000000000000170
Event: 48.674 Thread 0x000001ce79dfbea0 Uncommon trap: reason=array_check action=maybe_recompile pc=0x000001ce0f309290 method=java.util.stream.Nodes$FixedNodeBuilder.accept(Ljava/lang/Object;)V @ 28 c2
Event: 48.674 Thread 0x000001ce79dfbea0 DEOPT PACKING pc=0x000001ce0f309290 sp=0x000000a1b63fcbb0
Event: 48.674 Thread 0x000001ce79dfbea0 DEOPT UNPACKING pc=0x000001ce077f23a3 sp=0x000000a1b63fcb60 mode 2
Event: 48.674 Thread 0x000001ce79dfbea0 Uncommon trap: trap_request=0xffffffd6 fr.pc=0x000001ce0f309290 relative=0x0000000000000170
Event: 48.674 Thread 0x000001ce79dfbea0 Uncommon trap: reason=array_check action=maybe_recompile pc=0x000001ce0f309290 method=java.util.stream.Nodes$FixedNodeBuilder.accept(Ljava/lang/Object;)V @ 28 c2
Event: 48.674 Thread 0x000001ce79dfbea0 DEOPT PACKING pc=0x000001ce0f309290 sp=0x000000a1b63fcbb0
Event: 48.674 Thread 0x000001ce79dfbea0 DEOPT UNPACKING pc=0x000001ce077f23a3 sp=0x000000a1b63fcb60 mode 2
Event: 48.674 Thread 0x000001ce79dfbea0 Uncommon trap: trap_request=0xffffffd6 fr.pc=0x000001ce0f309290 relative=0x0000000000000170
Event: 48.674 Thread 0x000001ce79dfbea0 Uncommon trap: reason=array_check action=maybe_recompile pc=0x000001ce0f309290 method=java.util.stream.Nodes$FixedNodeBuilder.accept(Ljava/lang/Object;)V @ 28 c2
Event: 48.674 Thread 0x000001ce79dfbea0 DEOPT PACKING pc=0x000001ce0f309290 sp=0x000000a1b63fcbb0
Event: 48.674 Thread 0x000001ce79dfbea0 DEOPT UNPACKING pc=0x000001ce077f23a3 sp=0x000000a1b63fcb60 mode 2

Classes unloaded (0 events):
No events

Classes redefined (0 events):
No events

Internal exceptions (20 events):
Event: 8.469 Thread 0x000001ce79dfbea0 Exception <a 'java/lang/NullPointerException'{0x0000000088f888d0}> (0x0000000088f888d0) 
thrown [s\open\src\hotspot\share\interpreter\linkResolver.cpp, line 1350]
Event: 10.318 Thread 0x000001ce79dfbea0 Exception <a 'java/lang/NullPointerException'{0x0000000088e699d8}> (0x0000000088e699d8) 
thrown [s\open\src\hotspot\share\interpreter\linkResolver.cpp, line 1350]
Event: 10.318 Thread 0x000001ce79dfbea0 Exception <a 'java/lang/NullPointerException'{0x0000000088e69cb0}> (0x0000000088e69cb0) 
thrown [s\open\src\hotspot\share\interpreter\linkResolver.cpp, line 1350]
Event: 10.318 Thread 0x000001ce79dfbea0 Exception <a 'java/lang/NullPointerException'{0x0000000088e69f88}> (0x0000000088e69f88) 
thrown [s\open\src\hotspot\share\interpreter\linkResolver.cpp, line 1350]
Event: 10.320 Thread 0x000001ce79dfbea0 Exception <a 'java/lang/NullPointerException'{0x0000000088e70970}> (0x0000000088e70970) 
thrown [s\open\src\hotspot\share\interpreter\linkResolver.cpp, line 1350]
Event: 10.324 Thread 0x000001ce79dfbea0 Exception <a 'java/lang/NullPointerException'{0x0000000088e875a8}> (0x0000000088e875a8) 
thrown [s\open\src\hotspot\share\interpreter\linkResolver.cpp, line 1350]
Event: 10.324 Thread 0x000001ce79dfbea0 Exception <a 'java/lang/NullPointerException'{0x0000000088e87880}> (0x0000000088e87880) 
thrown [s\open\src\hotspot\share\interpreter\linkResolver.cpp, line 1350]
Event: 10.324 Thread 0x000001ce79dfbea0 Exception <a 'java/lang/NullPointerException'{0x0000000088e87b58}> (0x0000000088e87b58) 
thrown [s\open\src\hotspot\share\interpreter\linkResolver.cpp, line 1350]
Event: 10.324 Thread 0x000001ce79dfbea0 Exception <a 'java/lang/NullPointerException'{0x0000000088e87e30}> (0x0000000088e87e30) 
thrown [s\open\src\hotspot\share\interpreter\linkResolver.cpp, line 1350]
Event: 10.390 Thread 0x000001ce79dfbea0 Exception <a 'java/lang/NoSuchMethodError'{0x0000000088d3cf80}: 'void java.lang.invoke.DirectMethodHandle$Holder.invokeStatic(java.lang.Object, java.lang.Object, java.lang.Object)'> (0x0000000088d3cf80) 
thrown [s\open\src\hotspot\share\interpreter\linkResolver.cpp, line 759]
Event: 10.516 Thread 0x000001ce79dfbea0 Exception <a 'java/lang/NoSuchMethodError'{0x0000000088d99688}: 'int java.lang.invoke.DirectMethodHandle$Holder.invokeStatic(java.lang.Object, java.lang.Object, int)'> (0x0000000088d99688) 
thrown [s\open\src\hotspot\share\interpreter\linkResolver.cpp, line 759]
Event: 13.405 Thread 0x000001ce79dfbea0 Exception <a 'java/lang/NoSuchMethodError'{0x0000000088b21670}: 'java.lang.Object java.lang.invoke.DirectMethodHandle$Holder.invokeSpecialIFC(java.lang.Object, java.lang.Object, java.lang.Object, java.lang.Object)'> (0x0000000088b21670) 
thrown [s\open\src\hotspot\share\interpreter\linkResolver.cpp, line 759]
Event: 18.708 Thread 0x000001ce79dfbea0 Exception <a 'java/lang/NoSuchMethodError'{0x000000008850e1a8}: 'java.lang.Object java.lang.invoke.DirectMethodHandle$Holder.invokeStaticInit(java.lang.Object)'> (0x000000008850e1a8) 
thrown [s\open\src\hotspot\share\interpreter\linkResolver.cpp, line 759]
Event: 18.716 Thread 0x000001ce79dfbea0 Exception <a 'java/lang/NoSuchMethodError'{0x000000008852e8d0}: 'void java.lang.invoke.DirectMethodHandle$Holder.invokeSpecial(java.lang.Object, java.lang.Object, java.lang.Object)'> (0x000000008852e8d0) 
thrown [s\open\src\hotspot\share\interpreter\linkResolver.cpp, line 759]
Event: 19.689 Thread 0x000001ce79dfbea0 Exception <a 'java/lang/NoSuchMethodError'{0x00000000884b44f8}: 'java.lang.Object java.lang.invoke.DirectMethodHandle$Holder.invokeInterface(java.lang.Object, java.lang.Object)'> (0x00000000884b44f8) 
thrown [s\open\src\hotspot\share\interpreter\linkResolver.cpp, line 759]
Event: 20.146 Thread 0x000001ce79dfbea0 Exception <a 'java/lang/NoSuchMethodError'{0x0000000088371c60}: 'java.lang.Object java.lang.invoke.Invokers$Holder.invokeExact_MT(java.lang.Object, java.lang.Object, java.lang.Object, java.lang.Object, java.lang.Object, java.lang.Object)'> (0x0000000088371c60) 
thrown [s\open\src\hotspot\share\interpreter\linkResolver.cpp, line 759]
Event: 20.518 Thread 0x000001ce79dfbea0 Exception <a 'java/lang/NoSuchMethodError'{0x0000000088383368}: 'int java.lang.invoke.DirectMethodHandle$Holder.invokeSpecialIFC(java.lang.Object, java.lang.Object, java.lang.Object, java.lang.Object, java.lang.Object)'> (0x0000000088383368) 
thrown [s\open\src\hotspot\share\interpreter\linkResolver.cpp, line 759]
Event: 23.139 Thread 0x000001ce79dfbea0 Exception <a 'java/lang/NoSuchMethodError'{0x0000000088161e80}: 'java.lang.Object java.lang.invoke.DirectMethodHandle$Holder.newInvokeSpecial(java.lang.Object, java.lang.Object, java.lang.Object, java.lang.Object, java.lang.Object)'> (0x0000000088161e80) 
thrown [s\open\src\hotspot\share\interpreter\linkResolver.cpp, line 759]
Event: 24.011 Thread 0x000001ce79dfbea0 Exception <a 'java/lang/NoSuchMethodError'{0x000000008807ae20}: 'int java.lang.invoke.DirectMethodHandle$Holder.invokeStaticInit(java.lang.Object, java.lang.Object)'> (0x000000008807ae20) 
thrown [s\open\src\hotspot\share\interpreter\linkResolver.cpp, line 759]
Event: 24.593 Thread 0x000001ce79dfbea0 Exception <a 'java/lang/NoClassDefFoundError'{0x00000000880b9248}: javax/enterprise/inject/Typed> (0x00000000880b9248) 
thrown [s\open\src\hotspot\share\classfile\systemDictionary.cpp, line 245]

VM Operations (20 events):
Event: 36.803 Executing VM operation: HandshakeAllThreads
Event: 36.803 Executing VM operation: HandshakeAllThreads done
Event: 37.805 Executing VM operation: Cleanup
Event: 37.981 Executing VM operation: Cleanup done
Event: 39.541 Executing VM operation: Cleanup
Event: 39.894 Executing VM operation: Cleanup done
Event: 40.964 Executing VM operation: HandshakeAllThreads
Event: 40.964 Executing VM operation: HandshakeAllThreads done
Event: 41.987 Executing VM operation: Cleanup
Event: 42.165 Executing VM operation: Cleanup done
Event: 43.996 Executing VM operation: G1CollectForAllocation
Event: 44.005 Executing VM operation: G1CollectForAllocation done
Event: 45.007 Executing VM operation: Cleanup
Event: 45.007 Executing VM operation: Cleanup done
Event: 46.012 Executing VM operation: Cleanup
Event: 46.218 Executing VM operation: Cleanup done
Event: 47.228 Executing VM operation: Cleanup
Event: 47.228 Executing VM operation: Cleanup done
Event: 48.235 Executing VM operation: Cleanup
Event: 48.640 Executing VM operation: Cleanup done

Events (20 events):
Event: 43.172 loading class java/security/GeneralSecurityException done
Event: 43.172 loading class java/security/NoSuchAlgorithmException done
Event: 46.262 loading class sun/reflect/generics/scope/ConstructorScope
Event: 46.262 loading class sun/reflect/generics/scope/ConstructorScope done
Event: 46.262 loading class sun/reflect/generics/repository/ConstructorRepository
Event: 46.262 loading class sun/reflect/generics/repository/ConstructorRepository done
Event: 46.262 loading class sun/reflect/generics/tree/VoidDescriptor
Event: 46.262 loading class sun/reflect/generics/tree/VoidDescriptor done
Event: 46.264 loading class sun/reflect/generics/tree/MethodTypeSignature
Event: 46.264 loading class sun/reflect/generics/tree/MethodTypeSignature done
Event: 48.650 loading class sun/reflect/generics/repository/FieldRepository
Event: 48.650 loading class sun/reflect/generics/repository/FieldRepository done
Event: 48.684 loading class java/io/UncheckedIOException
Event: 48.684 loading class java/io/UncheckedIOException done
Event: 48.762 loading class java/nio/channels/OverlappingFileLockException
Event: 48.784 loading class java/nio/channels/OverlappingFileLockException done
Event: 48.784 loading class java/nio/channels/FileLock
Event: 48.784 loading class java/nio/channels/FileLock done
Event: 49.280 loading class java/nio/file/AccessDeniedException
Event: 49.280 loading class java/nio/file/AccessDeniedException done


Dynamic libraries:
0x00007ff75cc70000 - 0x00007ff75cc80000 	C:\Program Files\Java\jdk-17.0.4.1\bin\java.exe
0x00007ffe52bb0000 - 0x00007ffe52dc7000 	C:\WINDOWS\SYSTEM32\ntdll.dll
0x00007ffe51f30000 - 0x00007ffe51ff4000 	C:\WINDOWS\System32\KERNEL32.DLL
0x00007ffe501b0000 - 0x00007ffe50555000 	C:\WINDOWS\System32\KERNELBASE.dll
0x00007ffe50720000 - 0x00007ffe50831000 	C:\WINDOWS\System32\ucrtbase.dll
0x00007ffe30030000 - 0x00007ffe30048000 	C:\Program Files\Java\jdk-17.0.4.1\bin\jli.dll
0x00007ffe517e0000 - 0x00007ffe51891000 	C:\WINDOWS\System32\ADVAPI32.dll
0x00007ffe518a0000 - 0x00007ffe51947000 	C:\WINDOWS\System32\msvcrt.dll
0x00007ffe522a0000 - 0x00007ffe52346000 	C:\WINDOWS\System32\sechost.dll
0x00007ffe52000000 - 0x00007ffe52117000 	C:\WINDOWS\System32\RPCRT4.dll
0x00007ffe50980000 - 0x00007ffe50b2e000 	C:\WINDOWS\System32\USER32.dll
0x00007ffe506f0000 - 0x00007ffe50716000 	C:\WINDOWS\System32\win32u.dll
0x00007ffe51c60000 - 0x00007ffe51c89000 	C:\WINDOWS\System32\GDI32.dll
0x00007ffe50560000 - 0x00007ffe50679000 	C:\WINDOWS\System32\gdi32full.dll
0x00007ffe4ff20000 - 0x00007ffe4ffba000 	C:\WINDOWS\System32\msvcp_win.dll
0x00007ffe33530000 - 0x00007ffe3354a000 	C:\Program Files\Java\jdk-17.0.4.1\bin\VCRUNTIME140.dll
0x00007ffe37df0000 - 0x00007ffe38083000 	C:\WINDOWS\WinSxS\amd64_microsoft.windows.common-controls_6595b64144ccf1df_6.0.22621.2506_none_270c5ae97388e100\COMCTL32.dll
0x00007ffe43a50000 - 0x00007ffe43a5a000 	C:\WINDOWS\SYSTEM32\VERSION.dll
0x00007ffe51c90000 - 0x00007ffe51cc1000 	C:\WINDOWS\System32\IMM32.DLL
0x00007ffe46400000 - 0x00007ffe4640c000 	C:\Program Files\Java\jdk-17.0.4.1\bin\vcruntime140_1.dll
0x00007ffe10100000 - 0x00007ffe1018d000 	C:\Program Files\Java\jdk-17.0.4.1\bin\msvcp140.dll
0x00007ffdedab0000 - 0x00007ffdee672000 	C:\Program Files\Java\jdk-17.0.4.1\bin\server\jvm.dll
0x00007ffe52b60000 - 0x00007ffe52b68000 	C:\WINDOWS\System32\PSAPI.DLL
0x00007ffe48480000 - 0x00007ffe48489000 	C:\WINDOWS\SYSTEM32\WSOCK32.dll
0x00007ffe50900000 - 0x00007ffe50971000 	C:\WINDOWS\System32\WS2_32.dll
0x00007ffe44d00000 - 0x00007ffe44d34000 	C:\WINDOWS\SYSTEM32\WINMM.dll
0x00007ffe4efb0000 - 0x00007ffe4efc8000 	C:\WINDOWS\SYSTEM32\kernel.appcore.dll
0x00007ffe45ed0000 - 0x00007ffe45eda000 	C:\Program Files\Java\jdk-17.0.4.1\bin\jimage.dll
0x00007ffe4d850000 - 0x00007ffe4da83000 	C:\WINDOWS\SYSTEM32\DBGHELP.DLL
0x00007ffe52350000 - 0x00007ffe526d9000 	C:\WINDOWS\System32\combase.dll
0x00007ffe51950000 - 0x00007ffe51a27000 	C:\WINDOWS\System32\OLEAUT32.dll
0x00007ffe315e0000 - 0x00007ffe31612000 	C:\WINDOWS\SYSTEM32\dbgcore.DLL
0x00007ffe50130000 - 0x00007ffe501aa000 	C:\WINDOWS\System32\bcryptPrimitives.dll
0x00007ffe2ffc0000 - 0x00007ffe2ffe5000 	C:\Program Files\Java\jdk-17.0.4.1\bin\java.dll
0x00007ffe00e30000 - 0x00007ffe00f06000 	C:\Program Files\Java\jdk-17.0.4.1\bin\jsvml.dll
0x00007ffe50d00000 - 0x00007ffe51559000 	C:\WINDOWS\System32\SHELL32.dll
0x00007ffe4de50000 - 0x00007ffe4e744000 	C:\WINDOWS\SYSTEM32\windows.storage.dll
0x00007ffe4dd10000 - 0x00007ffe4de4e000 	C:\WINDOWS\SYSTEM32\wintypes.dll
0x00007ffe50b30000 - 0x00007ffe50c23000 	C:\WINDOWS\System32\SHCORE.dll
0x00007ffe51eb0000 - 0x00007ffe51f0e000 	C:\WINDOWS\System32\shlwapi.dll
0x00007ffe4fe50000 - 0x00007ffe4fe76000 	C:\WINDOWS\SYSTEM32\profapi.dll
0x00007ffe33090000 - 0x00007ffe330a9000 	C:\Program Files\Java\jdk-17.0.4.1\bin\net.dll
0x00007ffe44b60000 - 0x00007ffe44c97000 	C:\WINDOWS\SYSTEM32\WINHTTP.dll
0x00007ffe4f490000 - 0x00007ffe4f4f9000 	C:\WINDOWS\system32\mswsock.dll
0x00007ffe30140000 - 0x00007ffe30156000 	C:\Program Files\Java\jdk-17.0.4.1\bin\nio.dll
0x00007ffe30080000 - 0x00007ffe30098000 	C:\Program Files\Java\jdk-17.0.4.1\bin\zip.dll
0x0000000069ac0000 - 0x0000000069ae4000 	C:\Users\larak\AppData\Local\Temp\jansi-2.4.0-45e254fd27deb022-jansi.dll
0x00007ffe455e0000 - 0x00007ffe455f0000 	C:\Program Files\Java\jdk-17.0.4.1\bin\verify.dll

dbghelp: loaded successfully - version: 4.0.5 - missing functions: none
symbol engine: initialized successfully - sym options: 0x614 - pdb path: .;C:\Program Files\Java\jdk-17.0.4.1\bin;C:\WINDOWS\SYSTEM32;C:\WINDOWS\WinSxS\amd64_microsoft.windows.common-controls_6595b64144ccf1df_6.0.22621.2506_none_270c5ae97388e100;C:\Program Files\Java\jdk-17.0.4.1\bin\server;C:\Users\larak\AppData\Local\Temp

VM Arguments:
jvm_args: -Dmaven.multiModuleProjectDirectory=C:\Senac\curso ds\ProjetoIntegradorUC15\Etapa0708PIUC15\petpug\petpug 
java_command: org.apache.maven.wrapper.MavenWrapperMain -Dmaven.ext.class.path=C:\Program Files\NetBeans-14\netbeans\java\maven-nblib\netbeans-eventspy.jar -Dfile.encoding=UTF-8 install
java_class_path (initial): C:\Senac\curso ds\ProjetoIntegradorUC15\Etapa0708PIUC15\petpug\petpug\.mvn\wrapper\maven-wrapper.jar
Launcher Type: SUN_STANDARD

[Global flags]
     intx CICompilerCount                          = 4                                         {product} {ergonomic}
     uint ConcGCThreads                            = 2                                         {product} {ergonomic}
     uint G1ConcRefinementThreads                  = 8                                         {product} {ergonomic}
   size_t G1HeapRegionSize                         = 1048576                                   {product} {ergonomic}
    uintx GCDrainStackTargetSize                   = 64                                        {product} {ergonomic}
   size_t InitialHeapSize                          = 134217728                                 {product} {ergonomic}
   size_t MarkStackSize                            = 4194304                                   {product} {ergonomic}
   size_t MaxHeapSize                              = 2126512128                                {product} {ergonomic}
   size_t MaxNewSize                               = 1275068416                                {product} {ergonomic}
   size_t MinHeapDeltaBytes                        = 1048576                                   {product} {ergonomic}
   size_t MinHeapSize                              = 8388608                                   {product} {ergonomic}
    uintx NonNMethodCodeHeapSize                   = 5839372                                {pd product} {ergonomic}
    uintx NonProfiledCodeHeapSize                  = 122909434                              {pd product} {ergonomic}
    uintx ProfiledCodeHeapSize                     = 122909434                              {pd product} {ergonomic}
    uintx ReservedCodeCacheSize                    = 251658240                              {pd product} {ergonomic}
     bool SegmentedCodeCache                       = true                                      {product} {ergonomic}
   size_t SoftMaxHeapSize                          = 2126512128                             {manageable} {ergonomic}
     bool UseCompressedClassPointers               = true                           {product lp64_product} {ergonomic}
     bool UseCompressedOops                        = true                           {product lp64_product} {ergonomic}
     bool UseG1GC                                  = true                                      {product} {ergonomic}
     bool UseLargePagesIndividualAllocation        = false                                  {pd product} {ergonomic}

Logging:
Log output configuration:
 #0: stdout all=warning uptime,level,tags
 #1: stderr all=off uptime,level,tags

Environment Variables:
JAVA_HOME=C:\Program Files\Java\jdk-17.0.4.1
PATH=C:\Program Files\Common Files\Oracle\Java\javapath;C:\ProgramData\Oracle\Java\javapath;C:\Program Files (x86)\Intel\Intel(R) Management Engine Components\iCLS\;C:\Program Files\Intel\Intel(R) Management Engine Components\iCLS\;C:\windows\system32;C:\windows;C:\windows\System32\Wbem;C:\windows\System32\WindowsPowerShell\v1.0\;C:\windows\System32\OpenSSH\;C:\Program Files (x86)\NVIDIA Corporation\PhysX\Common;C:\Program Files (x86)\Intel\Intel(R) Management Engine Components\DAL;C:\Program Files\Intel\Intel(R) Management Engine Components\DAL;C:\Program Files (x86)\Intel\Intel(R) Management Engine Components\IPT;C:\Program Files\Intel\Intel(R) Management Engine Components\IPT;C:\WINDOWS\system32;C:\WINDOWS;C:\WINDOWS\System32\Wbem;C:\WINDOWS\System32\WindowsPowerShell\v1.0\;C:\WINDOWS\System32\OpenSSH\;C:\ProgramData\UNIVALI\Portugol Studio;C:\Program Files\Git\cmd;D:\Microsoft VS Code\bin;D:\;C:\Users\larak\AppData\Local\Microsoft\WindowsApps;C:\Program Files\JetBrains\PyCharm Community Edition 2020.3.3\bin;;C:\Users\larak\AppData\Local\GitHubDesktop\bin;C:\Users\larak\AppData\Roaming\npm
USERNAME=larak
OS=Windows_NT
PROCESSOR_IDENTIFIER=Intel64 Family 6 Model 142 Stepping 10, GenuineIntel



---------------  S Y S T E M  ---------------

OS:
 Windows 11 , 64 bit Build 22621 (10.0.22621.2506)
OS uptime: 3 days 14:32 hours

CPU: total 8 (initial active 8) (4 cores per cpu, 2 threads per core) family 6 model 142 stepping 10 microcode 0xe0, cx8, cmov, fxsr, ht, mmx, 3dnowpref, sse, sse2, sse3, ssse3, sse4.1, sse4.2, popcnt, lzcnt, tsc, tscinvbit, avx, avx2, aes, erms, clmul, bmi1, bmi2, adx, fma, vzeroupper, clflush, clflushopt

Memory: 4k page, system-wide physical 8106M (285M free)
TotalPageFile size 32682M (AvailPageFile size 15M)
current process WorkingSet (physical memory assigned to process): 90M, peak: 91M
current process commit charge ("private bytes"): 239M, peak: 241M

vm_info: Java HotSpot(TM) 64-Bit Server VM (17.0.4.1+1-LTS-2) for windows-amd64 JRE (17.0.4.1+1-LTS-2), built on Aug 16 2022 18:32:06 by "mach5one" with MS VC++ 16.8 / 16.9 (VS2019)

END.
