#
# There is insufficient memory for the Java Runtime Environment to continue.
# Native memory allocation (malloc) failed to allocate 32744 bytes for ChunkPool::allocate
# Possible reasons:
#   The system is out of physical RAM or swap space
#   The process is running with CompressedOops enabled, and the Java Heap may be blocking the growth of the native heap
# Possible solutions:
#   Reduce memory load on the system
#   Increase physical memory or swap space
#   Check if swap backing store is full
#   Decrease Java heap size (-Xmx/-Xms)
#   Decrease number of Java threads
#   Decrease Java thread stack sizes (-Xss)
#   Set larger code cache with -XX:ReservedCodeCacheSize=
#   JVM is running with Unscaled Compressed Oops mode in which the Java heap is
#     placed in the first 4GB address space. The Java Heap base address is the
#     maximum limit for the native heap growth. Please use -XX:HeapBaseMinAddress
#     to set the Java Heap base and to place the Java Heap above 4GB virtual address.
# This output file may be truncated or incomplete.
#
#  Out of Memory Error (arena.cpp:78), pid=8660, tid=18984
#
# JRE version: Java(TM) SE Runtime Environment (17.0.4.1+1) (build 17.0.4.1+1-LTS-2)
# Java VM: Java HotSpot(TM) 64-Bit Server VM (17.0.4.1+1-LTS-2, mixed mode, sharing, tiered, compressed oops, compressed class ptrs, g1 gc, windows-amd64)
# No core dump will be written. Minidumps are not enabled by default on client versions of Windows
#

---------------  S U M M A R Y ------------

Command Line: -Dmaven.multiModuleProjectDirectory=C:\Senac\curso ds\ProjetoIntegradorUC15\Etapa0708PIUC15\petpug\petpug org.apache.maven.wrapper.MavenWrapperMain -Dmaven.ext.class.path=C:\Program Files\NetBeans-14\netbeans\java\maven-nblib\netbeans-eventspy.jar -Dfile.encoding=UTF-8 install

Host: Intel(R) Core(TM) i5-8250U CPU @ 1.60GHz, 8 cores, 7G,  Windows 11 , 64 bit Build 22621 (10.0.22621.2506)
Time: Mon Dec 18 09:40:32 2023 Hora oficial do Brasil elapsed time: 410.853106 seconds (0d 0h 6m 50s)

---------------  T H R E A D  ---------------

Current thread (0x000001123fa7c660):  JavaThread "C2 CompilerThread0" daemon [_thread_in_native, id=18984, stack(0x000000109f400000,0x000000109f500000)]


Current CompileTask:
C2: 410853 4862 %     4       java.util.zip.ZipFile$Source::initCEN @ 240 (591 bytes)

Stack: [0x000000109f400000,0x000000109f500000]
Native frames: (J=compiled Java code, j=interpreted, Vv=VM code, C=native code)
V  [jvm.dll+0x6723ba]
V  [jvm.dll+0x7d1e34]
V  [jvm.dll+0x7d35de]
V  [jvm.dll+0x7d3c43]
V  [jvm.dll+0x243065]
V  [jvm.dll+0xaa7c0]
V  [jvm.dll+0xaab0c]
V  [jvm.dll+0x1caff8]
V  [jvm.dll+0x123dde]
V  [jvm.dll+0x2a7250]
V  [jvm.dll+0x2a7459]
V  [jvm.dll+0x2a8f6a]
V  [jvm.dll+0x68a865]
V  [jvm.dll+0x68281b]
V  [jvm.dll+0x681e57]
V  [jvm.dll+0x67fd52]
V  [jvm.dll+0x1a51cc]
V  [jvm.dll+0x1a5d96]
V  [jvm.dll+0x2a8fe4]
V  [jvm.dll+0x68a865]
V  [jvm.dll+0x68281b]
V  [jvm.dll+0x681e57]
V  [jvm.dll+0x67fd52]
V  [jvm.dll+0x1a51cc]
V  [jvm.dll+0x1a5d96]
V  [jvm.dll+0x2a8fe4]
V  [jvm.dll+0x68a865]
V  [jvm.dll+0x68281b]
V  [jvm.dll+0x681e57]
V  [jvm.dll+0x67fd52]
V  [jvm.dll+0x1a51cc]
V  [jvm.dll+0x215188]
V  [jvm.dll+0x1a1fcd]
V  [jvm.dll+0x224e08]
V  [jvm.dll+0x222f75]
V  [jvm.dll+0x787a0b]
V  [jvm.dll+0x781fca]
V  [jvm.dll+0x671245]
C  [ucrtbase.dll+0x29363]
C  [KERNEL32.DLL+0x1257d]
C  [ntdll.dll+0x5aa58]


---------------  P R O C E S S  ---------------

Threads class SMR info:
_java_thread_list=0x00000112416e4650, length=12, elements={
0x000001122194bea0, 0x000001123fa61280, 0x000001123fa63380, 0x000001123fa77bb0,
0x000001123fa7a570, 0x000001123fa7af20, 0x000001123fa7b8d0, 0x000001123fa7c660,
0x000001123fae4820, 0x000001123fae6e30, 0x00000112405ebf90, 0x00000112405f2480
}

Java Threads: ( => current thread )
  0x000001122194bea0 JavaThread "main" [_thread_in_vm, id=8164, stack(0x000000109e600000,0x000000109e700000)]
  0x000001123fa61280 JavaThread "Reference Handler" daemon [_thread_blocked, id=18960, stack(0x000000109ee00000,0x000000109ef00000)]
  0x000001123fa63380 JavaThread "Finalizer" daemon [_thread_blocked, id=18964, stack(0x000000109ef00000,0x000000109f000000)]
  0x000001123fa77bb0 JavaThread "Signal Dispatcher" daemon [_thread_blocked, id=18968, stack(0x000000109f000000,0x000000109f100000)]
  0x000001123fa7a570 JavaThread "Attach Listener" daemon [_thread_blocked, id=18972, stack(0x000000109f100000,0x000000109f200000)]
  0x000001123fa7af20 JavaThread "Service Thread" daemon [_thread_blocked, id=18976, stack(0x000000109f200000,0x000000109f300000)]
  0x000001123fa7b8d0 JavaThread "Monitor Deflation Thread" daemon [_thread_blocked, id=18980, stack(0x000000109f300000,0x000000109f400000)]
=>0x000001123fa7c660 JavaThread "C2 CompilerThread0" daemon [_thread_in_native, id=18984, stack(0x000000109f400000,0x000000109f500000)]
  0x000001123fae4820 JavaThread "C1 CompilerThread0" daemon [_thread_blocked, id=19032, stack(0x000000109f500000,0x000000109f600000)]
  0x000001123fae6e30 JavaThread "Sweeper thread" daemon [_thread_blocked, id=19096, stack(0x000000109f600000,0x000000109f700000)]
  0x00000112405ebf90 JavaThread "Notification Thread" daemon [_thread_blocked, id=19164, stack(0x000000109f700000,0x000000109f800000)]
  0x00000112405f2480 JavaThread "Common-Cleaner" daemon [_thread_blocked, id=19188, stack(0x000000109f900000,0x000000109fa00000)]

Other Threads:
  0x000001123fa57270 VMThread "VM Thread" [stack: 0x000000109ed00000,0x000000109ee00000] [id=18848]
  0x000001123faeecb0 WatcherThread [stack: 0x000000109f800000,0x000000109f900000] [id=19168]
  0x00000112219a56d0 GCTaskThread "GC Thread#0" [stack: 0x000000109e800000,0x000000109e900000] [id=18828]
  0x00000112412ae800 GCTaskThread "GC Thread#1" [stack: 0x000000109fb00000,0x000000109fc00000] [id=22228]
  0x00000112412aeab0 GCTaskThread "GC Thread#2" [stack: 0x000000109fc00000,0x000000109fd00000] [id=22232]
  0x0000011240d16060 GCTaskThread "GC Thread#3" [stack: 0x000000109fd00000,0x000000109fe00000] [id=22236]
  0x0000011240d16310 GCTaskThread "GC Thread#4" [stack: 0x000000109fe00000,0x000000109ff00000] [id=22240]
  0x0000011240cd0570 GCTaskThread "GC Thread#5" [stack: 0x000000109ff00000,0x00000010a0000000] [id=22244]
  0x0000011240cd0820 GCTaskThread "GC Thread#6" [stack: 0x00000010a0000000,0x00000010a0100000] [id=22248]
  0x0000011240cd0ad0 GCTaskThread "GC Thread#7" [stack: 0x00000010a0100000,0x00000010a0200000] [id=22252]
  0x00000112219b73a0 ConcurrentGCThread "G1 Main Marker" [stack: 0x000000109e900000,0x000000109ea00000] [id=18832]
  0x00000112219b8dc0 ConcurrentGCThread "G1 Conc#0" [stack: 0x000000109ea00000,0x000000109eb00000] [id=18836]
  0x0000011240635240 ConcurrentGCThread "G1 Conc#1" [stack: 0x000000109e700000,0x000000109e800000] [id=10204]
  0x0000011221a1dcc0 ConcurrentGCThread "G1 Refine#0" [stack: 0x000000109eb00000,0x000000109ec00000] [id=18840]
  0x0000011221a1e6e0 ConcurrentGCThread "G1 Service" [stack: 0x000000109ec00000,0x000000109ed00000] [id=18844]

Threads with active compile tasks:
C2 CompilerThread0   410941 4862 %     4       java.util.zip.ZipFile$Source::initCEN @ 240 (591 bytes)

VM state: not at safepoint (normal execution)

VM Mutex/Monitor currently owned by a thread: None

Heap address: 0x0000000081400000, size: 2028 MB, Compressed Oops mode: 32-bit

CDS archive(s) mapped at: [0x0000000800000000-0x0000000800bc0000-0x0000000800bc0000), size 12320768, SharedBaseAddress: 0x0000000800000000, ArchiveRelocationMode: 0.
Compressed class space mapped at: 0x0000000800c00000-0x0000000840c00000, reserved size: 1073741824
Narrow klass base: 0x0000000800000000, Narrow klass shift: 0, Narrow klass range: 0x100000000

GC Precious Log:
 CPUs: 8 total, 8 available
 Memory: 8106M
 Large Page Support: Disabled
 NUMA Support: Disabled
 Compressed Oops: Enabled (32-bit)
 Heap Region Size: 1M
 Heap Min Capacity: 8M
 Heap Initial Capacity: 128M
 Heap Max Capacity: 2028M
 Pre-touch: Disabled
 Parallel Workers: 8
 Concurrent Workers: 2
 Concurrent Refinement Workers: 8
 Periodic GC: Disabled

Heap:
 garbage-first heap   total 86016K, used 28052K [0x0000000081400000, 0x0000000100000000)
  region size 1024K, 12 young (12288K), 8 survivors (8192K)
 Metaspace       used 24172K, committed 24512K, reserved 1073152K
  class space    used 2846K, committed 3008K, reserved 1048576K

Heap Regions: E=young(eden), S=young(survivor), O=old, HS=humongous(starts), HC=humongous(continues), CS=collection set, F=free, OA=open archive, CA=closed archive, TAMS=top-at-mark-start (previous, next)
|   0|0x0000000081400000, 0x0000000081500000, 0x0000000081500000|100%| O|  |TAMS 0x0000000081500000, 0x0000000081400000| Untracked 
|   1|0x0000000081500000, 0x0000000081600000, 0x0000000081600000|100%| O|  |TAMS 0x0000000081600000, 0x0000000081500000| Untracked 
|   2|0x0000000081600000, 0x0000000081700000, 0x0000000081700000|100%| O|  |TAMS 0x0000000081700000, 0x0000000081600000| Untracked 
|   3|0x0000000081700000, 0x0000000081800000, 0x0000000081800000|100%| O|  |TAMS 0x0000000081800000, 0x0000000081700000| Untracked 
|   4|0x0000000081800000, 0x0000000081900000, 0x0000000081900000|100%|HS|  |TAMS 0x0000000081900000, 0x0000000081800000| Complete 
|   5|0x0000000081900000, 0x0000000081a00000, 0x0000000081a00000|100%|HC|  |TAMS 0x0000000081a00000, 0x0000000081900000| Complete 
|   6|0x0000000081a00000, 0x0000000081b00000, 0x0000000081b00000|100%|HS|  |TAMS 0x0000000081b00000, 0x0000000081a00000| Complete 
|   7|0x0000000081b00000, 0x0000000081c00000, 0x0000000081c00000|100%|HC|  |TAMS 0x0000000081c00000, 0x0000000081b00000| Complete 
|   8|0x0000000081c00000, 0x0000000081d00000, 0x0000000081d00000|100%|HS|  |TAMS 0x0000000081c00000, 0x0000000081c00000| Complete 
|   9|0x0000000081d00000, 0x0000000081d00000, 0x0000000081e00000|  0%| F|  |TAMS 0x0000000081d00000, 0x0000000081d00000| Untracked 
|  10|0x0000000081e00000, 0x0000000081e00000, 0x0000000081f00000|  0%| F|  |TAMS 0x0000000081e00000, 0x0000000081e00000| Untracked 
|  11|0x0000000081f00000, 0x0000000081f00000, 0x0000000082000000|  0%| F|  |TAMS 0x0000000081f00000, 0x0000000081f00000| Untracked 
|  12|0x0000000082000000, 0x0000000082000000, 0x0000000082100000|  0%| F|  |TAMS 0x0000000082000000, 0x0000000082000000| Untracked 
|  13|0x0000000082100000, 0x0000000082100000, 0x0000000082200000|  0%| F|  |TAMS 0x0000000082100000, 0x0000000082100000| Untracked 
|  14|0x0000000082200000, 0x0000000082200000, 0x0000000082300000|  0%| F|  |TAMS 0x0000000082200000, 0x0000000082200000| Untracked 
|  15|0x0000000082300000, 0x0000000082300000, 0x0000000082400000|  0%| F|  |TAMS 0x0000000082300000, 0x0000000082300000| Untracked 
|  16|0x0000000082400000, 0x0000000082400000, 0x0000000082500000|  0%| F|  |TAMS 0x0000000082400000, 0x0000000082400000| Untracked 
|  17|0x0000000082500000, 0x0000000082500000, 0x0000000082600000|  0%| F|  |TAMS 0x0000000082500000, 0x0000000082500000| Untracked 
|  18|0x0000000082600000, 0x0000000082600000, 0x0000000082700000|  0%| F|  |TAMS 0x0000000082600000, 0x0000000082600000| Untracked 
|  19|0x0000000082700000, 0x0000000082700000, 0x0000000082800000|  0%| F|  |TAMS 0x0000000082700000, 0x0000000082700000| Untracked 
|  20|0x0000000082800000, 0x0000000082800000, 0x0000000082900000|  0%| F|  |TAMS 0x0000000082800000, 0x0000000082800000| Untracked 
|  21|0x0000000082900000, 0x0000000082900000, 0x0000000082a00000|  0%| F|  |TAMS 0x0000000082900000, 0x0000000082900000| Untracked 
|  22|0x0000000082a00000, 0x0000000082a00000, 0x0000000082b00000|  0%| F|  |TAMS 0x0000000082a00000, 0x0000000082a00000| Untracked 
|  23|0x0000000082b00000, 0x0000000082b00000, 0x0000000082c00000|  0%| F|  |TAMS 0x0000000082b00000, 0x0000000082b00000| Untracked 
|  24|0x0000000082c00000, 0x0000000082c00000, 0x0000000082d00000|  0%| F|  |TAMS 0x0000000082c00000, 0x0000000082c00000| Untracked 
|  25|0x0000000082d00000, 0x0000000082d00000, 0x0000000082e00000|  0%| F|  |TAMS 0x0000000082d00000, 0x0000000082d00000| Untracked 
|  26|0x0000000082e00000, 0x0000000082e00000, 0x0000000082f00000|  0%| F|  |TAMS 0x0000000082e00000, 0x0000000082e00000| Untracked 
|  27|0x0000000082f00000, 0x0000000082f00000, 0x0000000083000000|  0%| F|  |TAMS 0x0000000082f00000, 0x0000000082f00000| Untracked 
|  28|0x0000000083000000, 0x0000000083000000, 0x0000000083100000|  0%| F|  |TAMS 0x0000000083000000, 0x0000000083000000| Untracked 
|  29|0x0000000083100000, 0x0000000083100000, 0x0000000083200000|  0%| F|  |TAMS 0x0000000083100000, 0x0000000083100000| Untracked 
|  30|0x0000000083200000, 0x0000000083200000, 0x0000000083300000|  0%| F|  |TAMS 0x0000000083200000, 0x0000000083200000| Untracked 
|  31|0x0000000083300000, 0x0000000083300000, 0x0000000083400000|  0%| F|  |TAMS 0x0000000083300000, 0x0000000083300000| Untracked 
|  32|0x0000000083400000, 0x0000000083400000, 0x0000000083500000|  0%| F|  |TAMS 0x0000000083400000, 0x0000000083400000| Untracked 
|  33|0x0000000083500000, 0x0000000083500000, 0x0000000083600000|  0%| F|  |TAMS 0x0000000083500000, 0x0000000083500000| Untracked 
|  34|0x0000000083600000, 0x0000000083600000, 0x0000000083700000|  0%| F|  |TAMS 0x0000000083600000, 0x0000000083600000| Untracked 
|  35|0x0000000083700000, 0x0000000083700000, 0x0000000083800000|  0%| F|  |TAMS 0x0000000083700000, 0x0000000083700000| Untracked 
|  36|0x0000000083800000, 0x0000000083800000, 0x0000000083900000|  0%| F|  |TAMS 0x0000000083800000, 0x0000000083800000| Untracked 
|  37|0x0000000083900000, 0x0000000083a00000, 0x0000000083a00000|100%| O|  |TAMS 0x0000000083a00000, 0x0000000083900000| Untracked 
|  38|0x0000000083a00000, 0x0000000083b00000, 0x0000000083b00000|100%| O|  |TAMS 0x0000000083b00000, 0x0000000083a00000| Untracked 
|  39|0x0000000083b00000, 0x0000000083c00000, 0x0000000083c00000|100%| O|  |TAMS 0x0000000083c00000, 0x0000000083b00000| Untracked 
|  40|0x0000000083c00000, 0x0000000083d00000, 0x0000000083d00000|100%| O|  |TAMS 0x0000000083d00000, 0x0000000083c00000| Untracked 
|  41|0x0000000083d00000, 0x0000000083e00000, 0x0000000083e00000|100%| O|  |TAMS 0x0000000083e00000, 0x0000000083d00000| Untracked 
|  42|0x0000000083e00000, 0x0000000083f00000, 0x0000000083f00000|100%| O|  |TAMS 0x0000000083f00000, 0x0000000083e00000| Untracked 
|  43|0x0000000083f00000, 0x0000000083f00000, 0x0000000084000000|  0%| F|  |TAMS 0x0000000083f00000, 0x0000000083f00000| Untracked 
|  44|0x0000000084000000, 0x0000000084000000, 0x0000000084100000|  0%| F|  |TAMS 0x0000000084000000, 0x0000000084000000| Untracked 
|  45|0x0000000084100000, 0x0000000084100000, 0x0000000084200000|  0%| F|  |TAMS 0x0000000084100000, 0x0000000084100000| Untracked 
|  46|0x0000000084200000, 0x0000000084200000, 0x0000000084300000|  0%| F|  |TAMS 0x0000000084200000, 0x0000000084200000| Untracked 
|  47|0x0000000084300000, 0x0000000084300000, 0x0000000084400000|  0%| F|  |TAMS 0x0000000084300000, 0x0000000084300000| Untracked 
|  48|0x0000000084400000, 0x0000000084400000, 0x0000000084500000|  0%| F|  |TAMS 0x0000000084400000, 0x0000000084400000| Untracked 
|  49|0x0000000084500000, 0x0000000084500000, 0x0000000084600000|  0%| F|  |TAMS 0x0000000084500000, 0x0000000084500000| Untracked 
|  50|0x0000000084600000, 0x0000000084600000, 0x0000000084700000|  0%| F|  |TAMS 0x0000000084600000, 0x0000000084600000| Untracked 
|  51|0x0000000084700000, 0x0000000084700000, 0x0000000084800000|  0%| F|  |TAMS 0x0000000084700000, 0x0000000084700000| Untracked 
|  52|0x0000000084800000, 0x0000000084900000, 0x0000000084900000|100%| O|  |TAMS 0x0000000084900000, 0x0000000084800000| Untracked 
|  53|0x0000000084900000, 0x00000000849c9400, 0x0000000084a00000| 78%| O|  |TAMS 0x00000000849c9400, 0x0000000084900000| Complete 
|  54|0x0000000084a00000, 0x0000000084a00000, 0x0000000084b00000|  0%| F|  |TAMS 0x0000000084a00000, 0x0000000084a00000| Untracked 
|  55|0x0000000084b00000, 0x0000000084b00000, 0x0000000084c00000|  0%| F|  |TAMS 0x0000000084b00000, 0x0000000084b00000| Untracked 
|  56|0x0000000084c00000, 0x0000000084c00000, 0x0000000084d00000|  0%| F|  |TAMS 0x0000000084c00000, 0x0000000084c00000| Untracked 
|  57|0x0000000084d00000, 0x0000000084d00000, 0x0000000084e00000|  0%| F|  |TAMS 0x0000000084d00000, 0x0000000084d00000| Untracked 
|  58|0x0000000084e00000, 0x0000000084e00000, 0x0000000084f00000|  0%| F|  |TAMS 0x0000000084e00000, 0x0000000084e00000| Untracked 
|  59|0x0000000084f00000, 0x0000000084f00000, 0x0000000085000000|  0%| F|  |TAMS 0x0000000084f00000, 0x0000000084f00000| Untracked 
|  60|0x0000000085000000, 0x0000000085000000, 0x0000000085100000|  0%| F|  |TAMS 0x0000000085000000, 0x0000000085000000| Untracked 
|  61|0x0000000085100000, 0x0000000085100000, 0x0000000085200000|  0%| F|  |TAMS 0x0000000085100000, 0x0000000085100000| Untracked 
|  62|0x0000000085200000, 0x0000000085200000, 0x0000000085300000|  0%| F|  |TAMS 0x0000000085200000, 0x0000000085200000| Untracked 
|  63|0x0000000085300000, 0x0000000085300000, 0x0000000085400000|  0%| F|  |TAMS 0x0000000085300000, 0x0000000085300000| Untracked 
|  64|0x0000000085400000, 0x0000000085400000, 0x0000000085500000|  0%| F|  |TAMS 0x0000000085400000, 0x0000000085400000| Untracked 
|  65|0x0000000085500000, 0x0000000085500000, 0x0000000085600000|  0%| F|  |TAMS 0x0000000085500000, 0x0000000085500000| Untracked 
|  66|0x0000000085600000, 0x0000000085600000, 0x0000000085700000|  0%| F|  |TAMS 0x0000000085600000, 0x0000000085600000| Untracked 
|  67|0x0000000085700000, 0x0000000085700000, 0x0000000085800000|  0%| F|  |TAMS 0x0000000085700000, 0x0000000085700000| Untracked 
|  68|0x0000000085800000, 0x0000000085800000, 0x0000000085900000|  0%| F|  |TAMS 0x0000000085800000, 0x0000000085800000| Untracked 
|  69|0x0000000085900000, 0x0000000085900000, 0x0000000085a00000|  0%| F|  |TAMS 0x0000000085900000, 0x0000000085900000| Untracked 
|  70|0x0000000085a00000, 0x0000000085a00000, 0x0000000085b00000|  0%| F|  |TAMS 0x0000000085a00000, 0x0000000085a00000| Untracked 
|  71|0x0000000085b00000, 0x0000000085b00000, 0x0000000085c00000|  0%| F|  |TAMS 0x0000000085b00000, 0x0000000085b00000| Untracked 
|  72|0x0000000085c00000, 0x0000000085c32520, 0x0000000085d00000| 19%| E|  |TAMS 0x0000000085c00000, 0x0000000085c00000| Complete 
|  73|0x0000000085d00000, 0x0000000085e00000, 0x0000000085e00000|100%| E|CS|TAMS 0x0000000085d00000, 0x0000000085d00000| Complete 
|  74|0x0000000085e00000, 0x0000000085f00000, 0x0000000085f00000|100%| E|CS|TAMS 0x0000000085e00000, 0x0000000085e00000| Complete 
| 109|0x0000000088100000, 0x000000008819beb0, 0x0000000088200000| 60%| S|CS|TAMS 0x0000000088100000, 0x0000000088100000| Complete 
| 110|0x0000000088200000, 0x0000000088300000, 0x0000000088300000|100%| S|CS|TAMS 0x0000000088200000, 0x0000000088200000| Complete 
| 111|0x0000000088300000, 0x0000000088400000, 0x0000000088400000|100%| S|CS|TAMS 0x0000000088300000, 0x0000000088300000| Complete 
| 112|0x0000000088400000, 0x0000000088500000, 0x0000000088500000|100%| S|CS|TAMS 0x0000000088400000, 0x0000000088400000| Complete 
| 113|0x0000000088500000, 0x0000000088600000, 0x0000000088600000|100%| S|CS|TAMS 0x0000000088500000, 0x0000000088500000| Complete 
| 114|0x0000000088600000, 0x0000000088700000, 0x0000000088700000|100%| S|CS|TAMS 0x0000000088600000, 0x0000000088600000| Complete 
| 115|0x0000000088700000, 0x0000000088800000, 0x0000000088800000|100%| S|CS|TAMS 0x0000000088700000, 0x0000000088700000| Complete 
| 116|0x0000000088800000, 0x0000000088900000, 0x0000000088900000|100%| S|CS|TAMS 0x0000000088800000, 0x0000000088800000| Complete 
| 127|0x0000000089300000, 0x0000000089400000, 0x0000000089400000|100%| E|CS|TAMS 0x0000000089300000, 0x0000000089300000| Complete 

Card table byte_map: [0x0000011238900000,0x0000011238d00000] _byte_map_base: 0x00000112384f6000

Marking Bits (Prev, Next): (CMBitMap*) 0x00000112219a5d20, (CMBitMap*) 0x00000112219a5ce0
 Prev Bits: [0x000001123b0b0000, 0x000001123d060000)
 Next Bits: [0x0000011239100000, 0x000001123b0b0000)

Polling page: 0x000001121f950000

Metaspace:

Usage:
  Non-class:     20.83 MB used.
      Class:      2.78 MB used.
       Both:     23.61 MB used.

Virtual space:
  Non-class space:       24.00 MB reserved,      21.00 MB ( 88%) committed,  3 nodes.
      Class space:        1.00 GB reserved,       2.94 MB ( <1%) committed,  1 nodes.
             Both:        1.02 GB reserved,      23.94 MB (  2%) committed. 

Chunk freelists:
   Non-Class:  2.67 MB
       Class:  1.02 MB
        Both:  3.69 MB

MaxMetaspaceSize: unlimited
CompressedClassSpaceSize: 1.00 GB
Initial GC threshold: 21.00 MB
Current GC threshold: 35.25 MB
CDS: on
MetaspaceReclaimPolicy: balanced
 - commit_granule_bytes: 65536.
 - commit_granule_words: 8192.
 - virtual_space_node_default_size: 1048576.
 - enlarge_chunks_in_place: 1.
 - new_chunks_are_fully_committed: 0.
 - uncommit_free_chunks: 1.
 - use_allocation_guard: 0.
 - handle_deallocations: 1.


Internal statistics:

num_allocs_failed_limit: 3.
num_arena_births: 152.
num_arena_deaths: 0.
num_vsnodes_births: 4.
num_vsnodes_deaths: 0.
num_space_committed: 383.
num_space_uncommitted: 0.
num_chunks_returned_to_freelist: 3.
num_chunks_taken_from_freelist: 1005.
num_chunk_merges: 0.
num_chunk_splits: 710.
num_chunks_enlarged: 572.
num_purges: 0.
num_inconsistent_stats: 0.

CodeHeap 'non-profiled nmethods': size=120000Kb used=2635Kb max_used=2635Kb free=117364Kb
 bounds [0x0000011230c90000, 0x0000011230f30000, 0x00000112381c0000]
CodeHeap 'profiled nmethods': size=120000Kb used=10237Kb max_used=10237Kb free=109762Kb
 bounds [0x0000011229760000, 0x000001122a160000, 0x0000011230c90000]
CodeHeap 'non-nmethods': size=5760Kb used=1199Kb max_used=1246Kb free=4561Kb
 bounds [0x00000112291c0000, 0x0000011229430000, 0x0000011229760000]
 total_blobs=5325 nmethods=4827 adapters=410
 compilation: enabled
              stopped_count=0, restarted_count=0
 full_count=0

Compilation events (20 events):
Event: 406.409 Thread 0x000001123fae4820 nmethod 4851 0x000001122a158390 code [0x000001122a1585c0, 0x000001122a158eb8]
Event: 406.410 Thread 0x000001123fae4820 4850       3       com.sun.tools.javac.util.Name$Table::fromString (14 bytes)
Event: 406.410 Thread 0x000001123fae4820 nmethod 4850 0x000001122a159210 code [0x000001122a1593e0, 0x000001122a159728]
Event: 407.202 Thread 0x000001123fa7c660 4853       4       java.net.URI::match (56 bytes)
Event: 407.203 Thread 0x000001123fae4820 4852       3       java.net.URI$Parser::checkChars (44 bytes)
Event: 407.204 Thread 0x000001123fa7c660 nmethod 4853 0x0000011230f1b210 code [0x0000011230f1b380, 0x0000011230f1b478]
Event: 407.204 Thread 0x000001123fa7c660 4854       4       java.lang.String::replace (42 bytes)
Event: 407.204 Thread 0x000001123fae4820 nmethod 4852 0x000001122a159910 code [0x000001122a159b40, 0x000001122a15a188]
Event: 407.204 Thread 0x000001123fae4820 4855       3       java.net.URI$Parser::scan (41 bytes)
Event: 407.206 Thread 0x000001123fae4820 nmethod 4855 0x000001122a15a410 code [0x000001122a15a660, 0x000001122a15afd8]
Event: 407.206 Thread 0x000001123fae4820 4856       3       java.net.URI::quote (214 bytes)
Event: 407.212 Thread 0x000001123fae4820 nmethod 4856 0x000001122a15b410 code [0x000001122a15b7e0, 0x000001122a15d138]
Event: 407.230 Thread 0x000001123fa7c660 nmethod 4854 0x0000011230f1b590 code [0x0000011230f1b720, 0x0000011230f1bdf8]
Event: 407.230 Thread 0x000001123fa7c660 4857       4       jdk.internal.module.SystemModuleFinders$SystemModuleReader::find (59 bytes)
Event: 407.456 Thread 0x000001123fa7c660 nmethod 4857 0x0000011230f1c110 code [0x0000011230f1c460, 0x0000011230f1fc80]
Event: 407.983 Thread 0x000001123fae4820 4860   !   3       java.util.zip.InflaterInputStream::read (138 bytes)
Event: 407.985 Thread 0x000001123fae4820 nmethod 4860 0x000001122a15db10 code [0x000001122a15ddc0, 0x000001122a15eaf8]
Event: 410.813 Thread 0x000001123fae4820 4861       3       java.nio.file.Files::readAttributes (11 bytes)
Event: 410.813 Thread 0x000001123fae4820 nmethod 4861 0x000001122a15f090 code [0x000001122a15f260, 0x000001122a15f628]
Event: 410.844 Thread 0x000001123fa7c660 4862 %     4       java.util.zip.ZipFile$Source::initCEN @ 240 (591 bytes)

GC Heap History (10 events):
Event: 30.707 GC heap before
{Heap before GC invocations=0 (full 0):
 garbage-first heap   total 131072K, used 23552K [0x0000000081400000, 0x0000000100000000)
  region size 1024K, 23 young (23552K), 0 survivors (0K)
 Metaspace       used 5649K, committed 5888K, reserved 1056768K
  class space    used 679K, committed 768K, reserved 1048576K
}
Event: 30.806 GC heap after
{Heap after GC invocations=1 (full 0):
 garbage-first heap   total 131072K, used 3843K [0x0000000081400000, 0x0000000100000000)
  region size 1024K, 3 young (3072K), 3 survivors (3072K)
 Metaspace       used 5649K, committed 5888K, reserved 1056768K
  class space    used 679K, committed 768K, reserved 1048576K
}
Event: 36.810 GC heap before
{Heap before GC invocations=1 (full 0):
 garbage-first heap   total 131072K, used 33539K [0x0000000081400000, 0x0000000100000000)
  region size 1024K, 32 young (32768K), 3 survivors (3072K)
 Metaspace       used 9208K, committed 9408K, reserved 1064960K
  class space    used 1123K, committed 1216K, reserved 1048576K
}
Event: 36.822 GC heap after
{Heap after GC invocations=2 (full 0):
 garbage-first heap   total 131072K, used 5444K [0x0000000081400000, 0x0000000100000000)
  region size 1024K, 2 young (2048K), 2 survivors (2048K)
 Metaspace       used 9208K, committed 9408K, reserved 1064960K
  class space    used 1123K, committed 1216K, reserved 1048576K
}
Event: 347.374 GC heap before
{Heap before GC invocations=2 (full 0):
 garbage-first heap   total 131072K, used 81220K [0x0000000081400000, 0x0000000100000000)
  region size 1024K, 76 young (77824K), 2 survivors (2048K)
 Metaspace       used 15702K, committed 15872K, reserved 1064960K
  class space    used 1862K, committed 1920K, reserved 1048576K
}
Event: 347.589 GC heap after
{Heap after GC invocations=3 (full 0):
 garbage-first heap   total 131072K, used 12949K [0x0000000081400000, 0x0000000100000000)
  region size 1024K, 9 young (9216K), 9 survivors (9216K)
 Metaspace       used 15702K, committed 15872K, reserved 1064960K
  class space    used 1862K, committed 1920K, reserved 1048576K
}
Event: 391.257 GC heap before
{Heap before GC invocations=3 (full 0):
 garbage-first heap   total 131072K, used 110229K [0x0000000081400000, 0x0000000100000000)
  region size 1024K, 71 young (72704K), 9 survivors (9216K)
 Metaspace       used 19256K, committed 19520K, reserved 1073152K
  class space    used 2223K, committed 2368K, reserved 1048576K
}
Event: 391.357 GC heap after
{Heap after GC invocations=4 (full 0):
 garbage-first heap   total 131072K, used 16635K [0x0000000081400000, 0x0000000100000000)
  region size 1024K, 5 young (5120K), 5 survivors (5120K)
 Metaspace       used 19256K, committed 19520K, reserved 1073152K
  class space    used 2223K, committed 2368K, reserved 1048576K
}
Event: 403.744 GC heap before
{Heap before GC invocations=4 (full 0):
 garbage-first heap   total 131072K, used 30971K [0x0000000081400000, 0x0000000100000000)
  region size 1024K, 16 young (16384K), 5 survivors (5120K)
 Metaspace       used 21198K, committed 21504K, reserved 1073152K
  class space    used 2496K, committed 2688K, reserved 1048576K
}
Event: 403.767 GC heap after
{Heap after GC invocations=5 (full 0):
 garbage-first heap   total 131072K, used 23956K [0x0000000081400000, 0x0000000100000000)
  region size 1024K, 8 young (8192K), 8 survivors (8192K)
 Metaspace       used 21198K, committed 21504K, reserved 1073152K
  class space    used 2496K, committed 2688K, reserved 1048576K
}

Deoptimization events (20 events):
Event: 396.743 Thread 0x000001122194bea0 Uncommon trap: trap_request=0xffffff76 fr.pc=0x0000011230f07a74 relative=0x00000000000001d4
Event: 396.743 Thread 0x000001122194bea0 Uncommon trap: reason=predicate action=maybe_recompile pc=0x0000011230f07a74 method=java.util.LinkedHashMap.valuesToArray([Ljava/lang/Object;)[Ljava/lang/Object; @ 12 c2
Event: 396.743 Thread 0x000001122194bea0 DEOPT PACKING pc=0x0000011230f07a74 sp=0x000000109e6fc8b0
Event: 396.743 Thread 0x000001122194bea0 DEOPT UNPACKING pc=0x00000112292123a3 sp=0x000000109e6fc868 mode 2
Event: 400.657 Thread 0x000001122194bea0 Uncommon trap: trap_request=0xffffff45 fr.pc=0x0000011230ef9a94 relative=0x0000000000002094
Event: 400.657 Thread 0x000001122194bea0 Uncommon trap: reason=unstable_if action=reinterpret pc=0x0000011230ef9a94 method=jdk.internal.org.objectweb.asm.Frame.execute(IILjdk/internal/org/objectweb/asm/Symbol;Ljdk/internal/org/objectweb/asm/SymbolTable;)V @ 1 c2
Event: 400.657 Thread 0x000001122194bea0 DEOPT PACKING pc=0x0000011230ef9a94 sp=0x000000109e6fa9a0
Event: 400.658 Thread 0x000001122194bea0 DEOPT UNPACKING pc=0x00000112292123a3 sp=0x000000109e6fa958 mode 2
Event: 407.209 Thread 0x000001122194bea0 Uncommon trap: trap_request=0xffffff45 fr.pc=0x0000011230eeead4 relative=0x0000000000000294
Event: 407.209 Thread 0x000001122194bea0 Uncommon trap: reason=unstable_if action=reinterpret pc=0x0000011230eeead4 method=java.io.WinNTFileSystem.prefixLength(Ljava/lang/String;)I @ 25 c2
Event: 407.210 Thread 0x000001122194bea0 DEOPT PACKING pc=0x0000011230eeead4 sp=0x000000109e6fca00
Event: 407.210 Thread 0x000001122194bea0 DEOPT UNPACKING pc=0x00000112292123a3 sp=0x000000109e6fc978 mode 2
Event: 407.212 Thread 0x000001122194bea0 Uncommon trap: trap_request=0xffffffde fr.pc=0x0000011230cc88cc relative=0x0000000000000a8c
Event: 407.212 Thread 0x000001122194bea0 Uncommon trap: reason=class_check action=maybe_recompile pc=0x0000011230cc88cc method=jdk.internal.loader.URLClassPath.getLoader(I)Ljdk/internal/loader/URLClassPath$Loader; @ 88 c2
Event: 407.212 Thread 0x000001122194bea0 DEOPT PACKING pc=0x0000011230cc88cc sp=0x000000109e6fc7c0
Event: 407.212 Thread 0x000001122194bea0 DEOPT UNPACKING pc=0x00000112292123a3 sp=0x000000109e6fc790 mode 2
Event: 410.810 Thread 0x000001122194bea0 Uncommon trap: trap_request=0xffffff45 fr.pc=0x0000011230cce164 relative=0x00000000000005c4
Event: 410.810 Thread 0x000001122194bea0 Uncommon trap: reason=unstable_if action=reinterpret pc=0x0000011230cce164 method=jdk.internal.loader.URLClassPath$JarLoader.getResource(Ljava/lang/String;Z)Ljdk/internal/loader/Resource; @ 42 c2
Event: 410.810 Thread 0x000001122194bea0 DEOPT PACKING pc=0x0000011230cce164 sp=0x000000109e6fc7a0
Event: 410.810 Thread 0x000001122194bea0 DEOPT UNPACKING pc=0x00000112292123a3 sp=0x000000109e6fc748 mode 2

Classes unloaded (0 events):
No events

Classes redefined (0 events):
No events

Internal exceptions (20 events):
Event: 339.988 Thread 0x000001122194bea0 Exception <a 'java/lang/NoSuchMethodError'{0x0000000085afcc30}: 'int java.lang.invoke.DirectMethodHandle$Holder.invokeSpecialIFC(java.lang.Object, java.lang.Object, java.lang.Object, java.lang.Object)'> (0x0000000085afcc30) 
thrown [s\open\src\hotspot\share\interpreter\linkResolver.cpp, line 759]
Event: 354.962 Thread 0x000001122194bea0 Implicit null exception at 0x0000011230e75eef to 0x0000011230e760b8
Event: 354.962 Thread 0x000001122194bea0 Implicit null exception at 0x0000011230e6acef to 0x0000011230e6aec4
Event: 354.963 Thread 0x000001122194bea0 Implicit null exception at 0x0000011230e0c30f to 0x0000011230e0c389
Event: 358.620 Thread 0x000001122194bea0 Exception <a 'java/lang/NoSuchMethodError'{0x00000000874b7d78}: 'java.lang.Object java.lang.invoke.DirectMethodHandle$Holder.newInvokeSpecial(java.lang.Object, java.lang.Object, java.lang.Object, java.lang.Object, java.lang.Object, java.lang.Object, java.lang.Object)'> (0x00000000874b7d78) 
thrown [s\open\src\hotspot\share\interpreter\linkResolver.cpp, line 759]
Event: 358.621 Thread 0x000001122194bea0 Exception <a 'java/lang/NoSuchMethodError'{0x00000000874bc688}: 'java.lang.Object java.lang.invoke.Invokers$Holder.linkToTargetMethod(java.lang.Object, java.lang.Object, java.lang.Object, java.lang.Object, java.lang.Object, java.lang.Object, java.lang.Object)'> (0x00000000874bc688) 
thrown [s\open\src\hotspot\share\interpreter\linkResolver.cpp, line 759]
Event: 370.767 Thread 0x000001122194bea0 Implicit null exception at 0x0000011230e71033 to 0x0000011230e717a8
Event: 370.844 Thread 0x000001122194bea0 Exception <a 'java/lang/NoSuchMethodError'{0x0000000086a64688}: 'java.lang.Object java.lang.invoke.DirectMethodHandle$Holder.invokeVirtual(java.lang.Object, java.lang.Object, java.lang.Object)'> (0x0000000086a64688) 
thrown [s\open\src\hotspot\share\interpreter\linkResolver.cpp, line 759]
Event: 370.850 Thread 0x000001122194bea0 Exception <a 'java/lang/NoSuchMethodError'{0x0000000086a6bc80}: 'void java.lang.invoke.DirectMethodHandle$Holder.invokeSpecial(java.lang.Object, java.lang.Object, java.lang.Object, java.lang.Object, java.lang.Object, java.lang.Object)'> (0x0000000086a6bc80) 
thrown [s\open\src\hotspot\share\interpreter\linkResolver.cpp, line 759]
Event: 370.857 Thread 0x000001122194bea0 Exception <a 'java/lang/NoSuchMethodError'{0x0000000086a77318}: 'int java.lang.invoke.DirectMethodHandle$Holder.invokeVirtual(java.lang.Object, java.lang.Object)'> (0x0000000086a77318) 
thrown [s\open\src\hotspot\share\interpreter\linkResolver.cpp, line 759]
Event: 389.361 Thread 0x000001122194bea0 Exception <a 'java/lang/NoSuchMethodError'{0x0000000085908f80}: 'int java.lang.invoke.DirectMethodHandle$Holder.invokeInterface(java.lang.Object, java.lang.Object)'> (0x0000000085908f80) 
thrown [s\open\src\hotspot\share\interpreter\linkResolver.cpp, line 759]
Event: 391.723 Thread 0x000001122194bea0 Exception <a 'java/lang/NoSuchMethodError'{0x0000000089241540}: 'int java.lang.invoke.DirectMethodHandle$Holder.invokeVirtual(java.lang.Object, java.lang.Object, java.lang.Object)'> (0x0000000089241540) 
thrown [s\open\src\hotspot\share\interpreter\linkResolver.cpp, line 759]
Event: 391.725 Thread 0x000001122194bea0 Exception <a 'java/lang/NoSuchMethodError'{0x0000000089247be0}: 'void java.lang.invoke.DirectMethodHandle$Holder.invokeInterface(java.lang.Object, java.lang.Object, java.lang.Object)'> (0x0000000089247be0) 
thrown [s\open\src\hotspot\share\interpreter\linkResolver.cpp, line 759]
Event: 391.753 Thread 0x000001122194bea0 Exception <a 'java/lang/NoSuchMethodError'{0x00000000892550c0}: 'int java.lang.invoke.DirectMethodHandle$Holder.invokeStaticInit(java.lang.Object, java.lang.Object, java.lang.Object)'> (0x00000000892550c0) 
thrown [s\open\src\hotspot\share\interpreter\linkResolver.cpp, line 759]
Event: 394.332 Thread 0x000001122194bea0 Implicit null exception at 0x0000011230f0280c to 0x0000011230f02946
Event: 400.653 Thread 0x000001122194bea0 Exception <a 'sun/nio/fs/WindowsException'{0x0000000088a50bb8}> (0x0000000088a50bb8) 
thrown [s\open\src\hotspot\share\prims\jni.cpp, line 516]
Event: 400.653 Thread 0x000001122194bea0 Exception <a 'sun/nio/fs/WindowsException'{0x0000000088a50f18}> (0x0000000088a50f18) 
thrown [s\open\src\hotspot\share\prims\jni.cpp, line 516]
Event: 406.311 Thread 0x000001122194bea0 Exception <a 'java/lang/NoSuchMethodError'{0x00000000893e5c60}: 'java.lang.Object java.lang.invoke.DirectMethodHandle$Holder.newInvokeSpecial(java.lang.Object, java.lang.Object, java.lang.Object, java.lang.Object, java.lang.Object, java.lang.Object)'> (0x00000000893e5c60) 
thrown [s\open\src\hotspot\share\interpreter\linkResolver.cpp, line 759]
Event: 406.377 Thread 0x000001122194bea0 Exception <a 'sun/nio/fs/WindowsException'{0x0000000085e2e780}> (0x0000000085e2e780) 
thrown [s\open\src\hotspot\share\prims\jni.cpp, line 516]
Event: 406.377 Thread 0x000001122194bea0 Exception <a 'sun/nio/fs/WindowsException'{0x0000000085e2e9d8}> (0x0000000085e2e9d8) 
thrown [s\open\src\hotspot\share\prims\jni.cpp, line 516]

VM Operations (20 events):
Event: 400.201 Executing VM operation: HandshakeAllThreads
Event: 400.201 Executing VM operation: HandshakeAllThreads done
Event: 400.202 Executing VM operation: HandshakeAllThreads
Event: 400.202 Executing VM operation: HandshakeAllThreads done
Event: 401.214 Executing VM operation: Cleanup
Event: 401.545 Executing VM operation: Cleanup done
Event: 402.553 Executing VM operation: Cleanup
Event: 402.663 Executing VM operation: Cleanup done
Event: 403.744 Executing VM operation: CollectForMetadataAllocation
Event: 403.768 Executing VM operation: CollectForMetadataAllocation done
Event: 403.838 Executing VM operation: G1Concurrent
Event: 404.228 Executing VM operation: G1Concurrent done
Event: 404.240 Executing VM operation: G1Concurrent
Event: 404.241 Executing VM operation: G1Concurrent done
Event: 405.246 Executing VM operation: Cleanup
Event: 405.679 Executing VM operation: Cleanup done
Event: 406.712 Executing VM operation: Cleanup
Event: 407.212 Executing VM operation: Cleanup done
Event: 408.229 Executing VM operation: Cleanup
Event: 410.810 Executing VM operation: Cleanup done

Events (20 events):
Event: 400.192 loading class java/security/AllPermissionCollection
Event: 400.193 loading class java/security/AllPermissionCollection done
Event: 400.193 loading class jdk/internal/jrtfs/SystemImage$2
Event: 400.193 loading class jdk/internal/jrtfs/SystemImage$2 done
Event: 400.193 loading class jdk/internal/jimage/ImageReader$Directory
Event: 400.193 loading class jdk/internal/jimage/ImageReader$Node
Event: 400.193 loading class jdk/internal/jimage/ImageReader$Node done
Event: 400.193 loading class jdk/internal/jimage/ImageReader$Directory done
Event: 400.194 loading class jdk/internal/jrtfs/SystemImage$1
Event: 400.194 loading class jdk/internal/jrtfs/SystemImage$1 done
Event: 400.196 loading class java/io/BufferedReader$1
Event: 400.196 loading class java/io/BufferedReader$1 done
Event: 400.199 loading class jdk/internal/jimage/ImageReader$SharedImageReader$LocationVisitor
Event: 400.199 loading class jdk/internal/jimage/ImageReader$SharedImageReader$LocationVisitor done
Event: 400.200 loading class java/nio/ByteBufferAsIntBufferL
Event: 400.200 loading class java/nio/ByteBufferAsIntBufferL done
Event: 400.203 loading class jdk/internal/jimage/ImageReader$Resource
Event: 400.203 loading class jdk/internal/jimage/ImageReader$Resource done
Event: 400.204 loading class jdk/internal/jrtfs/JrtFileAttributes
Event: 400.204 loading class jdk/internal/jrtfs/JrtFileAttributes done


Dynamic libraries:
0x00007ff75cc70000 - 0x00007ff75cc80000 	C:\Program Files\Java\jdk-17.0.4.1\bin\java.exe
0x00007ffe52bb0000 - 0x00007ffe52dc7000 	C:\WINDOWS\SYSTEM32\ntdll.dll
0x00007ffe51f30000 - 0x00007ffe51ff4000 	C:\WINDOWS\System32\KERNEL32.DLL
0x00007ffe501b0000 - 0x00007ffe50555000 	C:\WINDOWS\System32\KERNELBASE.dll
0x00007ffe50720000 - 0x00007ffe50831000 	C:\WINDOWS\System32\ucrtbase.dll
0x00007ffe30030000 - 0x00007ffe30048000 	C:\Program Files\Java\jdk-17.0.4.1\bin\jli.dll
0x00007ffe517e0000 - 0x00007ffe51891000 	C:\WINDOWS\System32\ADVAPI32.dll
0x00007ffe518a0000 - 0x00007ffe51947000 	C:\WINDOWS\System32\msvcrt.dll
0x00007ffe522a0000 - 0x00007ffe52346000 	C:\WINDOWS\System32\sechost.dll
0x00007ffe52000000 - 0x00007ffe52117000 	C:\WINDOWS\System32\RPCRT4.dll
0x00007ffe50980000 - 0x00007ffe50b2e000 	C:\WINDOWS\System32\USER32.dll
0x00007ffe506f0000 - 0x00007ffe50716000 	C:\WINDOWS\System32\win32u.dll
0x00007ffe51c60000 - 0x00007ffe51c89000 	C:\WINDOWS\System32\GDI32.dll
0x00007ffe50560000 - 0x00007ffe50679000 	C:\WINDOWS\System32\gdi32full.dll
0x00007ffe4ff20000 - 0x00007ffe4ffba000 	C:\WINDOWS\System32\msvcp_win.dll
0x00007ffe33530000 - 0x00007ffe3354a000 	C:\Program Files\Java\jdk-17.0.4.1\bin\VCRUNTIME140.dll
0x00007ffe37df0000 - 0x00007ffe38083000 	C:\WINDOWS\WinSxS\amd64_microsoft.windows.common-controls_6595b64144ccf1df_6.0.22621.2506_none_270c5ae97388e100\COMCTL32.dll
0x00007ffe43a50000 - 0x00007ffe43a5a000 	C:\WINDOWS\SYSTEM32\VERSION.dll
0x00007ffe51c90000 - 0x00007ffe51cc1000 	C:\WINDOWS\System32\IMM32.DLL
0x00007ffe46400000 - 0x00007ffe4640c000 	C:\Program Files\Java\jdk-17.0.4.1\bin\vcruntime140_1.dll
0x00007ffe10100000 - 0x00007ffe1018d000 	C:\Program Files\Java\jdk-17.0.4.1\bin\msvcp140.dll
0x00007ffdedab0000 - 0x00007ffdee672000 	C:\Program Files\Java\jdk-17.0.4.1\bin\server\jvm.dll
0x00007ffe52b60000 - 0x00007ffe52b68000 	C:\WINDOWS\System32\PSAPI.DLL
0x00007ffe48480000 - 0x00007ffe48489000 	C:\WINDOWS\SYSTEM32\WSOCK32.dll
0x00007ffe50900000 - 0x00007ffe50971000 	C:\WINDOWS\System32\WS2_32.dll
0x00007ffe44d00000 - 0x00007ffe44d34000 	C:\WINDOWS\SYSTEM32\WINMM.dll
0x00007ffe4efb0000 - 0x00007ffe4efc8000 	C:\WINDOWS\SYSTEM32\kernel.appcore.dll
0x00007ffe45ed0000 - 0x00007ffe45eda000 	C:\Program Files\Java\jdk-17.0.4.1\bin\jimage.dll
0x00007ffe4d850000 - 0x00007ffe4da83000 	C:\WINDOWS\SYSTEM32\DBGHELP.DLL
0x00007ffe52350000 - 0x00007ffe526d9000 	C:\WINDOWS\System32\combase.dll
0x00007ffe51950000 - 0x00007ffe51a27000 	C:\WINDOWS\System32\OLEAUT32.dll
0x00007ffe315e0000 - 0x00007ffe31612000 	C:\WINDOWS\SYSTEM32\dbgcore.DLL
0x00007ffe50130000 - 0x00007ffe501aa000 	C:\WINDOWS\System32\bcryptPrimitives.dll
0x00007ffe2ffc0000 - 0x00007ffe2ffe5000 	C:\Program Files\Java\jdk-17.0.4.1\bin\java.dll
0x00007ffe00e30000 - 0x00007ffe00f06000 	C:\Program Files\Java\jdk-17.0.4.1\bin\jsvml.dll
0x00007ffe50d00000 - 0x00007ffe51559000 	C:\WINDOWS\System32\SHELL32.dll
0x00007ffe4de50000 - 0x00007ffe4e744000 	C:\WINDOWS\SYSTEM32\windows.storage.dll
0x00007ffe4dd10000 - 0x00007ffe4de4e000 	C:\WINDOWS\SYSTEM32\wintypes.dll
0x00007ffe50b30000 - 0x00007ffe50c23000 	C:\WINDOWS\System32\SHCORE.dll
0x00007ffe51eb0000 - 0x00007ffe51f0e000 	C:\WINDOWS\System32\shlwapi.dll
0x00007ffe4fe50000 - 0x00007ffe4fe76000 	C:\WINDOWS\SYSTEM32\profapi.dll
0x00007ffe33090000 - 0x00007ffe330a9000 	C:\Program Files\Java\jdk-17.0.4.1\bin\net.dll
0x00007ffe44b60000 - 0x00007ffe44c97000 	C:\WINDOWS\SYSTEM32\WINHTTP.dll
0x00007ffe4f490000 - 0x00007ffe4f4f9000 	C:\WINDOWS\system32\mswsock.dll
0x00007ffe30140000 - 0x00007ffe30156000 	C:\Program Files\Java\jdk-17.0.4.1\bin\nio.dll
0x00007ffe30080000 - 0x00007ffe30098000 	C:\Program Files\Java\jdk-17.0.4.1\bin\zip.dll
0x0000000069ac0000 - 0x0000000069ae4000 	C:\Users\larak\AppData\Local\Temp\jansi-2.4.0-5928381f2ad94b2-jansi.dll
0x00007ffe455e0000 - 0x00007ffe455f0000 	C:\Program Files\Java\jdk-17.0.4.1\bin\verify.dll

dbghelp: loaded successfully - version: 4.0.5 - missing functions: none
symbol engine: initialized successfully - sym options: 0x614 - pdb path: .;C:\Program Files\Java\jdk-17.0.4.1\bin;C:\WINDOWS\SYSTEM32;C:\WINDOWS\WinSxS\amd64_microsoft.windows.common-controls_6595b64144ccf1df_6.0.22621.2506_none_270c5ae97388e100;C:\Program Files\Java\jdk-17.0.4.1\bin\server;C:\Users\larak\AppData\Local\Temp

VM Arguments:
jvm_args: -Dmaven.multiModuleProjectDirectory=C:\Senac\curso ds\ProjetoIntegradorUC15\Etapa0708PIUC15\petpug\petpug 
java_command: org.apache.maven.wrapper.MavenWrapperMain -Dmaven.ext.class.path=C:\Program Files\NetBeans-14\netbeans\java\maven-nblib\netbeans-eventspy.jar -Dfile.encoding=UTF-8 install
java_class_path (initial): C:\Senac\curso ds\ProjetoIntegradorUC15\Etapa0708PIUC15\petpug\petpug\.mvn\wrapper\maven-wrapper.jar
Launcher Type: SUN_STANDARD

[Global flags]
     intx CICompilerCount                          = 4                                         {product} {ergonomic}
     uint ConcGCThreads                            = 2                                         {product} {ergonomic}
     uint G1ConcRefinementThreads                  = 8                                         {product} {ergonomic}
   size_t G1HeapRegionSize                         = 1048576                                   {product} {ergonomic}
    uintx GCDrainStackTargetSize                   = 64                                        {product} {ergonomic}
   size_t InitialHeapSize                          = 134217728                                 {product} {ergonomic}
   size_t MarkStackSize                            = 4194304                                   {product} {ergonomic}
   size_t MaxHeapSize                              = 2126512128                                {product} {ergonomic}
   size_t MaxNewSize                               = 1275068416                                {product} {ergonomic}
   size_t MinHeapDeltaBytes                        = 1048576                                   {product} {ergonomic}
   size_t MinHeapSize                              = 8388608                                   {product} {ergonomic}
    uintx NonNMethodCodeHeapSize                   = 5839372                                {pd product} {ergonomic}
    uintx NonProfiledCodeHeapSize                  = 122909434                              {pd product} {ergonomic}
    uintx ProfiledCodeHeapSize                     = 122909434                              {pd product} {ergonomic}
    uintx ReservedCodeCacheSize                    = 251658240                              {pd product} {ergonomic}
     bool SegmentedCodeCache                       = true                                      {product} {ergonomic}
   size_t SoftMaxHeapSize                          = 2126512128                             {manageable} {ergonomic}
     bool UseCompressedClassPointers               = true                           {product lp64_product} {ergonomic}
     bool UseCompressedOops                        = true                           {product lp64_product} {ergonomic}
     bool UseG1GC                                  = true                                      {product} {ergonomic}
     bool UseLargePagesIndividualAllocation        = false                                  {pd product} {ergonomic}

Logging:
Log output configuration:
 #0: stdout all=warning uptime,level,tags
 #1: stderr all=off uptime,level,tags

Environment Variables:
JAVA_HOME=C:\Program Files\Java\jdk-17.0.4.1
PATH=C:\Program Files\Common Files\Oracle\Java\javapath;C:\ProgramData\Oracle\Java\javapath;C:\Program Files (x86)\Intel\Intel(R) Management Engine Components\iCLS\;C:\Program Files\Intel\Intel(R) Management Engine Components\iCLS\;C:\windows\system32;C:\windows;C:\windows\System32\Wbem;C:\windows\System32\WindowsPowerShell\v1.0\;C:\windows\System32\OpenSSH\;C:\Program Files (x86)\NVIDIA Corporation\PhysX\Common;C:\Program Files (x86)\Intel\Intel(R) Management Engine Components\DAL;C:\Program Files\Intel\Intel(R) Management Engine Components\DAL;C:\Program Files (x86)\Intel\Intel(R) Management Engine Components\IPT;C:\Program Files\Intel\Intel(R) Management Engine Components\IPT;C:\WINDOWS\system32;C:\WINDOWS;C:\WINDOWS\System32\Wbem;C:\WINDOWS\System32\WindowsPowerShell\v1.0\;C:\WINDOWS\System32\OpenSSH\;C:\ProgramData\UNIVALI\Portugol Studio;C:\Program Files\Git\cmd;D:\Microsoft VS Code\bin;D:\;C:\Users\larak\AppData\Local\Microsoft\WindowsApps;C:\Program Files\JetBrains\PyCharm Community Edition 2020.3.3\bin;;C:\Users\larak\AppData\Local\GitHubDesktop\bin;C:\Users\larak\AppData\Roaming\npm
USERNAME=larak
OS=Windows_NT
PROCESSOR_IDENTIFIER=Intel64 Family 6 Model 142 Stepping 10, GenuineIntel



---------------  S Y S T E M  ---------------

OS:
 Windows 11 , 64 bit Build 22621 (10.0.22621.2506)
OS uptime: 3 days 14:32 hours

CPU: total 8 (initial active 8) (4 cores per cpu, 2 threads per core) family 6 model 142 stepping 10 microcode 0xe0, cx8, cmov, fxsr, ht, mmx, 3dnowpref, sse, sse2, sse3, ssse3, sse4.1, sse4.2, popcnt, lzcnt, tsc, tscinvbit, avx, avx2, aes, erms, clmul, bmi1, bmi2, adx, fma, vzeroupper, clflush, clflushopt

Memory: 4k page, system-wide physical 8106M (283M free)
TotalPageFile size 32682M (AvailPageFile size 208M)
current process WorkingSet (physical memory assigned to process): 119M, peak: 161M
current process commit charge ("private bytes"): 215M, peak: 263M

vm_info: Java HotSpot(TM) 64-Bit Server VM (17.0.4.1+1-LTS-2) for windows-amd64 JRE (17.0.4.1+1-LTS-2), built on Aug 16 2022 18:32:06 by "mach5one" with MS VC++ 16.8 / 16.9 (VS2019)

END.
