#
# There is insufficient memory for the Java Runtime Environment to continue.
# Native memory allocation (malloc) failed to allocate 32744 bytes for ChunkPool::allocate
# Possible reasons:
#   The system is out of physical RAM or swap space
#   The process is running with CompressedOops enabled, and the Java Heap may be blocking the growth of the native heap
# Possible solutions:
#   Reduce memory load on the system
#   Increase physical memory or swap space
#   Check if swap backing store is full
#   Decrease Java heap size (-Xmx/-Xms)
#   Decrease number of Java threads
#   Decrease Java thread stack sizes (-Xss)
#   Set larger code cache with -XX:ReservedCodeCacheSize=
#   JVM is running with Unscaled Compressed Oops mode in which the Java heap is
#     placed in the first 4GB address space. The Java Heap base address is the
#     maximum limit for the native heap growth. Please use -XX:HeapBaseMinAddress
#     to set the Java Heap base and to place the Java Heap above 4GB virtual address.
# This output file may be truncated or incomplete.
#
#  Out of Memory Error (arena.cpp:78), pid=15312, tid=22012
#
# JRE version: Java(TM) SE Runtime Environment (17.0.4.1+1) (build 17.0.4.1+1-LTS-2)
# Java VM: Java HotSpot(TM) 64-Bit Server VM (17.0.4.1+1-LTS-2, mixed mode, sharing, tiered, compressed oops, compressed class ptrs, g1 gc, windows-amd64)
# No core dump will be written. Minidumps are not enabled by default on client versions of Windows
#

---------------  S U M M A R Y ------------

Command Line: -Dmaven.multiModuleProjectDirectory=C:\Senac\curso ds\ProjetoIntegradorUC15\Etapa0708PIUC15\petpug\petpug org.apache.maven.wrapper.MavenWrapperMain -Dmaven.ext.class.path=C:\Program Files\NetBeans-14\netbeans\java\maven-nblib\netbeans-eventspy.jar -Dfile.encoding=UTF-8 install

Host: Intel(R) Core(TM) i5-8250U CPU @ 1.60GHz, 8 cores, 7G,  Windows 11 , 64 bit Build 22621 (10.0.22621.2506)
Time: Mon Dec 18 09:38:58 2023 Hora oficial do Brasil elapsed time: 289.562537 seconds (0d 0h 4m 49s)

---------------  T H R E A D  ---------------

Current thread (0x000001a2db16ab90):  JavaThread "C2 CompilerThread0" daemon [_thread_in_native, id=22012, stack(0x0000005e4c400000,0x0000005e4c500000)]


Current CompileTask:
C2: 289562 2761  s    4       java.io.BufferedInputStream::read (49 bytes)

Stack: [0x0000005e4c400000,0x0000005e4c500000]
Native frames: (J=compiled Java code, j=interpreted, Vv=VM code, C=native code)
V  [jvm.dll+0x6723ba]
V  [jvm.dll+0x7d1e34]
V  [jvm.dll+0x7d35de]
V  [jvm.dll+0x7d3c43]
V  [jvm.dll+0x243065]
V  [jvm.dll+0xaa7c0]
V  [jvm.dll+0xaab0c]
V  [jvm.dll+0x5fefa0]
V  [jvm.dll+0x5ff136]
V  [jvm.dll+0x5ff136]
V  [jvm.dll+0x5ff136]
V  [jvm.dll+0x604cf7]
V  [jvm.dll+0x605b72]
V  [jvm.dll+0x6040d4]
V  [jvm.dll+0x216018]
V  [jvm.dll+0x2155c1]
V  [jvm.dll+0x1a1fcd]
V  [jvm.dll+0x224e08]
V  [jvm.dll+0x222f75]
V  [jvm.dll+0x787a0b]
V  [jvm.dll+0x781fca]
V  [jvm.dll+0x671245]
C  [ucrtbase.dll+0x29363]
C  [KERNEL32.DLL+0x1257d]
C  [ntdll.dll+0x5aa58]


---------------  P R O C E S S  ---------------

Threads class SMR info:
_java_thread_list=0x000001a2dbf152e0, length=12, elements={
0x000001a2bb0bbea0, 0x000001a2db14e950, 0x000001a2db150f70, 0x000001a2db166190,
0x000001a2db168b50, 0x000001a2db169500, 0x000001a2db169eb0, 0x000001a2db16ab90,
0x000001a2db1d4430, 0x000001a2db1dd630, 0x000001a2dbcbb730, 0x000001a2dbcc5ec0
}

Java Threads: ( => current thread )
  0x000001a2bb0bbea0 JavaThread "main" [_thread_in_Java, id=21524, stack(0x0000005e4b600000,0x0000005e4b700000)]
  0x000001a2db14e950 JavaThread "Reference Handler" daemon [_thread_blocked, id=21988, stack(0x0000005e4be00000,0x0000005e4bf00000)]
  0x000001a2db150f70 JavaThread "Finalizer" daemon [_thread_blocked, id=21992, stack(0x0000005e4bf00000,0x0000005e4c000000)]
  0x000001a2db166190 JavaThread "Signal Dispatcher" daemon [_thread_blocked, id=21996, stack(0x0000005e4c000000,0x0000005e4c100000)]
  0x000001a2db168b50 JavaThread "Attach Listener" daemon [_thread_blocked, id=22000, stack(0x0000005e4c100000,0x0000005e4c200000)]
  0x000001a2db169500 JavaThread "Service Thread" daemon [_thread_blocked, id=22004, stack(0x0000005e4c200000,0x0000005e4c300000)]
  0x000001a2db169eb0 JavaThread "Monitor Deflation Thread" daemon [_thread_blocked, id=22008, stack(0x0000005e4c300000,0x0000005e4c400000)]
=>0x000001a2db16ab90 JavaThread "C2 CompilerThread0" daemon [_thread_in_native, id=22012, stack(0x0000005e4c400000,0x0000005e4c500000)]
  0x000001a2db1d4430 JavaThread "C1 CompilerThread0" daemon [_thread_in_vm, id=22064, stack(0x0000005e4c500000,0x0000005e4c600000)]
  0x000001a2db1dd630 JavaThread "Sweeper thread" daemon [_thread_blocked, id=22084, stack(0x0000005e4c600000,0x0000005e4c700000)]
  0x000001a2dbcbb730 JavaThread "Notification Thread" daemon [_thread_blocked, id=22200, stack(0x0000005e4c700000,0x0000005e4c800000)]
  0x000001a2dbcc5ec0 JavaThread "Common-Cleaner" daemon [_thread_blocked, id=22264, stack(0x0000005e4c900000,0x0000005e4ca00000)]

Other Threads:
  0x000001a2db147270 VMThread "VM Thread" [stack: 0x0000005e4bd00000,0x0000005e4be00000] [id=21700]
  0x000001a2dbcc1c20 WatcherThread [stack: 0x0000005e4c800000,0x0000005e4c900000] [id=22204]
  0x000001a2bb1156d0 GCTaskThread "GC Thread#0" [stack: 0x0000005e4b800000,0x0000005e4b900000] [id=21680]
  0x000001a2dbfa72d0 GCTaskThread "GC Thread#1" [stack: 0x0000005e4b500000,0x0000005e4b600000] [id=25892]
  0x000001a2dc505570 GCTaskThread "GC Thread#2" [stack: 0x0000005e4b700000,0x0000005e4b800000] [id=25896]
  0x000001a2dc4edb80 GCTaskThread "GC Thread#3" [stack: 0x0000005e4ca00000,0x0000005e4cb00000] [id=25900]
  0x000001a2dc43d7e0 GCTaskThread "GC Thread#4" [stack: 0x0000005e4cb00000,0x0000005e4cc00000] [id=25904]
  0x000001a2dc43da90 GCTaskThread "GC Thread#5" [stack: 0x0000005e4cc00000,0x0000005e4cd00000] [id=25908]
  0x000001a2dc43dd40 GCTaskThread "GC Thread#6" [stack: 0x0000005e4cd00000,0x0000005e4ce00000] [id=25912]
  0x000001a2dc43dff0 GCTaskThread "GC Thread#7" [stack: 0x0000005e4ce00000,0x0000005e4cf00000] [id=25916]
  0x000001a2bb1273a0 ConcurrentGCThread "G1 Main Marker" [stack: 0x0000005e4b900000,0x0000005e4ba00000] [id=21684]
  0x000001a2bb128dc0 ConcurrentGCThread "G1 Conc#0" [stack: 0x0000005e4ba00000,0x0000005e4bb00000] [id=21688]
  0x000001a2bb18dcc0 ConcurrentGCThread "G1 Refine#0" [stack: 0x0000005e4bb00000,0x0000005e4bc00000] [id=21692]
  0x000001a2bb18e6e0 ConcurrentGCThread "G1 Service" [stack: 0x0000005e4bc00000,0x0000005e4bd00000] [id=21696]

Threads with active compile tasks:
C2 CompilerThread0   289719 2761  s    4       java.io.BufferedInputStream::read (49 bytes)
C1 CompilerThread0   289719 2762 %     3       org.codehaus.plexus.util.xml.pull.MXParser::nextImpl @ 877 (1203 bytes)

VM state: not at safepoint (normal execution)

VM Mutex/Monitor currently owned by a thread: None

Heap address: 0x0000000081400000, size: 2028 MB, Compressed Oops mode: 32-bit

CDS archive(s) mapped at: [0x0000000800000000-0x0000000800bc0000-0x0000000800bc0000), size 12320768, SharedBaseAddress: 0x0000000800000000, ArchiveRelocationMode: 0.
Compressed class space mapped at: 0x0000000800c00000-0x0000000840c00000, reserved size: 1073741824
Narrow klass base: 0x0000000800000000, Narrow klass shift: 0, Narrow klass range: 0x100000000

GC Precious Log:
 CPUs: 8 total, 8 available
 Memory: 8106M
 Large Page Support: Disabled
 NUMA Support: Disabled
 Compressed Oops: Enabled (32-bit)
 Heap Region Size: 1M
 Heap Min Capacity: 8M
 Heap Initial Capacity: 128M
 Heap Max Capacity: 2028M
 Pre-touch: Disabled
 Parallel Workers: 8
 Concurrent Workers: 2
 Concurrent Refinement Workers: 8
 Periodic GC: Disabled

Heap:
 garbage-first heap   total 131072K, used 37096K [0x0000000081400000, 0x0000000100000000)
  region size 1024K, 34 young (34816K), 2 survivors (2048K)
 Metaspace       used 14726K, committed 14976K, reserved 1064960K
  class space    used 1791K, committed 1920K, reserved 1048576K

Heap Regions: E=young(eden), S=young(survivor), O=old, HS=humongous(starts), HC=humongous(continues), CS=collection set, F=free, OA=open archive, CA=closed archive, TAMS=top-at-mark-start (previous, next)
|   0|0x0000000081400000, 0x0000000081500000, 0x0000000081500000|100%| O|  |TAMS 0x0000000081400000, 0x0000000081400000| Untracked 
|   1|0x0000000081500000, 0x0000000081600000, 0x0000000081600000|100%| O|  |TAMS 0x0000000081500000, 0x0000000081500000| Untracked 
|   2|0x0000000081600000, 0x0000000081700000, 0x0000000081700000|100%| O|  |TAMS 0x0000000081600000, 0x0000000081600000| Untracked 
|   3|0x0000000081700000, 0x0000000081798000, 0x0000000081800000| 59%| O|  |TAMS 0x0000000081700000, 0x0000000081700000| Untracked 
|   4|0x0000000081800000, 0x0000000081800000, 0x0000000081900000|  0%| F|  |TAMS 0x0000000081800000, 0x0000000081800000| Untracked 
|   5|0x0000000081900000, 0x0000000081900000, 0x0000000081a00000|  0%| F|  |TAMS 0x0000000081900000, 0x0000000081900000| Untracked 
|   6|0x0000000081a00000, 0x0000000081a00000, 0x0000000081b00000|  0%| F|  |TAMS 0x0000000081a00000, 0x0000000081a00000| Untracked 
|   7|0x0000000081b00000, 0x0000000081b00000, 0x0000000081c00000|  0%| F|  |TAMS 0x0000000081b00000, 0x0000000081b00000| Untracked 
|   8|0x0000000081c00000, 0x0000000081c00000, 0x0000000081d00000|  0%| F|  |TAMS 0x0000000081c00000, 0x0000000081c00000| Untracked 
|   9|0x0000000081d00000, 0x0000000081d00000, 0x0000000081e00000|  0%| F|  |TAMS 0x0000000081d00000, 0x0000000081d00000| Untracked 
|  10|0x0000000081e00000, 0x0000000081e00000, 0x0000000081f00000|  0%| F|  |TAMS 0x0000000081e00000, 0x0000000081e00000| Untracked 
|  11|0x0000000081f00000, 0x0000000081f00000, 0x0000000082000000|  0%| F|  |TAMS 0x0000000081f00000, 0x0000000081f00000| Untracked 
|  12|0x0000000082000000, 0x0000000082000000, 0x0000000082100000|  0%| F|  |TAMS 0x0000000082000000, 0x0000000082000000| Untracked 
|  13|0x0000000082100000, 0x0000000082100000, 0x0000000082200000|  0%| F|  |TAMS 0x0000000082100000, 0x0000000082100000| Untracked 
|  14|0x0000000082200000, 0x0000000082200000, 0x0000000082300000|  0%| F|  |TAMS 0x0000000082200000, 0x0000000082200000| Untracked 
|  15|0x0000000082300000, 0x0000000082300000, 0x0000000082400000|  0%| F|  |TAMS 0x0000000082300000, 0x0000000082300000| Untracked 
|  16|0x0000000082400000, 0x0000000082400000, 0x0000000082500000|  0%| F|  |TAMS 0x0000000082400000, 0x0000000082400000| Untracked 
|  17|0x0000000082500000, 0x0000000082500000, 0x0000000082600000|  0%| F|  |TAMS 0x0000000082500000, 0x0000000082500000| Untracked 
|  18|0x0000000082600000, 0x0000000082600000, 0x0000000082700000|  0%| F|  |TAMS 0x0000000082600000, 0x0000000082600000| Untracked 
|  19|0x0000000082700000, 0x0000000082700000, 0x0000000082800000|  0%| F|  |TAMS 0x0000000082700000, 0x0000000082700000| Untracked 
|  20|0x0000000082800000, 0x0000000082800000, 0x0000000082900000|  0%| F|  |TAMS 0x0000000082800000, 0x0000000082800000| Untracked 
|  21|0x0000000082900000, 0x0000000082900000, 0x0000000082a00000|  0%| F|  |TAMS 0x0000000082900000, 0x0000000082900000| Untracked 
|  22|0x0000000082a00000, 0x0000000082a00000, 0x0000000082b00000|  0%| F|  |TAMS 0x0000000082a00000, 0x0000000082a00000| Untracked 
|  23|0x0000000082b00000, 0x0000000082b00000, 0x0000000082c00000|  0%| F|  |TAMS 0x0000000082b00000, 0x0000000082b00000| Untracked 
|  24|0x0000000082c00000, 0x0000000082c00000, 0x0000000082d00000|  0%| F|  |TAMS 0x0000000082c00000, 0x0000000082c00000| Untracked 
|  25|0x0000000082d00000, 0x0000000082d00000, 0x0000000082e00000|  0%| F|  |TAMS 0x0000000082d00000, 0x0000000082d00000| Untracked 
|  26|0x0000000082e00000, 0x0000000082e00000, 0x0000000082f00000|  0%| F|  |TAMS 0x0000000082e00000, 0x0000000082e00000| Untracked 
|  27|0x0000000082f00000, 0x0000000082f00000, 0x0000000083000000|  0%| F|  |TAMS 0x0000000082f00000, 0x0000000082f00000| Untracked 
|  28|0x0000000083000000, 0x0000000083000000, 0x0000000083100000|  0%| F|  |TAMS 0x0000000083000000, 0x0000000083000000| Untracked 
|  29|0x0000000083100000, 0x0000000083100000, 0x0000000083200000|  0%| F|  |TAMS 0x0000000083100000, 0x0000000083100000| Untracked 
|  30|0x0000000083200000, 0x0000000083200000, 0x0000000083300000|  0%| F|  |TAMS 0x0000000083200000, 0x0000000083200000| Untracked 
|  31|0x0000000083300000, 0x0000000083300000, 0x0000000083400000|  0%| F|  |TAMS 0x0000000083300000, 0x0000000083300000| Untracked 
|  32|0x0000000083400000, 0x0000000083400000, 0x0000000083500000|  0%| F|  |TAMS 0x0000000083400000, 0x0000000083400000| Untracked 
|  33|0x0000000083500000, 0x0000000083500000, 0x0000000083600000|  0%| F|  |TAMS 0x0000000083500000, 0x0000000083500000| Untracked 
|  34|0x0000000083600000, 0x0000000083600000, 0x0000000083700000|  0%| F|  |TAMS 0x0000000083600000, 0x0000000083600000| Untracked 
|  35|0x0000000083700000, 0x0000000083700000, 0x0000000083800000|  0%| F|  |TAMS 0x0000000083700000, 0x0000000083700000| Untracked 
|  36|0x0000000083800000, 0x0000000083800000, 0x0000000083900000|  0%| F|  |TAMS 0x0000000083800000, 0x0000000083800000| Untracked 
|  37|0x0000000083900000, 0x0000000083900000, 0x0000000083a00000|  0%| F|  |TAMS 0x0000000083900000, 0x0000000083900000| Untracked 
|  38|0x0000000083a00000, 0x0000000083a00000, 0x0000000083b00000|  0%| F|  |TAMS 0x0000000083a00000, 0x0000000083a00000| Untracked 
|  39|0x0000000083b00000, 0x0000000083b00000, 0x0000000083c00000|  0%| F|  |TAMS 0x0000000083b00000, 0x0000000083b00000| Untracked 
|  40|0x0000000083c00000, 0x0000000083c00000, 0x0000000083d00000|  0%| F|  |TAMS 0x0000000083c00000, 0x0000000083c00000| Untracked 
|  41|0x0000000083d00000, 0x0000000083d00000, 0x0000000083e00000|  0%| F|  |TAMS 0x0000000083d00000, 0x0000000083d00000| Untracked 
|  42|0x0000000083e00000, 0x0000000083e00000, 0x0000000083f00000|  0%| F|  |TAMS 0x0000000083e00000, 0x0000000083e00000| Untracked 
|  43|0x0000000083f00000, 0x0000000083f00000, 0x0000000084000000|  0%| F|  |TAMS 0x0000000083f00000, 0x0000000083f00000| Untracked 
|  44|0x0000000084000000, 0x0000000084000000, 0x0000000084100000|  0%| F|  |TAMS 0x0000000084000000, 0x0000000084000000| Untracked 
|  45|0x0000000084100000, 0x0000000084100000, 0x0000000084200000|  0%| F|  |TAMS 0x0000000084100000, 0x0000000084100000| Untracked 
|  46|0x0000000084200000, 0x0000000084200000, 0x0000000084300000|  0%| F|  |TAMS 0x0000000084200000, 0x0000000084200000| Untracked 
|  47|0x0000000084300000, 0x0000000084300000, 0x0000000084400000|  0%| F|  |TAMS 0x0000000084300000, 0x0000000084300000| Untracked 
|  48|0x0000000084400000, 0x0000000084400000, 0x0000000084500000|  0%| F|  |TAMS 0x0000000084400000, 0x0000000084400000| Untracked 
|  49|0x0000000084500000, 0x0000000084500000, 0x0000000084600000|  0%| F|  |TAMS 0x0000000084500000, 0x0000000084500000| Untracked 
|  50|0x0000000084600000, 0x0000000084600000, 0x0000000084700000|  0%| F|  |TAMS 0x0000000084600000, 0x0000000084600000| Untracked 
|  51|0x0000000084700000, 0x0000000084700000, 0x0000000084800000|  0%| F|  |TAMS 0x0000000084700000, 0x0000000084700000| Untracked 
|  52|0x0000000084800000, 0x0000000084800000, 0x0000000084900000|  0%| F|  |TAMS 0x0000000084800000, 0x0000000084800000| Untracked 
|  53|0x0000000084900000, 0x0000000084900000, 0x0000000084a00000|  0%| F|  |TAMS 0x0000000084900000, 0x0000000084900000| Untracked 
|  54|0x0000000084a00000, 0x0000000084a00000, 0x0000000084b00000|  0%| F|  |TAMS 0x0000000084a00000, 0x0000000084a00000| Untracked 
|  55|0x0000000084b00000, 0x0000000084b00000, 0x0000000084c00000|  0%| F|  |TAMS 0x0000000084b00000, 0x0000000084b00000| Untracked 
|  56|0x0000000084c00000, 0x0000000084c00000, 0x0000000084d00000|  0%| F|  |TAMS 0x0000000084c00000, 0x0000000084c00000| Untracked 
|  57|0x0000000084d00000, 0x0000000084d00000, 0x0000000084e00000|  0%| F|  |TAMS 0x0000000084d00000, 0x0000000084d00000| Untracked 
|  58|0x0000000084e00000, 0x0000000084e00000, 0x0000000084f00000|  0%| F|  |TAMS 0x0000000084e00000, 0x0000000084e00000| Untracked 
|  59|0x0000000084f00000, 0x0000000084f00000, 0x0000000085000000|  0%| F|  |TAMS 0x0000000084f00000, 0x0000000084f00000| Untracked 
|  60|0x0000000085000000, 0x0000000085000000, 0x0000000085100000|  0%| F|  |TAMS 0x0000000085000000, 0x0000000085000000| Untracked 
|  61|0x0000000085100000, 0x0000000085100000, 0x0000000085200000|  0%| F|  |TAMS 0x0000000085100000, 0x0000000085100000| Untracked 
|  62|0x0000000085200000, 0x0000000085200000, 0x0000000085300000|  0%| F|  |TAMS 0x0000000085200000, 0x0000000085200000| Untracked 
|  63|0x0000000085300000, 0x0000000085300000, 0x0000000085400000|  0%| F|  |TAMS 0x0000000085300000, 0x0000000085300000| Untracked 
|  64|0x0000000085400000, 0x0000000085400000, 0x0000000085500000|  0%| F|  |TAMS 0x0000000085400000, 0x0000000085400000| Untracked 
|  65|0x0000000085500000, 0x0000000085500000, 0x0000000085600000|  0%| F|  |TAMS 0x0000000085500000, 0x0000000085500000| Untracked 
|  66|0x0000000085600000, 0x0000000085600000, 0x0000000085700000|  0%| F|  |TAMS 0x0000000085600000, 0x0000000085600000| Untracked 
|  67|0x0000000085700000, 0x0000000085700000, 0x0000000085800000|  0%| F|  |TAMS 0x0000000085700000, 0x0000000085700000| Untracked 
|  68|0x0000000085800000, 0x0000000085800000, 0x0000000085900000|  0%| F|  |TAMS 0x0000000085800000, 0x0000000085800000| Untracked 
|  69|0x0000000085900000, 0x0000000085900000, 0x0000000085a00000|  0%| F|  |TAMS 0x0000000085900000, 0x0000000085900000| Untracked 
|  70|0x0000000085a00000, 0x0000000085a00000, 0x0000000085b00000|  0%| F|  |TAMS 0x0000000085a00000, 0x0000000085a00000| Untracked 
|  71|0x0000000085b00000, 0x0000000085b00000, 0x0000000085c00000|  0%| F|  |TAMS 0x0000000085b00000, 0x0000000085b00000| Untracked 
|  72|0x0000000085c00000, 0x0000000085c00000, 0x0000000085d00000|  0%| F|  |TAMS 0x0000000085c00000, 0x0000000085c00000| Untracked 
|  73|0x0000000085d00000, 0x0000000085d00000, 0x0000000085e00000|  0%| F|  |TAMS 0x0000000085d00000, 0x0000000085d00000| Untracked 
|  74|0x0000000085e00000, 0x0000000085e00000, 0x0000000085f00000|  0%| F|  |TAMS 0x0000000085e00000, 0x0000000085e00000| Untracked 
|  75|0x0000000085f00000, 0x0000000085f00000, 0x0000000086000000|  0%| F|  |TAMS 0x0000000085f00000, 0x0000000085f00000| Untracked 
|  76|0x0000000086000000, 0x0000000086000000, 0x0000000086100000|  0%| F|  |TAMS 0x0000000086000000, 0x0000000086000000| Untracked 
|  77|0x0000000086100000, 0x0000000086100000, 0x0000000086200000|  0%| F|  |TAMS 0x0000000086100000, 0x0000000086100000| Untracked 
|  78|0x0000000086200000, 0x0000000086200000, 0x0000000086300000|  0%| F|  |TAMS 0x0000000086200000, 0x0000000086200000| Untracked 
|  79|0x0000000086300000, 0x0000000086300000, 0x0000000086400000|  0%| F|  |TAMS 0x0000000086300000, 0x0000000086300000| Untracked 
|  80|0x0000000086400000, 0x0000000086400000, 0x0000000086500000|  0%| F|  |TAMS 0x0000000086400000, 0x0000000086400000| Untracked 
|  81|0x0000000086500000, 0x0000000086500000, 0x0000000086600000|  0%| F|  |TAMS 0x0000000086500000, 0x0000000086500000| Untracked 
|  82|0x0000000086600000, 0x0000000086600000, 0x0000000086700000|  0%| F|  |TAMS 0x0000000086600000, 0x0000000086600000| Untracked 
|  83|0x0000000086700000, 0x0000000086700000, 0x0000000086800000|  0%| F|  |TAMS 0x0000000086700000, 0x0000000086700000| Untracked 
|  84|0x0000000086800000, 0x0000000086800000, 0x0000000086900000|  0%| F|  |TAMS 0x0000000086800000, 0x0000000086800000| Untracked 
|  85|0x0000000086900000, 0x0000000086900000, 0x0000000086a00000|  0%| F|  |TAMS 0x0000000086900000, 0x0000000086900000| Untracked 
|  86|0x0000000086a00000, 0x0000000086a00000, 0x0000000086b00000|  0%| F|  |TAMS 0x0000000086a00000, 0x0000000086a00000| Untracked 
|  87|0x0000000086b00000, 0x0000000086b00000, 0x0000000086c00000|  0%| F|  |TAMS 0x0000000086b00000, 0x0000000086b00000| Untracked 
|  88|0x0000000086c00000, 0x0000000086c00000, 0x0000000086d00000|  0%| F|  |TAMS 0x0000000086c00000, 0x0000000086c00000| Untracked 
|  89|0x0000000086d00000, 0x0000000086d00000, 0x0000000086e00000|  0%| F|  |TAMS 0x0000000086d00000, 0x0000000086d00000| Untracked 
|  90|0x0000000086e00000, 0x0000000086e00000, 0x0000000086f00000|  0%| F|  |TAMS 0x0000000086e00000, 0x0000000086e00000| Untracked 
|  91|0x0000000086f00000, 0x0000000086f00000, 0x0000000087000000|  0%| F|  |TAMS 0x0000000086f00000, 0x0000000086f00000| Untracked 
|  92|0x0000000087000000, 0x0000000087000000, 0x0000000087100000|  0%| F|  |TAMS 0x0000000087000000, 0x0000000087000000| Untracked 
|  93|0x0000000087100000, 0x00000000871a2060, 0x0000000087200000| 63%| S|CS|TAMS 0x0000000087100000, 0x0000000087100000| Complete 
|  94|0x0000000087200000, 0x0000000087300000, 0x0000000087300000|100%| S|CS|TAMS 0x0000000087200000, 0x0000000087200000| Complete 
|  95|0x0000000087300000, 0x0000000087300000, 0x0000000087400000|  0%| F|  |TAMS 0x0000000087300000, 0x0000000087300000| Untracked 
|  96|0x0000000087400000, 0x0000000087500000, 0x0000000087500000|100%| E|  |TAMS 0x0000000087400000, 0x0000000087400000| Complete 
|  97|0x0000000087500000, 0x0000000087600000, 0x0000000087600000|100%| E|CS|TAMS 0x0000000087500000, 0x0000000087500000| Complete 
|  98|0x0000000087600000, 0x0000000087700000, 0x0000000087700000|100%| E|CS|TAMS 0x0000000087600000, 0x0000000087600000| Complete 
|  99|0x0000000087700000, 0x0000000087800000, 0x0000000087800000|100%| E|CS|TAMS 0x0000000087700000, 0x0000000087700000| Complete 
| 100|0x0000000087800000, 0x0000000087900000, 0x0000000087900000|100%| E|CS|TAMS 0x0000000087800000, 0x0000000087800000| Complete 
| 101|0x0000000087900000, 0x0000000087a00000, 0x0000000087a00000|100%| E|CS|TAMS 0x0000000087900000, 0x0000000087900000| Complete 
| 102|0x0000000087a00000, 0x0000000087b00000, 0x0000000087b00000|100%| E|CS|TAMS 0x0000000087a00000, 0x0000000087a00000| Complete 
| 103|0x0000000087b00000, 0x0000000087c00000, 0x0000000087c00000|100%| E|CS|TAMS 0x0000000087b00000, 0x0000000087b00000| Complete 
| 104|0x0000000087c00000, 0x0000000087d00000, 0x0000000087d00000|100%| E|CS|TAMS 0x0000000087c00000, 0x0000000087c00000| Complete 
| 105|0x0000000087d00000, 0x0000000087e00000, 0x0000000087e00000|100%| E|CS|TAMS 0x0000000087d00000, 0x0000000087d00000| Complete 
| 106|0x0000000087e00000, 0x0000000087f00000, 0x0000000087f00000|100%| E|CS|TAMS 0x0000000087e00000, 0x0000000087e00000| Complete 
| 107|0x0000000087f00000, 0x0000000088000000, 0x0000000088000000|100%| E|CS|TAMS 0x0000000087f00000, 0x0000000087f00000| Complete 
| 108|0x0000000088000000, 0x0000000088100000, 0x0000000088100000|100%| E|CS|TAMS 0x0000000088000000, 0x0000000088000000| Complete 
| 109|0x0000000088100000, 0x0000000088200000, 0x0000000088200000|100%| E|CS|TAMS 0x0000000088100000, 0x0000000088100000| Complete 
| 110|0x0000000088200000, 0x0000000088300000, 0x0000000088300000|100%| E|CS|TAMS 0x0000000088200000, 0x0000000088200000| Complete 
| 111|0x0000000088300000, 0x0000000088400000, 0x0000000088400000|100%| E|CS|TAMS 0x0000000088300000, 0x0000000088300000| Complete 
| 112|0x0000000088400000, 0x0000000088500000, 0x0000000088500000|100%| E|CS|TAMS 0x0000000088400000, 0x0000000088400000| Complete 
| 113|0x0000000088500000, 0x0000000088600000, 0x0000000088600000|100%| E|CS|TAMS 0x0000000088500000, 0x0000000088500000| Complete 
| 114|0x0000000088600000, 0x0000000088700000, 0x0000000088700000|100%| E|CS|TAMS 0x0000000088600000, 0x0000000088600000| Complete 
| 115|0x0000000088700000, 0x0000000088800000, 0x0000000088800000|100%| E|CS|TAMS 0x0000000088700000, 0x0000000088700000| Complete 
| 116|0x0000000088800000, 0x0000000088900000, 0x0000000088900000|100%| E|CS|TAMS 0x0000000088800000, 0x0000000088800000| Complete 
| 117|0x0000000088900000, 0x0000000088a00000, 0x0000000088a00000|100%| E|CS|TAMS 0x0000000088900000, 0x0000000088900000| Complete 
| 118|0x0000000088a00000, 0x0000000088b00000, 0x0000000088b00000|100%| E|CS|TAMS 0x0000000088a00000, 0x0000000088a00000| Complete 
| 119|0x0000000088b00000, 0x0000000088c00000, 0x0000000088c00000|100%| E|CS|TAMS 0x0000000088b00000, 0x0000000088b00000| Complete 
| 120|0x0000000088c00000, 0x0000000088d00000, 0x0000000088d00000|100%| E|CS|TAMS 0x0000000088c00000, 0x0000000088c00000| Complete 
| 121|0x0000000088d00000, 0x0000000088e00000, 0x0000000088e00000|100%| E|CS|TAMS 0x0000000088d00000, 0x0000000088d00000| Complete 
| 122|0x0000000088e00000, 0x0000000088f00000, 0x0000000088f00000|100%| E|CS|TAMS 0x0000000088e00000, 0x0000000088e00000| Complete 
| 123|0x0000000088f00000, 0x0000000089000000, 0x0000000089000000|100%| E|CS|TAMS 0x0000000088f00000, 0x0000000088f00000| Complete 
| 124|0x0000000089000000, 0x0000000089100000, 0x0000000089100000|100%| E|CS|TAMS 0x0000000089000000, 0x0000000089000000| Complete 
| 125|0x0000000089100000, 0x0000000089200000, 0x0000000089200000|100%| E|CS|TAMS 0x0000000089100000, 0x0000000089100000| Complete 
| 126|0x0000000089200000, 0x0000000089300000, 0x0000000089300000|100%| E|CS|TAMS 0x0000000089200000, 0x0000000089200000| Complete 
| 127|0x0000000089300000, 0x0000000089400000, 0x0000000089400000|100%| E|CS|TAMS 0x0000000089300000, 0x0000000089300000| Complete 

Card table byte_map: [0x000001a2d3f70000,0x000001a2d4370000] _byte_map_base: 0x000001a2d3b66000

Marking Bits (Prev, Next): (CMBitMap*) 0x000001a2bb115ce0, (CMBitMap*) 0x000001a2bb115d20
 Prev Bits: [0x000001a2d4770000, 0x000001a2d6720000)
 Next Bits: [0x000001a2d6720000, 0x000001a2d86d0000)

Polling page: 0x000001a2bb190000

Metaspace:

Usage:
  Non-class:     12.63 MB used.
      Class:      1.75 MB used.
       Both:     14.38 MB used.

Virtual space:
  Non-class space:       16.00 MB reserved,      12.75 MB ( 80%) committed,  2 nodes.
      Class space:        1.00 GB reserved,       1.88 MB ( <1%) committed,  1 nodes.
             Both:        1.02 GB reserved,      14.62 MB (  1%) committed. 

Chunk freelists:
   Non-Class:  2.48 MB
       Class:  2.00 MB
        Both:  4.48 MB

MaxMetaspaceSize: unlimited
CompressedClassSpaceSize: 1.00 GB
Initial GC threshold: 21.00 MB
Current GC threshold: 21.00 MB
CDS: on
MetaspaceReclaimPolicy: balanced
 - commit_granule_bytes: 65536.
 - commit_granule_words: 8192.
 - virtual_space_node_default_size: 1048576.
 - enlarge_chunks_in_place: 1.
 - new_chunks_are_fully_committed: 0.
 - uncommit_free_chunks: 1.
 - use_allocation_guard: 0.
 - handle_deallocations: 1.


Internal statistics:

num_allocs_failed_limit: 0.
num_arena_births: 80.
num_arena_deaths: 0.
num_vsnodes_births: 3.
num_vsnodes_deaths: 0.
num_space_committed: 234.
num_space_uncommitted: 0.
num_chunks_returned_to_freelist: 0.
num_chunks_taken_from_freelist: 594.
num_chunk_merges: 0.
num_chunk_splits: 408.
num_chunks_enlarged: 333.
num_purges: 0.
num_inconsistent_stats: 0.

CodeHeap 'non-profiled nmethods': size=120000Kb used=1133Kb max_used=1133Kb free=118866Kb
 bounds [0x000001a2cbbe0000, 0x000001a2cbe50000, 0x000001a2d3110000]
CodeHeap 'profiled nmethods': size=120000Kb used=5576Kb max_used=5576Kb free=114423Kb
 bounds [0x000001a2c46b0000, 0x000001a2c4c30000, 0x000001a2cbbe0000]
CodeHeap 'non-nmethods': size=5760Kb used=1173Kb max_used=1224Kb free=4586Kb
 bounds [0x000001a2c4110000, 0x000001a2c4380000, 0x000001a2c46b0000]
 total_blobs=3200 nmethods=2734 adapters=378
 compilation: enabled
              stopped_count=0, restarted_count=0
 full_count=0

Compilation events (20 events):
Event: 288.452 Thread 0x000001a2db1d4430 nmethod 2751 0x000001a2c4c1dc90 code [0x000001a2c4c1de80, 0x000001a2c4c1e3a8]
Event: 288.452 Thread 0x000001a2db1d4430 2752       1       org.apache.maven.model.Plugin::setDependencies (6 bytes)
Event: 288.453 Thread 0x000001a2db1d4430 nmethod 2752 0x000001a2cbcfad90 code [0x000001a2cbcfaf20, 0x000001a2cbcfb038]
Event: 289.021 Thread 0x000001a2db1d4430 2753       3       org.apache.maven.model.Plugin::getExecutions (23 bytes)
Event: 289.021 Thread 0x000001a2db1d4430 nmethod 2753 0x000001a2c4c1e510 code [0x000001a2c4c1e6e0, 0x000001a2c4c1ead8]
Event: 289.035 Thread 0x000001a2db16ab90 2754       4       java.util.ArrayList::iterator (9 bytes)
Event: 289.036 Thread 0x000001a2db16ab90 nmethod 2754 0x000001a2cbcfb090 code [0x000001a2cbcfb220, 0x000001a2cbcfb318]
Event: 289.038 Thread 0x000001a2db1d4430 2755   !   3       org.codehaus.plexus.interpolation.StringSearchInterpolator::interpolate (53 bytes)
Event: 289.039 Thread 0x000001a2db1d4430 nmethod 2755 0x000001a2c4c1ec10 code [0x000001a2c4c1ee20, 0x000001a2c4c1f5a8]
Event: 289.039 Thread 0x000001a2db1d4430 2756       3       org.codehaus.plexus.interpolation.reflection.ReflectionValueExtractor$Tokenizer::getPosition (23 bytes)
Event: 289.039 Thread 0x000001a2db1d4430 nmethod 2756 0x000001a2c4c1f890 code [0x000001a2c4c1fa40, 0x000001a2c4c1fcb8]
Event: 289.041 Thread 0x000001a2db1d4430 2757   !   3       org.codehaus.plexus.interpolation.reflection.ClassMap::findMethod (107 bytes)
Event: 289.042 Thread 0x000001a2db1d4430 nmethod 2757 0x000001a2c4c1fe10 code [0x000001a2c4c20020, 0x000001a2c4c20778]
Event: 289.042 Thread 0x000001a2db1d4430 2758       3       org.codehaus.plexus.interpolation.reflection.ClassMap::makeMethodKey (75 bytes)
Event: 289.043 Thread 0x000001a2db1d4430 nmethod 2758 0x000001a2c4c20a10 code [0x000001a2c4c20c60, 0x000001a2c4c21438]
Event: 289.384 Thread 0x000001a2db1d4430 2759       3       java.util.TreeMap::addEntryToEmptyMap (37 bytes)
Event: 289.385 Thread 0x000001a2db1d4430 nmethod 2759 0x000001a2c4c21790 code [0x000001a2c4c21980, 0x000001a2c4c22078]
Event: 289.524 Thread 0x000001a2db16ab90 2760       4       java.lang.ref.Reference::refersTo (6 bytes)
Event: 289.525 Thread 0x000001a2db16ab90 nmethod 2760 0x000001a2cbcfb410 code [0x000001a2cbcfb580, 0x000001a2cbcfb618]
Event: 289.525 Thread 0x000001a2db16ab90 2761  s    4       java.io.BufferedInputStream::read (49 bytes)

GC Heap History (4 events):
Event: 79.485 GC heap before
{Heap before GC invocations=0 (full 0):
 garbage-first heap   total 131072K, used 22528K [0x0000000081400000, 0x0000000100000000)
  region size 1024K, 23 young (23552K), 0 survivors (0K)
 Metaspace       used 5635K, committed 5824K, reserved 1056768K
  class space    used 677K, committed 768K, reserved 1048576K
}
Event: 79.527 GC heap after
{Heap after GC invocations=1 (full 0):
 garbage-first heap   total 131072K, used 3799K [0x0000000081400000, 0x0000000100000000)
  region size 1024K, 3 young (3072K), 3 survivors (3072K)
 Metaspace       used 5635K, committed 5824K, reserved 1056768K
  class space    used 677K, committed 768K, reserved 1048576K
}
Event: 157.666 GC heap before
{Heap before GC invocations=1 (full 0):
 garbage-first heap   total 131072K, used 34519K [0x0000000081400000, 0x0000000100000000)
  region size 1024K, 33 young (33792K), 3 survivors (3072K)
 Metaspace       used 9311K, committed 9536K, reserved 1064960K
  class space    used 1133K, committed 1216K, reserved 1048576K
}
Event: 157.694 GC heap after
{Heap after GC invocations=2 (full 0):
 garbage-first heap   total 131072K, used 5352K [0x0000000081400000, 0x0000000100000000)
  region size 1024K, 2 young (2048K), 2 survivors (2048K)
 Metaspace       used 9311K, committed 9536K, reserved 1064960K
  class space    used 1133K, committed 1216K, reserved 1048576K
}

Deoptimization events (20 events):
Event: 287.977 Thread 0x000001a2bb0bbea0 Uncommon trap: trap_request=0xffffff66 fr.pc=0x000001a2cbcc6f78 relative=0x0000000000000238
Event: 287.977 Thread 0x000001a2bb0bbea0 Uncommon trap: reason=speculate_class_check action=maybe_recompile pc=0x000001a2cbcc6f78 method=java.util.regex.Pattern$BmpCharPredicate.lambda$union$2(Ljava/util/regex/Pattern$CharPredicate;I)Z @ 2 c2
Event: 287.977 Thread 0x000001a2bb0bbea0 DEOPT PACKING pc=0x000001a2cbcc6f78 sp=0x0000005e4b6fce20
Event: 287.977 Thread 0x000001a2bb0bbea0 DEOPT UNPACKING pc=0x000001a2c41623a3 sp=0x0000005e4b6fcc78 mode 2
Event: 288.052 Thread 0x000001a2bb0bbea0 Uncommon trap: trap_request=0xffffff66 fr.pc=0x000001a2cbcc6f78 relative=0x0000000000000238
Event: 288.052 Thread 0x000001a2bb0bbea0 Uncommon trap: reason=speculate_class_check action=maybe_recompile pc=0x000001a2cbcc6f78 method=java.util.regex.Pattern$BmpCharPredicate.lambda$union$2(Ljava/util/regex/Pattern$CharPredicate;I)Z @ 2 c2
Event: 288.052 Thread 0x000001a2bb0bbea0 DEOPT PACKING pc=0x000001a2cbcc6f78 sp=0x0000005e4b6fce20
Event: 288.052 Thread 0x000001a2bb0bbea0 DEOPT UNPACKING pc=0x000001a2c41623a3 sp=0x0000005e4b6fcc78 mode 2
Event: 288.052 Thread 0x000001a2bb0bbea0 Uncommon trap: trap_request=0xffffff66 fr.pc=0x000001a2cbcc6f78 relative=0x0000000000000238
Event: 288.052 Thread 0x000001a2bb0bbea0 Uncommon trap: reason=speculate_class_check action=maybe_recompile pc=0x000001a2cbcc6f78 method=java.util.regex.Pattern$BmpCharPredicate.lambda$union$2(Ljava/util/regex/Pattern$CharPredicate;I)Z @ 2 c2
Event: 288.052 Thread 0x000001a2bb0bbea0 DEOPT PACKING pc=0x000001a2cbcc6f78 sp=0x0000005e4b6fce20
Event: 288.052 Thread 0x000001a2bb0bbea0 DEOPT UNPACKING pc=0x000001a2c41623a3 sp=0x0000005e4b6fcc78 mode 2
Event: 288.157 Thread 0x000001a2bb0bbea0 Uncommon trap: trap_request=0xffffff66 fr.pc=0x000001a2cbcc6f78 relative=0x0000000000000238
Event: 288.157 Thread 0x000001a2bb0bbea0 Uncommon trap: reason=speculate_class_check action=maybe_recompile pc=0x000001a2cbcc6f78 method=java.util.regex.Pattern$BmpCharPredicate.lambda$union$2(Ljava/util/regex/Pattern$CharPredicate;I)Z @ 2 c2
Event: 288.157 Thread 0x000001a2bb0bbea0 DEOPT PACKING pc=0x000001a2cbcc6f78 sp=0x0000005e4b6fce20
Event: 288.157 Thread 0x000001a2bb0bbea0 DEOPT UNPACKING pc=0x000001a2c41623a3 sp=0x0000005e4b6fcc78 mode 2
Event: 289.519 Thread 0x000001a2bb0bbea0 Uncommon trap: trap_request=0xffffff45 fr.pc=0x000001a2cbcded50 relative=0x0000000000001f90
Event: 289.519 Thread 0x000001a2bb0bbea0 Uncommon trap: reason=unstable_if action=reinterpret pc=0x000001a2cbcded50 method=org.codehaus.plexus.util.xml.pull.MXParser.nextImpl()I @ 880 c2
Event: 289.519 Thread 0x000001a2bb0bbea0 DEOPT PACKING pc=0x000001a2cbcded50 sp=0x0000005e4b6fcbf0
Event: 289.519 Thread 0x000001a2bb0bbea0 DEOPT UNPACKING pc=0x000001a2c41623a3 sp=0x0000005e4b6fcbc8 mode 2

Classes unloaded (0 events):
No events

Classes redefined (0 events):
No events

Internal exceptions (20 events):
Event: 61.042 Thread 0x000001a2bb0bbea0 Exception <a 'java/lang/NoSuchMethodError'{0x0000000088b26088}: 'java.lang.Object java.lang.invoke.DirectMethodHandle$Holder.invokeSpecialIFC(java.lang.Object, java.lang.Object, java.lang.Object, java.lang.Object)'> (0x0000000088b26088) 
thrown [s\open\src\hotspot\share\interpreter\linkResolver.cpp, line 759]
Event: 67.999 Thread 0x000001a2bb0bbea0 Exception <a 'java/lang/NoSuchMethodError'{0x0000000088513108}: 'java.lang.Object java.lang.invoke.DirectMethodHandle$Holder.invokeStaticInit(java.lang.Object)'> (0x0000000088513108) 
thrown [s\open\src\hotspot\share\interpreter\linkResolver.cpp, line 759]
Event: 68.019 Thread 0x000001a2bb0bbea0 Exception <a 'java/lang/NoSuchMethodError'{0x0000000088533830}: 'void java.lang.invoke.DirectMethodHandle$Holder.invokeSpecial(java.lang.Object, java.lang.Object, java.lang.Object)'> (0x0000000088533830) 
thrown [s\open\src\hotspot\share\interpreter\linkResolver.cpp, line 759]
Event: 69.889 Thread 0x000001a2bb0bbea0 Exception <a 'java/lang/NoSuchMethodError'{0x00000000884b9600}: 'java.lang.Object java.lang.invoke.DirectMethodHandle$Holder.invokeInterface(java.lang.Object, java.lang.Object)'> (0x00000000884b9600) 
thrown [s\open\src\hotspot\share\interpreter\linkResolver.cpp, line 759]
Event: 70.961 Thread 0x000001a2bb0bbea0 Exception <a 'java/lang/NoSuchMethodError'{0x00000000883770d0}: 'java.lang.Object java.lang.invoke.Invokers$Holder.invokeExact_MT(java.lang.Object, java.lang.Object, java.lang.Object, java.lang.Object, java.lang.Object, java.lang.Object)'> (0x00000000883770d0) 
thrown [s\open\src\hotspot\share\interpreter\linkResolver.cpp, line 759]
Event: 70.965 Thread 0x000001a2bb0bbea0 Exception <a 'java/lang/NoSuchMethodError'{0x0000000088388590}: 'int java.lang.invoke.DirectMethodHandle$Holder.invokeSpecialIFC(java.lang.Object, java.lang.Object, java.lang.Object, java.lang.Object, java.lang.Object)'> (0x0000000088388590) 
thrown [s\open\src\hotspot\share\interpreter\linkResolver.cpp, line 759]
Event: 73.061 Thread 0x000001a2bb0bbea0 Exception <a 'java/lang/NoSuchMethodError'{0x0000000088168290}: 'java.lang.Object java.lang.invoke.DirectMethodHandle$Holder.newInvokeSpecial(java.lang.Object, java.lang.Object, java.lang.Object, java.lang.Object, java.lang.Object)'> (0x0000000088168290) 
thrown [s\open\src\hotspot\share\interpreter\linkResolver.cpp, line 759]
Event: 73.661 Thread 0x000001a2bb0bbea0 Exception <a 'java/lang/NoSuchMethodError'{0x000000008807fc48}: 'int java.lang.invoke.DirectMethodHandle$Holder.invokeStaticInit(java.lang.Object, java.lang.Object)'> (0x000000008807fc48) 
thrown [s\open\src\hotspot\share\interpreter\linkResolver.cpp, line 759]
Event: 74.565 Thread 0x000001a2bb0bbea0 Exception <a 'java/lang/NoClassDefFoundError'{0x00000000880bdfe0}: javax/enterprise/inject/Typed> (0x00000000880bdfe0) 
thrown [s\open\src\hotspot\share\classfile\systemDictionary.cpp, line 245]
Event: 190.561 Thread 0x000001a2bb0bbea0 Exception <a 'java/lang/NoSuchMethodError'{0x0000000088d6a8d8}: 'void java.lang.invoke.DirectMethodHandle$Holder.invokeStaticInit(java.lang.Object, java.lang.Object, java.lang.Object)'> (0x0000000088d6a8d8) 
thrown [s\open\src\hotspot\share\interpreter\linkResolver.cpp, line 759]
Event: 191.646 Thread 0x000001a2bb0bbea0 Exception <a 'java/lang/ExceptionInInitializerError'{0x0000000088d982f8}> (0x0000000088d982f8) 
thrown [s\open\src\hotspot\share\oops\instanceKlass.cpp, line 1166]
Event: 195.885 Thread 0x000001a2bb0bbea0 Implicit null exception at 0x000001a2cbc3b52f to 0x000001a2cbc3b68c
Event: 196.285 Thread 0x000001a2bb0bbea0 Exception <a 'java/lang/NoSuchMethodError'{0x0000000088cb3ff0}: 'java.lang.Object java.lang.invoke.Invokers$Holder.invokeExact_MT(java.lang.Object, int, java.lang.Object)'> (0x0000000088cb3ff0) 
thrown [s\open\src\hotspot\share\interpreter\linkResolver.cpp, line 759]
Event: 204.337 Thread 0x000001a2bb0bbea0 Exception <a 'java/lang/NoSuchMethodError'{0x0000000088b16d30}: 'void java.lang.invoke.DirectMethodHandle$Holder.invokeStatic(java.lang.Object, java.lang.Object)'> (0x0000000088b16d30) 
thrown [s\open\src\hotspot\share\interpreter\linkResolver.cpp, line 759]
Event: 204.345 Thread 0x000001a2bb0bbea0 Exception <a 'java/lang/NoSuchMethodError'{0x0000000088b27890}: 'int java.lang.invoke.DirectMethodHandle$Holder.invokeSpecial(java.lang.Object, java.lang.Object, java.lang.Object, java.lang.Object)'> (0x0000000088b27890) 
thrown [s\open\src\hotspot\share\interpreter\linkResolver.cpp, line 759]
Event: 222.135 Thread 0x000001a2bb0bbea0 Exception <a 'java/lang/NoClassDefFoundError'{0x00000000883a1ba0}: com/google/inject/servlet/ServletModuleTargetVisitor> (0x00000000883a1ba0) 
thrown [s\open\src\hotspot\share\classfile\systemDictionary.cpp, line 245]
Event: 231.101 Thread 0x000001a2bb0bbea0 Exception <a 'java/lang/NoSuchMethodError'{0x0000000088041740}: 'void java.lang.invoke.DirectMethodHandle$Holder.invokeVirtual(java.lang.Object, java.lang.Object)'> (0x0000000088041740) 
thrown [s\open\src\hotspot\share\interpreter\linkResolver.cpp, line 759]
Event: 235.398 Thread 0x000001a2bb0bbea0 Exception <a 'java/lang/NoSuchMethodError'{0x00000000880cb2e8}: 'java.lang.Object java.lang.invoke.DirectMethodHandle$Holder.invokeStaticInit(java.lang.Object, int, int, int, int)'> (0x00000000880cb2e8) 
thrown [s\open\src\hotspot\share\interpreter\linkResolver.cpp, line 759]
Event: 250.197 Thread 0x000001a2bb0bbea0 Implicit null exception at 0x000001a2cbc05ff2 to 0x000001a2cbc0660c
Event: 250.197 Thread 0x000001a2bb0bbea0 Implicit null exception at 0x000001a2cbc16672 to 0x000001a2cbc16cac

VM Operations (20 events):
Event: 264.846 Executing VM operation: Cleanup
Event: 264.847 Executing VM operation: Cleanup done
Event: 265.945 Executing VM operation: Cleanup
Event: 267.689 Executing VM operation: Cleanup done
Event: 268.700 Executing VM operation: Cleanup
Event: 268.784 Executing VM operation: Cleanup done
Event: 270.790 Executing VM operation: Cleanup
Event: 270.848 Executing VM operation: Cleanup done
Event: 271.859 Executing VM operation: Cleanup
Event: 272.183 Executing VM operation: Cleanup done
Event: 273.197 Executing VM operation: Cleanup
Event: 273.214 Executing VM operation: Cleanup done
Event: 274.218 Executing VM operation: Cleanup
Event: 274.815 Executing VM operation: Cleanup done
Event: 275.819 Executing VM operation: Cleanup
Event: 278.083 Executing VM operation: Cleanup done
Event: 288.274 Executing VM operation: Cleanup
Event: 288.434 Executing VM operation: Cleanup done
Event: 289.441 Executing VM operation: Cleanup
Event: 289.489 Executing VM operation: Cleanup done

Events (20 events):
Event: 255.551 loading class java/nio/channels/spi/AbstractInterruptibleChannel$1
Event: 255.551 loading class sun/nio/ch/Interruptible
Event: 255.606 loading class sun/nio/ch/Interruptible done
Event: 255.606 loading class java/nio/channels/spi/AbstractInterruptibleChannel$1 done
Event: 255.621 loading class java/util/AbstractMap$2
Event: 255.626 loading class java/util/AbstractMap$2 done
Event: 255.626 loading class java/util/AbstractMap$2$1
Event: 255.626 loading class java/util/AbstractMap$2$1 done
Event: 260.363 loading class sun/util/resources/LocaleData$CommonResourceBundleProvider
Event: 260.364 loading class sun/util/resources/LocaleData$LocaleDataResourceBundleProvider
Event: 260.364 loading class java/util/spi/ResourceBundleProvider
Event: 260.364 loading class java/util/spi/ResourceBundleProvider done
Event: 260.364 loading class sun/util/resources/LocaleData$LocaleDataResourceBundleProvider done
Event: 260.364 loading class sun/util/resources/LocaleData$CommonResourceBundleProvider done
Event: 260.365 loading class sun/util/resources/Bundles$2
Event: 260.365 loading class sun/util/resources/Bundles$2 done
Event: 263.933 loading class java/lang/Short$ShortCache
Event: 263.933 loading class java/lang/Short$ShortCache done
Event: 263.933 loading class java/lang/Byte$ByteCache
Event: 263.933 loading class java/lang/Byte$ByteCache done


Dynamic libraries:
0x00007ff75cc70000 - 0x00007ff75cc80000 	C:\Program Files\Java\jdk-17.0.4.1\bin\java.exe
0x00007ffe52bb0000 - 0x00007ffe52dc7000 	C:\WINDOWS\SYSTEM32\ntdll.dll
0x00007ffe51f30000 - 0x00007ffe51ff4000 	C:\WINDOWS\System32\KERNEL32.DLL
0x00007ffe501b0000 - 0x00007ffe50555000 	C:\WINDOWS\System32\KERNELBASE.dll
0x00007ffe50720000 - 0x00007ffe50831000 	C:\WINDOWS\System32\ucrtbase.dll
0x00007ffe30030000 - 0x00007ffe30048000 	C:\Program Files\Java\jdk-17.0.4.1\bin\jli.dll
0x00007ffe517e0000 - 0x00007ffe51891000 	C:\WINDOWS\System32\ADVAPI32.dll
0x00007ffe518a0000 - 0x00007ffe51947000 	C:\WINDOWS\System32\msvcrt.dll
0x00007ffe522a0000 - 0x00007ffe52346000 	C:\WINDOWS\System32\sechost.dll
0x00007ffe52000000 - 0x00007ffe52117000 	C:\WINDOWS\System32\RPCRT4.dll
0x00007ffe50980000 - 0x00007ffe50b2e000 	C:\WINDOWS\System32\USER32.dll
0x00007ffe506f0000 - 0x00007ffe50716000 	C:\WINDOWS\System32\win32u.dll
0x00007ffe51c60000 - 0x00007ffe51c89000 	C:\WINDOWS\System32\GDI32.dll
0x00007ffe50560000 - 0x00007ffe50679000 	C:\WINDOWS\System32\gdi32full.dll
0x00007ffe4ff20000 - 0x00007ffe4ffba000 	C:\WINDOWS\System32\msvcp_win.dll
0x00007ffe33530000 - 0x00007ffe3354a000 	C:\Program Files\Java\jdk-17.0.4.1\bin\VCRUNTIME140.dll
0x00007ffe37df0000 - 0x00007ffe38083000 	C:\WINDOWS\WinSxS\amd64_microsoft.windows.common-controls_6595b64144ccf1df_6.0.22621.2506_none_270c5ae97388e100\COMCTL32.dll
0x00007ffe43a50000 - 0x00007ffe43a5a000 	C:\WINDOWS\SYSTEM32\VERSION.dll
0x00007ffe51c90000 - 0x00007ffe51cc1000 	C:\WINDOWS\System32\IMM32.DLL
0x00007ffe46400000 - 0x00007ffe4640c000 	C:\Program Files\Java\jdk-17.0.4.1\bin\vcruntime140_1.dll
0x00007ffe10100000 - 0x00007ffe1018d000 	C:\Program Files\Java\jdk-17.0.4.1\bin\msvcp140.dll
0x00007ffdedab0000 - 0x00007ffdee672000 	C:\Program Files\Java\jdk-17.0.4.1\bin\server\jvm.dll
0x00007ffe52b60000 - 0x00007ffe52b68000 	C:\WINDOWS\System32\PSAPI.DLL
0x00007ffe48480000 - 0x00007ffe48489000 	C:\WINDOWS\SYSTEM32\WSOCK32.dll
0x00007ffe50900000 - 0x00007ffe50971000 	C:\WINDOWS\System32\WS2_32.dll
0x00007ffe44d00000 - 0x00007ffe44d34000 	C:\WINDOWS\SYSTEM32\WINMM.dll
0x00007ffe4efb0000 - 0x00007ffe4efc8000 	C:\WINDOWS\SYSTEM32\kernel.appcore.dll
0x00007ffe45ed0000 - 0x00007ffe45eda000 	C:\Program Files\Java\jdk-17.0.4.1\bin\jimage.dll
0x00007ffe4d850000 - 0x00007ffe4da83000 	C:\WINDOWS\SYSTEM32\DBGHELP.DLL
0x00007ffe52350000 - 0x00007ffe526d9000 	C:\WINDOWS\System32\combase.dll
0x00007ffe51950000 - 0x00007ffe51a27000 	C:\WINDOWS\System32\OLEAUT32.dll
0x00007ffe315e0000 - 0x00007ffe31612000 	C:\WINDOWS\SYSTEM32\dbgcore.DLL
0x00007ffe50130000 - 0x00007ffe501aa000 	C:\WINDOWS\System32\bcryptPrimitives.dll
0x00007ffe2ffc0000 - 0x00007ffe2ffe5000 	C:\Program Files\Java\jdk-17.0.4.1\bin\java.dll
0x00007ffe00e30000 - 0x00007ffe00f06000 	C:\Program Files\Java\jdk-17.0.4.1\bin\jsvml.dll
0x00007ffe50d00000 - 0x00007ffe51559000 	C:\WINDOWS\System32\SHELL32.dll
0x00007ffe4de50000 - 0x00007ffe4e744000 	C:\WINDOWS\SYSTEM32\windows.storage.dll
0x00007ffe4dd10000 - 0x00007ffe4de4e000 	C:\WINDOWS\SYSTEM32\wintypes.dll
0x00007ffe50b30000 - 0x00007ffe50c23000 	C:\WINDOWS\System32\SHCORE.dll
0x00007ffe51eb0000 - 0x00007ffe51f0e000 	C:\WINDOWS\System32\shlwapi.dll
0x00007ffe4fe50000 - 0x00007ffe4fe76000 	C:\WINDOWS\SYSTEM32\profapi.dll
0x00007ffe33090000 - 0x00007ffe330a9000 	C:\Program Files\Java\jdk-17.0.4.1\bin\net.dll
0x00007ffe44b60000 - 0x00007ffe44c97000 	C:\WINDOWS\SYSTEM32\WINHTTP.dll
0x00007ffe4f490000 - 0x00007ffe4f4f9000 	C:\WINDOWS\system32\mswsock.dll
0x00007ffe30140000 - 0x00007ffe30156000 	C:\Program Files\Java\jdk-17.0.4.1\bin\nio.dll
0x00007ffe30080000 - 0x00007ffe30098000 	C:\Program Files\Java\jdk-17.0.4.1\bin\zip.dll
0x0000000069ac0000 - 0x0000000069ae4000 	C:\Users\larak\AppData\Local\Temp\jansi-2.4.0-e3998199a3d02843-jansi.dll
0x00007ffe455e0000 - 0x00007ffe455f0000 	C:\Program Files\Java\jdk-17.0.4.1\bin\verify.dll

dbghelp: loaded successfully - version: 4.0.5 - missing functions: none
symbol engine: initialized successfully - sym options: 0x614 - pdb path: .;C:\Program Files\Java\jdk-17.0.4.1\bin;C:\WINDOWS\SYSTEM32;C:\WINDOWS\WinSxS\amd64_microsoft.windows.common-controls_6595b64144ccf1df_6.0.22621.2506_none_270c5ae97388e100;C:\Program Files\Java\jdk-17.0.4.1\bin\server;C:\Users\larak\AppData\Local\Temp

VM Arguments:
jvm_args: -Dmaven.multiModuleProjectDirectory=C:\Senac\curso ds\ProjetoIntegradorUC15\Etapa0708PIUC15\petpug\petpug 
java_command: org.apache.maven.wrapper.MavenWrapperMain -Dmaven.ext.class.path=C:\Program Files\NetBeans-14\netbeans\java\maven-nblib\netbeans-eventspy.jar -Dfile.encoding=UTF-8 install
java_class_path (initial): C:\Senac\curso ds\ProjetoIntegradorUC15\Etapa0708PIUC15\petpug\petpug\.mvn\wrapper\maven-wrapper.jar
Launcher Type: SUN_STANDARD

[Global flags]
     intx CICompilerCount                          = 4                                         {product} {ergonomic}
     uint ConcGCThreads                            = 2                                         {product} {ergonomic}
     uint G1ConcRefinementThreads                  = 8                                         {product} {ergonomic}
   size_t G1HeapRegionSize                         = 1048576                                   {product} {ergonomic}
    uintx GCDrainStackTargetSize                   = 64                                        {product} {ergonomic}
   size_t InitialHeapSize                          = 134217728                                 {product} {ergonomic}
   size_t MarkStackSize                            = 4194304                                   {product} {ergonomic}
   size_t MaxHeapSize                              = 2126512128                                {product} {ergonomic}
   size_t MaxNewSize                               = 1275068416                                {product} {ergonomic}
   size_t MinHeapDeltaBytes                        = 1048576                                   {product} {ergonomic}
   size_t MinHeapSize                              = 8388608                                   {product} {ergonomic}
    uintx NonNMethodCodeHeapSize                   = 5839372                                {pd product} {ergonomic}
    uintx NonProfiledCodeHeapSize                  = 122909434                              {pd product} {ergonomic}
    uintx ProfiledCodeHeapSize                     = 122909434                              {pd product} {ergonomic}
    uintx ReservedCodeCacheSize                    = 251658240                              {pd product} {ergonomic}
     bool SegmentedCodeCache                       = true                                      {product} {ergonomic}
   size_t SoftMaxHeapSize                          = 2126512128                             {manageable} {ergonomic}
     bool UseCompressedClassPointers               = true                           {product lp64_product} {ergonomic}
     bool UseCompressedOops                        = true                           {product lp64_product} {ergonomic}
     bool UseG1GC                                  = true                                      {product} {ergonomic}
     bool UseLargePagesIndividualAllocation        = false                                  {pd product} {ergonomic}

Logging:
Log output configuration:
 #0: stdout all=warning uptime,level,tags
 #1: stderr all=off uptime,level,tags

Environment Variables:
JAVA_HOME=C:\Program Files\Java\jdk-17.0.4.1
PATH=C:\Program Files\Common Files\Oracle\Java\javapath;C:\ProgramData\Oracle\Java\javapath;C:\Program Files (x86)\Intel\Intel(R) Management Engine Components\iCLS\;C:\Program Files\Intel\Intel(R) Management Engine Components\iCLS\;C:\windows\system32;C:\windows;C:\windows\System32\Wbem;C:\windows\System32\WindowsPowerShell\v1.0\;C:\windows\System32\OpenSSH\;C:\Program Files (x86)\NVIDIA Corporation\PhysX\Common;C:\Program Files (x86)\Intel\Intel(R) Management Engine Components\DAL;C:\Program Files\Intel\Intel(R) Management Engine Components\DAL;C:\Program Files (x86)\Intel\Intel(R) Management Engine Components\IPT;C:\Program Files\Intel\Intel(R) Management Engine Components\IPT;C:\WINDOWS\system32;C:\WINDOWS;C:\WINDOWS\System32\Wbem;C:\WINDOWS\System32\WindowsPowerShell\v1.0\;C:\WINDOWS\System32\OpenSSH\;C:\ProgramData\UNIVALI\Portugol Studio;C:\Program Files\Git\cmd;D:\Microsoft VS Code\bin;D:\;C:\Users\larak\AppData\Local\Microsoft\WindowsApps;C:\Program Files\JetBrains\PyCharm Community Edition 2020.3.3\bin;;C:\Users\larak\AppData\Local\GitHubDesktop\bin;C:\Users\larak\AppData\Roaming\npm
USERNAME=larak
OS=Windows_NT
PROCESSOR_IDENTIFIER=Intel64 Family 6 Model 142 Stepping 10, GenuineIntel



---------------  S Y S T E M  ---------------

OS:
 Windows 11 , 64 bit Build 22621 (10.0.22621.2506)
OS uptime: 3 days 14:30 hours

CPU: total 8 (initial active 8) (4 cores per cpu, 2 threads per core) family 6 model 142 stepping 10 microcode 0xe0, cx8, cmov, fxsr, ht, mmx, 3dnowpref, sse, sse2, sse3, ssse3, sse4.1, sse4.2, popcnt, lzcnt, tsc, tscinvbit, avx, avx2, aes, erms, clmul, bmi1, bmi2, adx, fma, vzeroupper, clflush, clflushopt

Memory: 4k page, system-wide physical 8106M (88M free)
TotalPageFile size 32682M (AvailPageFile size 0M)
current process WorkingSet (physical memory assigned to process): 27M, peak: 67M
current process commit charge ("private bytes"): 235M, peak: 247M

vm_info: Java HotSpot(TM) 64-Bit Server VM (17.0.4.1+1-LTS-2) for windows-amd64 JRE (17.0.4.1+1-LTS-2), built on Aug 16 2022 18:32:06 by "mach5one" with MS VC++ 16.8 / 16.9 (VS2019)

END.
