#
# There is insufficient memory for the Java Runtime Environment to continue.
# Native memory allocation (malloc) failed to allocate 769456 bytes for Chunk::new
# Possible reasons:
#   The system is out of physical RAM or swap space
#   The process is running with CompressedOops enabled, and the Java Heap may be blocking the growth of the native heap
# Possible solutions:
#   Reduce memory load on the system
#   Increase physical memory or swap space
#   Check if swap backing store is full
#   Decrease Java heap size (-Xmx/-Xms)
#   Decrease number of Java threads
#   Decrease Java thread stack sizes (-Xss)
#   Set larger code cache with -XX:ReservedCodeCacheSize=
#   JVM is running with Unscaled Compressed Oops mode in which the Java heap is
#     placed in the first 4GB address space. The Java Heap base address is the
#     maximum limit for the native heap growth. Please use -XX:HeapBaseMinAddress
#     to set the Java Heap base and to place the Java Heap above 4GB virtual address.
# This output file may be truncated or incomplete.
#
#  Out of Memory Error (arena.cpp:189), pid=16236, tid=15460
#
# JRE version: Java(TM) SE Runtime Environment (17.0.4.1+1) (build 17.0.4.1+1-LTS-2)
# Java VM: Java HotSpot(TM) 64-Bit Server VM (17.0.4.1+1-LTS-2, mixed mode, sharing, tiered, compressed oops, compressed class ptrs, g1 gc, windows-amd64)
# No core dump will be written. Minidumps are not enabled by default on client versions of Windows
#

---------------  S U M M A R Y ------------

Command Line: -Dmaven.multiModuleProjectDirectory=C:\Senac\curso ds\ProjetoIntegradorUC15\Etapa0708PIUC15\petpug\petpug org.apache.maven.wrapper.MavenWrapperMain -Dmaven.ext.class.path=C:\Program Files\NetBeans-14\netbeans\java\maven-nblib\netbeans-eventspy.jar -Dfile.encoding=UTF-8 install

Host: Intel(R) Core(TM) i5-8250U CPU @ 1.60GHz, 8 cores, 7G,  Windows 11 , 64 bit Build 22621 (10.0.22621.2506)
Time: Mon Dec 18 09:38:57 2023 Hora oficial do Brasil elapsed time: 330.786046 seconds (0d 0h 5m 30s)

---------------  T H R E A D  ---------------

Current thread (0x000002140018be20):  JavaThread "C2 CompilerThread0" daemon [_thread_in_native, id=15460, stack(0x00000067b9100000,0x00000067b9200000)]


Current CompileTask:
C2: 330786 4619       4       jdk.internal.org.objectweb.asm.Frame::execute (2305 bytes)

Stack: [0x00000067b9100000,0x00000067b9200000]
Native frames: (J=compiled Java code, j=interpreted, Vv=VM code, C=native code)
V  [jvm.dll+0x6723ba]
V  [jvm.dll+0x7d1e34]
V  [jvm.dll+0x7d35de]
V  [jvm.dll+0x7d3c43]
V  [jvm.dll+0x243065]
V  [jvm.dll+0xaa57b]
V  [jvm.dll+0xaab0c]
V  [jvm.dll+0x2a9dcf]
V  [jvm.dll+0x57a7f7]
V  [jvm.dll+0x21e342]
V  [jvm.dll+0x217ca2]
V  [jvm.dll+0x2154bb]
V  [jvm.dll+0x1a1fcd]
V  [jvm.dll+0x224e08]
V  [jvm.dll+0x222f75]
V  [jvm.dll+0x787a0b]
V  [jvm.dll+0x781fca]
V  [jvm.dll+0x671245]
C  [ucrtbase.dll+0x29363]
C  [KERNEL32.DLL+0x1257d]
C  [ntdll.dll+0x5aa58]


---------------  P R O C E S S  ---------------

Threads class SMR info:
_java_thread_list=0x000002140210e240, length=12, elements={
0x0000021461f3bea0, 0x000002140016f1b0, 0x0000021400171030, 0x0000021400187420,
0x0000021400189de0, 0x000002140018a790, 0x000002140018b140, 0x000002140018be20,
0x00000214001f38d0, 0x00000214001fced0, 0x0000021400cbd810, 0x0000021400cc4550
}

Java Threads: ( => current thread )
  0x0000021461f3bea0 JavaThread "main" [_thread_in_Java, id=15868, stack(0x00000067b8300000,0x00000067b8400000)]
  0x000002140016f1b0 JavaThread "Reference Handler" daemon [_thread_blocked, id=16432, stack(0x00000067b8b00000,0x00000067b8c00000)]
  0x0000021400171030 JavaThread "Finalizer" daemon [_thread_blocked, id=6700, stack(0x00000067b8c00000,0x00000067b8d00000)]
  0x0000021400187420 JavaThread "Signal Dispatcher" daemon [_thread_blocked, id=10224, stack(0x00000067b8d00000,0x00000067b8e00000)]
  0x0000021400189de0 JavaThread "Attach Listener" daemon [_thread_blocked, id=16016, stack(0x00000067b8e00000,0x00000067b8f00000)]
  0x000002140018a790 JavaThread "Service Thread" daemon [_thread_blocked, id=15400, stack(0x00000067b8f00000,0x00000067b9000000)]
  0x000002140018b140 JavaThread "Monitor Deflation Thread" daemon [_thread_blocked, id=15552, stack(0x00000067b9000000,0x00000067b9100000)]
=>0x000002140018be20 JavaThread "C2 CompilerThread0" daemon [_thread_in_native, id=15460, stack(0x00000067b9100000,0x00000067b9200000)]
  0x00000214001f38d0 JavaThread "C1 CompilerThread0" daemon [_thread_blocked, id=9148, stack(0x00000067b9200000,0x00000067b9300000)]
  0x00000214001fced0 JavaThread "Sweeper thread" daemon [_thread_blocked, id=10408, stack(0x00000067b9300000,0x00000067b9400000)]
  0x0000021400cbd810 JavaThread "Notification Thread" daemon [_thread_blocked, id=6564, stack(0x00000067b9400000,0x00000067b9500000)]
  0x0000021400cc4550 JavaThread "Common-Cleaner" daemon [_thread_blocked, id=8304, stack(0x00000067b9600000,0x00000067b9700000)]

Other Threads:
  0x0000021400168270 VMThread "VM Thread" [stack: 0x00000067b8a00000,0x00000067b8b00000] [id=10552]
  0x0000021400cbfcf0 WatcherThread [stack: 0x00000067b9500000,0x00000067b9600000] [id=12264]
  0x0000021461f956d0 GCTaskThread "GC Thread#0" [stack: 0x00000067b8500000,0x00000067b8600000] [id=15364]
  0x0000021400c6e000 GCTaskThread "GC Thread#1" [stack: 0x00000067b9700000,0x00000067b9800000] [id=18396]
  0x0000021400c6e2b0 GCTaskThread "GC Thread#2" [stack: 0x00000067b9800000,0x00000067b9900000] [id=18400]
  0x0000021400fef2b0 GCTaskThread "GC Thread#3" [stack: 0x00000067b9900000,0x00000067b9a00000] [id=11964]
  0x0000021400fef560 GCTaskThread "GC Thread#4" [stack: 0x00000067b9a00000,0x00000067b9b00000] [id=7896]
  0x0000021400fef810 GCTaskThread "GC Thread#5" [stack: 0x00000067b9b00000,0x00000067b9c00000] [id=14232]
  0x0000021400fefac0 GCTaskThread "GC Thread#6" [stack: 0x00000067b9c00000,0x00000067b9d00000] [id=3192]
  0x0000021400fefd70 GCTaskThread "GC Thread#7" [stack: 0x00000067b9d00000,0x00000067b9e00000] [id=15544]
  0x0000021461fa73a0 ConcurrentGCThread "G1 Main Marker" [stack: 0x00000067b8600000,0x00000067b8700000] [id=11708]
  0x0000021461fa8dc0 ConcurrentGCThread "G1 Conc#0" [stack: 0x00000067b8700000,0x00000067b8800000] [id=10964]
  0x000002146200d520 ConcurrentGCThread "G1 Refine#0" [stack: 0x00000067b8800000,0x00000067b8900000] [id=12420]
  0x000002146200df40 ConcurrentGCThread "G1 Service" [stack: 0x00000067b8900000,0x00000067b8a00000] [id=7836]

Threads with active compile tasks:
C2 CompilerThread0   330841 4619       4       jdk.internal.org.objectweb.asm.Frame::execute (2305 bytes)

VM state: not at safepoint (normal execution)

VM Mutex/Monitor currently owned by a thread: None

Heap address: 0x0000000081400000, size: 2028 MB, Compressed Oops mode: 32-bit

CDS archive(s) mapped at: [0x0000000800000000-0x0000000800bc0000-0x0000000800bc0000), size 12320768, SharedBaseAddress: 0x0000000800000000, ArchiveRelocationMode: 0.
Compressed class space mapped at: 0x0000000800c00000-0x0000000840c00000, reserved size: 1073741824
Narrow klass base: 0x0000000800000000, Narrow klass shift: 0, Narrow klass range: 0x100000000

GC Precious Log:
 CPUs: 8 total, 8 available
 Memory: 8106M
 Large Page Support: Disabled
 NUMA Support: Disabled
 Compressed Oops: Enabled (32-bit)
 Heap Region Size: 1M
 Heap Min Capacity: 8M
 Heap Initial Capacity: 128M
 Heap Max Capacity: 2028M
 Pre-touch: Disabled
 Parallel Workers: 8
 Concurrent Workers: 2
 Concurrent Refinement Workers: 8
 Periodic GC: Disabled

Heap:
 garbage-first heap   total 131072K, used 109273K [0x0000000081400000, 0x0000000100000000)
  region size 1024K, 71 young (72704K), 9 survivors (9216K)
 Metaspace       used 19352K, committed 19584K, reserved 1073152K
  class space    used 2234K, committed 2368K, reserved 1048576K

Heap Regions: E=young(eden), S=young(survivor), O=old, HS=humongous(starts), HC=humongous(continues), CS=collection set, F=free, OA=open archive, CA=closed archive, TAMS=top-at-mark-start (previous, next)
|   0|0x0000000081400000, 0x0000000081500000, 0x0000000081500000|100%| O|  |TAMS 0x0000000081400000, 0x0000000081400000| Untracked 
|   1|0x0000000081500000, 0x0000000081600000, 0x0000000081600000|100%| O|  |TAMS 0x0000000081500000, 0x0000000081500000| Untracked 
|   2|0x0000000081600000, 0x0000000081700000, 0x0000000081700000|100%| O|  |TAMS 0x0000000081600000, 0x0000000081600000| Untracked 
|   3|0x0000000081700000, 0x00000000817b6400, 0x0000000081800000| 71%| O|  |TAMS 0x0000000081700000, 0x0000000081700000| Untracked 
|   4|0x0000000081800000, 0x0000000081900000, 0x0000000081900000|100%|HS|  |TAMS 0x0000000081800000, 0x0000000081800000| Complete 
|   5|0x0000000081900000, 0x0000000081a00000, 0x0000000081a00000|100%|HC|  |TAMS 0x0000000081900000, 0x0000000081900000| Complete 
|   6|0x0000000081a00000, 0x0000000081b00000, 0x0000000081b00000|100%|HC|  |TAMS 0x0000000081a00000, 0x0000000081a00000| Complete 
|   7|0x0000000081b00000, 0x0000000081c00000, 0x0000000081c00000|100%|HC|  |TAMS 0x0000000081b00000, 0x0000000081b00000| Complete 
|   8|0x0000000081c00000, 0x0000000081d00000, 0x0000000081d00000|100%|HC|  |TAMS 0x0000000081c00000, 0x0000000081c00000| Complete 
|   9|0x0000000081d00000, 0x0000000081e00000, 0x0000000081e00000|100%|HC|  |TAMS 0x0000000081d00000, 0x0000000081d00000| Complete 
|  10|0x0000000081e00000, 0x0000000081f00000, 0x0000000081f00000|100%|HC|  |TAMS 0x0000000081e00000, 0x0000000081e00000| Complete 
|  11|0x0000000081f00000, 0x0000000082000000, 0x0000000082000000|100%|HC|  |TAMS 0x0000000081f00000, 0x0000000081f00000| Complete 
|  12|0x0000000082000000, 0x0000000082100000, 0x0000000082100000|100%|HS|  |TAMS 0x0000000082000000, 0x0000000082000000| Complete 
|  13|0x0000000082100000, 0x0000000082200000, 0x0000000082200000|100%|HC|  |TAMS 0x0000000082100000, 0x0000000082100000| Complete 
|  14|0x0000000082200000, 0x0000000082300000, 0x0000000082300000|100%|HC|  |TAMS 0x0000000082200000, 0x0000000082200000| Complete 
|  15|0x0000000082300000, 0x0000000082400000, 0x0000000082400000|100%|HC|  |TAMS 0x0000000082300000, 0x0000000082300000| Complete 
|  16|0x0000000082400000, 0x0000000082500000, 0x0000000082500000|100%|HC|  |TAMS 0x0000000082400000, 0x0000000082400000| Complete 
|  17|0x0000000082500000, 0x0000000082600000, 0x0000000082600000|100%|HC|  |TAMS 0x0000000082500000, 0x0000000082500000| Complete 
|  18|0x0000000082600000, 0x0000000082700000, 0x0000000082700000|100%|HC|  |TAMS 0x0000000082600000, 0x0000000082600000| Complete 
|  19|0x0000000082700000, 0x0000000082800000, 0x0000000082800000|100%|HC|  |TAMS 0x0000000082700000, 0x0000000082700000| Complete 
|  20|0x0000000082800000, 0x0000000082900000, 0x0000000082900000|100%|HC|  |TAMS 0x0000000082800000, 0x0000000082800000| Complete 
|  21|0x0000000082900000, 0x0000000082a00000, 0x0000000082a00000|100%|HC|  |TAMS 0x0000000082900000, 0x0000000082900000| Complete 
|  22|0x0000000082a00000, 0x0000000082b00000, 0x0000000082b00000|100%|HC|  |TAMS 0x0000000082a00000, 0x0000000082a00000| Complete 
|  23|0x0000000082b00000, 0x0000000082c00000, 0x0000000082c00000|100%|HC|  |TAMS 0x0000000082b00000, 0x0000000082b00000| Complete 
|  24|0x0000000082c00000, 0x0000000082d00000, 0x0000000082d00000|100%|HS|  |TAMS 0x0000000082c00000, 0x0000000082c00000| Complete 
|  25|0x0000000082d00000, 0x0000000082e00000, 0x0000000082e00000|100%|HC|  |TAMS 0x0000000082d00000, 0x0000000082d00000| Complete 
|  26|0x0000000082e00000, 0x0000000082f00000, 0x0000000082f00000|100%|HC|  |TAMS 0x0000000082e00000, 0x0000000082e00000| Complete 
|  27|0x0000000082f00000, 0x0000000083000000, 0x0000000083000000|100%|HC|  |TAMS 0x0000000082f00000, 0x0000000082f00000| Complete 
|  28|0x0000000083000000, 0x0000000083100000, 0x0000000083100000|100%|HC|  |TAMS 0x0000000083000000, 0x0000000083000000| Complete 
|  29|0x0000000083100000, 0x0000000083200000, 0x0000000083200000|100%|HC|  |TAMS 0x0000000083100000, 0x0000000083100000| Complete 
|  30|0x0000000083200000, 0x0000000083300000, 0x0000000083300000|100%|HC|  |TAMS 0x0000000083200000, 0x0000000083200000| Complete 
|  31|0x0000000083300000, 0x0000000083400000, 0x0000000083400000|100%|HC|  |TAMS 0x0000000083300000, 0x0000000083300000| Complete 
|  32|0x0000000083400000, 0x0000000083500000, 0x0000000083500000|100%|HC|  |TAMS 0x0000000083400000, 0x0000000083400000| Complete 
|  33|0x0000000083500000, 0x0000000083600000, 0x0000000083600000|100%|HC|  |TAMS 0x0000000083500000, 0x0000000083500000| Complete 
|  34|0x0000000083600000, 0x0000000083700000, 0x0000000083700000|100%|HC|  |TAMS 0x0000000083600000, 0x0000000083600000| Complete 
|  35|0x0000000083700000, 0x0000000083800000, 0x0000000083800000|100%|HC|  |TAMS 0x0000000083700000, 0x0000000083700000| Complete 
|  36|0x0000000083800000, 0x0000000083900000, 0x0000000083900000|100%|HS|  |TAMS 0x0000000083800000, 0x0000000083800000| Complete 
|  37|0x0000000083900000, 0x0000000083900000, 0x0000000083a00000|  0%| F|  |TAMS 0x0000000083900000, 0x0000000083900000| Untracked 
|  38|0x0000000083a00000, 0x0000000083a00000, 0x0000000083b00000|  0%| F|  |TAMS 0x0000000083a00000, 0x0000000083a00000| Untracked 
|  39|0x0000000083b00000, 0x0000000083b00000, 0x0000000083c00000|  0%| F|  |TAMS 0x0000000083b00000, 0x0000000083b00000| Untracked 
|  40|0x0000000083c00000, 0x0000000083c00000, 0x0000000083d00000|  0%| F|  |TAMS 0x0000000083c00000, 0x0000000083c00000| Untracked 
|  41|0x0000000083d00000, 0x0000000083d00000, 0x0000000083e00000|  0%| F|  |TAMS 0x0000000083d00000, 0x0000000083d00000| Untracked 
|  42|0x0000000083e00000, 0x0000000083e00000, 0x0000000083f00000|  0%| F|  |TAMS 0x0000000083e00000, 0x0000000083e00000| Untracked 
|  43|0x0000000083f00000, 0x0000000084000000, 0x0000000084000000|100%| S|CS|TAMS 0x0000000083f00000, 0x0000000083f00000| Complete 
|  44|0x0000000084000000, 0x0000000084100000, 0x0000000084100000|100%| S|CS|TAMS 0x0000000084000000, 0x0000000084000000| Complete 
|  45|0x0000000084100000, 0x0000000084200000, 0x0000000084200000|100%| S|CS|TAMS 0x0000000084100000, 0x0000000084100000| Complete 
|  46|0x0000000084200000, 0x0000000084300000, 0x0000000084300000|100%| S|CS|TAMS 0x0000000084200000, 0x0000000084200000| Complete 
|  47|0x0000000084300000, 0x0000000084400000, 0x0000000084400000|100%| S|CS|TAMS 0x0000000084300000, 0x0000000084300000| Complete 
|  48|0x0000000084400000, 0x0000000084500000, 0x0000000084500000|100%| S|CS|TAMS 0x0000000084400000, 0x0000000084400000| Complete 
|  49|0x0000000084500000, 0x0000000084600000, 0x0000000084600000|100%| S|CS|TAMS 0x0000000084500000, 0x0000000084500000| Complete 
|  50|0x0000000084600000, 0x0000000084700000, 0x0000000084700000|100%| S|CS|TAMS 0x0000000084600000, 0x0000000084600000| Complete 
|  51|0x0000000084700000, 0x0000000084800000, 0x0000000084800000|100%| S|CS|TAMS 0x0000000084700000, 0x0000000084700000| Complete 
|  52|0x0000000084800000, 0x0000000084800000, 0x0000000084900000|  0%| F|  |TAMS 0x0000000084800000, 0x0000000084800000| Untracked 
|  53|0x0000000084900000, 0x0000000084900000, 0x0000000084a00000|  0%| F|  |TAMS 0x0000000084900000, 0x0000000084900000| Untracked 
|  54|0x0000000084a00000, 0x0000000084a00000, 0x0000000084b00000|  0%| F|  |TAMS 0x0000000084a00000, 0x0000000084a00000| Untracked 
|  55|0x0000000084b00000, 0x0000000084b00000, 0x0000000084c00000|  0%| F|  |TAMS 0x0000000084b00000, 0x0000000084b00000| Untracked 
|  56|0x0000000084c00000, 0x0000000084c00000, 0x0000000084d00000|  0%| F|  |TAMS 0x0000000084c00000, 0x0000000084c00000| Untracked 
|  57|0x0000000084d00000, 0x0000000084d00000, 0x0000000084e00000|  0%| F|  |TAMS 0x0000000084d00000, 0x0000000084d00000| Untracked 
|  58|0x0000000084e00000, 0x0000000084e00000, 0x0000000084f00000|  0%| F|  |TAMS 0x0000000084e00000, 0x0000000084e00000| Untracked 
|  59|0x0000000084f00000, 0x0000000084f00000, 0x0000000085000000|  0%| F|  |TAMS 0x0000000084f00000, 0x0000000084f00000| Untracked 
|  60|0x0000000085000000, 0x0000000085000000, 0x0000000085100000|  0%| F|  |TAMS 0x0000000085000000, 0x0000000085000000| Untracked 
|  61|0x0000000085100000, 0x0000000085100000, 0x0000000085200000|  0%| F|  |TAMS 0x0000000085100000, 0x0000000085100000| Untracked 
|  62|0x0000000085200000, 0x0000000085200000, 0x0000000085300000|  0%| F|  |TAMS 0x0000000085200000, 0x0000000085200000| Untracked 
|  63|0x0000000085300000, 0x0000000085300000, 0x0000000085400000|  0%| F|  |TAMS 0x0000000085300000, 0x0000000085300000| Untracked 
|  64|0x0000000085400000, 0x0000000085400000, 0x0000000085500000|  0%| F|  |TAMS 0x0000000085400000, 0x0000000085400000| Untracked 
|  65|0x0000000085500000, 0x0000000085500000, 0x0000000085600000|  0%| F|  |TAMS 0x0000000085500000, 0x0000000085500000| Untracked 
|  66|0x0000000085600000, 0x0000000085700000, 0x0000000085700000|100%| E|  |TAMS 0x0000000085600000, 0x0000000085600000| Complete 
|  67|0x0000000085700000, 0x0000000085800000, 0x0000000085800000|100%| E|CS|TAMS 0x0000000085700000, 0x0000000085700000| Complete 
|  68|0x0000000085800000, 0x0000000085900000, 0x0000000085900000|100%| E|CS|TAMS 0x0000000085800000, 0x0000000085800000| Complete 
|  69|0x0000000085900000, 0x0000000085a00000, 0x0000000085a00000|100%| E|CS|TAMS 0x0000000085900000, 0x0000000085900000| Complete 
|  70|0x0000000085a00000, 0x0000000085b00000, 0x0000000085b00000|100%| E|CS|TAMS 0x0000000085a00000, 0x0000000085a00000| Complete 
|  71|0x0000000085b00000, 0x0000000085c00000, 0x0000000085c00000|100%| E|CS|TAMS 0x0000000085b00000, 0x0000000085b00000| Complete 
|  72|0x0000000085c00000, 0x0000000085d00000, 0x0000000085d00000|100%| E|CS|TAMS 0x0000000085c00000, 0x0000000085c00000| Complete 
|  73|0x0000000085d00000, 0x0000000085e00000, 0x0000000085e00000|100%| E|CS|TAMS 0x0000000085d00000, 0x0000000085d00000| Complete 
|  74|0x0000000085e00000, 0x0000000085f00000, 0x0000000085f00000|100%| E|CS|TAMS 0x0000000085e00000, 0x0000000085e00000| Complete 
|  75|0x0000000085f00000, 0x0000000086000000, 0x0000000086000000|100%| E|CS|TAMS 0x0000000085f00000, 0x0000000085f00000| Complete 
|  76|0x0000000086000000, 0x0000000086100000, 0x0000000086100000|100%| E|CS|TAMS 0x0000000086000000, 0x0000000086000000| Complete 
|  77|0x0000000086100000, 0x0000000086200000, 0x0000000086200000|100%| E|CS|TAMS 0x0000000086100000, 0x0000000086100000| Complete 
|  78|0x0000000086200000, 0x0000000086300000, 0x0000000086300000|100%| E|CS|TAMS 0x0000000086200000, 0x0000000086200000| Complete 
|  79|0x0000000086300000, 0x0000000086400000, 0x0000000086400000|100%| E|CS|TAMS 0x0000000086300000, 0x0000000086300000| Complete 
|  80|0x0000000086400000, 0x0000000086500000, 0x0000000086500000|100%| E|CS|TAMS 0x0000000086400000, 0x0000000086400000| Complete 
|  81|0x0000000086500000, 0x0000000086600000, 0x0000000086600000|100%| E|CS|TAMS 0x0000000086500000, 0x0000000086500000| Complete 
|  82|0x0000000086600000, 0x0000000086700000, 0x0000000086700000|100%| E|CS|TAMS 0x0000000086600000, 0x0000000086600000| Complete 
|  83|0x0000000086700000, 0x0000000086800000, 0x0000000086800000|100%| E|CS|TAMS 0x0000000086700000, 0x0000000086700000| Complete 
|  84|0x0000000086800000, 0x0000000086900000, 0x0000000086900000|100%| E|CS|TAMS 0x0000000086800000, 0x0000000086800000| Complete 
|  85|0x0000000086900000, 0x0000000086a00000, 0x0000000086a00000|100%| E|CS|TAMS 0x0000000086900000, 0x0000000086900000| Complete 
|  86|0x0000000086a00000, 0x0000000086b00000, 0x0000000086b00000|100%| E|CS|TAMS 0x0000000086a00000, 0x0000000086a00000| Complete 
|  87|0x0000000086b00000, 0x0000000086c00000, 0x0000000086c00000|100%| E|CS|TAMS 0x0000000086b00000, 0x0000000086b00000| Complete 
|  88|0x0000000086c00000, 0x0000000086d00000, 0x0000000086d00000|100%| E|CS|TAMS 0x0000000086c00000, 0x0000000086c00000| Complete 
|  89|0x0000000086d00000, 0x0000000086e00000, 0x0000000086e00000|100%| E|CS|TAMS 0x0000000086d00000, 0x0000000086d00000| Complete 
|  90|0x0000000086e00000, 0x0000000086f00000, 0x0000000086f00000|100%| E|CS|TAMS 0x0000000086e00000, 0x0000000086e00000| Complete 
|  91|0x0000000086f00000, 0x0000000087000000, 0x0000000087000000|100%| E|CS|TAMS 0x0000000086f00000, 0x0000000086f00000| Complete 
|  92|0x0000000087000000, 0x0000000087100000, 0x0000000087100000|100%| E|CS|TAMS 0x0000000087000000, 0x0000000087000000| Complete 
|  93|0x0000000087100000, 0x0000000087200000, 0x0000000087200000|100%| E|CS|TAMS 0x0000000087100000, 0x0000000087100000| Complete 
|  94|0x0000000087200000, 0x0000000087300000, 0x0000000087300000|100%| E|CS|TAMS 0x0000000087200000, 0x0000000087200000| Complete 
|  95|0x0000000087300000, 0x0000000087400000, 0x0000000087400000|100%| E|CS|TAMS 0x0000000087300000, 0x0000000087300000| Complete 
|  96|0x0000000087400000, 0x0000000087500000, 0x0000000087500000|100%| E|CS|TAMS 0x0000000087400000, 0x0000000087400000| Complete 
|  97|0x0000000087500000, 0x0000000087600000, 0x0000000087600000|100%| E|CS|TAMS 0x0000000087500000, 0x0000000087500000| Complete 
|  98|0x0000000087600000, 0x0000000087700000, 0x0000000087700000|100%| E|CS|TAMS 0x0000000087600000, 0x0000000087600000| Complete 
|  99|0x0000000087700000, 0x0000000087800000, 0x0000000087800000|100%| E|CS|TAMS 0x0000000087700000, 0x0000000087700000| Complete 
| 100|0x0000000087800000, 0x0000000087900000, 0x0000000087900000|100%| E|CS|TAMS 0x0000000087800000, 0x0000000087800000| Complete 
| 101|0x0000000087900000, 0x0000000087a00000, 0x0000000087a00000|100%| E|CS|TAMS 0x0000000087900000, 0x0000000087900000| Complete 
| 102|0x0000000087a00000, 0x0000000087b00000, 0x0000000087b00000|100%| E|CS|TAMS 0x0000000087a00000, 0x0000000087a00000| Complete 
| 103|0x0000000087b00000, 0x0000000087c00000, 0x0000000087c00000|100%| E|CS|TAMS 0x0000000087b00000, 0x0000000087b00000| Complete 
| 104|0x0000000087c00000, 0x0000000087d00000, 0x0000000087d00000|100%| E|CS|TAMS 0x0000000087c00000, 0x0000000087c00000| Complete 
| 105|0x0000000087d00000, 0x0000000087e00000, 0x0000000087e00000|100%| E|CS|TAMS 0x0000000087d00000, 0x0000000087d00000| Complete 
| 106|0x0000000087e00000, 0x0000000087f00000, 0x0000000087f00000|100%| E|CS|TAMS 0x0000000087e00000, 0x0000000087e00000| Complete 
| 107|0x0000000087f00000, 0x0000000088000000, 0x0000000088000000|100%| E|CS|TAMS 0x0000000087f00000, 0x0000000087f00000| Complete 
| 108|0x0000000088000000, 0x0000000088100000, 0x0000000088100000|100%| E|CS|TAMS 0x0000000088000000, 0x0000000088000000| Complete 
| 109|0x0000000088100000, 0x0000000088200000, 0x0000000088200000|100%| E|CS|TAMS 0x0000000088100000, 0x0000000088100000| Complete 
| 110|0x0000000088200000, 0x0000000088300000, 0x0000000088300000|100%| E|CS|TAMS 0x0000000088200000, 0x0000000088200000| Complete 
| 111|0x0000000088300000, 0x0000000088400000, 0x0000000088400000|100%| E|CS|TAMS 0x0000000088300000, 0x0000000088300000| Complete 
| 112|0x0000000088400000, 0x0000000088500000, 0x0000000088500000|100%| E|CS|TAMS 0x0000000088400000, 0x0000000088400000| Complete 
| 113|0x0000000088500000, 0x0000000088600000, 0x0000000088600000|100%| E|CS|TAMS 0x0000000088500000, 0x0000000088500000| Complete 
| 114|0x0000000088600000, 0x0000000088700000, 0x0000000088700000|100%| E|CS|TAMS 0x0000000088600000, 0x0000000088600000| Complete 
| 115|0x0000000088700000, 0x0000000088800000, 0x0000000088800000|100%| E|CS|TAMS 0x0000000088700000, 0x0000000088700000| Complete 
| 116|0x0000000088800000, 0x0000000088900000, 0x0000000088900000|100%| E|CS|TAMS 0x0000000088800000, 0x0000000088800000| Complete 
| 117|0x0000000088900000, 0x0000000088a00000, 0x0000000088a00000|100%| E|CS|TAMS 0x0000000088900000, 0x0000000088900000| Complete 
| 118|0x0000000088a00000, 0x0000000088b00000, 0x0000000088b00000|100%| E|CS|TAMS 0x0000000088a00000, 0x0000000088a00000| Complete 
| 119|0x0000000088b00000, 0x0000000088c00000, 0x0000000088c00000|100%| E|CS|TAMS 0x0000000088b00000, 0x0000000088b00000| Complete 
| 120|0x0000000088c00000, 0x0000000088d00000, 0x0000000088d00000|100%| E|CS|TAMS 0x0000000088c00000, 0x0000000088c00000| Complete 
| 121|0x0000000088d00000, 0x0000000088e00000, 0x0000000088e00000|100%| E|CS|TAMS 0x0000000088d00000, 0x0000000088d00000| Complete 
| 122|0x0000000088e00000, 0x0000000088f00000, 0x0000000088f00000|100%| E|CS|TAMS 0x0000000088e00000, 0x0000000088e00000| Complete 
| 123|0x0000000088f00000, 0x0000000089000000, 0x0000000089000000|100%| E|CS|TAMS 0x0000000088f00000, 0x0000000088f00000| Complete 
| 124|0x0000000089000000, 0x0000000089100000, 0x0000000089100000|100%| E|CS|TAMS 0x0000000089000000, 0x0000000089000000| Complete 
| 125|0x0000000089100000, 0x0000000089200000, 0x0000000089200000|100%| E|CS|TAMS 0x0000000089100000, 0x0000000089100000| Complete 
| 126|0x0000000089200000, 0x0000000089300000, 0x0000000089300000|100%| E|CS|TAMS 0x0000000089200000, 0x0000000089200000| Complete 
| 127|0x0000000089300000, 0x0000000089400000, 0x0000000089400000|100%| E|CS|TAMS 0x0000000089300000, 0x0000000089300000| Complete 

Card table byte_map: [0x0000021478ee0000,0x00000214792e0000] _byte_map_base: 0x0000021478ad6000

Marking Bits (Prev, Next): (CMBitMap*) 0x0000021461f95ce0, (CMBitMap*) 0x0000021461f95d20
 Prev Bits: [0x00000214796e0000, 0x000002147b690000)
 Next Bits: [0x000002147b690000, 0x000002147d640000)

Polling page: 0x0000021461710000

Metaspace:

Usage:
  Non-class:     16.72 MB used.
      Class:      2.18 MB used.
       Both:     18.90 MB used.

Virtual space:
  Non-class space:       24.00 MB reserved,      16.81 MB ( 70%) committed,  3 nodes.
      Class space:        1.00 GB reserved,       2.31 MB ( <1%) committed,  1 nodes.
             Both:        1.02 GB reserved,      19.12 MB (  2%) committed. 

Chunk freelists:
   Non-Class:  3.00 MB
       Class:  1.59 MB
        Both:  4.59 MB

MaxMetaspaceSize: unlimited
CompressedClassSpaceSize: 1.00 GB
Initial GC threshold: 21.00 MB
Current GC threshold: 21.00 MB
CDS: on
MetaspaceReclaimPolicy: balanced
 - commit_granule_bytes: 65536.
 - commit_granule_words: 8192.
 - virtual_space_node_default_size: 1048576.
 - enlarge_chunks_in_place: 1.
 - new_chunks_are_fully_committed: 0.
 - uncommit_free_chunks: 1.
 - use_allocation_guard: 0.
 - handle_deallocations: 1.


Internal statistics:

num_allocs_failed_limit: 0.
num_arena_births: 138.
num_arena_deaths: 0.
num_vsnodes_births: 4.
num_vsnodes_deaths: 0.
num_space_committed: 306.
num_space_uncommitted: 0.
num_chunks_returned_to_freelist: 0.
num_chunks_taken_from_freelist: 840.
num_chunk_merges: 0.
num_chunk_splits: 565.
num_chunks_enlarged: 444.
num_purges: 0.
num_inconsistent_stats: 0.

CodeHeap 'non-profiled nmethods': size=120000Kb used=2484Kb max_used=2484Kb free=117515Kb
 bounds [0x0000021471280000, 0x00000214714f0000, 0x00000214787b0000]
CodeHeap 'profiled nmethods': size=120000Kb used=9915Kb max_used=9915Kb free=110085Kb
 bounds [0x0000021469d50000, 0x000002146a700000, 0x0000021471280000]
CodeHeap 'non-nmethods': size=5760Kb used=1182Kb max_used=1248Kb free=4577Kb
 bounds [0x00000214697b0000, 0x0000021469a20000, 0x0000021469d50000]
 total_blobs=5069 nmethods=4592 adapters=389
 compilation: enabled
              stopped_count=0, restarted_count=0
 full_count=0

Compilation events (20 events):
Event: 325.653 Thread 0x000002140018be20 nmethod 4603 0x00000214714ea610 code [0x00000214714ea7c0, 0x00000214714eacc8]
Event: 326.439 Thread 0x000002140018be20 4604       4       jdk.internal.ref.PhantomCleanable::<init> (49 bytes)
Event: 326.459 Thread 0x000002140018be20 nmethod 4604 0x00000214714eaf10 code [0x00000214714eb0a0, 0x00000214714ebb78]
Event: 329.041 Thread 0x00000214001f38d0 4605       3       java.util.Hashtable::<init> (114 bytes)
Event: 329.044 Thread 0x00000214001f38d0 nmethod 4605 0x000002146a6f5190 code [0x000002146a6f54e0, 0x000002146a6f6618]
Event: 329.055 Thread 0x00000214001f38d0 4606       3       java.io.OutputStream::<init> (5 bytes)
Event: 329.055 Thread 0x00000214001f38d0 nmethod 4606 0x000002146a6f6b90 code [0x000002146a6f6d20, 0x000002146a6f6e78]
Event: 329.218 Thread 0x00000214001f38d0 4607       3       java.lang.Integer::numberOfTrailingZeros (80 bytes)
Event: 329.219 Thread 0x00000214001f38d0 nmethod 4607 0x000002146a6f6f10 code [0x000002146a6f70c0, 0x000002146a6f7338]
Event: 329.219 Thread 0x00000214001f38d0 4608       3       java.lang.Long::numberOfTrailingZeros (26 bytes)
Event: 329.219 Thread 0x00000214001f38d0 nmethod 4608 0x000002146a6f7410 code [0x000002146a6f75c0, 0x000002146a6f7778]
Event: 329.219 Thread 0x00000214001f38d0 4609       3       java.util.JumboEnumSet$EnumSetIterator::next (5 bytes)
Event: 329.219 Thread 0x00000214001f38d0 nmethod 4609 0x000002146a6f7810 code [0x000002146a6f79c0, 0x000002146a6f7b08]
Event: 330.667 Thread 0x00000214001f38d0 4611       3       jdk.internal.org.objectweb.asm.ClassWriter::toByteArray (1515 bytes)
Event: 330.677 Thread 0x00000214001f38d0 nmethod 4611 0x000002146a6f7b90 code [0x000002146a6f84c0, 0x000002146a6fc258]
Event: 330.677 Thread 0x00000214001f38d0 4613       3       java.lang.invoke.LambdaForm$NamedFunction::methodType (23 bytes)
Event: 330.677 Thread 0x00000214001f38d0 nmethod 4613 0x000002146a6fe210 code [0x000002146a6fe3c0, 0x000002146a6fe608]
Event: 330.677 Thread 0x00000214001f38d0 4614       3       jdk.internal.misc.Unsafe::ensureClassInitialized (18 bytes)
Event: 330.678 Thread 0x00000214001f38d0 nmethod 4614 0x000002146a6fe710 code [0x000002146a6fe8c0, 0x000002146a6feaf8]
Event: 330.680 Thread 0x000002140018be20 4619       4       jdk.internal.org.objectweb.asm.Frame::execute (2305 bytes)

GC Heap History (6 events):
Event: 8.996 GC heap before
{Heap before GC invocations=0 (full 0):
 garbage-first heap   total 131072K, used 22528K [0x0000000081400000, 0x0000000100000000)
  region size 1024K, 23 young (23552K), 0 survivors (0K)
 Metaspace       used 5671K, committed 5888K, reserved 1056768K
  class space    used 678K, committed 768K, reserved 1048576K
}
Event: 9.209 GC heap after
{Heap after GC invocations=1 (full 0):
 garbage-first heap   total 131072K, used 3785K [0x0000000081400000, 0x0000000100000000)
  region size 1024K, 3 young (3072K), 3 survivors (3072K)
 Metaspace       used 5671K, committed 5888K, reserved 1056768K
  class space    used 678K, committed 768K, reserved 1048576K
}
Event: 21.835 GC heap before
{Heap before GC invocations=1 (full 0):
 garbage-first heap   total 131072K, used 34505K [0x0000000081400000, 0x0000000100000000)
  region size 1024K, 33 young (33792K), 3 survivors (3072K)
 Metaspace       used 9439K, committed 9600K, reserved 1064960K
  class space    used 1145K, committed 1216K, reserved 1048576K
}
Event: 21.843 GC heap after
{Heap after GC invocations=2 (full 0):
 garbage-first heap   total 131072K, used 5510K [0x0000000081400000, 0x0000000100000000)
  region size 1024K, 2 young (2048K), 2 survivors (2048K)
 Metaspace       used 9439K, committed 9600K, reserved 1064960K
  class space    used 1145K, committed 1216K, reserved 1048576K
}
Event: 77.875 GC heap before
{Heap before GC invocations=2 (full 0):
 garbage-first heap   total 131072K, used 81286K [0x0000000081400000, 0x0000000100000000)
  region size 1024K, 76 young (77824K), 2 survivors (2048K)
 Metaspace       used 15718K, committed 15872K, reserved 1064960K
  class space    used 1863K, committed 1920K, reserved 1048576K
}
Event: 77.904 GC heap after
{Heap after GC invocations=3 (full 0):
 garbage-first heap   total 131072K, used 13017K [0x0000000081400000, 0x0000000100000000)
  region size 1024K, 9 young (9216K), 9 survivors (9216K)
 Metaspace       used 15718K, committed 15872K, reserved 1064960K
  class space    used 1863K, committed 1920K, reserved 1048576K
}

Deoptimization events (20 events):
Event: 272.035 Thread 0x0000021461f3bea0 Uncommon trap: trap_request=0xffffffc6 fr.pc=0x00000214712dcb28 relative=0x0000000000000368
Event: 272.035 Thread 0x0000021461f3bea0 Uncommon trap: reason=bimorphic_or_optimized_type_check action=maybe_recompile pc=0x00000214712dcb28 method=java.nio.Buffer.<init>(IIIILjdk/internal/access/foreign/MemorySegmentProxy;)V @ 39 c2
Event: 272.035 Thread 0x0000021461f3bea0 DEOPT PACKING pc=0x00000214712dcb28 sp=0x00000067b83f73d0
Event: 272.035 Thread 0x0000021461f3bea0 DEOPT UNPACKING pc=0x00000214698023a3 sp=0x00000067b83f7378 mode 2
Event: 309.543 Thread 0x0000021461f3bea0 Uncommon trap: trap_request=0xffffff45 fr.pc=0x00000214713bf1d4 relative=0x00000000000000b4
Event: 309.545 Thread 0x0000021461f3bea0 Uncommon trap: reason=unstable_if action=reinterpret pc=0x00000214713bf1d4 method=java.util.regex.ASCII.isType(II)Z @ 6 c2
Event: 309.720 Thread 0x0000021461f3bea0 DEOPT PACKING pc=0x00000214713bf1d4 sp=0x00000067b83fb2f0
Event: 309.720 Thread 0x0000021461f3bea0 DEOPT UNPACKING pc=0x00000214698023a3 sp=0x00000067b83fb158 mode 2
Event: 319.455 Thread 0x0000021461f3bea0 Uncommon trap: trap_request=0xffffff45 fr.pc=0x0000021471380f64 relative=0x00000000000000c4
Event: 319.455 Thread 0x0000021461f3bea0 Uncommon trap: reason=unstable_if action=reinterpret pc=0x0000021471380f64 method=java.util.Spliterator.getExactSizeIfKnown()J @ 9 c2
Event: 319.455 Thread 0x0000021461f3bea0 DEOPT PACKING pc=0x0000021471380f64 sp=0x00000067b83fc540
Event: 319.455 Thread 0x0000021461f3bea0 DEOPT UNPACKING pc=0x00000214698023a3 sp=0x00000067b83fc4e0 mode 2
Event: 319.686 Thread 0x0000021461f3bea0 Uncommon trap: trap_request=0xffffff45 fr.pc=0x0000021471303d70 relative=0x0000000000000ad0
Event: 319.686 Thread 0x0000021461f3bea0 Uncommon trap: reason=unstable_if action=reinterpret pc=0x0000021471303d70 method=jdk.internal.jimage.ImageLocation.verifyName(Ljava/lang/String;Ljava/lang/String;IIIIIILjdk/internal/jimage/ImageStrings;)Z @ 45 c2
Event: 319.686 Thread 0x0000021461f3bea0 DEOPT PACKING pc=0x0000021471303d70 sp=0x00000067b83fb840
Event: 319.686 Thread 0x0000021461f3bea0 DEOPT UNPACKING pc=0x00000214698023a3 sp=0x00000067b83fb738 mode 2
Event: 322.214 Thread 0x0000021461f3bea0 Uncommon trap: trap_request=0xffffff45 fr.pc=0x00000214713ca6cc relative=0x000000000000152c
Event: 322.214 Thread 0x0000021461f3bea0 Uncommon trap: reason=unstable_if action=reinterpret pc=0x00000214713ca6cc method=java.util.zip.InflaterInputStream.read([BII)I @ 41 c2
Event: 322.214 Thread 0x0000021461f3bea0 DEOPT PACKING pc=0x00000214713ca6cc sp=0x00000067b83fbd90
Event: 322.214 Thread 0x0000021461f3bea0 DEOPT UNPACKING pc=0x00000214698023a3 sp=0x00000067b83fbde0 mode 2

Classes unloaded (0 events):
No events

Classes redefined (0 events):
No events

Internal exceptions (20 events):
Event: 27.581 Thread 0x0000021461f3bea0 Exception <a 'java/lang/NoSuchMethodError'{0x0000000088b4a150}: 'void java.lang.invoke.DirectMethodHandle$Holder.invokeStatic(java.lang.Object, java.lang.Object)'> (0x0000000088b4a150) 
thrown [s\open\src\hotspot\share\interpreter\linkResolver.cpp, line 759]
Event: 27.585 Thread 0x0000021461f3bea0 Exception <a 'java/lang/NoSuchMethodError'{0x0000000088b5acb0}: 'int java.lang.invoke.DirectMethodHandle$Holder.invokeSpecial(java.lang.Object, java.lang.Object, java.lang.Object, java.lang.Object)'> (0x0000000088b5acb0) 
thrown [s\open\src\hotspot\share\interpreter\linkResolver.cpp, line 759]
Event: 37.055 Thread 0x0000021461f3bea0 Exception <a 'java/lang/NoClassDefFoundError'{0x00000000883d17c8}: com/google/inject/servlet/ServletModuleTargetVisitor> (0x00000000883d17c8) 
thrown [s\open\src\hotspot\share\classfile\systemDictionary.cpp, line 245]
Event: 40.298 Thread 0x0000021461f3bea0 Exception <a 'java/lang/NoSuchMethodError'{0x0000000088072b10}: 'void java.lang.invoke.DirectMethodHandle$Holder.invokeVirtual(java.lang.Object, java.lang.Object)'> (0x0000000088072b10) 
thrown [s\open\src\hotspot\share\interpreter\linkResolver.cpp, line 759]
Event: 40.751 Thread 0x0000021461f3bea0 Exception <a 'java/lang/NoSuchMethodError'{0x00000000880fc3d8}: 'java.lang.Object java.lang.invoke.DirectMethodHandle$Holder.invokeStaticInit(java.lang.Object, int, int, int, int)'> (0x00000000880fc3d8) 
thrown [s\open\src\hotspot\share\interpreter\linkResolver.cpp, line 759]
Event: 45.020 Thread 0x0000021461f3bea0 Implicit null exception at 0x00000214712a7a72 to 0x00000214712a808c
Event: 45.020 Thread 0x0000021461f3bea0 Implicit null exception at 0x00000214712b4d72 to 0x00000214712b538c
Event: 64.996 Thread 0x0000021461f3bea0 Exception <a 'java/lang/NoSuchMethodError'{0x0000000085bfcc30}: 'int java.lang.invoke.DirectMethodHandle$Holder.invokeSpecialIFC(java.lang.Object, java.lang.Object, java.lang.Object, java.lang.Object)'> (0x0000000085bfcc30) 
thrown [s\open\src\hotspot\share\interpreter\linkResolver.cpp, line 759]
Event: 90.073 Thread 0x0000021461f3bea0 Implicit null exception at 0x000002147144fb6f to 0x000002147144fd40
Event: 90.074 Thread 0x0000021461f3bea0 Implicit null exception at 0x00000214714420ef to 0x00000214714422c4
Event: 90.074 Thread 0x0000021461f3bea0 Implicit null exception at 0x000002147137428f to 0x0000021471374309
Event: 107.753 Thread 0x0000021461f3bea0 Exception <a 'java/lang/NoSuchMethodError'{0x0000000087557000}: 'java.lang.Object java.lang.invoke.DirectMethodHandle$Holder.newInvokeSpecial(java.lang.Object, java.lang.Object, java.lang.Object, java.lang.Object, java.lang.Object, java.lang.Object, java.lang.Object)'> (0x0000000087557000) 
thrown [s\open\src\hotspot\share\interpreter\linkResolver.cpp, line 759]
Event: 107.758 Thread 0x0000021461f3bea0 Exception <a 'java/lang/NoSuchMethodError'{0x000000008755b910}: 'java.lang.Object java.lang.invoke.Invokers$Holder.linkToTargetMethod(java.lang.Object, java.lang.Object, java.lang.Object, java.lang.Object, java.lang.Object, java.lang.Object, java.lang.Object)'> (0x000000008755b910) 
thrown [s\open\src\hotspot\share\interpreter\linkResolver.cpp, line 759]
Event: 142.276 Thread 0x0000021461f3bea0 Exception <a 'java/lang/NoSuchMethodError'{0x0000000086b0e738}: 'java.lang.Object java.lang.invoke.DirectMethodHandle$Holder.invokeVirtual(java.lang.Object, java.lang.Object, java.lang.Object)'> (0x0000000086b0e738) 
thrown [s\open\src\hotspot\share\interpreter\linkResolver.cpp, line 759]
Event: 142.284 Thread 0x0000021461f3bea0 Exception <a 'java/lang/NoSuchMethodError'{0x0000000086b15d30}: 'void java.lang.invoke.DirectMethodHandle$Holder.invokeSpecial(java.lang.Object, java.lang.Object, java.lang.Object, java.lang.Object, java.lang.Object, java.lang.Object)'> (0x0000000086b15d30) 
thrown [s\open\src\hotspot\share\interpreter\linkResolver.cpp, line 759]
Event: 142.301 Thread 0x0000021461f3bea0 Exception <a 'java/lang/NoSuchMethodError'{0x0000000086b213c8}: 'int java.lang.invoke.DirectMethodHandle$Holder.invokeVirtual(java.lang.Object, java.lang.Object)'> (0x0000000086b213c8) 
thrown [s\open\src\hotspot\share\interpreter\linkResolver.cpp, line 759]
Event: 319.667 Thread 0x0000021461f3bea0 Exception <a 'java/lang/NoSuchMethodError'{0x0000000085b9e988}: 'int java.lang.invoke.DirectMethodHandle$Holder.invokeInterface(java.lang.Object, java.lang.Object)'> (0x0000000085b9e988) 
thrown [s\open\src\hotspot\share\interpreter\linkResolver.cpp, line 759]
Event: 330.676 Thread 0x0000021461f3bea0 Exception <a 'java/lang/NoSuchMethodError'{0x00000000856d5ca8}: 'int java.lang.invoke.DirectMethodHandle$Holder.invokeVirtual(java.lang.Object, java.lang.Object, java.lang.Object)'> (0x00000000856d5ca8) 
thrown [s\open\src\hotspot\share\interpreter\linkResolver.cpp, line 759]
Event: 330.680 Thread 0x0000021461f3bea0 Exception <a 'java/lang/NoSuchMethodError'{0x00000000856dc2c8}: 'void java.lang.invoke.DirectMethodHandle$Holder.invokeInterface(java.lang.Object, java.lang.Object, java.lang.Object)'> (0x00000000856dc2c8) 
thrown [s\open\src\hotspot\share\interpreter\linkResolver.cpp, line 759]
Event: 330.688 Thread 0x0000021461f3bea0 Exception <a 'java/lang/NoSuchMethodError'{0x00000000856e97c8}: 'int java.lang.invoke.DirectMethodHandle$Holder.invokeStaticInit(java.lang.Object, java.lang.Object, java.lang.Object)'> (0x00000000856e97c8) 
thrown [s\open\src\hotspot\share\interpreter\linkResolver.cpp, line 759]

VM Operations (20 events):
Event: 308.291 Executing VM operation: Cleanup
Event: 309.502 Executing VM operation: Cleanup done
Event: 310.512 Executing VM operation: Cleanup
Event: 316.896 Executing VM operation: Cleanup done
Event: 316.896 Executing VM operation: HandshakeAllThreads
Event: 316.897 Executing VM operation: HandshakeAllThreads done
Event: 317.898 Executing VM operation: Cleanup
Event: 318.295 Executing VM operation: Cleanup done
Event: 319.295 Executing VM operation: Cleanup
Event: 319.295 Executing VM operation: Cleanup done
Event: 319.475 Executing VM operation: HandshakeAllThreads
Event: 319.475 Executing VM operation: HandshakeAllThreads done
Event: 320.479 Executing VM operation: Cleanup
Event: 322.189 Executing VM operation: Cleanup done
Event: 323.201 Executing VM operation: Cleanup
Event: 324.046 Executing VM operation: Cleanup done
Event: 325.047 Executing VM operation: Cleanup
Event: 325.097 Executing VM operation: Cleanup done
Event: 330.751 Executing VM operation: HandshakeAllThreads
Event: 330.751 Executing VM operation: HandshakeAllThreads done

Events (20 events):
Event: 319.683 loading class java/nio/channels/AsynchronousFileChannel
Event: 319.683 loading class java/nio/channels/AsynchronousChannel
Event: 319.683 loading class java/nio/channels/AsynchronousChannel done
Event: 319.683 loading class java/nio/channels/AsynchronousFileChannel done
Event: 319.684 loading class java/nio/file/FileStore
Event: 319.684 loading class java/nio/file/FileStore done
Event: 319.685 loading class jdk/internal/jrtfs/JrtFileSystemProvider
Event: 319.686 loading class jdk/internal/jrtfs/JrtFileSystemProvider done
Event: 319.689 loading class sun/net/www/protocol/jrt/JavaRuntimeURLConnection
Event: 319.689 loading class sun/net/www/protocol/jrt/JavaRuntimeURLConnection done
Event: 319.691 loading class sun/net/www/protocol/jrt/JavaRuntimeURLConnection$1
Event: 319.691 loading class sun/net/www/protocol/jrt/JavaRuntimeURLConnection$1 done
Event: 319.693 loading class jdk/internal/jimage/ImageBufferCache
Event: 319.693 loading class jdk/internal/jimage/ImageBufferCache done
Event: 319.693 loading class jdk/internal/jimage/ImageBufferCache$1
Event: 319.693 loading class jdk/internal/jimage/ImageBufferCache$1 done
Event: 319.694 loading class jdk/internal/jimage/ImageBufferCache$2
Event: 319.694 loading class jdk/internal/jimage/ImageBufferCache$2 done
Event: 319.696 loading class java/util/AbstractMap$SimpleEntry
Event: 319.696 loading class java/util/AbstractMap$SimpleEntry done


Dynamic libraries:
0x00007ff75cc70000 - 0x00007ff75cc80000 	C:\Program Files\Java\jdk-17.0.4.1\bin\java.exe
0x00007ffe52bb0000 - 0x00007ffe52dc7000 	C:\WINDOWS\SYSTEM32\ntdll.dll
0x00007ffe51f30000 - 0x00007ffe51ff4000 	C:\WINDOWS\System32\KERNEL32.DLL
0x00007ffe501b0000 - 0x00007ffe50555000 	C:\WINDOWS\System32\KERNELBASE.dll
0x00007ffe50720000 - 0x00007ffe50831000 	C:\WINDOWS\System32\ucrtbase.dll
0x00007ffe30030000 - 0x00007ffe30048000 	C:\Program Files\Java\jdk-17.0.4.1\bin\jli.dll
0x00007ffe517e0000 - 0x00007ffe51891000 	C:\WINDOWS\System32\ADVAPI32.dll
0x00007ffe518a0000 - 0x00007ffe51947000 	C:\WINDOWS\System32\msvcrt.dll
0x00007ffe522a0000 - 0x00007ffe52346000 	C:\WINDOWS\System32\sechost.dll
0x00007ffe52000000 - 0x00007ffe52117000 	C:\WINDOWS\System32\RPCRT4.dll
0x00007ffe50980000 - 0x00007ffe50b2e000 	C:\WINDOWS\System32\USER32.dll
0x00007ffe506f0000 - 0x00007ffe50716000 	C:\WINDOWS\System32\win32u.dll
0x00007ffe51c60000 - 0x00007ffe51c89000 	C:\WINDOWS\System32\GDI32.dll
0x00007ffe50560000 - 0x00007ffe50679000 	C:\WINDOWS\System32\gdi32full.dll
0x00007ffe4ff20000 - 0x00007ffe4ffba000 	C:\WINDOWS\System32\msvcp_win.dll
0x00007ffe33530000 - 0x00007ffe3354a000 	C:\Program Files\Java\jdk-17.0.4.1\bin\VCRUNTIME140.dll
0x00007ffe37df0000 - 0x00007ffe38083000 	C:\WINDOWS\WinSxS\amd64_microsoft.windows.common-controls_6595b64144ccf1df_6.0.22621.2506_none_270c5ae97388e100\COMCTL32.dll
0x00007ffe43a50000 - 0x00007ffe43a5a000 	C:\WINDOWS\SYSTEM32\VERSION.dll
0x00007ffe51c90000 - 0x00007ffe51cc1000 	C:\WINDOWS\System32\IMM32.DLL
0x00007ffe46400000 - 0x00007ffe4640c000 	C:\Program Files\Java\jdk-17.0.4.1\bin\vcruntime140_1.dll
0x00007ffe10100000 - 0x00007ffe1018d000 	C:\Program Files\Java\jdk-17.0.4.1\bin\msvcp140.dll
0x00007ffdedab0000 - 0x00007ffdee672000 	C:\Program Files\Java\jdk-17.0.4.1\bin\server\jvm.dll
0x00007ffe52b60000 - 0x00007ffe52b68000 	C:\WINDOWS\System32\PSAPI.DLL
0x00007ffe48480000 - 0x00007ffe48489000 	C:\WINDOWS\SYSTEM32\WSOCK32.dll
0x00007ffe50900000 - 0x00007ffe50971000 	C:\WINDOWS\System32\WS2_32.dll
0x00007ffe44d00000 - 0x00007ffe44d34000 	C:\WINDOWS\SYSTEM32\WINMM.dll
0x00007ffe4efb0000 - 0x00007ffe4efc8000 	C:\WINDOWS\SYSTEM32\kernel.appcore.dll
0x00007ffe45ed0000 - 0x00007ffe45eda000 	C:\Program Files\Java\jdk-17.0.4.1\bin\jimage.dll
0x00007ffe4d850000 - 0x00007ffe4da83000 	C:\WINDOWS\SYSTEM32\DBGHELP.DLL
0x00007ffe52350000 - 0x00007ffe526d9000 	C:\WINDOWS\System32\combase.dll
0x00007ffe51950000 - 0x00007ffe51a27000 	C:\WINDOWS\System32\OLEAUT32.dll
0x00007ffe315e0000 - 0x00007ffe31612000 	C:\WINDOWS\SYSTEM32\dbgcore.DLL
0x00007ffe50130000 - 0x00007ffe501aa000 	C:\WINDOWS\System32\bcryptPrimitives.dll
0x00007ffe2ffc0000 - 0x00007ffe2ffe5000 	C:\Program Files\Java\jdk-17.0.4.1\bin\java.dll
0x00007ffe00e30000 - 0x00007ffe00f06000 	C:\Program Files\Java\jdk-17.0.4.1\bin\jsvml.dll
0x00007ffe50d00000 - 0x00007ffe51559000 	C:\WINDOWS\System32\SHELL32.dll
0x00007ffe4de50000 - 0x00007ffe4e744000 	C:\WINDOWS\SYSTEM32\windows.storage.dll
0x00007ffe4dd10000 - 0x00007ffe4de4e000 	C:\WINDOWS\SYSTEM32\wintypes.dll
0x00007ffe50b30000 - 0x00007ffe50c23000 	C:\WINDOWS\System32\SHCORE.dll
0x00007ffe51eb0000 - 0x00007ffe51f0e000 	C:\WINDOWS\System32\shlwapi.dll
0x00007ffe4fe50000 - 0x00007ffe4fe76000 	C:\WINDOWS\SYSTEM32\profapi.dll
0x00007ffe33090000 - 0x00007ffe330a9000 	C:\Program Files\Java\jdk-17.0.4.1\bin\net.dll
0x00007ffe44b60000 - 0x00007ffe44c97000 	C:\WINDOWS\SYSTEM32\WINHTTP.dll
0x00007ffe4f490000 - 0x00007ffe4f4f9000 	C:\WINDOWS\system32\mswsock.dll
0x00007ffe30140000 - 0x00007ffe30156000 	C:\Program Files\Java\jdk-17.0.4.1\bin\nio.dll
0x00007ffe30080000 - 0x00007ffe30098000 	C:\Program Files\Java\jdk-17.0.4.1\bin\zip.dll
0x0000000069ac0000 - 0x0000000069ae4000 	C:\Users\larak\AppData\Local\Temp\jansi-2.4.0-eabdb7ae0f49c29b-jansi.dll
0x00007ffe455e0000 - 0x00007ffe455f0000 	C:\Program Files\Java\jdk-17.0.4.1\bin\verify.dll

dbghelp: loaded successfully - version: 4.0.5 - missing functions: none
symbol engine: initialized successfully - sym options: 0x614 - pdb path: .;C:\Program Files\Java\jdk-17.0.4.1\bin;C:\WINDOWS\SYSTEM32;C:\WINDOWS\WinSxS\amd64_microsoft.windows.common-controls_6595b64144ccf1df_6.0.22621.2506_none_270c5ae97388e100;C:\Program Files\Java\jdk-17.0.4.1\bin\server;C:\Users\larak\AppData\Local\Temp

VM Arguments:
jvm_args: -Dmaven.multiModuleProjectDirectory=C:\Senac\curso ds\ProjetoIntegradorUC15\Etapa0708PIUC15\petpug\petpug 
java_command: org.apache.maven.wrapper.MavenWrapperMain -Dmaven.ext.class.path=C:\Program Files\NetBeans-14\netbeans\java\maven-nblib\netbeans-eventspy.jar -Dfile.encoding=UTF-8 install
java_class_path (initial): C:\Senac\curso ds\ProjetoIntegradorUC15\Etapa0708PIUC15\petpug\petpug\.mvn\wrapper\maven-wrapper.jar
Launcher Type: SUN_STANDARD

[Global flags]
     intx CICompilerCount                          = 4                                         {product} {ergonomic}
     uint ConcGCThreads                            = 2                                         {product} {ergonomic}
     uint G1ConcRefinementThreads                  = 8                                         {product} {ergonomic}
   size_t G1HeapRegionSize                         = 1048576                                   {product} {ergonomic}
    uintx GCDrainStackTargetSize                   = 64                                        {product} {ergonomic}
   size_t InitialHeapSize                          = 134217728                                 {product} {ergonomic}
   size_t MarkStackSize                            = 4194304                                   {product} {ergonomic}
   size_t MaxHeapSize                              = 2126512128                                {product} {ergonomic}
   size_t MaxNewSize                               = 1275068416                                {product} {ergonomic}
   size_t MinHeapDeltaBytes                        = 1048576                                   {product} {ergonomic}
   size_t MinHeapSize                              = 8388608                                   {product} {ergonomic}
    uintx NonNMethodCodeHeapSize                   = 5839372                                {pd product} {ergonomic}
    uintx NonProfiledCodeHeapSize                  = 122909434                              {pd product} {ergonomic}
    uintx ProfiledCodeHeapSize                     = 122909434                              {pd product} {ergonomic}
    uintx ReservedCodeCacheSize                    = 251658240                              {pd product} {ergonomic}
     bool SegmentedCodeCache                       = true                                      {product} {ergonomic}
   size_t SoftMaxHeapSize                          = 2126512128                             {manageable} {ergonomic}
     bool UseCompressedClassPointers               = true                           {product lp64_product} {ergonomic}
     bool UseCompressedOops                        = true                           {product lp64_product} {ergonomic}
     bool UseG1GC                                  = true                                      {product} {ergonomic}
     bool UseLargePagesIndividualAllocation        = false                                  {pd product} {ergonomic}

Logging:
Log output configuration:
 #0: stdout all=warning uptime,level,tags
 #1: stderr all=off uptime,level,tags

Environment Variables:
JAVA_HOME=C:\Program Files\Java\jdk-17.0.4.1
PATH=C:\Program Files\Common Files\Oracle\Java\javapath;C:\ProgramData\Oracle\Java\javapath;C:\Program Files (x86)\Intel\Intel(R) Management Engine Components\iCLS\;C:\Program Files\Intel\Intel(R) Management Engine Components\iCLS\;C:\windows\system32;C:\windows;C:\windows\System32\Wbem;C:\windows\System32\WindowsPowerShell\v1.0\;C:\windows\System32\OpenSSH\;C:\Program Files (x86)\NVIDIA Corporation\PhysX\Common;C:\Program Files (x86)\Intel\Intel(R) Management Engine Components\DAL;C:\Program Files\Intel\Intel(R) Management Engine Components\DAL;C:\Program Files (x86)\Intel\Intel(R) Management Engine Components\IPT;C:\Program Files\Intel\Intel(R) Management Engine Components\IPT;C:\WINDOWS\system32;C:\WINDOWS;C:\WINDOWS\System32\Wbem;C:\WINDOWS\System32\WindowsPowerShell\v1.0\;C:\WINDOWS\System32\OpenSSH\;C:\ProgramData\UNIVALI\Portugol Studio;C:\Program Files\Git\cmd;D:\Microsoft VS Code\bin;D:\;C:\Users\larak\AppData\Local\Microsoft\WindowsApps;C:\Program Files\JetBrains\PyCharm Community Edition 2020.3.3\bin;;C:\Users\larak\AppData\Local\GitHubDesktop\bin;C:\Users\larak\AppData\Roaming\npm
USERNAME=larak
OS=Windows_NT
PROCESSOR_IDENTIFIER=Intel64 Family 6 Model 142 Stepping 10, GenuineIntel



---------------  S Y S T E M  ---------------

OS:
 Windows 11 , 64 bit Build 22621 (10.0.22621.2506)
OS uptime: 3 days 14:30 hours

CPU: total 8 (initial active 8) (4 cores per cpu, 2 threads per core) family 6 model 142 stepping 10 microcode 0xe0, cx8, cmov, fxsr, ht, mmx, 3dnowpref, sse, sse2, sse3, ssse3, sse4.1, sse4.2, popcnt, lzcnt, tsc, tscinvbit, avx, avx2, aes, erms, clmul, bmi1, bmi2, adx, fma, vzeroupper, clflush, clflushopt

Memory: 4k page, system-wide physical 8106M (164M free)
TotalPageFile size 32682M (AvailPageFile size 2M)
current process WorkingSet (physical memory assigned to process): 55M, peak: 162M
current process commit charge ("private bytes"): 254M, peak: 264M

vm_info: Java HotSpot(TM) 64-Bit Server VM (17.0.4.1+1-LTS-2) for windows-amd64 JRE (17.0.4.1+1-LTS-2), built on Aug 16 2022 18:32:06 by "mach5one" with MS VC++ 16.8 / 16.9 (VS2019)

END.
