#
# There is insufficient memory for the Java Runtime Environment to continue.
# Native memory allocation (malloc) failed to allocate 57920 bytes for Chunk::new
# Possible reasons:
#   The system is out of physical RAM or swap space
#   The process is running with CompressedOops enabled, and the Java Heap may be blocking the growth of the native heap
# Possible solutions:
#   Reduce memory load on the system
#   Increase physical memory or swap space
#   Check if swap backing store is full
#   Decrease Java heap size (-Xmx/-Xms)
#   Decrease number of Java threads
#   Decrease Java thread stack sizes (-Xss)
#   Set larger code cache with -XX:ReservedCodeCacheSize=
#   JVM is running with Unscaled Compressed Oops mode in which the Java heap is
#     placed in the first 4GB address space. The Java Heap base address is the
#     maximum limit for the native heap growth. Please use -XX:HeapBaseMinAddress
#     to set the Java Heap base and to place the Java Heap above 4GB virtual address.
# This output file may be truncated or incomplete.
#
#  Out of Memory Error (arena.cpp:189), pid=17720, tid=18304
#
# JRE version: Java(TM) SE Runtime Environment (17.0.4.1+1) (build 17.0.4.1+1-LTS-2)
# Java VM: Java HotSpot(TM) 64-Bit Server VM (17.0.4.1+1-LTS-2, mixed mode, sharing, tiered, compressed oops, compressed class ptrs, g1 gc, windows-amd64)
# No core dump will be written. Minidumps are not enabled by default on client versions of Windows
#

---------------  S U M M A R Y ------------

Command Line: -Dmaven.multiModuleProjectDirectory=C:\Senac\curso ds\ProjetoIntegradorUC15\Etapa0708PIUC15\petpug\petpug org.apache.maven.wrapper.MavenWrapperMain -Dmaven.ext.class.path=C:\Program Files\NetBeans-14\netbeans\java\maven-nblib\netbeans-eventspy.jar -Dfile.encoding=UTF-8 install

Host: Intel(R) Core(TM) i5-8250U CPU @ 1.60GHz, 8 cores, 7G,  Windows 11 , 64 bit Build 22621 (10.0.22621.2506)
Time: Mon Dec 18 09:38:58 2023 Hora oficial do Brasil elapsed time: 323.615809 seconds (0d 0h 5m 23s)

---------------  T H R E A D  ---------------

Current thread (0x0000019cc94faba0):  JavaThread "C2 CompilerThread0" daemon [_thread_in_native, id=18304, stack(0x0000006381d00000,0x0000006381e00000)]


Current CompileTask:
C2: 323616 4296       4       java.util.zip.ZipCoder::hash (36 bytes)

Stack: [0x0000006381d00000,0x0000006381e00000]
Native frames: (J=compiled Java code, j=interpreted, Vv=VM code, C=native code)
V  [jvm.dll+0x6723ba]
V  [jvm.dll+0x7d1e34]
V  [jvm.dll+0x7d35de]
V  [jvm.dll+0x7d3c43]
V  [jvm.dll+0x243065]
V  [jvm.dll+0xaa57b]
V  [jvm.dll+0xaab0c]
V  [jvm.dll+0x360467]
V  [jvm.dll+0x32a971]
V  [jvm.dll+0x329e1a]
V  [jvm.dll+0x2161a1]
V  [jvm.dll+0x2155c1]
V  [jvm.dll+0x1a1fcd]
V  [jvm.dll+0x224e08]
V  [jvm.dll+0x222f75]
V  [jvm.dll+0x787a0b]
V  [jvm.dll+0x781fca]
V  [jvm.dll+0x671245]
C  [ucrtbase.dll+0x29363]
C  [KERNEL32.DLL+0x1257d]
C  [ntdll.dll+0x5aa58]


---------------  P R O C E S S  ---------------

Threads class SMR info:
_java_thread_list=0x0000019ccaf7aa30, length=12, elements={
0x0000019cab3dbea0, 0x0000019cc94de990, 0x0000019cc94e0810, 0x0000019cc94f61a0,
0x0000019cc94f8b60, 0x0000019cc94f9510, 0x0000019cc94f9ec0, 0x0000019cc94faba0,
0x0000019cc9563100, 0x0000019cc9566a50, 0x0000019cca0be630, 0x0000019cca0c51c0
}

Java Threads: ( => current thread )
  0x0000019cab3dbea0 JavaThread "main" [_thread_in_vm, id=17744, stack(0x0000006380f00000,0x0000006381000000)]
  0x0000019cc94de990 JavaThread "Reference Handler" daemon [_thread_blocked, id=18188, stack(0x0000006381700000,0x0000006381800000)]
  0x0000019cc94e0810 JavaThread "Finalizer" daemon [_thread_blocked, id=18192, stack(0x0000006381800000,0x0000006381900000)]
  0x0000019cc94f61a0 JavaThread "Signal Dispatcher" daemon [_thread_blocked, id=18288, stack(0x0000006381900000,0x0000006381a00000)]
  0x0000019cc94f8b60 JavaThread "Attach Listener" daemon [_thread_blocked, id=18292, stack(0x0000006381a00000,0x0000006381b00000)]
  0x0000019cc94f9510 JavaThread "Service Thread" daemon [_thread_blocked, id=18296, stack(0x0000006381b00000,0x0000006381c00000)]
  0x0000019cc94f9ec0 JavaThread "Monitor Deflation Thread" daemon [_thread_blocked, id=18300, stack(0x0000006381c00000,0x0000006381d00000)]
=>0x0000019cc94faba0 JavaThread "C2 CompilerThread0" daemon [_thread_in_native, id=18304, stack(0x0000006381d00000,0x0000006381e00000)]
  0x0000019cc9563100 JavaThread "C1 CompilerThread0" daemon [_thread_blocked, id=18348, stack(0x0000006381e00000,0x0000006381f00000)]
  0x0000019cc9566a50 JavaThread "Sweeper thread" daemon [_thread_blocked, id=18384, stack(0x0000006381f00000,0x0000006382000000)]
  0x0000019cca0be630 JavaThread "Notification Thread" daemon [_thread_blocked, id=17840, stack(0x0000006382000000,0x0000006382100000)]
  0x0000019cca0c51c0 JavaThread "Common-Cleaner" daemon [_thread_blocked, id=13068, stack(0x0000006382200000,0x0000006382300000)]

Other Threads:
  0x0000019cc94d7a50 VMThread "VM Thread" [stack: 0x0000006381600000,0x0000006381700000] [id=17960]
  0x0000019cca0c0b10 WatcherThread [stack: 0x0000006382100000,0x0000006382200000] [id=11688]
  0x0000019cab4356d0 GCTaskThread "GC Thread#0" [stack: 0x0000006381100000,0x0000006381200000] [id=17920]
  0x0000019cca7d8900 GCTaskThread "GC Thread#1" [stack: 0x0000006382300000,0x0000006382400000] [id=20656]
  0x0000019cca7d8bb0 GCTaskThread "GC Thread#2" [stack: 0x0000006382400000,0x0000006382500000] [id=20660]
  0x0000019cca2eb750 GCTaskThread "GC Thread#3" [stack: 0x0000006382500000,0x0000006382600000] [id=20740]
  0x0000019cca2eba00 GCTaskThread "GC Thread#4" [stack: 0x0000006382600000,0x0000006382700000] [id=20744]
  0x0000019cca2ec0c0 GCTaskThread "GC Thread#5" [stack: 0x0000006382700000,0x0000006382800000] [id=20748]
  0x0000019cca2ec370 GCTaskThread "GC Thread#6" [stack: 0x0000006382800000,0x0000006382900000] [id=20752]
  0x0000019cca904010 GCTaskThread "GC Thread#7" [stack: 0x0000006382900000,0x0000006382a00000] [id=20756]
  0x0000019cab4473a0 ConcurrentGCThread "G1 Main Marker" [stack: 0x0000006381200000,0x0000006381300000] [id=17924]
  0x0000019cab448dc0 ConcurrentGCThread "G1 Conc#0" [stack: 0x0000006381300000,0x0000006381400000] [id=17928]
  0x0000019cab4ad520 ConcurrentGCThread "G1 Refine#0" [stack: 0x0000006381400000,0x0000006381500000] [id=17932]
  0x0000019cab4adf40 ConcurrentGCThread "G1 Service" [stack: 0x0000006381500000,0x0000006381600000] [id=17936]

Threads with active compile tasks:
C2 CompilerThread0   323691 4296       4       java.util.zip.ZipCoder::hash (36 bytes)

VM state: not at safepoint (normal execution)

VM Mutex/Monitor currently owned by a thread: None

Heap address: 0x0000000081400000, size: 2028 MB, Compressed Oops mode: 32-bit

CDS archive(s) mapped at: [0x0000000800000000-0x0000000800bc0000-0x0000000800bc0000), size 12320768, SharedBaseAddress: 0x0000000800000000, ArchiveRelocationMode: 0.
Compressed class space mapped at: 0x0000000800c00000-0x0000000840c00000, reserved size: 1073741824
Narrow klass base: 0x0000000800000000, Narrow klass shift: 0, Narrow klass range: 0x100000000

GC Precious Log:
 CPUs: 8 total, 8 available
 Memory: 8106M
 Large Page Support: Disabled
 NUMA Support: Disabled
 Compressed Oops: Enabled (32-bit)
 Heap Region Size: 1M
 Heap Min Capacity: 8M
 Heap Initial Capacity: 128M
 Heap Max Capacity: 2028M
 Pre-touch: Disabled
 Parallel Workers: 8
 Concurrent Workers: 2
 Concurrent Refinement Workers: 8
 Periodic GC: Disabled

Heap:
 garbage-first heap   total 131072K, used 51804K [0x0000000081400000, 0x0000000100000000)
  region size 1024K, 48 young (49152K), 9 survivors (9216K)
 Metaspace       used 16407K, committed 16576K, reserved 1064960K
  class space    used 1901K, committed 1984K, reserved 1048576K

Heap Regions: E=young(eden), S=young(survivor), O=old, HS=humongous(starts), HC=humongous(continues), CS=collection set, F=free, OA=open archive, CA=closed archive, TAMS=top-at-mark-start (previous, next)
|   0|0x0000000081400000, 0x0000000081500000, 0x0000000081500000|100%| O|  |TAMS 0x0000000081400000, 0x0000000081400000| Untracked 
|   1|0x0000000081500000, 0x0000000081600000, 0x0000000081600000|100%| O|  |TAMS 0x0000000081500000, 0x0000000081500000| Untracked 
|   2|0x0000000081600000, 0x0000000081700000, 0x0000000081700000|100%| O|  |TAMS 0x0000000081600000, 0x0000000081600000| Untracked 
|   3|0x0000000081700000, 0x0000000081797000, 0x0000000081800000| 58%| O|  |TAMS 0x0000000081700000, 0x0000000081700000| Untracked 
|   4|0x0000000081800000, 0x0000000081800000, 0x0000000081900000|  0%| F|  |TAMS 0x0000000081800000, 0x0000000081800000| Untracked 
|   5|0x0000000081900000, 0x0000000081900000, 0x0000000081a00000|  0%| F|  |TAMS 0x0000000081900000, 0x0000000081900000| Untracked 
|   6|0x0000000081a00000, 0x0000000081a00000, 0x0000000081b00000|  0%| F|  |TAMS 0x0000000081a00000, 0x0000000081a00000| Untracked 
|   7|0x0000000081b00000, 0x0000000081b00000, 0x0000000081c00000|  0%| F|  |TAMS 0x0000000081b00000, 0x0000000081b00000| Untracked 
|   8|0x0000000081c00000, 0x0000000081c00000, 0x0000000081d00000|  0%| F|  |TAMS 0x0000000081c00000, 0x0000000081c00000| Untracked 
|   9|0x0000000081d00000, 0x0000000081d00000, 0x0000000081e00000|  0%| F|  |TAMS 0x0000000081d00000, 0x0000000081d00000| Untracked 
|  10|0x0000000081e00000, 0x0000000081e00000, 0x0000000081f00000|  0%| F|  |TAMS 0x0000000081e00000, 0x0000000081e00000| Untracked 
|  11|0x0000000081f00000, 0x0000000081f00000, 0x0000000082000000|  0%| F|  |TAMS 0x0000000081f00000, 0x0000000081f00000| Untracked 
|  12|0x0000000082000000, 0x0000000082000000, 0x0000000082100000|  0%| F|  |TAMS 0x0000000082000000, 0x0000000082000000| Untracked 
|  13|0x0000000082100000, 0x0000000082100000, 0x0000000082200000|  0%| F|  |TAMS 0x0000000082100000, 0x0000000082100000| Untracked 
|  14|0x0000000082200000, 0x0000000082200000, 0x0000000082300000|  0%| F|  |TAMS 0x0000000082200000, 0x0000000082200000| Untracked 
|  15|0x0000000082300000, 0x0000000082300000, 0x0000000082400000|  0%| F|  |TAMS 0x0000000082300000, 0x0000000082300000| Untracked 
|  16|0x0000000082400000, 0x0000000082400000, 0x0000000082500000|  0%| F|  |TAMS 0x0000000082400000, 0x0000000082400000| Untracked 
|  17|0x0000000082500000, 0x0000000082500000, 0x0000000082600000|  0%| F|  |TAMS 0x0000000082500000, 0x0000000082500000| Untracked 
|  18|0x0000000082600000, 0x0000000082600000, 0x0000000082700000|  0%| F|  |TAMS 0x0000000082600000, 0x0000000082600000| Untracked 
|  19|0x0000000082700000, 0x0000000082700000, 0x0000000082800000|  0%| F|  |TAMS 0x0000000082700000, 0x0000000082700000| Untracked 
|  20|0x0000000082800000, 0x0000000082800000, 0x0000000082900000|  0%| F|  |TAMS 0x0000000082800000, 0x0000000082800000| Untracked 
|  21|0x0000000082900000, 0x0000000082900000, 0x0000000082a00000|  0%| F|  |TAMS 0x0000000082900000, 0x0000000082900000| Untracked 
|  22|0x0000000082a00000, 0x0000000082a00000, 0x0000000082b00000|  0%| F|  |TAMS 0x0000000082a00000, 0x0000000082a00000| Untracked 
|  23|0x0000000082b00000, 0x0000000082b00000, 0x0000000082c00000|  0%| F|  |TAMS 0x0000000082b00000, 0x0000000082b00000| Untracked 
|  24|0x0000000082c00000, 0x0000000082c00000, 0x0000000082d00000|  0%| F|  |TAMS 0x0000000082c00000, 0x0000000082c00000| Untracked 
|  25|0x0000000082d00000, 0x0000000082d00000, 0x0000000082e00000|  0%| F|  |TAMS 0x0000000082d00000, 0x0000000082d00000| Untracked 
|  26|0x0000000082e00000, 0x0000000082e00000, 0x0000000082f00000|  0%| F|  |TAMS 0x0000000082e00000, 0x0000000082e00000| Untracked 
|  27|0x0000000082f00000, 0x0000000082f00000, 0x0000000083000000|  0%| F|  |TAMS 0x0000000082f00000, 0x0000000082f00000| Untracked 
|  28|0x0000000083000000, 0x0000000083000000, 0x0000000083100000|  0%| F|  |TAMS 0x0000000083000000, 0x0000000083000000| Untracked 
|  29|0x0000000083100000, 0x0000000083100000, 0x0000000083200000|  0%| F|  |TAMS 0x0000000083100000, 0x0000000083100000| Untracked 
|  30|0x0000000083200000, 0x0000000083200000, 0x0000000083300000|  0%| F|  |TAMS 0x0000000083200000, 0x0000000083200000| Untracked 
|  31|0x0000000083300000, 0x0000000083300000, 0x0000000083400000|  0%| F|  |TAMS 0x0000000083300000, 0x0000000083300000| Untracked 
|  32|0x0000000083400000, 0x0000000083400000, 0x0000000083500000|  0%| F|  |TAMS 0x0000000083400000, 0x0000000083400000| Untracked 
|  33|0x0000000083500000, 0x0000000083500000, 0x0000000083600000|  0%| F|  |TAMS 0x0000000083500000, 0x0000000083500000| Untracked 
|  34|0x0000000083600000, 0x0000000083600000, 0x0000000083700000|  0%| F|  |TAMS 0x0000000083600000, 0x0000000083600000| Untracked 
|  35|0x0000000083700000, 0x0000000083700000, 0x0000000083800000|  0%| F|  |TAMS 0x0000000083700000, 0x0000000083700000| Untracked 
|  36|0x0000000083800000, 0x0000000083800000, 0x0000000083900000|  0%| F|  |TAMS 0x0000000083800000, 0x0000000083800000| Untracked 
|  37|0x0000000083900000, 0x0000000083900000, 0x0000000083a00000|  0%| F|  |TAMS 0x0000000083900000, 0x0000000083900000| Untracked 
|  38|0x0000000083a00000, 0x0000000083a00000, 0x0000000083b00000|  0%| F|  |TAMS 0x0000000083a00000, 0x0000000083a00000| Untracked 
|  39|0x0000000083b00000, 0x0000000083b00000, 0x0000000083c00000|  0%| F|  |TAMS 0x0000000083b00000, 0x0000000083b00000| Untracked 
|  40|0x0000000083c00000, 0x0000000083c00000, 0x0000000083d00000|  0%| F|  |TAMS 0x0000000083c00000, 0x0000000083c00000| Untracked 
|  41|0x0000000083d00000, 0x0000000083d00000, 0x0000000083e00000|  0%| F|  |TAMS 0x0000000083d00000, 0x0000000083d00000| Untracked 
|  42|0x0000000083e00000, 0x0000000083e00000, 0x0000000083f00000|  0%| F|  |TAMS 0x0000000083e00000, 0x0000000083e00000| Untracked 
|  43|0x0000000083f00000, 0x0000000084000000, 0x0000000084000000|100%| S|CS|TAMS 0x0000000083f00000, 0x0000000083f00000| Complete 
|  44|0x0000000084000000, 0x0000000084100000, 0x0000000084100000|100%| S|CS|TAMS 0x0000000084000000, 0x0000000084000000| Complete 
|  45|0x0000000084100000, 0x0000000084200000, 0x0000000084200000|100%| S|CS|TAMS 0x0000000084100000, 0x0000000084100000| Complete 
|  46|0x0000000084200000, 0x0000000084300000, 0x0000000084300000|100%| S|CS|TAMS 0x0000000084200000, 0x0000000084200000| Complete 
|  47|0x0000000084300000, 0x0000000084400000, 0x0000000084400000|100%| S|CS|TAMS 0x0000000084300000, 0x0000000084300000| Complete 
|  48|0x0000000084400000, 0x0000000084500000, 0x0000000084500000|100%| S|CS|TAMS 0x0000000084400000, 0x0000000084400000| Complete 
|  49|0x0000000084500000, 0x0000000084600000, 0x0000000084600000|100%| S|CS|TAMS 0x0000000084500000, 0x0000000084500000| Complete 
|  50|0x0000000084600000, 0x0000000084700000, 0x0000000084700000|100%| S|CS|TAMS 0x0000000084600000, 0x0000000084600000| Complete 
|  51|0x0000000084700000, 0x0000000084800000, 0x0000000084800000|100%| S|CS|TAMS 0x0000000084700000, 0x0000000084700000| Complete 
|  52|0x0000000084800000, 0x0000000084800000, 0x0000000084900000|  0%| F|  |TAMS 0x0000000084800000, 0x0000000084800000| Untracked 
|  53|0x0000000084900000, 0x0000000084900000, 0x0000000084a00000|  0%| F|  |TAMS 0x0000000084900000, 0x0000000084900000| Untracked 
|  54|0x0000000084a00000, 0x0000000084a00000, 0x0000000084b00000|  0%| F|  |TAMS 0x0000000084a00000, 0x0000000084a00000| Untracked 
|  55|0x0000000084b00000, 0x0000000084b00000, 0x0000000084c00000|  0%| F|  |TAMS 0x0000000084b00000, 0x0000000084b00000| Untracked 
|  56|0x0000000084c00000, 0x0000000084c00000, 0x0000000084d00000|  0%| F|  |TAMS 0x0000000084c00000, 0x0000000084c00000| Untracked 
|  57|0x0000000084d00000, 0x0000000084d00000, 0x0000000084e00000|  0%| F|  |TAMS 0x0000000084d00000, 0x0000000084d00000| Untracked 
|  58|0x0000000084e00000, 0x0000000084e00000, 0x0000000084f00000|  0%| F|  |TAMS 0x0000000084e00000, 0x0000000084e00000| Untracked 
|  59|0x0000000084f00000, 0x0000000084f00000, 0x0000000085000000|  0%| F|  |TAMS 0x0000000084f00000, 0x0000000084f00000| Untracked 
|  60|0x0000000085000000, 0x0000000085000000, 0x0000000085100000|  0%| F|  |TAMS 0x0000000085000000, 0x0000000085000000| Untracked 
|  61|0x0000000085100000, 0x0000000085100000, 0x0000000085200000|  0%| F|  |TAMS 0x0000000085100000, 0x0000000085100000| Untracked 
|  62|0x0000000085200000, 0x0000000085200000, 0x0000000085300000|  0%| F|  |TAMS 0x0000000085200000, 0x0000000085200000| Untracked 
|  63|0x0000000085300000, 0x0000000085300000, 0x0000000085400000|  0%| F|  |TAMS 0x0000000085300000, 0x0000000085300000| Untracked 
|  64|0x0000000085400000, 0x0000000085400000, 0x0000000085500000|  0%| F|  |TAMS 0x0000000085400000, 0x0000000085400000| Untracked 
|  65|0x0000000085500000, 0x0000000085500000, 0x0000000085600000|  0%| F|  |TAMS 0x0000000085500000, 0x0000000085500000| Untracked 
|  66|0x0000000085600000, 0x0000000085600000, 0x0000000085700000|  0%| F|  |TAMS 0x0000000085600000, 0x0000000085600000| Untracked 
|  67|0x0000000085700000, 0x0000000085700000, 0x0000000085800000|  0%| F|  |TAMS 0x0000000085700000, 0x0000000085700000| Untracked 
|  68|0x0000000085800000, 0x0000000085800000, 0x0000000085900000|  0%| F|  |TAMS 0x0000000085800000, 0x0000000085800000| Untracked 
|  69|0x0000000085900000, 0x0000000085900000, 0x0000000085a00000|  0%| F|  |TAMS 0x0000000085900000, 0x0000000085900000| Untracked 
|  70|0x0000000085a00000, 0x0000000085a00000, 0x0000000085b00000|  0%| F|  |TAMS 0x0000000085a00000, 0x0000000085a00000| Untracked 
|  71|0x0000000085b00000, 0x0000000085b00000, 0x0000000085c00000|  0%| F|  |TAMS 0x0000000085b00000, 0x0000000085b00000| Untracked 
|  72|0x0000000085c00000, 0x0000000085c00000, 0x0000000085d00000|  0%| F|  |TAMS 0x0000000085c00000, 0x0000000085c00000| Untracked 
|  73|0x0000000085d00000, 0x0000000085d00000, 0x0000000085e00000|  0%| F|  |TAMS 0x0000000085d00000, 0x0000000085d00000| Untracked 
|  74|0x0000000085e00000, 0x0000000085e00000, 0x0000000085f00000|  0%| F|  |TAMS 0x0000000085e00000, 0x0000000085e00000| Untracked 
|  75|0x0000000085f00000, 0x0000000085f00000, 0x0000000086000000|  0%| F|  |TAMS 0x0000000085f00000, 0x0000000085f00000| Untracked 
|  76|0x0000000086000000, 0x0000000086000000, 0x0000000086100000|  0%| F|  |TAMS 0x0000000086000000, 0x0000000086000000| Untracked 
|  77|0x0000000086100000, 0x0000000086100000, 0x0000000086200000|  0%| F|  |TAMS 0x0000000086100000, 0x0000000086100000| Untracked 
|  78|0x0000000086200000, 0x0000000086200000, 0x0000000086300000|  0%| F|  |TAMS 0x0000000086200000, 0x0000000086200000| Untracked 
|  79|0x0000000086300000, 0x0000000086300000, 0x0000000086400000|  0%| F|  |TAMS 0x0000000086300000, 0x0000000086300000| Untracked 
|  80|0x0000000086400000, 0x0000000086400000, 0x0000000086500000|  0%| F|  |TAMS 0x0000000086400000, 0x0000000086400000| Untracked 
|  81|0x0000000086500000, 0x0000000086500000, 0x0000000086600000|  0%| F|  |TAMS 0x0000000086500000, 0x0000000086500000| Untracked 
|  82|0x0000000086600000, 0x0000000086600000, 0x0000000086700000|  0%| F|  |TAMS 0x0000000086600000, 0x0000000086600000| Untracked 
|  83|0x0000000086700000, 0x0000000086700000, 0x0000000086800000|  0%| F|  |TAMS 0x0000000086700000, 0x0000000086700000| Untracked 
|  84|0x0000000086800000, 0x0000000086800000, 0x0000000086900000|  0%| F|  |TAMS 0x0000000086800000, 0x0000000086800000| Untracked 
|  85|0x0000000086900000, 0x0000000086900000, 0x0000000086a00000|  0%| F|  |TAMS 0x0000000086900000, 0x0000000086900000| Untracked 
|  86|0x0000000086a00000, 0x0000000086a00000, 0x0000000086b00000|  0%| F|  |TAMS 0x0000000086a00000, 0x0000000086a00000| Untracked 
|  87|0x0000000086b00000, 0x0000000086b00000, 0x0000000086c00000|  0%| F|  |TAMS 0x0000000086b00000, 0x0000000086b00000| Untracked 
|  88|0x0000000086c00000, 0x0000000086c00000, 0x0000000086d00000|  0%| F|  |TAMS 0x0000000086c00000, 0x0000000086c00000| Untracked 
|  89|0x0000000086d00000, 0x0000000086e00000, 0x0000000086e00000|100%| E|  |TAMS 0x0000000086d00000, 0x0000000086d00000| Complete 
|  90|0x0000000086e00000, 0x0000000086f00000, 0x0000000086f00000|100%| E|CS|TAMS 0x0000000086e00000, 0x0000000086e00000| Complete 
|  91|0x0000000086f00000, 0x0000000087000000, 0x0000000087000000|100%| E|CS|TAMS 0x0000000086f00000, 0x0000000086f00000| Complete 
|  92|0x0000000087000000, 0x0000000087100000, 0x0000000087100000|100%| E|CS|TAMS 0x0000000087000000, 0x0000000087000000| Complete 
|  93|0x0000000087100000, 0x0000000087200000, 0x0000000087200000|100%| E|CS|TAMS 0x0000000087100000, 0x0000000087100000| Complete 
|  94|0x0000000087200000, 0x0000000087300000, 0x0000000087300000|100%| E|CS|TAMS 0x0000000087200000, 0x0000000087200000| Complete 
|  95|0x0000000087300000, 0x0000000087400000, 0x0000000087400000|100%| E|CS|TAMS 0x0000000087300000, 0x0000000087300000| Complete 
|  96|0x0000000087400000, 0x0000000087500000, 0x0000000087500000|100%| E|CS|TAMS 0x0000000087400000, 0x0000000087400000| Complete 
|  97|0x0000000087500000, 0x0000000087600000, 0x0000000087600000|100%| E|CS|TAMS 0x0000000087500000, 0x0000000087500000| Complete 
|  98|0x0000000087600000, 0x0000000087700000, 0x0000000087700000|100%| E|CS|TAMS 0x0000000087600000, 0x0000000087600000| Complete 
|  99|0x0000000087700000, 0x0000000087800000, 0x0000000087800000|100%| E|CS|TAMS 0x0000000087700000, 0x0000000087700000| Complete 
| 100|0x0000000087800000, 0x0000000087900000, 0x0000000087900000|100%| E|CS|TAMS 0x0000000087800000, 0x0000000087800000| Complete 
| 101|0x0000000087900000, 0x0000000087a00000, 0x0000000087a00000|100%| E|CS|TAMS 0x0000000087900000, 0x0000000087900000| Complete 
| 102|0x0000000087a00000, 0x0000000087b00000, 0x0000000087b00000|100%| E|CS|TAMS 0x0000000087a00000, 0x0000000087a00000| Complete 
| 103|0x0000000087b00000, 0x0000000087c00000, 0x0000000087c00000|100%| E|CS|TAMS 0x0000000087b00000, 0x0000000087b00000| Complete 
| 104|0x0000000087c00000, 0x0000000087d00000, 0x0000000087d00000|100%| E|CS|TAMS 0x0000000087c00000, 0x0000000087c00000| Complete 
| 105|0x0000000087d00000, 0x0000000087e00000, 0x0000000087e00000|100%| E|CS|TAMS 0x0000000087d00000, 0x0000000087d00000| Complete 
| 106|0x0000000087e00000, 0x0000000087f00000, 0x0000000087f00000|100%| E|CS|TAMS 0x0000000087e00000, 0x0000000087e00000| Complete 
| 107|0x0000000087f00000, 0x0000000088000000, 0x0000000088000000|100%| E|CS|TAMS 0x0000000087f00000, 0x0000000087f00000| Complete 
| 108|0x0000000088000000, 0x0000000088100000, 0x0000000088100000|100%| E|CS|TAMS 0x0000000088000000, 0x0000000088000000| Complete 
| 109|0x0000000088100000, 0x0000000088200000, 0x0000000088200000|100%| E|CS|TAMS 0x0000000088100000, 0x0000000088100000| Complete 
| 110|0x0000000088200000, 0x0000000088300000, 0x0000000088300000|100%| E|CS|TAMS 0x0000000088200000, 0x0000000088200000| Complete 
| 111|0x0000000088300000, 0x0000000088400000, 0x0000000088400000|100%| E|CS|TAMS 0x0000000088300000, 0x0000000088300000| Complete 
| 112|0x0000000088400000, 0x0000000088500000, 0x0000000088500000|100%| E|CS|TAMS 0x0000000088400000, 0x0000000088400000| Complete 
| 113|0x0000000088500000, 0x0000000088600000, 0x0000000088600000|100%| E|CS|TAMS 0x0000000088500000, 0x0000000088500000| Complete 
| 114|0x0000000088600000, 0x0000000088700000, 0x0000000088700000|100%| E|CS|TAMS 0x0000000088600000, 0x0000000088600000| Complete 
| 115|0x0000000088700000, 0x0000000088800000, 0x0000000088800000|100%| E|CS|TAMS 0x0000000088700000, 0x0000000088700000| Complete 
| 116|0x0000000088800000, 0x0000000088900000, 0x0000000088900000|100%| E|CS|TAMS 0x0000000088800000, 0x0000000088800000| Complete 
| 117|0x0000000088900000, 0x0000000088a00000, 0x0000000088a00000|100%| E|CS|TAMS 0x0000000088900000, 0x0000000088900000| Complete 
| 118|0x0000000088a00000, 0x0000000088b00000, 0x0000000088b00000|100%| E|CS|TAMS 0x0000000088a00000, 0x0000000088a00000| Complete 
| 119|0x0000000088b00000, 0x0000000088c00000, 0x0000000088c00000|100%| E|CS|TAMS 0x0000000088b00000, 0x0000000088b00000| Complete 
| 120|0x0000000088c00000, 0x0000000088d00000, 0x0000000088d00000|100%| E|CS|TAMS 0x0000000088c00000, 0x0000000088c00000| Complete 
| 121|0x0000000088d00000, 0x0000000088e00000, 0x0000000088e00000|100%| E|CS|TAMS 0x0000000088d00000, 0x0000000088d00000| Complete 
| 122|0x0000000088e00000, 0x0000000088f00000, 0x0000000088f00000|100%| E|CS|TAMS 0x0000000088e00000, 0x0000000088e00000| Complete 
| 123|0x0000000088f00000, 0x0000000089000000, 0x0000000089000000|100%| E|CS|TAMS 0x0000000088f00000, 0x0000000088f00000| Complete 
| 124|0x0000000089000000, 0x0000000089100000, 0x0000000089100000|100%| E|CS|TAMS 0x0000000089000000, 0x0000000089000000| Complete 
| 125|0x0000000089100000, 0x0000000089200000, 0x0000000089200000|100%| E|CS|TAMS 0x0000000089100000, 0x0000000089100000| Complete 
| 126|0x0000000089200000, 0x0000000089300000, 0x0000000089300000|100%| E|CS|TAMS 0x0000000089200000, 0x0000000089200000| Complete 
| 127|0x0000000089300000, 0x0000000089400000, 0x0000000089400000|100%| E|CS|TAMS 0x0000000089300000, 0x0000000089300000| Complete 

Card table byte_map: [0x0000019cc2380000,0x0000019cc2780000] _byte_map_base: 0x0000019cc1f76000

Marking Bits (Prev, Next): (CMBitMap*) 0x0000019cab435ce0, (CMBitMap*) 0x0000019cab435d20
 Prev Bits: [0x0000019cc2b80000, 0x0000019cc4b30000)
 Next Bits: [0x0000019cc4b30000, 0x0000019cc6ae0000)

Polling page: 0x0000019caabb0000

Metaspace:

Usage:
  Non-class:     14.17 MB used.
      Class:      1.86 MB used.
       Both:     16.02 MB used.

Virtual space:
  Non-class space:       16.00 MB reserved,      14.25 MB ( 89%) committed,  2 nodes.
      Class space:        1.00 GB reserved,       1.94 MB ( <1%) committed,  1 nodes.
             Both:        1.02 GB reserved,      16.19 MB (  2%) committed. 

Chunk freelists:
   Non-Class:  1.33 MB
       Class:  1.90 MB
        Both:  3.23 MB

MaxMetaspaceSize: unlimited
CompressedClassSpaceSize: 1.00 GB
Initial GC threshold: 21.00 MB
Current GC threshold: 21.00 MB
CDS: on
MetaspaceReclaimPolicy: balanced
 - commit_granule_bytes: 65536.
 - commit_granule_words: 8192.
 - virtual_space_node_default_size: 1048576.
 - enlarge_chunks_in_place: 1.
 - new_chunks_are_fully_committed: 0.
 - uncommit_free_chunks: 1.
 - use_allocation_guard: 0.
 - handle_deallocations: 1.


Internal statistics:

num_allocs_failed_limit: 0.
num_arena_births: 110.
num_arena_deaths: 0.
num_vsnodes_births: 3.
num_vsnodes_deaths: 0.
num_space_committed: 259.
num_space_uncommitted: 0.
num_chunks_returned_to_freelist: 0.
num_chunks_taken_from_freelist: 689.
num_chunk_merges: 0.
num_chunk_splits: 465.
num_chunks_enlarged: 370.
num_purges: 0.
num_inconsistent_stats: 0.

CodeHeap 'non-profiled nmethods': size=120000Kb used=2150Kb max_used=2150Kb free=117849Kb
 bounds [0x0000019cba720000, 0x0000019cba990000, 0x0000019cc1c50000]
CodeHeap 'profiled nmethods': size=120000Kb used=8986Kb max_used=8986Kb free=111013Kb
 bounds [0x0000019cb31f0000, 0x0000019cb3ac0000, 0x0000019cba720000]
CodeHeap 'non-nmethods': size=5760Kb used=1173Kb max_used=1246Kb free=4586Kb
 bounds [0x0000019cb2c50000, 0x0000019cb2ec0000, 0x0000019cb31f0000]
 total_blobs=4725 nmethods=4256 adapters=380
 compilation: enabled
              stopped_count=0, restarted_count=0
 full_count=0

Compilation events (20 events):
Event: 299.557 Thread 0x0000019cc9563100 nmethod 4286 0x0000019cb3aabc10 code [0x0000019cb3aac320, 0x0000019cb3aaff38]
Event: 308.567 Thread 0x0000019cc9563100 4287       3       com.google.inject.internal.util.SourceProvider::shouldBeSkipped (35 bytes)
Event: 308.569 Thread 0x0000019cc9563100 nmethod 4287 0x0000019cb3ab1310 code [0x0000019cb3ab14e0, 0x0000019cb3ab1a08]
Event: 310.384 Thread 0x0000019cc9563100 4288       3       java.util.ArrayList::set (24 bytes)
Event: 310.387 Thread 0x0000019cc9563100 nmethod 4288 0x0000019cb3ab1b90 code [0x0000019cb3ab1d60, 0x0000019cb3ab22a8]
Event: 310.392 Thread 0x0000019cc9563100 4289       3       sun.reflect.annotation.TypeAnnotation$LocationInfo::filter (68 bytes)
Event: 310.393 Thread 0x0000019cc9563100 nmethod 4289 0x0000019cb3ab2490 code [0x0000019cb3ab26c0, 0x0000019cb3ab3068]
Event: 317.882 Thread 0x0000019cc9563100 4290       3       java.net.URL::<init> (7 bytes)
Event: 317.882 Thread 0x0000019cc9563100 nmethod 4290 0x0000019cb3ab3410 code [0x0000019cb3ab35c0, 0x0000019cb3ab3768]
Event: 320.784 Thread 0x0000019cc9563100 4291       3       java.util.WeakHashMap::isEmpty (13 bytes)
Event: 320.784 Thread 0x0000019cc9563100 nmethod 4291 0x0000019cb3ab3890 code [0x0000019cb3ab3a40, 0x0000019cb3ab3d08]
Event: 320.785 Thread 0x0000019cc9563100 4292       3       java.util.WeakHashMap::size (18 bytes)
Event: 320.785 Thread 0x0000019cc9563100 nmethod 4292 0x0000019cb3ab3e10 code [0x0000019cb3ab3fc0, 0x0000019cb3ab4188]
Event: 323.586 Thread 0x0000019cc9563100 4293   !   3       java.net.URL::getURLStreamHandler (191 bytes)
Event: 323.589 Thread 0x0000019cc9563100 nmethod 4293 0x0000019cb3ab4210 code [0x0000019cb3ab44c0, 0x0000019cb3ab5338]
Event: 323.589 Thread 0x0000019cc9563100 4294       3       java.util.zip.ZipFile$Source$Key::hashCode (46 bytes)
Event: 323.589 Thread 0x0000019cc94faba0 4296       4       java.util.zip.ZipCoder::hash (36 bytes)
Event: 323.592 Thread 0x0000019cc9563100 nmethod 4294 0x0000019cb3ab5790 code [0x0000019cb3ab5980, 0x0000019cb3ab5db8]
Event: 323.592 Thread 0x0000019cc9563100 4295       3       java.nio.file.attribute.FileTime::toMillis (98 bytes)
Event: 323.593 Thread 0x0000019cc9563100 nmethod 4295 0x0000019cb3ab6010 code [0x0000019cb3ab6200, 0x0000019cb3ab66c8]

GC Heap History (6 events):
Event: 22.129 GC heap before
{Heap before GC invocations=0 (full 0):
 garbage-first heap   total 131072K, used 23552K [0x0000000081400000, 0x0000000100000000)
  region size 1024K, 23 young (23552K), 0 survivors (0K)
 Metaspace       used 5608K, committed 5760K, reserved 1056768K
  class space    used 676K, committed 768K, reserved 1048576K
}
Event: 23.652 GC heap after
{Heap after GC invocations=1 (full 0):
 garbage-first heap   total 131072K, used 3813K [0x0000000081400000, 0x0000000100000000)
  region size 1024K, 3 young (3072K), 3 survivors (3072K)
 Metaspace       used 5608K, committed 5760K, reserved 1056768K
  class space    used 676K, committed 768K, reserved 1048576K
}
Event: 40.977 GC heap before
{Heap before GC invocations=1 (full 0):
 garbage-first heap   total 131072K, used 34533K [0x0000000081400000, 0x0000000100000000)
  region size 1024K, 33 young (33792K), 3 survivors (3072K)
 Metaspace       used 9387K, committed 9536K, reserved 1064960K
  class space    used 1145K, committed 1216K, reserved 1048576K
}
Event: 40.985 GC heap after
{Heap after GC invocations=2 (full 0):
 garbage-first heap   total 131072K, used 5347K [0x0000000081400000, 0x0000000100000000)
  region size 1024K, 2 young (2048K), 2 survivors (2048K)
 Metaspace       used 9387K, committed 9536K, reserved 1064960K
  class space    used 1145K, committed 1216K, reserved 1048576K
}
Event: 118.909 GC heap before
{Heap before GC invocations=2 (full 0):
 garbage-first heap   total 131072K, used 81123K [0x0000000081400000, 0x0000000100000000)
  region size 1024K, 76 young (77824K), 2 survivors (2048K)
 Metaspace       used 15730K, committed 15872K, reserved 1064960K
  class space    used 1862K, committed 1920K, reserved 1048576K
}
Event: 118.993 GC heap after
{Heap after GC invocations=3 (full 0):
 garbage-first heap   total 131072K, used 12892K [0x0000000081400000, 0x0000000100000000)
  region size 1024K, 9 young (9216K), 9 survivors (9216K)
 Metaspace       used 15730K, committed 15872K, reserved 1064960K
  class space    used 1862K, committed 1920K, reserved 1048576K
}

Deoptimization events (20 events):
Event: 217.608 Thread 0x0000019cab3dbea0 Uncommon trap: trap_request=0xffffff45 fr.pc=0x0000019cba919eb8 relative=0x0000000000000858
Event: 217.608 Thread 0x0000019cab3dbea0 Uncommon trap: reason=unstable_if action=reinterpret pc=0x0000019cba919eb8 method=java.util.IdentityHashMap.closeDeletion(I)V @ 22 c2
Event: 217.608 Thread 0x0000019cab3dbea0 DEOPT PACKING pc=0x0000019cba919eb8 sp=0x0000006380ffcfa0
Event: 217.608 Thread 0x0000019cab3dbea0 DEOPT UNPACKING pc=0x0000019cb2ca23a3 sp=0x0000006380ffcd70 mode 2
Event: 218.828 Thread 0x0000019cab3dbea0 DEOPT PACKING pc=0x0000019cb365925b sp=0x0000006380ffcd30
Event: 218.829 Thread 0x0000019cab3dbea0 DEOPT UNPACKING pc=0x0000019cb2ca2b43 sp=0x0000006380ffc210 mode 0
Event: 226.315 Thread 0x0000019cab3dbea0 DEOPT PACKING pc=0x0000019cb33e1534 sp=0x0000006380ffca20
Event: 226.316 Thread 0x0000019cab3dbea0 DEOPT UNPACKING pc=0x0000019cb2ca2b43 sp=0x0000006380ffbfa0 mode 0
Event: 256.095 Thread 0x0000019cab3dbea0 Uncommon trap: trap_request=0xffffff45 fr.pc=0x0000019cba9080bc relative=0x00000000000038fc
Event: 256.097 Thread 0x0000019cab3dbea0 Uncommon trap: reason=unstable_if action=reinterpret pc=0x0000019cba9080bc method=org.codehaus.plexus.interpolation.util.StringUtils.capitalizeFirstLetter(Ljava/lang/String;)Ljava/lang/String; @ 13 c2
Event: 256.097 Thread 0x0000019cab3dbea0 DEOPT PACKING pc=0x0000019cba9080bc sp=0x0000006380ffbaf0
Event: 256.097 Thread 0x0000019cab3dbea0 DEOPT UNPACKING pc=0x0000019cb2ca23a3 sp=0x0000006380ffba68 mode 2
Event: 267.808 Thread 0x0000019cab3dbea0 Uncommon trap: trap_request=0xffffff45 fr.pc=0x0000019cba8e2acc relative=0x000000000000022c
Event: 267.808 Thread 0x0000019cab3dbea0 Uncommon trap: reason=unstable_if action=reinterpret pc=0x0000019cba8e2acc method=org.codehaus.plexus.util.xml.pull.MXParser.printable(I)Ljava/lang/String; @ 23 c2
Event: 267.808 Thread 0x0000019cab3dbea0 DEOPT PACKING pc=0x0000019cba8e2acc sp=0x0000006380ffb760
Event: 267.809 Thread 0x0000019cab3dbea0 DEOPT UNPACKING pc=0x0000019cb2ca23a3 sp=0x0000006380ffb710 mode 2
Event: 291.213 Thread 0x0000019cab3dbea0 Uncommon trap: trap_request=0xffffff45 fr.pc=0x0000019cba92a444 relative=0x0000000000000044
Event: 291.213 Thread 0x0000019cab3dbea0 Uncommon trap: reason=unstable_if action=reinterpret pc=0x0000019cba92a444 method=org.codehaus.plexus.util.StringUtils.isNotEmpty(Ljava/lang/String;)Z @ 8 c2
Event: 291.213 Thread 0x0000019cab3dbea0 DEOPT PACKING pc=0x0000019cba92a444 sp=0x0000006380ffce20
Event: 291.240 Thread 0x0000019cab3dbea0 DEOPT UNPACKING pc=0x0000019cb2ca23a3 sp=0x0000006380ffcdb0 mode 2

Classes unloaded (0 events):
No events

Classes redefined (0 events):
No events

Internal exceptions (20 events):
Event: 19.431 Thread 0x0000019cab3dbea0 Exception <a 'java/lang/NoSuchMethodError'{0x000000008816fe90}: 'java.lang.Object java.lang.invoke.DirectMethodHandle$Holder.newInvokeSpecial(java.lang.Object, java.lang.Object, java.lang.Object, java.lang.Object, java.lang.Object)'> (0x000000008816fe90) 
thrown [s\open\src\hotspot\share\interpreter\linkResolver.cpp, line 759]
Event: 19.996 Thread 0x0000019cab3dbea0 Exception <a 'java/lang/NoSuchMethodError'{0x00000000880877b0}: 'int java.lang.invoke.DirectMethodHandle$Holder.invokeStaticInit(java.lang.Object, java.lang.Object)'> (0x00000000880877b0) 
thrown [s\open\src\hotspot\share\interpreter\linkResolver.cpp, line 759]
Event: 20.686 Thread 0x0000019cab3dbea0 Exception <a 'java/lang/NoClassDefFoundError'{0x00000000880c5bd8}: javax/enterprise/inject/Typed> (0x00000000880c5bd8) 
thrown [s\open\src\hotspot\share\classfile\systemDictionary.cpp, line 245]
Event: 42.383 Thread 0x0000019cab3dbea0 Exception <a 'java/lang/NoSuchMethodError'{0x0000000088d98a70}: 'void java.lang.invoke.DirectMethodHandle$Holder.invokeStaticInit(java.lang.Object, java.lang.Object, java.lang.Object)'> (0x0000000088d98a70) 
thrown [s\open\src\hotspot\share\interpreter\linkResolver.cpp, line 759]
Event: 42.393 Thread 0x0000019cab3dbea0 Exception <a 'java/lang/ExceptionInInitializerError'{0x0000000088dc6428}> (0x0000000088dc6428) 
thrown [s\open\src\hotspot\share\oops\instanceKlass.cpp, line 1166]
Event: 42.873 Thread 0x0000019cab3dbea0 Implicit null exception at 0x0000019cba78e52f to 0x0000019cba78e68c
Event: 42.887 Thread 0x0000019cab3dbea0 Exception <a 'java/lang/NoSuchMethodError'{0x0000000088ce3718}: 'java.lang.Object java.lang.invoke.Invokers$Holder.invokeExact_MT(java.lang.Object, int, java.lang.Object)'> (0x0000000088ce3718) 
thrown [s\open\src\hotspot\share\interpreter\linkResolver.cpp, line 759]
Event: 42.993 Thread 0x0000019cab3dbea0 Exception <a 'java/lang/NoSuchMethodError'{0x0000000088b46200}: 'void java.lang.invoke.DirectMethodHandle$Holder.invokeStatic(java.lang.Object, java.lang.Object)'> (0x0000000088b46200) 
thrown [s\open\src\hotspot\share\interpreter\linkResolver.cpp, line 759]
Event: 43.000 Thread 0x0000019cab3dbea0 Exception <a 'java/lang/NoSuchMethodError'{0x0000000088b56d60}: 'int java.lang.invoke.DirectMethodHandle$Holder.invokeSpecial(java.lang.Object, java.lang.Object, java.lang.Object, java.lang.Object)'> (0x0000000088b56d60) 
thrown [s\open\src\hotspot\share\interpreter\linkResolver.cpp, line 759]
Event: 53.903 Thread 0x0000019cab3dbea0 Exception <a 'java/lang/NoClassDefFoundError'{0x00000000883cdcd0}: com/google/inject/servlet/ServletModuleTargetVisitor> (0x00000000883cdcd0) 
thrown [s\open\src\hotspot\share\classfile\systemDictionary.cpp, line 245]
Event: 55.492 Thread 0x0000019cab3dbea0 Exception <a 'java/lang/NoSuchMethodError'{0x000000008806ddd8}: 'void java.lang.invoke.DirectMethodHandle$Holder.invokeVirtual(java.lang.Object, java.lang.Object)'> (0x000000008806ddd8) 
thrown [s\open\src\hotspot\share\interpreter\linkResolver.cpp, line 759]
Event: 56.841 Thread 0x0000019cab3dbea0 Exception <a 'java/lang/NoSuchMethodError'{0x00000000880f77e0}: 'java.lang.Object java.lang.invoke.DirectMethodHandle$Holder.invokeStaticInit(java.lang.Object, int, int, int, int)'> (0x00000000880f77e0) 
thrown [s\open\src\hotspot\share\interpreter\linkResolver.cpp, line 759]
Event: 66.534 Thread 0x0000019cab3dbea0 Implicit null exception at 0x0000019cba746bf2 to 0x0000019cba74720c
Event: 66.534 Thread 0x0000019cab3dbea0 Implicit null exception at 0x0000019cba756472 to 0x0000019cba756aac
Event: 108.110 Thread 0x0000019cab3dbea0 Exception <a 'java/lang/NoSuchMethodError'{0x0000000085bfcc30}: 'int java.lang.invoke.DirectMethodHandle$Holder.invokeSpecialIFC(java.lang.Object, java.lang.Object, java.lang.Object, java.lang.Object)'> (0x0000000085bfcc30) 
thrown [s\open\src\hotspot\share\interpreter\linkResolver.cpp, line 759]
Event: 216.187 Thread 0x0000019cab3dbea0 Implicit null exception at 0x0000019cba8ef2ef to 0x0000019cba8ef4b8
Event: 216.189 Thread 0x0000019cab3dbea0 Implicit null exception at 0x0000019cba8e2eef to 0x0000019cba8e30c4
Event: 216.190 Thread 0x0000019cab3dbea0 Implicit null exception at 0x0000019cba7a5e0f to 0x0000019cba7a5e89
Event: 237.217 Thread 0x0000019cab3dbea0 Exception <a 'java/lang/NoSuchMethodError'{0x000000008758bf60}: 'java.lang.Object java.lang.invoke.DirectMethodHandle$Holder.newInvokeSpecial(java.lang.Object, java.lang.Object, java.lang.Object, java.lang.Object, java.lang.Object, java.lang.Object, java.lang.Object)'> (0x000000008758bf60) 
thrown [s\open\src\hotspot\share\interpreter\linkResolver.cpp, line 759]
Event: 237.222 Thread 0x0000019cab3dbea0 Exception <a 'java/lang/NoSuchMethodError'{0x0000000087590870}: 'java.lang.Object java.lang.invoke.Invokers$Holder.linkToTargetMethod(java.lang.Object, java.lang.Object, java.lang.Object, java.lang.Object, java.lang.Object, java.lang.Object, java.lang.Object)'> (0x0000000087590870) 
thrown [s\open\src\hotspot\share\interpreter\linkResolver.cpp, line 759]

VM Operations (20 events):
Event: 296.857 Executing VM operation: Cleanup
Event: 297.420 Executing VM operation: Cleanup done
Event: 298.428 Executing VM operation: Cleanup
Event: 299.329 Executing VM operation: Cleanup done
Event: 300.364 Executing VM operation: Cleanup
Event: 302.271 Executing VM operation: Cleanup done
Event: 308.304 Executing VM operation: Cleanup
Event: 308.336 Executing VM operation: Cleanup done
Event: 309.340 Executing VM operation: Cleanup
Event: 310.378 Executing VM operation: Cleanup done
Event: 311.381 Executing VM operation: Cleanup
Event: 311.858 Executing VM operation: Cleanup done
Event: 312.862 Executing VM operation: Cleanup
Event: 314.509 Executing VM operation: Cleanup done
Event: 316.531 Executing VM operation: Cleanup
Event: 316.927 Executing VM operation: Cleanup done
Event: 322.329 Executing VM operation: Cleanup
Event: 322.488 Executing VM operation: Cleanup done
Event: 323.497 Executing VM operation: Cleanup
Event: 323.576 Executing VM operation: Cleanup done

Events (20 events):
Event: 71.721 loading class java/lang/Byte$ByteCache
Event: 71.721 loading class java/lang/Byte$ByteCache done
Event: 89.921 loading class java/lang/invoke/MethodHandle$1
Event: 89.925 loading class java/lang/invoke/MethodHandle$1 done
Event: 91.152 loading class java/util/stream/MatchOps$MatchKind
Event: 91.161 loading class java/util/stream/MatchOps$MatchKind done
Event: 91.161 loading class java/util/stream/MatchOps
Event: 91.161 loading class java/util/stream/MatchOps done
Event: 91.161 loading class java/util/stream/MatchOps$MatchOp
Event: 91.161 loading class java/util/stream/MatchOps$MatchOp done
Event: 91.163 loading class java/util/stream/MatchOps$BooleanTerminalSink
Event: 91.164 loading class java/util/stream/MatchOps$BooleanTerminalSink done
Event: 91.166 loading class java/util/stream/MatchOps$1MatchSink
Event: 91.167 loading class java/util/stream/MatchOps$1MatchSink done
Event: 95.711 loading class java/util/LinkedList$LLSpliterator
Event: 95.711 loading class java/util/LinkedList$LLSpliterator done
Event: 108.145 Thread 0x0000019ccafd0760 Thread added: 0x0000019ccafd0760
Event: 109.756 Thread 0x0000019ccafd0760 Thread exited: 0x0000019ccafd0760
Event: 196.336 loading class sun/nio/cs/ISO_8859_1$Decoder
Event: 196.339 loading class sun/nio/cs/ISO_8859_1$Decoder done


Dynamic libraries:
0x00007ff75cc70000 - 0x00007ff75cc80000 	C:\Program Files\Java\jdk-17.0.4.1\bin\java.exe
0x00007ffe52bb0000 - 0x00007ffe52dc7000 	C:\WINDOWS\SYSTEM32\ntdll.dll
0x00007ffe51f30000 - 0x00007ffe51ff4000 	C:\WINDOWS\System32\KERNEL32.DLL
0x00007ffe501b0000 - 0x00007ffe50555000 	C:\WINDOWS\System32\KERNELBASE.dll
0x00007ffe50720000 - 0x00007ffe50831000 	C:\WINDOWS\System32\ucrtbase.dll
0x00007ffe30030000 - 0x00007ffe30048000 	C:\Program Files\Java\jdk-17.0.4.1\bin\jli.dll
0x00007ffe517e0000 - 0x00007ffe51891000 	C:\WINDOWS\System32\ADVAPI32.dll
0x00007ffe518a0000 - 0x00007ffe51947000 	C:\WINDOWS\System32\msvcrt.dll
0x00007ffe522a0000 - 0x00007ffe52346000 	C:\WINDOWS\System32\sechost.dll
0x00007ffe52000000 - 0x00007ffe52117000 	C:\WINDOWS\System32\RPCRT4.dll
0x00007ffe50980000 - 0x00007ffe50b2e000 	C:\WINDOWS\System32\USER32.dll
0x00007ffe506f0000 - 0x00007ffe50716000 	C:\WINDOWS\System32\win32u.dll
0x00007ffe51c60000 - 0x00007ffe51c89000 	C:\WINDOWS\System32\GDI32.dll
0x00007ffe50560000 - 0x00007ffe50679000 	C:\WINDOWS\System32\gdi32full.dll
0x00007ffe4ff20000 - 0x00007ffe4ffba000 	C:\WINDOWS\System32\msvcp_win.dll
0x00007ffe33530000 - 0x00007ffe3354a000 	C:\Program Files\Java\jdk-17.0.4.1\bin\VCRUNTIME140.dll
0x00007ffe37df0000 - 0x00007ffe38083000 	C:\WINDOWS\WinSxS\amd64_microsoft.windows.common-controls_6595b64144ccf1df_6.0.22621.2506_none_270c5ae97388e100\COMCTL32.dll
0x00007ffe43a50000 - 0x00007ffe43a5a000 	C:\WINDOWS\SYSTEM32\VERSION.dll
0x00007ffe51c90000 - 0x00007ffe51cc1000 	C:\WINDOWS\System32\IMM32.DLL
0x00007ffe46400000 - 0x00007ffe4640c000 	C:\Program Files\Java\jdk-17.0.4.1\bin\vcruntime140_1.dll
0x00007ffe10100000 - 0x00007ffe1018d000 	C:\Program Files\Java\jdk-17.0.4.1\bin\msvcp140.dll
0x00007ffdedab0000 - 0x00007ffdee672000 	C:\Program Files\Java\jdk-17.0.4.1\bin\server\jvm.dll
0x00007ffe52b60000 - 0x00007ffe52b68000 	C:\WINDOWS\System32\PSAPI.DLL
0x00007ffe48480000 - 0x00007ffe48489000 	C:\WINDOWS\SYSTEM32\WSOCK32.dll
0x00007ffe50900000 - 0x00007ffe50971000 	C:\WINDOWS\System32\WS2_32.dll
0x00007ffe44d00000 - 0x00007ffe44d34000 	C:\WINDOWS\SYSTEM32\WINMM.dll
0x00007ffe4efb0000 - 0x00007ffe4efc8000 	C:\WINDOWS\SYSTEM32\kernel.appcore.dll
0x00007ffe45ed0000 - 0x00007ffe45eda000 	C:\Program Files\Java\jdk-17.0.4.1\bin\jimage.dll
0x00007ffe4d850000 - 0x00007ffe4da83000 	C:\WINDOWS\SYSTEM32\DBGHELP.DLL
0x00007ffe52350000 - 0x00007ffe526d9000 	C:\WINDOWS\System32\combase.dll
0x00007ffe51950000 - 0x00007ffe51a27000 	C:\WINDOWS\System32\OLEAUT32.dll
0x00007ffe315e0000 - 0x00007ffe31612000 	C:\WINDOWS\SYSTEM32\dbgcore.DLL
0x00007ffe50130000 - 0x00007ffe501aa000 	C:\WINDOWS\System32\bcryptPrimitives.dll
0x00007ffe2ffc0000 - 0x00007ffe2ffe5000 	C:\Program Files\Java\jdk-17.0.4.1\bin\java.dll
0x00007ffe00e30000 - 0x00007ffe00f06000 	C:\Program Files\Java\jdk-17.0.4.1\bin\jsvml.dll
0x00007ffe50d00000 - 0x00007ffe51559000 	C:\WINDOWS\System32\SHELL32.dll
0x00007ffe4de50000 - 0x00007ffe4e744000 	C:\WINDOWS\SYSTEM32\windows.storage.dll
0x00007ffe4dd10000 - 0x00007ffe4de4e000 	C:\WINDOWS\SYSTEM32\wintypes.dll
0x00007ffe50b30000 - 0x00007ffe50c23000 	C:\WINDOWS\System32\SHCORE.dll
0x00007ffe51eb0000 - 0x00007ffe51f0e000 	C:\WINDOWS\System32\shlwapi.dll
0x00007ffe4fe50000 - 0x00007ffe4fe76000 	C:\WINDOWS\SYSTEM32\profapi.dll
0x00007ffe33090000 - 0x00007ffe330a9000 	C:\Program Files\Java\jdk-17.0.4.1\bin\net.dll
0x00007ffe44b60000 - 0x00007ffe44c97000 	C:\WINDOWS\SYSTEM32\WINHTTP.dll
0x00007ffe4f490000 - 0x00007ffe4f4f9000 	C:\WINDOWS\system32\mswsock.dll
0x00007ffe30140000 - 0x00007ffe30156000 	C:\Program Files\Java\jdk-17.0.4.1\bin\nio.dll
0x00007ffe30080000 - 0x00007ffe30098000 	C:\Program Files\Java\jdk-17.0.4.1\bin\zip.dll
0x0000000069ac0000 - 0x0000000069ae4000 	C:\Users\larak\AppData\Local\Temp\jansi-2.4.0-cb821f0ee73b41e6-jansi.dll
0x00007ffe455e0000 - 0x00007ffe455f0000 	C:\Program Files\Java\jdk-17.0.4.1\bin\verify.dll

dbghelp: loaded successfully - version: 4.0.5 - missing functions: none
symbol engine: initialized successfully - sym options: 0x614 - pdb path: .;C:\Program Files\Java\jdk-17.0.4.1\bin;C:\WINDOWS\SYSTEM32;C:\WINDOWS\WinSxS\amd64_microsoft.windows.common-controls_6595b64144ccf1df_6.0.22621.2506_none_270c5ae97388e100;C:\Program Files\Java\jdk-17.0.4.1\bin\server;C:\Users\larak\AppData\Local\Temp

VM Arguments:
jvm_args: -Dmaven.multiModuleProjectDirectory=C:\Senac\curso ds\ProjetoIntegradorUC15\Etapa0708PIUC15\petpug\petpug 
java_command: org.apache.maven.wrapper.MavenWrapperMain -Dmaven.ext.class.path=C:\Program Files\NetBeans-14\netbeans\java\maven-nblib\netbeans-eventspy.jar -Dfile.encoding=UTF-8 install
java_class_path (initial): C:\Senac\curso ds\ProjetoIntegradorUC15\Etapa0708PIUC15\petpug\petpug\.mvn\wrapper\maven-wrapper.jar
Launcher Type: SUN_STANDARD

[Global flags]
     intx CICompilerCount                          = 4                                         {product} {ergonomic}
     uint ConcGCThreads                            = 2                                         {product} {ergonomic}
     uint G1ConcRefinementThreads                  = 8                                         {product} {ergonomic}
   size_t G1HeapRegionSize                         = 1048576                                   {product} {ergonomic}
    uintx GCDrainStackTargetSize                   = 64                                        {product} {ergonomic}
   size_t InitialHeapSize                          = 134217728                                 {product} {ergonomic}
   size_t MarkStackSize                            = 4194304                                   {product} {ergonomic}
   size_t MaxHeapSize                              = 2126512128                                {product} {ergonomic}
   size_t MaxNewSize                               = 1275068416                                {product} {ergonomic}
   size_t MinHeapDeltaBytes                        = 1048576                                   {product} {ergonomic}
   size_t MinHeapSize                              = 8388608                                   {product} {ergonomic}
    uintx NonNMethodCodeHeapSize                   = 5839372                                {pd product} {ergonomic}
    uintx NonProfiledCodeHeapSize                  = 122909434                              {pd product} {ergonomic}
    uintx ProfiledCodeHeapSize                     = 122909434                              {pd product} {ergonomic}
    uintx ReservedCodeCacheSize                    = 251658240                              {pd product} {ergonomic}
     bool SegmentedCodeCache                       = true                                      {product} {ergonomic}
   size_t SoftMaxHeapSize                          = 2126512128                             {manageable} {ergonomic}
     bool UseCompressedClassPointers               = true                           {product lp64_product} {ergonomic}
     bool UseCompressedOops                        = true                           {product lp64_product} {ergonomic}
     bool UseG1GC                                  = true                                      {product} {ergonomic}
     bool UseLargePagesIndividualAllocation        = false                                  {pd product} {ergonomic}

Logging:
Log output configuration:
 #0: stdout all=warning uptime,level,tags
 #1: stderr all=off uptime,level,tags

Environment Variables:
JAVA_HOME=C:\Program Files\Java\jdk-17.0.4.1
PATH=C:\Program Files\Common Files\Oracle\Java\javapath;C:\ProgramData\Oracle\Java\javapath;C:\Program Files (x86)\Intel\Intel(R) Management Engine Components\iCLS\;C:\Program Files\Intel\Intel(R) Management Engine Components\iCLS\;C:\windows\system32;C:\windows;C:\windows\System32\Wbem;C:\windows\System32\WindowsPowerShell\v1.0\;C:\windows\System32\OpenSSH\;C:\Program Files (x86)\NVIDIA Corporation\PhysX\Common;C:\Program Files (x86)\Intel\Intel(R) Management Engine Components\DAL;C:\Program Files\Intel\Intel(R) Management Engine Components\DAL;C:\Program Files (x86)\Intel\Intel(R) Management Engine Components\IPT;C:\Program Files\Intel\Intel(R) Management Engine Components\IPT;C:\WINDOWS\system32;C:\WINDOWS;C:\WINDOWS\System32\Wbem;C:\WINDOWS\System32\WindowsPowerShell\v1.0\;C:\WINDOWS\System32\OpenSSH\;C:\ProgramData\UNIVALI\Portugol Studio;C:\Program Files\Git\cmd;D:\Microsoft VS Code\bin;D:\;C:\Users\larak\AppData\Local\Microsoft\WindowsApps;C:\Program Files\JetBrains\PyCharm Community Edition 2020.3.3\bin;;C:\Users\larak\AppData\Local\GitHubDesktop\bin;C:\Users\larak\AppData\Roaming\npm
USERNAME=larak
OS=Windows_NT
PROCESSOR_IDENTIFIER=Intel64 Family 6 Model 142 Stepping 10, GenuineIntel



---------------  S Y S T E M  ---------------

OS:
 Windows 11 , 64 bit Build 22621 (10.0.22621.2506)
OS uptime: 3 days 14:30 hours

CPU: total 8 (initial active 8) (4 cores per cpu, 2 threads per core) family 6 model 142 stepping 10 microcode 0xe0, cx8, cmov, fxsr, ht, mmx, 3dnowpref, sse, sse2, sse3, ssse3, sse4.1, sse4.2, popcnt, lzcnt, tsc, tscinvbit, avx, avx2, aes, erms, clmul, bmi1, bmi2, adx, fma, vzeroupper, clflush, clflushopt

Memory: 4k page, system-wide physical 8106M (121M free)
TotalPageFile size 32682M (AvailPageFile size 0M)
current process WorkingSet (physical memory assigned to process): 28M, peak: 118M
current process commit charge ("private bytes"): 242M, peak: 262M

vm_info: Java HotSpot(TM) 64-Bit Server VM (17.0.4.1+1-LTS-2) for windows-amd64 JRE (17.0.4.1+1-LTS-2), built on Aug 16 2022 18:32:06 by "mach5one" with MS VC++ 16.8 / 16.9 (VS2019)

END.
