#
# There is insufficient memory for the Java Runtime Environment to continue.
# Native memory allocation (malloc) failed to allocate 32744 bytes for ChunkPool::allocate
# Possible reasons:
#   The system is out of physical RAM or swap space
#   The process is running with CompressedOops enabled, and the Java Heap may be blocking the growth of the native heap
# Possible solutions:
#   Reduce memory load on the system
#   Increase physical memory or swap space
#   Check if swap backing store is full
#   Decrease Java heap size (-Xmx/-Xms)
#   Decrease number of Java threads
#   Decrease Java thread stack sizes (-Xss)
#   Set larger code cache with -XX:ReservedCodeCacheSize=
#   JVM is running with Unscaled Compressed Oops mode in which the Java heap is
#     placed in the first 4GB address space. The Java Heap base address is the
#     maximum limit for the native heap growth. Please use -XX:HeapBaseMinAddress
#     to set the Java Heap base and to place the Java Heap above 4GB virtual address.
# This output file may be truncated or incomplete.
#
#  Out of Memory Error (arena.cpp:78), pid=18912, tid=24584
#
# JRE version: Java(TM) SE Runtime Environment (17.0.4.1+1) (build 17.0.4.1+1-LTS-2)
# Java VM: Java HotSpot(TM) 64-Bit Server VM (17.0.4.1+1-LTS-2, mixed mode, sharing, tiered, compressed oops, compressed class ptrs, g1 gc, windows-amd64)
# No core dump will be written. Minidumps are not enabled by default on client versions of Windows
#

---------------  S U M M A R Y ------------

Command Line: -Dmaven.multiModuleProjectDirectory=C:\Senac\curso ds\ProjetoIntegradorUC15\Etapa0708PIUC15\petpug\petpug org.apache.maven.wrapper.MavenWrapperMain -Dmaven.ext.class.path=C:\Program Files\NetBeans-14\netbeans\java\maven-nblib\netbeans-eventspy.jar -Dfile.encoding=UTF-8 install

Host: Intel(R) Core(TM) i5-8250U CPU @ 1.60GHz, 8 cores, 7G,  Windows 11 , 64 bit Build 22621 (10.0.22621.2506)
Time: Mon Dec 18 09:38:58 2023 Hora oficial do Brasil elapsed time: 243.755872 seconds (0d 0h 4m 3s)

---------------  T H R E A D  ---------------

Current thread (0x00000231c32da5f0):  JavaThread "C2 CompilerThread0" daemon [_thread_in_native, id=24584, stack(0x000000bd8c300000,0x000000bd8c400000)]


Current CompileTask:
C2: 243756 3087       4       org.apache.maven.model.Dependency::getManagementKey (94 bytes)

Stack: [0x000000bd8c300000,0x000000bd8c400000]
Native frames: (J=compiled Java code, j=interpreted, Vv=VM code, C=native code)
V  [jvm.dll+0x6723ba]
V  [jvm.dll+0x7d1e34]
V  [jvm.dll+0x7d35de]
V  [jvm.dll+0x7d3c43]
V  [jvm.dll+0x243065]
V  [jvm.dll+0xaa7c0]
V  [jvm.dll+0xaab0c]
V  [jvm.dll+0x64f2f8]
V  [jvm.dll+0x64f054]
V  [jvm.dll+0x33b872]
V  [jvm.dll+0x68de46]
V  [jvm.dll+0x68d292]
V  [jvm.dll+0x68875d]
V  [jvm.dll+0x68281b]
V  [jvm.dll+0x681e57]
V  [jvm.dll+0x67fd52]
V  [jvm.dll+0x1a51cc]
V  [jvm.dll+0x2a8fe4]
V  [jvm.dll+0x68a865]
V  [jvm.dll+0x68281b]
V  [jvm.dll+0x681e57]
V  [jvm.dll+0x67fd52]
V  [jvm.dll+0x1a51cc]
V  [jvm.dll+0x2a8fe4]
V  [jvm.dll+0x68a865]
V  [jvm.dll+0x68281b]
V  [jvm.dll+0x681e57]
V  [jvm.dll+0x67fd52]
V  [jvm.dll+0x1a51cc]
V  [jvm.dll+0x1a5d96]
V  [jvm.dll+0x1a37cb]
V  [jvm.dll+0x21da9e]
V  [jvm.dll+0x215287]
V  [jvm.dll+0x1a1fcd]
V  [jvm.dll+0x224e08]
V  [jvm.dll+0x222f75]
V  [jvm.dll+0x787a0b]
V  [jvm.dll+0x781fca]
V  [jvm.dll+0x671245]
C  [ucrtbase.dll+0x29363]
C  [KERNEL32.DLL+0x1257d]
C  [ntdll.dll+0x5aa58]


---------------  P R O C E S S  ---------------

Threads class SMR info:
_java_thread_list=0x00000231c3dea960, length=12, elements={
0x00000231a51bbea0, 0x00000231c32be210, 0x00000231c32c0830, 0x00000231c32d5a40,
0x00000231c32d8500, 0x00000231c32d8eb0, 0x00000231c32d9860, 0x00000231c32da5f0,
0x00000231c334aa80, 0x00000231c334e750, 0x00000231c3de3200, 0x00000231c3ded990
}

Java Threads: ( => current thread )
  0x00000231a51bbea0 JavaThread "main" [_thread_in_Java, id=18596, stack(0x000000bd8b500000,0x000000bd8b600000)]
  0x00000231c32be210 JavaThread "Reference Handler" daemon [_thread_blocked, id=20256, stack(0x000000bd8bd00000,0x000000bd8be00000)]
  0x00000231c32c0830 JavaThread "Finalizer" daemon [_thread_blocked, id=20060, stack(0x000000bd8be00000,0x000000bd8bf00000)]
  0x00000231c32d5a40 JavaThread "Signal Dispatcher" daemon [_thread_blocked, id=24440, stack(0x000000bd8bf00000,0x000000bd8c000000)]
  0x00000231c32d8500 JavaThread "Attach Listener" daemon [_thread_blocked, id=20516, stack(0x000000bd8c000000,0x000000bd8c100000)]
  0x00000231c32d8eb0 JavaThread "Service Thread" daemon [_thread_blocked, id=20676, stack(0x000000bd8c100000,0x000000bd8c200000)]
  0x00000231c32d9860 JavaThread "Monitor Deflation Thread" daemon [_thread_blocked, id=24580, stack(0x000000bd8c200000,0x000000bd8c300000)]
=>0x00000231c32da5f0 JavaThread "C2 CompilerThread0" daemon [_thread_in_native, id=24584, stack(0x000000bd8c300000,0x000000bd8c400000)]
  0x00000231c334aa80 JavaThread "C1 CompilerThread0" daemon [_thread_in_native, id=24704, stack(0x000000bd8c400000,0x000000bd8c500000)]
  0x00000231c334e750 JavaThread "Sweeper thread" daemon [_thread_blocked, id=24844, stack(0x000000bd8c500000,0x000000bd8c600000)]
  0x00000231c3de3200 JavaThread "Notification Thread" daemon [_thread_blocked, id=24928, stack(0x000000bd8c600000,0x000000bd8c700000)]
  0x00000231c3ded990 JavaThread "Common-Cleaner" daemon [_thread_blocked, id=25032, stack(0x000000bd8c800000,0x000000bd8c900000)]

Other Threads:
  0x00000231c32b7a70 VMThread "VM Thread" [stack: 0x000000bd8bc00000,0x000000bd8bd00000] [id=19692]
  0x00000231c3ded700 WatcherThread [stack: 0x000000bd8c700000,0x000000bd8c800000] [id=25024]
  0x00000231a52156d0 GCTaskThread "GC Thread#0" [stack: 0x000000bd8b700000,0x000000bd8b800000] [id=19424]
  0x00000231c3ec33f0 GCTaskThread "GC Thread#1" [stack: 0x000000bd8b400000,0x000000bd8b500000] [id=12588]
  0x00000231c40923d0 GCTaskThread "GC Thread#2" [stack: 0x000000bd8b600000,0x000000bd8b700000] [id=19392]
  0x00000231c4187870 GCTaskThread "GC Thread#3" [stack: 0x000000bd8c900000,0x000000bd8ca00000] [id=7660]
  0x00000231c4187b20 GCTaskThread "GC Thread#4" [stack: 0x000000bd8ca00000,0x000000bd8cb00000] [id=16844]
  0x00000231c4572cf0 GCTaskThread "GC Thread#5" [stack: 0x000000bd8cb00000,0x000000bd8cc00000] [id=4640]
  0x00000231c4572fa0 GCTaskThread "GC Thread#6" [stack: 0x000000bd8cc00000,0x000000bd8cd00000] [id=15652]
  0x00000231c4573250 GCTaskThread "GC Thread#7" [stack: 0x000000bd8cd00000,0x000000bd8ce00000] [id=24848]
  0x00000231a52273a0 ConcurrentGCThread "G1 Main Marker" [stack: 0x000000bd8b800000,0x000000bd8b900000] [id=12752]
  0x00000231a5228dc0 ConcurrentGCThread "G1 Conc#0" [stack: 0x000000bd8b900000,0x000000bd8ba00000] [id=19564]
  0x00000231a528e470 ConcurrentGCThread "G1 Refine#0" [stack: 0x000000bd8ba00000,0x000000bd8bb00000] [id=19688]
  0x00000231c491c020 ConcurrentGCThread "G1 Refine#1" [stack: 0x000000bd8ce00000,0x000000bd8cf00000] [id=21136]
  0x00000231c31740c0 ConcurrentGCThread "G1 Service" [stack: 0x000000bd8bb00000,0x000000bd8bc00000] [id=19672]

Threads with active compile tasks:
C2 CompilerThread0   244020 3087       4       org.apache.maven.model.Dependency::getManagementKey (94 bytes)
C1 CompilerThread0   244021 3091       3       org.apache.maven.model.validation.DefaultModelValidator::validateBoolean (98 bytes)

VM state: not at safepoint (normal execution)

VM Mutex/Monitor currently owned by a thread: None

Heap address: 0x0000000081400000, size: 2028 MB, Compressed Oops mode: 32-bit

CDS archive(s) mapped at: [0x0000000800000000-0x0000000800bc0000-0x0000000800bc0000), size 12320768, SharedBaseAddress: 0x0000000800000000, ArchiveRelocationMode: 0.
Compressed class space mapped at: 0x0000000800c00000-0x0000000840c00000, reserved size: 1073741824
Narrow klass base: 0x0000000800000000, Narrow klass shift: 0, Narrow klass range: 0x100000000

GC Precious Log:
 CPUs: 8 total, 8 available
 Memory: 8106M
 Large Page Support: Disabled
 NUMA Support: Disabled
 Compressed Oops: Enabled (32-bit)
 Heap Region Size: 1M
 Heap Min Capacity: 8M
 Heap Initial Capacity: 128M
 Heap Max Capacity: 2028M
 Pre-touch: Disabled
 Parallel Workers: 8
 Concurrent Workers: 2
 Concurrent Refinement Workers: 8
 Periodic GC: Disabled

Heap:
 garbage-first heap   total 131072K, used 18218K [0x0000000081400000, 0x0000000100000000)
  region size 1024K, 14 young (14336K), 4 survivors (4096K)
 Metaspace       used 14960K, committed 15168K, reserved 1064960K
  class space    used 1796K, committed 1920K, reserved 1048576K

Heap Regions: E=young(eden), S=young(survivor), O=old, HS=humongous(starts), HC=humongous(continues), CS=collection set, F=free, OA=open archive, CA=closed archive, TAMS=top-at-mark-start (previous, next)
|   0|0x0000000081400000, 0x0000000081500000, 0x0000000081500000|100%| O|  |TAMS 0x0000000081400000, 0x0000000081400000| Untracked 
|   1|0x0000000081500000, 0x0000000081600000, 0x0000000081600000|100%| O|  |TAMS 0x0000000081500000, 0x0000000081500000| Untracked 
|   2|0x0000000081600000, 0x0000000081700000, 0x0000000081700000|100%| O|  |TAMS 0x0000000081600000, 0x0000000081600000| Untracked 
|   3|0x0000000081700000, 0x0000000081800000, 0x0000000081800000|100%| O|  |TAMS 0x0000000081700000, 0x0000000081700000| Untracked 
|   4|0x0000000081800000, 0x00000000818ca800, 0x0000000081900000| 79%| O|  |TAMS 0x0000000081800000, 0x0000000081800000| Untracked 
|   5|0x0000000081900000, 0x0000000081900000, 0x0000000081a00000|  0%| F|  |TAMS 0x0000000081900000, 0x0000000081900000| Untracked 
|   6|0x0000000081a00000, 0x0000000081a00000, 0x0000000081b00000|  0%| F|  |TAMS 0x0000000081a00000, 0x0000000081a00000| Untracked 
|   7|0x0000000081b00000, 0x0000000081b00000, 0x0000000081c00000|  0%| F|  |TAMS 0x0000000081b00000, 0x0000000081b00000| Untracked 
|   8|0x0000000081c00000, 0x0000000081c00000, 0x0000000081d00000|  0%| F|  |TAMS 0x0000000081c00000, 0x0000000081c00000| Untracked 
|   9|0x0000000081d00000, 0x0000000081d00000, 0x0000000081e00000|  0%| F|  |TAMS 0x0000000081d00000, 0x0000000081d00000| Untracked 
|  10|0x0000000081e00000, 0x0000000081e00000, 0x0000000081f00000|  0%| F|  |TAMS 0x0000000081e00000, 0x0000000081e00000| Untracked 
|  11|0x0000000081f00000, 0x0000000081f00000, 0x0000000082000000|  0%| F|  |TAMS 0x0000000081f00000, 0x0000000081f00000| Untracked 
|  12|0x0000000082000000, 0x0000000082000000, 0x0000000082100000|  0%| F|  |TAMS 0x0000000082000000, 0x0000000082000000| Untracked 
|  13|0x0000000082100000, 0x0000000082100000, 0x0000000082200000|  0%| F|  |TAMS 0x0000000082100000, 0x0000000082100000| Untracked 
|  14|0x0000000082200000, 0x0000000082200000, 0x0000000082300000|  0%| F|  |TAMS 0x0000000082200000, 0x0000000082200000| Untracked 
|  15|0x0000000082300000, 0x0000000082300000, 0x0000000082400000|  0%| F|  |TAMS 0x0000000082300000, 0x0000000082300000| Untracked 
|  16|0x0000000082400000, 0x0000000082400000, 0x0000000082500000|  0%| F|  |TAMS 0x0000000082400000, 0x0000000082400000| Untracked 
|  17|0x0000000082500000, 0x0000000082500000, 0x0000000082600000|  0%| F|  |TAMS 0x0000000082500000, 0x0000000082500000| Untracked 
|  18|0x0000000082600000, 0x0000000082600000, 0x0000000082700000|  0%| F|  |TAMS 0x0000000082600000, 0x0000000082600000| Untracked 
|  19|0x0000000082700000, 0x0000000082700000, 0x0000000082800000|  0%| F|  |TAMS 0x0000000082700000, 0x0000000082700000| Untracked 
|  20|0x0000000082800000, 0x0000000082800000, 0x0000000082900000|  0%| F|  |TAMS 0x0000000082800000, 0x0000000082800000| Untracked 
|  21|0x0000000082900000, 0x0000000082900000, 0x0000000082a00000|  0%| F|  |TAMS 0x0000000082900000, 0x0000000082900000| Untracked 
|  22|0x0000000082a00000, 0x0000000082a00000, 0x0000000082b00000|  0%| F|  |TAMS 0x0000000082a00000, 0x0000000082a00000| Untracked 
|  23|0x0000000082b00000, 0x0000000082b00000, 0x0000000082c00000|  0%| F|  |TAMS 0x0000000082b00000, 0x0000000082b00000| Untracked 
|  24|0x0000000082c00000, 0x0000000082c00000, 0x0000000082d00000|  0%| F|  |TAMS 0x0000000082c00000, 0x0000000082c00000| Untracked 
|  25|0x0000000082d00000, 0x0000000082d00000, 0x0000000082e00000|  0%| F|  |TAMS 0x0000000082d00000, 0x0000000082d00000| Untracked 
|  26|0x0000000082e00000, 0x0000000082e00000, 0x0000000082f00000|  0%| F|  |TAMS 0x0000000082e00000, 0x0000000082e00000| Untracked 
|  27|0x0000000082f00000, 0x0000000082f00000, 0x0000000083000000|  0%| F|  |TAMS 0x0000000082f00000, 0x0000000082f00000| Untracked 
|  28|0x0000000083000000, 0x0000000083000000, 0x0000000083100000|  0%| F|  |TAMS 0x0000000083000000, 0x0000000083000000| Untracked 
|  29|0x0000000083100000, 0x0000000083100000, 0x0000000083200000|  0%| F|  |TAMS 0x0000000083100000, 0x0000000083100000| Untracked 
|  30|0x0000000083200000, 0x0000000083200000, 0x0000000083300000|  0%| F|  |TAMS 0x0000000083200000, 0x0000000083200000| Untracked 
|  31|0x0000000083300000, 0x0000000083300000, 0x0000000083400000|  0%| F|  |TAMS 0x0000000083300000, 0x0000000083300000| Untracked 
|  32|0x0000000083400000, 0x0000000083400000, 0x0000000083500000|  0%| F|  |TAMS 0x0000000083400000, 0x0000000083400000| Untracked 
|  33|0x0000000083500000, 0x0000000083500000, 0x0000000083600000|  0%| F|  |TAMS 0x0000000083500000, 0x0000000083500000| Untracked 
|  34|0x0000000083600000, 0x0000000083600000, 0x0000000083700000|  0%| F|  |TAMS 0x0000000083600000, 0x0000000083600000| Untracked 
|  35|0x0000000083700000, 0x0000000083700000, 0x0000000083800000|  0%| F|  |TAMS 0x0000000083700000, 0x0000000083700000| Untracked 
|  36|0x0000000083800000, 0x0000000083800000, 0x0000000083900000|  0%| F|  |TAMS 0x0000000083800000, 0x0000000083800000| Untracked 
|  37|0x0000000083900000, 0x0000000083900000, 0x0000000083a00000|  0%| F|  |TAMS 0x0000000083900000, 0x0000000083900000| Untracked 
|  38|0x0000000083a00000, 0x0000000083a00000, 0x0000000083b00000|  0%| F|  |TAMS 0x0000000083a00000, 0x0000000083a00000| Untracked 
|  39|0x0000000083b00000, 0x0000000083b00000, 0x0000000083c00000|  0%| F|  |TAMS 0x0000000083b00000, 0x0000000083b00000| Untracked 
|  40|0x0000000083c00000, 0x0000000083c00000, 0x0000000083d00000|  0%| F|  |TAMS 0x0000000083c00000, 0x0000000083c00000| Untracked 
|  41|0x0000000083d00000, 0x0000000083d00000, 0x0000000083e00000|  0%| F|  |TAMS 0x0000000083d00000, 0x0000000083d00000| Untracked 
|  42|0x0000000083e00000, 0x0000000083e00000, 0x0000000083f00000|  0%| F|  |TAMS 0x0000000083e00000, 0x0000000083e00000| Untracked 
|  43|0x0000000083f00000, 0x0000000083f00000, 0x0000000084000000|  0%| F|  |TAMS 0x0000000083f00000, 0x0000000083f00000| Untracked 
|  44|0x0000000084000000, 0x0000000084000000, 0x0000000084100000|  0%| F|  |TAMS 0x0000000084000000, 0x0000000084000000| Untracked 
|  45|0x0000000084100000, 0x0000000084100000, 0x0000000084200000|  0%| F|  |TAMS 0x0000000084100000, 0x0000000084100000| Untracked 
|  46|0x0000000084200000, 0x0000000084200000, 0x0000000084300000|  0%| F|  |TAMS 0x0000000084200000, 0x0000000084200000| Untracked 
|  47|0x0000000084300000, 0x0000000084300000, 0x0000000084400000|  0%| F|  |TAMS 0x0000000084300000, 0x0000000084300000| Untracked 
|  48|0x0000000084400000, 0x0000000084400000, 0x0000000084500000|  0%| F|  |TAMS 0x0000000084400000, 0x0000000084400000| Untracked 
|  49|0x0000000084500000, 0x0000000084500000, 0x0000000084600000|  0%| F|  |TAMS 0x0000000084500000, 0x0000000084500000| Untracked 
|  50|0x0000000084600000, 0x0000000084600000, 0x0000000084700000|  0%| F|  |TAMS 0x0000000084600000, 0x0000000084600000| Untracked 
|  51|0x0000000084700000, 0x0000000084700000, 0x0000000084800000|  0%| F|  |TAMS 0x0000000084700000, 0x0000000084700000| Untracked 
|  52|0x0000000084800000, 0x0000000084800000, 0x0000000084900000|  0%| F|  |TAMS 0x0000000084800000, 0x0000000084800000| Untracked 
|  53|0x0000000084900000, 0x0000000084900000, 0x0000000084a00000|  0%| F|  |TAMS 0x0000000084900000, 0x0000000084900000| Untracked 
|  54|0x0000000084a00000, 0x0000000084a00000, 0x0000000084b00000|  0%| F|  |TAMS 0x0000000084a00000, 0x0000000084a00000| Untracked 
|  55|0x0000000084b00000, 0x0000000084b00000, 0x0000000084c00000|  0%| F|  |TAMS 0x0000000084b00000, 0x0000000084b00000| Untracked 
|  56|0x0000000084c00000, 0x0000000084c00000, 0x0000000084d00000|  0%| F|  |TAMS 0x0000000084c00000, 0x0000000084c00000| Untracked 
|  57|0x0000000084d00000, 0x0000000084d00000, 0x0000000084e00000|  0%| F|  |TAMS 0x0000000084d00000, 0x0000000084d00000| Untracked 
|  58|0x0000000084e00000, 0x0000000084e00000, 0x0000000084f00000|  0%| F|  |TAMS 0x0000000084e00000, 0x0000000084e00000| Untracked 
|  59|0x0000000084f00000, 0x0000000084f00000, 0x0000000085000000|  0%| F|  |TAMS 0x0000000084f00000, 0x0000000084f00000| Untracked 
|  60|0x0000000085000000, 0x0000000085000000, 0x0000000085100000|  0%| F|  |TAMS 0x0000000085000000, 0x0000000085000000| Untracked 
|  61|0x0000000085100000, 0x0000000085100000, 0x0000000085200000|  0%| F|  |TAMS 0x0000000085100000, 0x0000000085100000| Untracked 
|  62|0x0000000085200000, 0x0000000085200000, 0x0000000085300000|  0%| F|  |TAMS 0x0000000085200000, 0x0000000085200000| Untracked 
|  63|0x0000000085300000, 0x0000000085300000, 0x0000000085400000|  0%| F|  |TAMS 0x0000000085300000, 0x0000000085300000| Untracked 
|  64|0x0000000085400000, 0x0000000085400000, 0x0000000085500000|  0%| F|  |TAMS 0x0000000085400000, 0x0000000085400000| Untracked 
|  65|0x0000000085500000, 0x0000000085500000, 0x0000000085600000|  0%| F|  |TAMS 0x0000000085500000, 0x0000000085500000| Untracked 
|  66|0x0000000085600000, 0x0000000085600000, 0x0000000085700000|  0%| F|  |TAMS 0x0000000085600000, 0x0000000085600000| Untracked 
|  67|0x0000000085700000, 0x0000000085700000, 0x0000000085800000|  0%| F|  |TAMS 0x0000000085700000, 0x0000000085700000| Untracked 
|  68|0x0000000085800000, 0x0000000085800000, 0x0000000085900000|  0%| F|  |TAMS 0x0000000085800000, 0x0000000085800000| Untracked 
|  69|0x0000000085900000, 0x0000000085900000, 0x0000000085a00000|  0%| F|  |TAMS 0x0000000085900000, 0x0000000085900000| Untracked 
|  70|0x0000000085a00000, 0x0000000085a00000, 0x0000000085b00000|  0%| F|  |TAMS 0x0000000085a00000, 0x0000000085a00000| Untracked 
|  71|0x0000000085b00000, 0x0000000085b00000, 0x0000000085c00000|  0%| F|  |TAMS 0x0000000085b00000, 0x0000000085b00000| Untracked 
|  72|0x0000000085c00000, 0x0000000085c00000, 0x0000000085d00000|  0%| F|  |TAMS 0x0000000085c00000, 0x0000000085c00000| Untracked 
|  73|0x0000000085d00000, 0x0000000085d00000, 0x0000000085e00000|  0%| F|  |TAMS 0x0000000085d00000, 0x0000000085d00000| Untracked 
|  74|0x0000000085e00000, 0x0000000085e00000, 0x0000000085f00000|  0%| F|  |TAMS 0x0000000085e00000, 0x0000000085e00000| Untracked 
|  75|0x0000000085f00000, 0x0000000085f00000, 0x0000000086000000|  0%| F|  |TAMS 0x0000000085f00000, 0x0000000085f00000| Untracked 
|  76|0x0000000086000000, 0x0000000086000000, 0x0000000086100000|  0%| F|  |TAMS 0x0000000086000000, 0x0000000086000000| Untracked 
|  77|0x0000000086100000, 0x0000000086100000, 0x0000000086200000|  0%| F|  |TAMS 0x0000000086100000, 0x0000000086100000| Untracked 
|  78|0x0000000086200000, 0x0000000086200000, 0x0000000086300000|  0%| F|  |TAMS 0x0000000086200000, 0x0000000086200000| Untracked 
|  79|0x0000000086300000, 0x0000000086300000, 0x0000000086400000|  0%| F|  |TAMS 0x0000000086300000, 0x0000000086300000| Untracked 
|  80|0x0000000086400000, 0x0000000086400000, 0x0000000086500000|  0%| F|  |TAMS 0x0000000086400000, 0x0000000086400000| Untracked 
|  81|0x0000000086500000, 0x0000000086500000, 0x0000000086600000|  0%| F|  |TAMS 0x0000000086500000, 0x0000000086500000| Untracked 
|  82|0x0000000086600000, 0x0000000086600000, 0x0000000086700000|  0%| F|  |TAMS 0x0000000086600000, 0x0000000086600000| Untracked 
|  83|0x0000000086700000, 0x0000000086700000, 0x0000000086800000|  0%| F|  |TAMS 0x0000000086700000, 0x0000000086700000| Untracked 
|  84|0x0000000086800000, 0x0000000086800000, 0x0000000086900000|  0%| F|  |TAMS 0x0000000086800000, 0x0000000086800000| Untracked 
|  85|0x0000000086900000, 0x0000000086900000, 0x0000000086a00000|  0%| F|  |TAMS 0x0000000086900000, 0x0000000086900000| Untracked 
|  86|0x0000000086a00000, 0x0000000086a00000, 0x0000000086b00000|  0%| F|  |TAMS 0x0000000086a00000, 0x0000000086a00000| Untracked 
|  87|0x0000000086b00000, 0x0000000086b00000, 0x0000000086c00000|  0%| F|  |TAMS 0x0000000086b00000, 0x0000000086b00000| Untracked 
|  88|0x0000000086c00000, 0x0000000086c00000, 0x0000000086d00000|  0%| F|  |TAMS 0x0000000086c00000, 0x0000000086c00000| Untracked 
|  89|0x0000000086d00000, 0x0000000086d00000, 0x0000000086e00000|  0%| F|  |TAMS 0x0000000086d00000, 0x0000000086d00000| Untracked 
|  90|0x0000000086e00000, 0x0000000086e00000, 0x0000000086f00000|  0%| F|  |TAMS 0x0000000086e00000, 0x0000000086e00000| Untracked 
|  91|0x0000000086f00000, 0x0000000086f00000, 0x0000000087000000|  0%| F|  |TAMS 0x0000000086f00000, 0x0000000086f00000| Untracked 
|  92|0x0000000087000000, 0x0000000087000000, 0x0000000087100000|  0%| F|  |TAMS 0x0000000087000000, 0x0000000087000000| Untracked 
|  93|0x0000000087100000, 0x0000000087100000, 0x0000000087200000|  0%| F|  |TAMS 0x0000000087100000, 0x0000000087100000| Untracked 
|  94|0x0000000087200000, 0x0000000087300000, 0x0000000087300000|100%| S|CS|TAMS 0x0000000087200000, 0x0000000087200000| Complete 
|  95|0x0000000087300000, 0x0000000087400000, 0x0000000087400000|100%| S|CS|TAMS 0x0000000087300000, 0x0000000087300000| Complete 
|  96|0x0000000087400000, 0x0000000087500000, 0x0000000087500000|100%| S|CS|TAMS 0x0000000087400000, 0x0000000087400000| Complete 
|  97|0x0000000087500000, 0x0000000087600000, 0x0000000087600000|100%| S|CS|TAMS 0x0000000087500000, 0x0000000087500000| Complete 
|  98|0x0000000087600000, 0x0000000087600000, 0x0000000087700000|  0%| F|  |TAMS 0x0000000087600000, 0x0000000087600000| Untracked 
|  99|0x0000000087700000, 0x0000000087700000, 0x0000000087800000|  0%| F|  |TAMS 0x0000000087700000, 0x0000000087700000| Untracked 
| 100|0x0000000087800000, 0x0000000087800000, 0x0000000087900000|  0%| F|  |TAMS 0x0000000087800000, 0x0000000087800000| Untracked 
| 101|0x0000000087900000, 0x0000000087900000, 0x0000000087a00000|  0%| F|  |TAMS 0x0000000087900000, 0x0000000087900000| Untracked 
| 102|0x0000000087a00000, 0x0000000087a00000, 0x0000000087b00000|  0%| F|  |TAMS 0x0000000087a00000, 0x0000000087a00000| Untracked 
| 103|0x0000000087b00000, 0x0000000087b00000, 0x0000000087c00000|  0%| F|  |TAMS 0x0000000087b00000, 0x0000000087b00000| Untracked 
| 104|0x0000000087c00000, 0x0000000087c00000, 0x0000000087d00000|  0%| F|  |TAMS 0x0000000087c00000, 0x0000000087c00000| Untracked 
| 105|0x0000000087d00000, 0x0000000087d00000, 0x0000000087e00000|  0%| F|  |TAMS 0x0000000087d00000, 0x0000000087d00000| Untracked 
| 106|0x0000000087e00000, 0x0000000087e00000, 0x0000000087f00000|  0%| F|  |TAMS 0x0000000087e00000, 0x0000000087e00000| Untracked 
| 107|0x0000000087f00000, 0x0000000087f00000, 0x0000000088000000|  0%| F|  |TAMS 0x0000000087f00000, 0x0000000087f00000| Untracked 
| 108|0x0000000088000000, 0x0000000088000000, 0x0000000088100000|  0%| F|  |TAMS 0x0000000088000000, 0x0000000088000000| Untracked 
| 109|0x0000000088100000, 0x0000000088100000, 0x0000000088200000|  0%| F|  |TAMS 0x0000000088100000, 0x0000000088100000| Untracked 
| 110|0x0000000088200000, 0x0000000088200000, 0x0000000088300000|  0%| F|  |TAMS 0x0000000088200000, 0x0000000088200000| Untracked 
| 111|0x0000000088300000, 0x0000000088300000, 0x0000000088400000|  0%| F|  |TAMS 0x0000000088300000, 0x0000000088300000| Untracked 
| 112|0x0000000088400000, 0x0000000088400000, 0x0000000088500000|  0%| F|  |TAMS 0x0000000088400000, 0x0000000088400000| Untracked 
| 113|0x0000000088500000, 0x0000000088500000, 0x0000000088600000|  0%| F|  |TAMS 0x0000000088500000, 0x0000000088500000| Untracked 
| 114|0x0000000088600000, 0x0000000088600000, 0x0000000088700000|  0%| F|  |TAMS 0x0000000088600000, 0x0000000088600000| Untracked 
| 115|0x0000000088700000, 0x0000000088700000, 0x0000000088800000|  0%| F|  |TAMS 0x0000000088700000, 0x0000000088700000| Untracked 
| 116|0x0000000088800000, 0x0000000088800000, 0x0000000088900000|  0%| F|  |TAMS 0x0000000088800000, 0x0000000088800000| Untracked 
| 117|0x0000000088900000, 0x0000000088900000, 0x0000000088a00000|  0%| F|  |TAMS 0x0000000088900000, 0x0000000088900000| Untracked 
| 118|0x0000000088a00000, 0x0000000088b00000, 0x0000000088b00000|100%| E|  |TAMS 0x0000000088a00000, 0x0000000088a00000| Complete 
| 119|0x0000000088b00000, 0x0000000088c00000, 0x0000000088c00000|100%| E|CS|TAMS 0x0000000088b00000, 0x0000000088b00000| Complete 
| 120|0x0000000088c00000, 0x0000000088d00000, 0x0000000088d00000|100%| E|CS|TAMS 0x0000000088c00000, 0x0000000088c00000| Complete 
| 121|0x0000000088d00000, 0x0000000088e00000, 0x0000000088e00000|100%| E|CS|TAMS 0x0000000088d00000, 0x0000000088d00000| Complete 
| 122|0x0000000088e00000, 0x0000000088f00000, 0x0000000088f00000|100%| E|CS|TAMS 0x0000000088e00000, 0x0000000088e00000| Complete 
| 123|0x0000000088f00000, 0x0000000089000000, 0x0000000089000000|100%| E|CS|TAMS 0x0000000088f00000, 0x0000000088f00000| Complete 
| 124|0x0000000089000000, 0x0000000089100000, 0x0000000089100000|100%| E|CS|TAMS 0x0000000089000000, 0x0000000089000000| Complete 
| 125|0x0000000089100000, 0x0000000089200000, 0x0000000089200000|100%| E|CS|TAMS 0x0000000089100000, 0x0000000089100000| Complete 
| 126|0x0000000089200000, 0x0000000089300000, 0x0000000089300000|100%| E|CS|TAMS 0x0000000089200000, 0x0000000089200000| Complete 
| 127|0x0000000089300000, 0x0000000089400000, 0x0000000089400000|100%| E|CS|TAMS 0x0000000089300000, 0x0000000089300000| Complete 

Card table byte_map: [0x00000231bc160000,0x00000231bc560000] _byte_map_base: 0x00000231bbd56000

Marking Bits (Prev, Next): (CMBitMap*) 0x00000231a5215ce0, (CMBitMap*) 0x00000231a5215d20
 Prev Bits: [0x00000231bc960000, 0x00000231be910000)
 Next Bits: [0x00000231be910000, 0x00000231c08c0000)

Polling page: 0x00000231a31c0000

Metaspace:

Usage:
  Non-class:     12.86 MB used.
      Class:      1.75 MB used.
       Both:     14.61 MB used.

Virtual space:
  Non-class space:       16.00 MB reserved,      12.94 MB ( 81%) committed,  2 nodes.
      Class space:        1.00 GB reserved,       1.88 MB ( <1%) committed,  1 nodes.
             Both:        1.02 GB reserved,      14.81 MB (  1%) committed. 

Chunk freelists:
   Non-Class:  2.33 MB
       Class:  2.00 MB
        Both:  4.33 MB

MaxMetaspaceSize: unlimited
CompressedClassSpaceSize: 1.00 GB
Initial GC threshold: 21.00 MB
Current GC threshold: 21.00 MB
CDS: on
MetaspaceReclaimPolicy: balanced
 - commit_granule_bytes: 65536.
 - commit_granule_words: 8192.
 - virtual_space_node_default_size: 1048576.
 - enlarge_chunks_in_place: 1.
 - new_chunks_are_fully_committed: 0.
 - uncommit_free_chunks: 1.
 - use_allocation_guard: 0.
 - handle_deallocations: 1.


Internal statistics:

num_allocs_failed_limit: 0.
num_arena_births: 84.
num_arena_deaths: 0.
num_vsnodes_births: 3.
num_vsnodes_deaths: 0.
num_space_committed: 237.
num_space_uncommitted: 0.
num_chunks_returned_to_freelist: 0.
num_chunks_taken_from_freelist: 603.
num_chunk_merges: 0.
num_chunk_splits: 416.
num_chunks_enlarged: 339.
num_purges: 0.
num_inconsistent_stats: 0.

CodeHeap 'non-profiled nmethods': size=120000Kb used=1225Kb max_used=1225Kb free=118774Kb
 bounds [0x00000231b4500000, 0x00000231b4770000, 0x00000231bba30000]
CodeHeap 'profiled nmethods': size=120000Kb used=6245Kb max_used=6245Kb free=113754Kb
 bounds [0x00000231acfd0000, 0x00000231ad5f0000, 0x00000231b4500000]
CodeHeap 'non-nmethods': size=5760Kb used=1174Kb max_used=1219Kb free=4586Kb
 bounds [0x00000231aca30000, 0x00000231acca0000, 0x00000231acfd0000]
 total_blobs=3538 nmethods=3072 adapters=378
 compilation: enabled
              stopped_count=0, restarted_count=0
 full_count=0

Compilation events (20 events):
Event: 242.305 Thread 0x00000231c334aa80 3079       3       java.util.Hashtable::<init> (10 bytes)
Event: 242.306 Thread 0x00000231c334aa80 nmethod 3079 0x00000231ad5e6b10 code [0x00000231ad5e6cc0, 0x00000231ad5e6e98]
Event: 242.460 Thread 0x00000231c334aa80 3080       1       org.apache.maven.model.building.ModelData::getRawModel (5 bytes)
Event: 242.460 Thread 0x00000231c334aa80 nmethod 3080 0x00000231b4631f10 code [0x00000231b46320a0, 0x00000231b4632178]
Event: 242.479 Thread 0x00000231c334aa80 3081   !   3       java.io.File::toPath (54 bytes)
Event: 242.480 Thread 0x00000231c334aa80 nmethod 3081 0x00000231ad5e6f90 code [0x00000231ad5e7180, 0x00000231ad5e77a8]
Event: 242.781 Thread 0x00000231c334aa80 3082       3       java.util.regex.Pattern$Begin::match (62 bytes)
Event: 242.781 Thread 0x00000231c334aa80 nmethod 3082 0x00000231ad5e7a10 code [0x00000231ad5e7bc0, 0x00000231ad5e7f08]
Event: 243.659 Thread 0x00000231c334aa80 3083       1       org.apache.maven.model.RepositoryPolicy::getEnabled (5 bytes)
Event: 243.659 Thread 0x00000231c334aa80 nmethod 3083 0x00000231b4632210 code [0x00000231b46323a0, 0x00000231b4632478]
Event: 243.665 Thread 0x00000231c334aa80 3084       3       sun.nio.ch.FileKey::hashCode (42 bytes)
Event: 243.665 Thread 0x00000231c334aa80 nmethod 3084 0x00000231ad5e8090 code [0x00000231ad5e8220, 0x00000231ad5e8358]
Event: 243.672 Thread 0x00000231c334aa80 3085       3       java.util.Collections$UnmodifiableCollection::<init> (22 bytes)
Event: 243.672 Thread 0x00000231c334aa80 nmethod 3085 0x00000231ad5e8410 code [0x00000231ad5e85c0, 0x00000231ad5e8888]
Event: 243.672 Thread 0x00000231c334aa80 3086       3       org.apache.maven.model.ModelBase::getRepositories (23 bytes)
Event: 243.673 Thread 0x00000231c334aa80 nmethod 3086 0x00000231ad5e8990 code [0x00000231ad5e8b60, 0x00000231ad5e8f58]
Event: 243.676 Thread 0x00000231c32da5f0 3087       4       org.apache.maven.model.Dependency::getManagementKey (94 bytes)
Event: 243.677 Thread 0x00000231c334aa80 3090       3       org.apache.maven.model.validation.DefaultModelValidator::isValidIdWithWildCardCharacter (26 bytes)
Event: 243.677 Thread 0x00000231c334aa80 nmethod 3090 0x00000231ad5e9090 code [0x00000231ad5e9240, 0x00000231ad5e9468]
Event: 243.677 Thread 0x00000231c334aa80 3091       3       org.apache.maven.model.validation.DefaultModelValidator::validateBoolean (98 bytes)

GC Heap History (8 events):
Event: 68.619 GC heap before
{Heap before GC invocations=0 (full 0):
 garbage-first heap   total 131072K, used 22528K [0x0000000081400000, 0x0000000100000000)
  region size 1024K, 23 young (23552K), 0 survivors (0K)
 Metaspace       used 5658K, committed 5824K, reserved 1056768K
  class space    used 676K, committed 768K, reserved 1048576K
}
Event: 69.780 GC heap after
{Heap after GC invocations=1 (full 0):
 garbage-first heap   total 131072K, used 3787K [0x0000000081400000, 0x0000000100000000)
  region size 1024K, 3 young (3072K), 3 survivors (3072K)
 Metaspace       used 5658K, committed 5824K, reserved 1056768K
  class space    used 676K, committed 768K, reserved 1048576K
}
Event: 111.520 GC heap before
{Heap before GC invocations=1 (full 0):
 garbage-first heap   total 131072K, used 17099K [0x0000000081400000, 0x0000000100000000)
  region size 1024K, 16 young (16384K), 3 survivors (3072K)
 Metaspace       used 6840K, committed 7040K, reserved 1056768K
  class space    used 814K, committed 896K, reserved 1048576K
}
Event: 111.537 GC heap after
{Heap after GC invocations=2 (full 0):
 garbage-first heap   total 131072K, used 4416K [0x0000000081400000, 0x0000000100000000)
  region size 1024K, 1 young (1024K), 1 survivors (1024K)
 Metaspace       used 6840K, committed 7040K, reserved 1056768K
  class space    used 814K, committed 896K, reserved 1048576K
}
Event: 172.802 GC heap before
{Heap before GC invocations=2 (full 0):
 garbage-first heap   total 131072K, used 26944K [0x0000000081400000, 0x0000000100000000)
  region size 1024K, 23 young (23552K), 1 survivors (1024K)
 Metaspace       used 10323K, committed 10496K, reserved 1064960K
  class space    used 1261K, committed 1344K, reserved 1048576K
}
Event: 172.830 GC heap after
{Heap after GC invocations=3 (full 0):
 garbage-first heap   total 131072K, used 5753K [0x0000000081400000, 0x0000000100000000)
  region size 1024K, 2 young (2048K), 2 survivors (2048K)
 Metaspace       used 10323K, committed 10496K, reserved 1064960K
  class space    used 1261K, committed 1344K, reserved 1048576K
}
Event: 229.800 GC heap before
{Heap before GC invocations=3 (full 0):
 garbage-first heap   total 131072K, used 34425K [0x0000000081400000, 0x0000000100000000)
  region size 1024K, 30 young (30720K), 2 survivors (2048K)
 Metaspace       used 14800K, committed 14976K, reserved 1064960K
  class space    used 1794K, committed 1920K, reserved 1048576K
}
Event: 229.822 GC heap after
{Heap after GC invocations=4 (full 0):
 garbage-first heap   total 131072K, used 9002K [0x0000000081400000, 0x0000000100000000)
  region size 1024K, 4 young (4096K), 4 survivors (4096K)
 Metaspace       used 14800K, committed 14976K, reserved 1064960K
  class space    used 1794K, committed 1920K, reserved 1048576K
}

Deoptimization events (20 events):
Event: 230.977 Thread 0x00000231a51bbea0 Uncommon trap: trap_request=0xffffff45 fr.pc=0x00000231b45a96d8 relative=0x00000000000001d8
Event: 230.977 Thread 0x00000231a51bbea0 Uncommon trap: reason=unstable_if action=reinterpret pc=0x00000231b45a96d8 method=java.lang.String.indexOf(Ljava/lang/String;)I @ 10 c2
Event: 230.977 Thread 0x00000231a51bbea0 DEOPT PACKING pc=0x00000231b45a96d8 sp=0x000000bd8b5fcf80
Event: 230.977 Thread 0x00000231a51bbea0 DEOPT UNPACKING pc=0x00000231aca823a3 sp=0x000000bd8b5fcf10 mode 2
Event: 232.895 Thread 0x00000231a51bbea0 Uncommon trap: trap_request=0xffffff45 fr.pc=0x00000231b45473bc relative=0x000000000000019c
Event: 232.895 Thread 0x00000231a51bbea0 Uncommon trap: reason=unstable_if action=reinterpret pc=0x00000231b45473bc method=java.lang.String.indexOf(II)I @ 4 c2
Event: 232.895 Thread 0x00000231a51bbea0 DEOPT PACKING pc=0x00000231b45473bc sp=0x000000bd8b5fce80
Event: 232.895 Thread 0x00000231a51bbea0 DEOPT UNPACKING pc=0x00000231aca823a3 sp=0x000000bd8b5fce20 mode 2
Event: 233.503 Thread 0x00000231a51bbea0 Uncommon trap: trap_request=0xffffff45 fr.pc=0x00000231b4616bc4 relative=0x0000000000000c04
Event: 233.503 Thread 0x00000231a51bbea0 Uncommon trap: reason=unstable_if action=reinterpret pc=0x00000231b4616bc4 method=org.codehaus.plexus.util.xml.pull.MXParser.nextImpl()I @ 973 c2
Event: 233.503 Thread 0x00000231a51bbea0 DEOPT PACKING pc=0x00000231b4616bc4 sp=0x000000bd8b5fcf60
Event: 233.503 Thread 0x00000231a51bbea0 DEOPT UNPACKING pc=0x00000231aca823a3 sp=0x000000bd8b5fced8 mode 2
Event: 233.503 Thread 0x00000231a51bbea0 Uncommon trap: trap_request=0xffffff45 fr.pc=0x00000231b45e12d0 relative=0x0000000000000050
Event: 233.503 Thread 0x00000231a51bbea0 Uncommon trap: reason=unstable_if action=reinterpret pc=0x00000231b45e12d0 method=org.codehaus.plexus.util.xml.pull.MXParser.isValidCodePoint(I)Z @ 3 c2
Event: 233.503 Thread 0x00000231a51bbea0 DEOPT PACKING pc=0x00000231b45e12d0 sp=0x000000bd8b5fcde0
Event: 233.503 Thread 0x00000231a51bbea0 DEOPT UNPACKING pc=0x00000231aca823a3 sp=0x000000bd8b5fcd70 mode 2
Event: 235.846 Thread 0x00000231a51bbea0 Uncommon trap: trap_request=0xffffff45 fr.pc=0x00000231b461d9a8 relative=0x00000000000000a8
Event: 235.846 Thread 0x00000231a51bbea0 Uncommon trap: reason=unstable_if action=reinterpret pc=0x00000231b461d9a8 method=org.apache.maven.model.validation.DefaultModelValidator.isValidIdCharacter(C)Z @ 33 c2
Event: 235.846 Thread 0x00000231a51bbea0 DEOPT PACKING pc=0x00000231b461d9a8 sp=0x000000bd8b5fd050
Event: 235.847 Thread 0x00000231a51bbea0 DEOPT UNPACKING pc=0x00000231aca823a3 sp=0x000000bd8b5fcfd8 mode 2

Classes unloaded (0 events):
No events

Classes redefined (0 events):
No events

Internal exceptions (20 events):
Event: 41.963 Thread 0x00000231a51bbea0 Exception <a 'java/lang/NoSuchMethodError'{0x0000000088b28830}: 'java.lang.Object java.lang.invoke.DirectMethodHandle$Holder.invokeSpecialIFC(java.lang.Object, java.lang.Object, java.lang.Object, java.lang.Object)'> (0x0000000088b28830) 
thrown [s\open\src\hotspot\share\interpreter\linkResolver.cpp, line 759]
Event: 50.811 Thread 0x00000231a51bbea0 Exception <a 'java/lang/NoSuchMethodError'{0x000000008852a3a8}: 'java.lang.Object java.lang.invoke.DirectMethodHandle$Holder.invokeStaticInit(java.lang.Object)'> (0x000000008852a3a8) 
thrown [s\open\src\hotspot\share\interpreter\linkResolver.cpp, line 759]
Event: 50.822 Thread 0x00000231a51bbea0 Exception <a 'java/lang/NoSuchMethodError'{0x000000008854aad0}: 'void java.lang.invoke.DirectMethodHandle$Holder.invokeSpecial(java.lang.Object, java.lang.Object, java.lang.Object)'> (0x000000008854aad0) 
thrown [s\open\src\hotspot\share\interpreter\linkResolver.cpp, line 759]
Event: 56.083 Thread 0x00000231a51bbea0 Exception <a 'java/lang/NoSuchMethodError'{0x00000000884cfdb0}: 'java.lang.Object java.lang.invoke.DirectMethodHandle$Holder.invokeInterface(java.lang.Object, java.lang.Object)'> (0x00000000884cfdb0) 
thrown [s\open\src\hotspot\share\interpreter\linkResolver.cpp, line 759]
Event: 57.754 Thread 0x00000231a51bbea0 Exception <a 'java/lang/NoSuchMethodError'{0x000000008838d588}: 'java.lang.Object java.lang.invoke.Invokers$Holder.invokeExact_MT(java.lang.Object, java.lang.Object, java.lang.Object, java.lang.Object, java.lang.Object, java.lang.Object)'> (0x000000008838d588) 
thrown [s\open\src\hotspot\share\interpreter\linkResolver.cpp, line 759]
Event: 58.142 Thread 0x00000231a51bbea0 Exception <a 'java/lang/NoSuchMethodError'{0x000000008839ea48}: 'int java.lang.invoke.DirectMethodHandle$Holder.invokeSpecialIFC(java.lang.Object, java.lang.Object, java.lang.Object, java.lang.Object, java.lang.Object)'> (0x000000008839ea48) 
thrown [s\open\src\hotspot\share\interpreter\linkResolver.cpp, line 759]
Event: 60.040 Thread 0x00000231a51bbea0 Exception <a 'java/lang/NoSuchMethodError'{0x000000008817e708}: 'java.lang.Object java.lang.invoke.DirectMethodHandle$Holder.newInvokeSpecial(java.lang.Object, java.lang.Object, java.lang.Object, java.lang.Object, java.lang.Object)'> (0x000000008817e708) 
thrown [s\open\src\hotspot\share\interpreter\linkResolver.cpp, line 759]
Event: 62.921 Thread 0x00000231a51bbea0 Exception <a 'java/lang/NoSuchMethodError'{0x0000000088095f28}: 'int java.lang.invoke.DirectMethodHandle$Holder.invokeStaticInit(java.lang.Object, java.lang.Object)'> (0x0000000088095f28) 
thrown [s\open\src\hotspot\share\interpreter\linkResolver.cpp, line 759]
Event: 63.711 Thread 0x00000231a51bbea0 Exception <a 'java/lang/NoClassDefFoundError'{0x00000000880d42c0}: javax/enterprise/inject/Typed> (0x00000000880d42c0) 
thrown [s\open\src\hotspot\share\classfile\systemDictionary.cpp, line 245]
Event: 176.528 Thread 0x00000231a51bbea0 Exception <a 'java/lang/NoSuchMethodError'{0x0000000089291da8}: 'void java.lang.invoke.DirectMethodHandle$Holder.invokeStaticInit(java.lang.Object, java.lang.Object, java.lang.Object)'> (0x0000000089291da8) 
thrown [s\open\src\hotspot\share\interpreter\linkResolver.cpp, line 759]
Event: 176.556 Thread 0x00000231a51bbea0 Exception <a 'java/lang/ExceptionInInitializerError'{0x00000000892bef18}> (0x00000000892bef18) 
thrown [s\open\src\hotspot\share\oops\instanceKlass.cpp, line 1166]
Event: 178.842 Thread 0x00000231a51bbea0 Implicit null exception at 0x00000231b455e5af to 0x00000231b455e70c
Event: 178.894 Thread 0x00000231a51bbea0 Exception <a 'java/lang/NoSuchMethodError'{0x00000000891d9cf8}: 'java.lang.Object java.lang.invoke.Invokers$Holder.invokeExact_MT(java.lang.Object, int, java.lang.Object)'> (0x00000000891d9cf8) 
thrown [s\open\src\hotspot\share\interpreter\linkResolver.cpp, line 759]
Event: 179.358 Thread 0x00000231a51bbea0 Exception <a 'java/lang/NoSuchMethodError'{0x000000008903c880}: 'void java.lang.invoke.DirectMethodHandle$Holder.invokeStatic(java.lang.Object, java.lang.Object)'> (0x000000008903c880) 
thrown [s\open\src\hotspot\share\interpreter\linkResolver.cpp, line 759]
Event: 179.365 Thread 0x00000231a51bbea0 Exception <a 'java/lang/NoSuchMethodError'{0x000000008904d3e0}: 'int java.lang.invoke.DirectMethodHandle$Holder.invokeSpecial(java.lang.Object, java.lang.Object, java.lang.Object, java.lang.Object)'> (0x000000008904d3e0) 
thrown [s\open\src\hotspot\share\interpreter\linkResolver.cpp, line 759]
Event: 194.170 Thread 0x00000231a51bbea0 Exception <a 'java/lang/NoClassDefFoundError'{0x00000000888c5988}: com/google/inject/servlet/ServletModuleTargetVisitor> (0x00000000888c5988) 
thrown [s\open\src\hotspot\share\classfile\systemDictionary.cpp, line 245]
Event: 200.932 Thread 0x00000231a51bbea0 Exception <a 'java/lang/NoSuchMethodError'{0x0000000088565818}: 'void java.lang.invoke.DirectMethodHandle$Holder.invokeVirtual(java.lang.Object, java.lang.Object)'> (0x0000000088565818) 
thrown [s\open\src\hotspot\share\interpreter\linkResolver.cpp, line 759]
Event: 201.472 Thread 0x00000231a51bbea0 Exception <a 'java/lang/NoSuchMethodError'{0x00000000885ef1f0}: 'java.lang.Object java.lang.invoke.DirectMethodHandle$Holder.invokeStaticInit(java.lang.Object, int, int, int, int)'> (0x00000000885ef1f0) 
thrown [s\open\src\hotspot\share\interpreter\linkResolver.cpp, line 759]
Event: 214.510 Thread 0x00000231a51bbea0 Implicit null exception at 0x00000231b4527af2 to 0x00000231b452810c
Event: 214.745 Thread 0x00000231a51bbea0 Implicit null exception at 0x00000231b452aef2 to 0x00000231b452b50c

VM Operations (20 events):
Event: 227.031 Executing VM operation: Cleanup
Event: 227.050 Executing VM operation: Cleanup done
Event: 228.065 Executing VM operation: Cleanup
Event: 228.065 Executing VM operation: Cleanup done
Event: 229.069 Executing VM operation: Cleanup
Event: 229.071 Executing VM operation: Cleanup done
Event: 229.800 Executing VM operation: G1CollectForAllocation
Event: 229.823 Executing VM operation: G1CollectForAllocation done
Event: 230.828 Executing VM operation: Cleanup
Event: 230.845 Executing VM operation: Cleanup done
Event: 231.850 Executing VM operation: Cleanup
Event: 232.716 Executing VM operation: Cleanup done
Event: 233.737 Executing VM operation: Cleanup
Event: 234.434 Executing VM operation: Cleanup done
Event: 236.452 Executing VM operation: Cleanup
Event: 236.892 Executing VM operation: Cleanup done
Event: 237.899 Executing VM operation: Cleanup
Event: 237.916 Executing VM operation: Cleanup done
Event: 240.379 Executing VM operation: Cleanup
Event: 240.671 Executing VM operation: Cleanup done

Events (20 events):
Event: 217.056 loading class java/nio/channels/spi/AbstractInterruptibleChannel$1
Event: 217.057 loading class sun/nio/ch/Interruptible
Event: 217.057 loading class sun/nio/ch/Interruptible done
Event: 217.057 loading class java/nio/channels/spi/AbstractInterruptibleChannel$1 done
Event: 217.058 loading class java/util/AbstractMap$2
Event: 217.058 loading class java/util/AbstractMap$2 done
Event: 217.058 loading class java/util/AbstractMap$2$1
Event: 217.058 loading class java/util/AbstractMap$2$1 done
Event: 219.286 loading class sun/util/resources/LocaleData$CommonResourceBundleProvider
Event: 219.286 loading class sun/util/resources/LocaleData$LocaleDataResourceBundleProvider
Event: 219.286 loading class java/util/spi/ResourceBundleProvider
Event: 219.286 loading class java/util/spi/ResourceBundleProvider done
Event: 219.286 loading class sun/util/resources/LocaleData$LocaleDataResourceBundleProvider done
Event: 219.286 loading class sun/util/resources/LocaleData$CommonResourceBundleProvider done
Event: 219.314 loading class sun/util/resources/Bundles$2
Event: 219.314 loading class sun/util/resources/Bundles$2 done
Event: 225.175 loading class java/lang/Short$ShortCache
Event: 225.387 loading class java/lang/Short$ShortCache done
Event: 225.388 loading class java/lang/Byte$ByteCache
Event: 225.453 loading class java/lang/Byte$ByteCache done


Dynamic libraries:
0x00007ff75cc70000 - 0x00007ff75cc80000 	C:\Program Files\Java\jdk-17.0.4.1\bin\java.exe
0x00007ffe52bb0000 - 0x00007ffe52dc7000 	C:\WINDOWS\SYSTEM32\ntdll.dll
0x00007ffe51f30000 - 0x00007ffe51ff4000 	C:\WINDOWS\System32\KERNEL32.DLL
0x00007ffe501b0000 - 0x00007ffe50555000 	C:\WINDOWS\System32\KERNELBASE.dll
0x00007ffe50720000 - 0x00007ffe50831000 	C:\WINDOWS\System32\ucrtbase.dll
0x00007ffe30030000 - 0x00007ffe30048000 	C:\Program Files\Java\jdk-17.0.4.1\bin\jli.dll
0x00007ffe517e0000 - 0x00007ffe51891000 	C:\WINDOWS\System32\ADVAPI32.dll
0x00007ffe518a0000 - 0x00007ffe51947000 	C:\WINDOWS\System32\msvcrt.dll
0x00007ffe522a0000 - 0x00007ffe52346000 	C:\WINDOWS\System32\sechost.dll
0x00007ffe52000000 - 0x00007ffe52117000 	C:\WINDOWS\System32\RPCRT4.dll
0x00007ffe50980000 - 0x00007ffe50b2e000 	C:\WINDOWS\System32\USER32.dll
0x00007ffe506f0000 - 0x00007ffe50716000 	C:\WINDOWS\System32\win32u.dll
0x00007ffe51c60000 - 0x00007ffe51c89000 	C:\WINDOWS\System32\GDI32.dll
0x00007ffe50560000 - 0x00007ffe50679000 	C:\WINDOWS\System32\gdi32full.dll
0x00007ffe4ff20000 - 0x00007ffe4ffba000 	C:\WINDOWS\System32\msvcp_win.dll
0x00007ffe33530000 - 0x00007ffe3354a000 	C:\Program Files\Java\jdk-17.0.4.1\bin\VCRUNTIME140.dll
0x00007ffe37df0000 - 0x00007ffe38083000 	C:\WINDOWS\WinSxS\amd64_microsoft.windows.common-controls_6595b64144ccf1df_6.0.22621.2506_none_270c5ae97388e100\COMCTL32.dll
0x00007ffe43a50000 - 0x00007ffe43a5a000 	C:\WINDOWS\SYSTEM32\VERSION.dll
0x00007ffe51c90000 - 0x00007ffe51cc1000 	C:\WINDOWS\System32\IMM32.DLL
0x00007ffe46400000 - 0x00007ffe4640c000 	C:\Program Files\Java\jdk-17.0.4.1\bin\vcruntime140_1.dll
0x00007ffe10100000 - 0x00007ffe1018d000 	C:\Program Files\Java\jdk-17.0.4.1\bin\msvcp140.dll
0x00007ffdedab0000 - 0x00007ffdee672000 	C:\Program Files\Java\jdk-17.0.4.1\bin\server\jvm.dll
0x00007ffe52b60000 - 0x00007ffe52b68000 	C:\WINDOWS\System32\PSAPI.DLL
0x00007ffe48480000 - 0x00007ffe48489000 	C:\WINDOWS\SYSTEM32\WSOCK32.dll
0x00007ffe50900000 - 0x00007ffe50971000 	C:\WINDOWS\System32\WS2_32.dll
0x00007ffe44d00000 - 0x00007ffe44d34000 	C:\WINDOWS\SYSTEM32\WINMM.dll
0x00007ffe4efb0000 - 0x00007ffe4efc8000 	C:\WINDOWS\SYSTEM32\kernel.appcore.dll
0x00007ffe45ed0000 - 0x00007ffe45eda000 	C:\Program Files\Java\jdk-17.0.4.1\bin\jimage.dll
0x00007ffe4d850000 - 0x00007ffe4da83000 	C:\WINDOWS\SYSTEM32\DBGHELP.DLL
0x00007ffe52350000 - 0x00007ffe526d9000 	C:\WINDOWS\System32\combase.dll
0x00007ffe51950000 - 0x00007ffe51a27000 	C:\WINDOWS\System32\OLEAUT32.dll
0x00007ffe315e0000 - 0x00007ffe31612000 	C:\WINDOWS\SYSTEM32\dbgcore.DLL
0x00007ffe50130000 - 0x00007ffe501aa000 	C:\WINDOWS\System32\bcryptPrimitives.dll
0x00007ffe2ffc0000 - 0x00007ffe2ffe5000 	C:\Program Files\Java\jdk-17.0.4.1\bin\java.dll
0x00007ffe00e30000 - 0x00007ffe00f06000 	C:\Program Files\Java\jdk-17.0.4.1\bin\jsvml.dll
0x00007ffe50d00000 - 0x00007ffe51559000 	C:\WINDOWS\System32\SHELL32.dll
0x00007ffe4de50000 - 0x00007ffe4e744000 	C:\WINDOWS\SYSTEM32\windows.storage.dll
0x00007ffe4dd10000 - 0x00007ffe4de4e000 	C:\WINDOWS\SYSTEM32\wintypes.dll
0x00007ffe50b30000 - 0x00007ffe50c23000 	C:\WINDOWS\System32\SHCORE.dll
0x00007ffe51eb0000 - 0x00007ffe51f0e000 	C:\WINDOWS\System32\shlwapi.dll
0x00007ffe4fe50000 - 0x00007ffe4fe76000 	C:\WINDOWS\SYSTEM32\profapi.dll
0x00007ffe33090000 - 0x00007ffe330a9000 	C:\Program Files\Java\jdk-17.0.4.1\bin\net.dll
0x00007ffe44b60000 - 0x00007ffe44c97000 	C:\WINDOWS\SYSTEM32\WINHTTP.dll
0x00007ffe4f490000 - 0x00007ffe4f4f9000 	C:\WINDOWS\system32\mswsock.dll
0x00007ffe30140000 - 0x00007ffe30156000 	C:\Program Files\Java\jdk-17.0.4.1\bin\nio.dll
0x00007ffe30080000 - 0x00007ffe30098000 	C:\Program Files\Java\jdk-17.0.4.1\bin\zip.dll
0x0000000069ac0000 - 0x0000000069ae4000 	C:\Users\larak\AppData\Local\Temp\jansi-2.4.0-f113fbd1c3d0fb3e-jansi.dll
0x00007ffe455e0000 - 0x00007ffe455f0000 	C:\Program Files\Java\jdk-17.0.4.1\bin\verify.dll

dbghelp: loaded successfully - version: 4.0.5 - missing functions: none
symbol engine: initialized successfully - sym options: 0x614 - pdb path: .;C:\Program Files\Java\jdk-17.0.4.1\bin;C:\WINDOWS\SYSTEM32;C:\WINDOWS\WinSxS\amd64_microsoft.windows.common-controls_6595b64144ccf1df_6.0.22621.2506_none_270c5ae97388e100;C:\Program Files\Java\jdk-17.0.4.1\bin\server;C:\Users\larak\AppData\Local\Temp

VM Arguments:
jvm_args: -Dmaven.multiModuleProjectDirectory=C:\Senac\curso ds\ProjetoIntegradorUC15\Etapa0708PIUC15\petpug\petpug 
java_command: org.apache.maven.wrapper.MavenWrapperMain -Dmaven.ext.class.path=C:\Program Files\NetBeans-14\netbeans\java\maven-nblib\netbeans-eventspy.jar -Dfile.encoding=UTF-8 install
java_class_path (initial): C:\Senac\curso ds\ProjetoIntegradorUC15\Etapa0708PIUC15\petpug\petpug\.mvn\wrapper\maven-wrapper.jar
Launcher Type: SUN_STANDARD

[Global flags]
     intx CICompilerCount                          = 4                                         {product} {ergonomic}
     uint ConcGCThreads                            = 2                                         {product} {ergonomic}
     uint G1ConcRefinementThreads                  = 8                                         {product} {ergonomic}
   size_t G1HeapRegionSize                         = 1048576                                   {product} {ergonomic}
    uintx GCDrainStackTargetSize                   = 64                                        {product} {ergonomic}
   size_t InitialHeapSize                          = 134217728                                 {product} {ergonomic}
   size_t MarkStackSize                            = 4194304                                   {product} {ergonomic}
   size_t MaxHeapSize                              = 2126512128                                {product} {ergonomic}
   size_t MaxNewSize                               = 1275068416                                {product} {ergonomic}
   size_t MinHeapDeltaBytes                        = 1048576                                   {product} {ergonomic}
   size_t MinHeapSize                              = 8388608                                   {product} {ergonomic}
    uintx NonNMethodCodeHeapSize                   = 5839372                                {pd product} {ergonomic}
    uintx NonProfiledCodeHeapSize                  = 122909434                              {pd product} {ergonomic}
    uintx ProfiledCodeHeapSize                     = 122909434                              {pd product} {ergonomic}
    uintx ReservedCodeCacheSize                    = 251658240                              {pd product} {ergonomic}
     bool SegmentedCodeCache                       = true                                      {product} {ergonomic}
   size_t SoftMaxHeapSize                          = 2126512128                             {manageable} {ergonomic}
     bool UseCompressedClassPointers               = true                           {product lp64_product} {ergonomic}
     bool UseCompressedOops                        = true                           {product lp64_product} {ergonomic}
     bool UseG1GC                                  = true                                      {product} {ergonomic}
     bool UseLargePagesIndividualAllocation        = false                                  {pd product} {ergonomic}

Logging:
Log output configuration:
 #0: stdout all=warning uptime,level,tags
 #1: stderr all=off uptime,level,tags

Environment Variables:
JAVA_HOME=C:\Program Files\Java\jdk-17.0.4.1
PATH=C:\Program Files\Common Files\Oracle\Java\javapath;C:\ProgramData\Oracle\Java\javapath;C:\Program Files (x86)\Intel\Intel(R) Management Engine Components\iCLS\;C:\Program Files\Intel\Intel(R) Management Engine Components\iCLS\;C:\windows\system32;C:\windows;C:\windows\System32\Wbem;C:\windows\System32\WindowsPowerShell\v1.0\;C:\windows\System32\OpenSSH\;C:\Program Files (x86)\NVIDIA Corporation\PhysX\Common;C:\Program Files (x86)\Intel\Intel(R) Management Engine Components\DAL;C:\Program Files\Intel\Intel(R) Management Engine Components\DAL;C:\Program Files (x86)\Intel\Intel(R) Management Engine Components\IPT;C:\Program Files\Intel\Intel(R) Management Engine Components\IPT;C:\WINDOWS\system32;C:\WINDOWS;C:\WINDOWS\System32\Wbem;C:\WINDOWS\System32\WindowsPowerShell\v1.0\;C:\WINDOWS\System32\OpenSSH\;C:\ProgramData\UNIVALI\Portugol Studio;C:\Program Files\Git\cmd;D:\Microsoft VS Code\bin;D:\;C:\Users\larak\AppData\Local\Microsoft\WindowsApps;C:\Program Files\JetBrains\PyCharm Community Edition 2020.3.3\bin;;C:\Users\larak\AppData\Local\GitHubDesktop\bin;C:\Users\larak\AppData\Roaming\npm
USERNAME=larak
OS=Windows_NT
PROCESSOR_IDENTIFIER=Intel64 Family 6 Model 142 Stepping 10, GenuineIntel



---------------  S Y S T E M  ---------------

OS:
 Windows 11 , 64 bit Build 22621 (10.0.22621.2506)
OS uptime: 3 days 14:30 hours

CPU: total 8 (initial active 8) (4 cores per cpu, 2 threads per core) family 6 model 142 stepping 10 microcode 0xe0, cx8, cmov, fxsr, ht, mmx, 3dnowpref, sse, sse2, sse3, ssse3, sse4.1, sse4.2, popcnt, lzcnt, tsc, tscinvbit, avx, avx2, aes, erms, clmul, bmi1, bmi2, adx, fma, vzeroupper, clflush, clflushopt

Memory: 4k page, system-wide physical 8106M (77M free)
TotalPageFile size 32682M (AvailPageFile size 0M)
current process WorkingSet (physical memory assigned to process): 56M, peak: 77M
current process commit charge ("private bytes"): 237M, peak: 243M

vm_info: Java HotSpot(TM) 64-Bit Server VM (17.0.4.1+1-LTS-2) for windows-amd64 JRE (17.0.4.1+1-LTS-2), built on Aug 16 2022 18:32:06 by "mach5one" with MS VC++ 16.8 / 16.9 (VS2019)

END.
