#
# There is insufficient memory for the Java Runtime Environment to continue.
# Native memory allocation (malloc) failed to allocate 32744 bytes for ChunkPool::allocate
# Possible reasons:
#   The system is out of physical RAM or swap space
#   The process is running with CompressedOops enabled, and the Java Heap may be blocking the growth of the native heap
# Possible solutions:
#   Reduce memory load on the system
#   Increase physical memory or swap space
#   Check if swap backing store is full
#   Decrease Java heap size (-Xmx/-Xms)
#   Decrease number of Java threads
#   Decrease Java thread stack sizes (-Xss)
#   Set larger code cache with -XX:ReservedCodeCacheSize=
#   JVM is running with Unscaled Compressed Oops mode in which the Java heap is
#     placed in the first 4GB address space. The Java Heap base address is the
#     maximum limit for the native heap growth. Please use -XX:HeapBaseMinAddress
#     to set the Java Heap base and to place the Java Heap above 4GB virtual address.
# This output file may be truncated or incomplete.
#
#  Out of Memory Error (arena.cpp:78), pid=25808, tid=26316
#
# JRE version: Java(TM) SE Runtime Environment (17.0.4.1+1) (build 17.0.4.1+1-LTS-2)
# Java VM: Java HotSpot(TM) 64-Bit Server VM (17.0.4.1+1-LTS-2, mixed mode, sharing, tiered, compressed oops, compressed class ptrs, g1 gc, windows-amd64)
# No core dump will be written. Minidumps are not enabled by default on client versions of Windows
#

---------------  S U M M A R Y ------------

Command Line: -Dmaven.multiModuleProjectDirectory=C:\Senac\curso ds\ProjetoIntegradorUC15\Etapa0708PIUC15\petpug\petpug org.apache.maven.wrapper.MavenWrapperMain -Dmaven.ext.class.path=C:\Program Files\NetBeans-14\netbeans\java\maven-nblib\netbeans-eventspy.jar -Dfile.encoding=UTF-8 install

Host: Intel(R) Core(TM) i5-8250U CPU @ 1.60GHz, 8 cores, 7G,  Windows 11 , 64 bit Build 22621 (10.0.22621.2506)
Time: Mon Dec 18 09:37:00 2023 Hora oficial do Brasil elapsed time: 90.786272 seconds (0d 0h 1m 30s)

---------------  T H R E A D  ---------------

Current thread (0x0000023ad7e1c9c0):  JavaThread "C2 CompilerThread0" daemon [_thread_in_native, id=26316, stack(0x0000009934b00000,0x0000009934c00000)]


Current CompileTask:
C2:  90786 2622       4       org.codehaus.plexus.util.xml.pull.MXParser::parseStartTag (1190 bytes)

Stack: [0x0000009934b00000,0x0000009934c00000]
Native frames: (J=compiled Java code, j=interpreted, Vv=VM code, C=native code)
V  [jvm.dll+0x6723ba]
V  [jvm.dll+0x7d1e34]
V  [jvm.dll+0x7d35de]
V  [jvm.dll+0x7d3c43]
V  [jvm.dll+0x243065]
V  [jvm.dll+0xaa7c0]
V  [jvm.dll+0xaab0c]
V  [jvm.dll+0x1b7c06]
V  [jvm.dll+0x35ceee]
V  [jvm.dll+0x35d38c]
V  [jvm.dll+0x35d170]
V  [jvm.dll+0x2ce3f3]
V  [jvm.dll+0x638cc7]
V  [jvm.dll+0x10fb7c]
V  [jvm.dll+0x33a946]
V  [jvm.dll+0x68df46]
V  [jvm.dll+0x68d292]
V  [jvm.dll+0x68875d]
V  [jvm.dll+0x68281b]
V  [jvm.dll+0x681e57]
V  [jvm.dll+0x67fd52]
V  [jvm.dll+0x1a51cc]
V  [jvm.dll+0x2a8fe4]
V  [jvm.dll+0x68a865]
V  [jvm.dll+0x68281b]
V  [jvm.dll+0x681e57]
V  [jvm.dll+0x67fd52]
V  [jvm.dll+0x1a51cc]
V  [jvm.dll+0x2a8fe4]
V  [jvm.dll+0x68a865]
V  [jvm.dll+0x68281b]
V  [jvm.dll+0x681e57]
V  [jvm.dll+0x67fd52]
V  [jvm.dll+0x1a51cc]
V  [jvm.dll+0x2a8fe4]
V  [jvm.dll+0x68a865]
V  [jvm.dll+0x68281b]
V  [jvm.dll+0x681e57]
V  [jvm.dll+0x67fd52]
V  [jvm.dll+0x1a51cc]
V  [jvm.dll+0x215188]
V  [jvm.dll+0x1a1fcd]
V  [jvm.dll+0x224e08]
V  [jvm.dll+0x222f75]
V  [jvm.dll+0x787a0b]
V  [jvm.dll+0x781fca]
V  [jvm.dll+0x671245]
C  [ucrtbase.dll+0x29363]
C  [KERNEL32.DLL+0x1257d]
C  [ntdll.dll+0x5aa58]


---------------  P R O C E S S  ---------------

Threads class SMR info:
_java_thread_list=0x0000023ad88c8420, length=12, elements={
0x0000023ab9cfbea0, 0x0000023ad7dfe7d0, 0x0000023ad7e01070, 0x0000023ad7e17fc0,
0x0000023ad7e1a980, 0x0000023ad7e1b330, 0x0000023ad7e1bce0, 0x0000023ad7e1c9c0,
0x0000023ad7e84260, 0x0000023ad7e8d860, 0x0000023ad88c0ac0, 0x0000023ad88ce670
}

Java Threads: ( => current thread )
  0x0000023ab9cfbea0 JavaThread "main" [_thread_in_Java, id=25880, stack(0x0000009933d00000,0x0000009933e00000)]
  0x0000023ad7dfe7d0 JavaThread "Reference Handler" daemon [_thread_blocked, id=26264, stack(0x0000009934500000,0x0000009934600000)]
  0x0000023ad7e01070 JavaThread "Finalizer" daemon [_thread_blocked, id=26268, stack(0x0000009934600000,0x0000009934700000)]
  0x0000023ad7e17fc0 JavaThread "Signal Dispatcher" daemon [_thread_blocked, id=26300, stack(0x0000009934700000,0x0000009934800000)]
  0x0000023ad7e1a980 JavaThread "Attach Listener" daemon [_thread_blocked, id=26304, stack(0x0000009934800000,0x0000009934900000)]
  0x0000023ad7e1b330 JavaThread "Service Thread" daemon [_thread_blocked, id=26308, stack(0x0000009934900000,0x0000009934a00000)]
  0x0000023ad7e1bce0 JavaThread "Monitor Deflation Thread" daemon [_thread_blocked, id=26312, stack(0x0000009934a00000,0x0000009934b00000)]
=>0x0000023ad7e1c9c0 JavaThread "C2 CompilerThread0" daemon [_thread_in_native, id=26316, stack(0x0000009934b00000,0x0000009934c00000)]
  0x0000023ad7e84260 JavaThread "C1 CompilerThread0" daemon [_thread_in_native, id=26384, stack(0x0000009934c00000,0x0000009934d00000)]
  0x0000023ad7e8d860 JavaThread "Sweeper thread" daemon [_thread_blocked, id=26464, stack(0x0000009934d00000,0x0000009934e00000)]
  0x0000023ad88c0ac0 JavaThread "Notification Thread" daemon [_thread_blocked, id=26508, stack(0x0000009934e00000,0x0000009934f00000)]
  0x0000023ad88ce670 JavaThread "Common-Cleaner" daemon [_thread_blocked, id=26560, stack(0x0000009935000000,0x0000009935100000)]

Other Threads:
  0x0000023ad7df8890 VMThread "VM Thread" [stack: 0x0000009934400000,0x0000009934500000] [id=26168]
  0x0000023ad88c2fa0 WatcherThread [stack: 0x0000009934f00000,0x0000009935000000] [id=26512]
  0x0000023ab9d556d0 GCTaskThread "GC Thread#0" [stack: 0x0000009933f00000,0x0000009934000000] [id=26140]
  0x0000023ad9085530 GCTaskThread "GC Thread#1" [stack: 0x0000009935100000,0x0000009935200000] [id=26956]
  0x0000023ad8f67f50 GCTaskThread "GC Thread#2" [stack: 0x0000009935200000,0x0000009935300000] [id=26960]
  0x0000023ad8f66f30 GCTaskThread "GC Thread#3" [stack: 0x0000009935300000,0x0000009935400000] [id=26964]
  0x0000023ad8f671e0 GCTaskThread "GC Thread#4" [stack: 0x0000009935400000,0x0000009935500000] [id=26968]
  0x0000023ad8f67490 GCTaskThread "GC Thread#5" [stack: 0x0000009935500000,0x0000009935600000] [id=26972]
  0x0000023ad8f669d0 GCTaskThread "GC Thread#6" [stack: 0x0000009935600000,0x0000009935700000] [id=26976]
  0x0000023ad8f679f0 GCTaskThread "GC Thread#7" [stack: 0x0000009935700000,0x0000009935800000] [id=26980]
  0x0000023ab9d673a0 ConcurrentGCThread "G1 Main Marker" [stack: 0x0000009934000000,0x0000009934100000] [id=26144]
  0x0000023ab9d68dc0 ConcurrentGCThread "G1 Conc#0" [stack: 0x0000009934100000,0x0000009934200000] [id=26148]
  0x0000023ab9dcdcc0 ConcurrentGCThread "G1 Refine#0" [stack: 0x0000009934200000,0x0000009934300000] [id=26152]
  0x0000023ad7cb40c0 ConcurrentGCThread "G1 Service" [stack: 0x0000009934300000,0x0000009934400000] [id=26156]

Threads with active compile tasks:
C2 CompilerThread0    90954 2622       4       org.codehaus.plexus.util.xml.pull.MXParser::parseStartTag (1190 bytes)
C1 CompilerThread0    90955 2642       3       org.apache.maven.model.io.xpp3.MavenXpp3ReaderEx::parseDependency (777 bytes)

VM state: not at safepoint (normal execution)

VM Mutex/Monitor currently owned by a thread: None

Heap address: 0x0000000081400000, size: 2028 MB, Compressed Oops mode: 32-bit

CDS archive(s) mapped at: [0x0000000800000000-0x0000000800bc0000-0x0000000800bc0000), size 12320768, SharedBaseAddress: 0x0000000800000000, ArchiveRelocationMode: 0.
Compressed class space mapped at: 0x0000000800c00000-0x0000000840c00000, reserved size: 1073741824
Narrow klass base: 0x0000000800000000, Narrow klass shift: 0, Narrow klass range: 0x100000000

GC Precious Log:
 CPUs: 8 total, 8 available
 Memory: 8106M
 Large Page Support: Disabled
 NUMA Support: Disabled
 Compressed Oops: Enabled (32-bit)
 Heap Region Size: 1M
 Heap Min Capacity: 8M
 Heap Initial Capacity: 128M
 Heap Max Capacity: 2028M
 Pre-touch: Disabled
 Parallel Workers: 8
 Concurrent Workers: 2
 Concurrent Refinement Workers: 8
 Periodic GC: Disabled

Heap:
 garbage-first heap   total 131072K, used 32976K [0x0000000081400000, 0x0000000100000000)
  region size 1024K, 30 young (30720K), 2 survivors (2048K)
 Metaspace       used 14264K, committed 14528K, reserved 1064960K
  class space    used 1748K, committed 1856K, reserved 1048576K

Heap Regions: E=young(eden), S=young(survivor), O=old, HS=humongous(starts), HC=humongous(continues), CS=collection set, F=free, OA=open archive, CA=closed archive, TAMS=top-at-mark-start (previous, next)
|   0|0x0000000081400000, 0x0000000081500000, 0x0000000081500000|100%| O|  |TAMS 0x0000000081400000, 0x0000000081400000| Untracked 
|   1|0x0000000081500000, 0x0000000081600000, 0x0000000081600000|100%| O|  |TAMS 0x0000000081500000, 0x0000000081500000| Untracked 
|   2|0x0000000081600000, 0x0000000081700000, 0x0000000081700000|100%| O|  |TAMS 0x0000000081600000, 0x0000000081600000| Untracked 
|   3|0x0000000081700000, 0x00000000817bee00, 0x0000000081800000| 74%| O|  |TAMS 0x0000000081700000, 0x0000000081700000| Untracked 
|   4|0x0000000081800000, 0x0000000081800000, 0x0000000081900000|  0%| F|  |TAMS 0x0000000081800000, 0x0000000081800000| Untracked 
|   5|0x0000000081900000, 0x0000000081900000, 0x0000000081a00000|  0%| F|  |TAMS 0x0000000081900000, 0x0000000081900000| Untracked 
|   6|0x0000000081a00000, 0x0000000081a00000, 0x0000000081b00000|  0%| F|  |TAMS 0x0000000081a00000, 0x0000000081a00000| Untracked 
|   7|0x0000000081b00000, 0x0000000081b00000, 0x0000000081c00000|  0%| F|  |TAMS 0x0000000081b00000, 0x0000000081b00000| Untracked 
|   8|0x0000000081c00000, 0x0000000081c00000, 0x0000000081d00000|  0%| F|  |TAMS 0x0000000081c00000, 0x0000000081c00000| Untracked 
|   9|0x0000000081d00000, 0x0000000081d00000, 0x0000000081e00000|  0%| F|  |TAMS 0x0000000081d00000, 0x0000000081d00000| Untracked 
|  10|0x0000000081e00000, 0x0000000081e00000, 0x0000000081f00000|  0%| F|  |TAMS 0x0000000081e00000, 0x0000000081e00000| Untracked 
|  11|0x0000000081f00000, 0x0000000081f00000, 0x0000000082000000|  0%| F|  |TAMS 0x0000000081f00000, 0x0000000081f00000| Untracked 
|  12|0x0000000082000000, 0x0000000082000000, 0x0000000082100000|  0%| F|  |TAMS 0x0000000082000000, 0x0000000082000000| Untracked 
|  13|0x0000000082100000, 0x0000000082100000, 0x0000000082200000|  0%| F|  |TAMS 0x0000000082100000, 0x0000000082100000| Untracked 
|  14|0x0000000082200000, 0x0000000082200000, 0x0000000082300000|  0%| F|  |TAMS 0x0000000082200000, 0x0000000082200000| Untracked 
|  15|0x0000000082300000, 0x0000000082300000, 0x0000000082400000|  0%| F|  |TAMS 0x0000000082300000, 0x0000000082300000| Untracked 
|  16|0x0000000082400000, 0x0000000082400000, 0x0000000082500000|  0%| F|  |TAMS 0x0000000082400000, 0x0000000082400000| Untracked 
|  17|0x0000000082500000, 0x0000000082500000, 0x0000000082600000|  0%| F|  |TAMS 0x0000000082500000, 0x0000000082500000| Untracked 
|  18|0x0000000082600000, 0x0000000082600000, 0x0000000082700000|  0%| F|  |TAMS 0x0000000082600000, 0x0000000082600000| Untracked 
|  19|0x0000000082700000, 0x0000000082700000, 0x0000000082800000|  0%| F|  |TAMS 0x0000000082700000, 0x0000000082700000| Untracked 
|  20|0x0000000082800000, 0x0000000082800000, 0x0000000082900000|  0%| F|  |TAMS 0x0000000082800000, 0x0000000082800000| Untracked 
|  21|0x0000000082900000, 0x0000000082900000, 0x0000000082a00000|  0%| F|  |TAMS 0x0000000082900000, 0x0000000082900000| Untracked 
|  22|0x0000000082a00000, 0x0000000082a00000, 0x0000000082b00000|  0%| F|  |TAMS 0x0000000082a00000, 0x0000000082a00000| Untracked 
|  23|0x0000000082b00000, 0x0000000082b00000, 0x0000000082c00000|  0%| F|  |TAMS 0x0000000082b00000, 0x0000000082b00000| Untracked 
|  24|0x0000000082c00000, 0x0000000082c00000, 0x0000000082d00000|  0%| F|  |TAMS 0x0000000082c00000, 0x0000000082c00000| Untracked 
|  25|0x0000000082d00000, 0x0000000082d00000, 0x0000000082e00000|  0%| F|  |TAMS 0x0000000082d00000, 0x0000000082d00000| Untracked 
|  26|0x0000000082e00000, 0x0000000082e00000, 0x0000000082f00000|  0%| F|  |TAMS 0x0000000082e00000, 0x0000000082e00000| Untracked 
|  27|0x0000000082f00000, 0x0000000082f00000, 0x0000000083000000|  0%| F|  |TAMS 0x0000000082f00000, 0x0000000082f00000| Untracked 
|  28|0x0000000083000000, 0x0000000083000000, 0x0000000083100000|  0%| F|  |TAMS 0x0000000083000000, 0x0000000083000000| Untracked 
|  29|0x0000000083100000, 0x0000000083100000, 0x0000000083200000|  0%| F|  |TAMS 0x0000000083100000, 0x0000000083100000| Untracked 
|  30|0x0000000083200000, 0x0000000083200000, 0x0000000083300000|  0%| F|  |TAMS 0x0000000083200000, 0x0000000083200000| Untracked 
|  31|0x0000000083300000, 0x0000000083300000, 0x0000000083400000|  0%| F|  |TAMS 0x0000000083300000, 0x0000000083300000| Untracked 
|  32|0x0000000083400000, 0x0000000083400000, 0x0000000083500000|  0%| F|  |TAMS 0x0000000083400000, 0x0000000083400000| Untracked 
|  33|0x0000000083500000, 0x0000000083500000, 0x0000000083600000|  0%| F|  |TAMS 0x0000000083500000, 0x0000000083500000| Untracked 
|  34|0x0000000083600000, 0x0000000083600000, 0x0000000083700000|  0%| F|  |TAMS 0x0000000083600000, 0x0000000083600000| Untracked 
|  35|0x0000000083700000, 0x0000000083700000, 0x0000000083800000|  0%| F|  |TAMS 0x0000000083700000, 0x0000000083700000| Untracked 
|  36|0x0000000083800000, 0x0000000083800000, 0x0000000083900000|  0%| F|  |TAMS 0x0000000083800000, 0x0000000083800000| Untracked 
|  37|0x0000000083900000, 0x0000000083900000, 0x0000000083a00000|  0%| F|  |TAMS 0x0000000083900000, 0x0000000083900000| Untracked 
|  38|0x0000000083a00000, 0x0000000083a00000, 0x0000000083b00000|  0%| F|  |TAMS 0x0000000083a00000, 0x0000000083a00000| Untracked 
|  39|0x0000000083b00000, 0x0000000083b00000, 0x0000000083c00000|  0%| F|  |TAMS 0x0000000083b00000, 0x0000000083b00000| Untracked 
|  40|0x0000000083c00000, 0x0000000083c00000, 0x0000000083d00000|  0%| F|  |TAMS 0x0000000083c00000, 0x0000000083c00000| Untracked 
|  41|0x0000000083d00000, 0x0000000083d00000, 0x0000000083e00000|  0%| F|  |TAMS 0x0000000083d00000, 0x0000000083d00000| Untracked 
|  42|0x0000000083e00000, 0x0000000083e00000, 0x0000000083f00000|  0%| F|  |TAMS 0x0000000083e00000, 0x0000000083e00000| Untracked 
|  43|0x0000000083f00000, 0x0000000083f00000, 0x0000000084000000|  0%| F|  |TAMS 0x0000000083f00000, 0x0000000083f00000| Untracked 
|  44|0x0000000084000000, 0x0000000084000000, 0x0000000084100000|  0%| F|  |TAMS 0x0000000084000000, 0x0000000084000000| Untracked 
|  45|0x0000000084100000, 0x0000000084100000, 0x0000000084200000|  0%| F|  |TAMS 0x0000000084100000, 0x0000000084100000| Untracked 
|  46|0x0000000084200000, 0x0000000084200000, 0x0000000084300000|  0%| F|  |TAMS 0x0000000084200000, 0x0000000084200000| Untracked 
|  47|0x0000000084300000, 0x0000000084300000, 0x0000000084400000|  0%| F|  |TAMS 0x0000000084300000, 0x0000000084300000| Untracked 
|  48|0x0000000084400000, 0x0000000084400000, 0x0000000084500000|  0%| F|  |TAMS 0x0000000084400000, 0x0000000084400000| Untracked 
|  49|0x0000000084500000, 0x0000000084500000, 0x0000000084600000|  0%| F|  |TAMS 0x0000000084500000, 0x0000000084500000| Untracked 
|  50|0x0000000084600000, 0x0000000084600000, 0x0000000084700000|  0%| F|  |TAMS 0x0000000084600000, 0x0000000084600000| Untracked 
|  51|0x0000000084700000, 0x0000000084700000, 0x0000000084800000|  0%| F|  |TAMS 0x0000000084700000, 0x0000000084700000| Untracked 
|  52|0x0000000084800000, 0x0000000084800000, 0x0000000084900000|  0%| F|  |TAMS 0x0000000084800000, 0x0000000084800000| Untracked 
|  53|0x0000000084900000, 0x0000000084900000, 0x0000000084a00000|  0%| F|  |TAMS 0x0000000084900000, 0x0000000084900000| Untracked 
|  54|0x0000000084a00000, 0x0000000084a00000, 0x0000000084b00000|  0%| F|  |TAMS 0x0000000084a00000, 0x0000000084a00000| Untracked 
|  55|0x0000000084b00000, 0x0000000084b00000, 0x0000000084c00000|  0%| F|  |TAMS 0x0000000084b00000, 0x0000000084b00000| Untracked 
|  56|0x0000000084c00000, 0x0000000084c00000, 0x0000000084d00000|  0%| F|  |TAMS 0x0000000084c00000, 0x0000000084c00000| Untracked 
|  57|0x0000000084d00000, 0x0000000084d00000, 0x0000000084e00000|  0%| F|  |TAMS 0x0000000084d00000, 0x0000000084d00000| Untracked 
|  58|0x0000000084e00000, 0x0000000084e00000, 0x0000000084f00000|  0%| F|  |TAMS 0x0000000084e00000, 0x0000000084e00000| Untracked 
|  59|0x0000000084f00000, 0x0000000084f00000, 0x0000000085000000|  0%| F|  |TAMS 0x0000000084f00000, 0x0000000084f00000| Untracked 
|  60|0x0000000085000000, 0x0000000085000000, 0x0000000085100000|  0%| F|  |TAMS 0x0000000085000000, 0x0000000085000000| Untracked 
|  61|0x0000000085100000, 0x0000000085100000, 0x0000000085200000|  0%| F|  |TAMS 0x0000000085100000, 0x0000000085100000| Untracked 
|  62|0x0000000085200000, 0x0000000085200000, 0x0000000085300000|  0%| F|  |TAMS 0x0000000085200000, 0x0000000085200000| Untracked 
|  63|0x0000000085300000, 0x0000000085300000, 0x0000000085400000|  0%| F|  |TAMS 0x0000000085300000, 0x0000000085300000| Untracked 
|  64|0x0000000085400000, 0x0000000085400000, 0x0000000085500000|  0%| F|  |TAMS 0x0000000085400000, 0x0000000085400000| Untracked 
|  65|0x0000000085500000, 0x0000000085500000, 0x0000000085600000|  0%| F|  |TAMS 0x0000000085500000, 0x0000000085500000| Untracked 
|  66|0x0000000085600000, 0x0000000085600000, 0x0000000085700000|  0%| F|  |TAMS 0x0000000085600000, 0x0000000085600000| Untracked 
|  67|0x0000000085700000, 0x0000000085700000, 0x0000000085800000|  0%| F|  |TAMS 0x0000000085700000, 0x0000000085700000| Untracked 
|  68|0x0000000085800000, 0x0000000085800000, 0x0000000085900000|  0%| F|  |TAMS 0x0000000085800000, 0x0000000085800000| Untracked 
|  69|0x0000000085900000, 0x0000000085900000, 0x0000000085a00000|  0%| F|  |TAMS 0x0000000085900000, 0x0000000085900000| Untracked 
|  70|0x0000000085a00000, 0x0000000085a00000, 0x0000000085b00000|  0%| F|  |TAMS 0x0000000085a00000, 0x0000000085a00000| Untracked 
|  71|0x0000000085b00000, 0x0000000085b00000, 0x0000000085c00000|  0%| F|  |TAMS 0x0000000085b00000, 0x0000000085b00000| Untracked 
|  72|0x0000000085c00000, 0x0000000085c00000, 0x0000000085d00000|  0%| F|  |TAMS 0x0000000085c00000, 0x0000000085c00000| Untracked 
|  73|0x0000000085d00000, 0x0000000085d00000, 0x0000000085e00000|  0%| F|  |TAMS 0x0000000085d00000, 0x0000000085d00000| Untracked 
|  74|0x0000000085e00000, 0x0000000085e00000, 0x0000000085f00000|  0%| F|  |TAMS 0x0000000085e00000, 0x0000000085e00000| Untracked 
|  75|0x0000000085f00000, 0x0000000085f00000, 0x0000000086000000|  0%| F|  |TAMS 0x0000000085f00000, 0x0000000085f00000| Untracked 
|  76|0x0000000086000000, 0x0000000086000000, 0x0000000086100000|  0%| F|  |TAMS 0x0000000086000000, 0x0000000086000000| Untracked 
|  77|0x0000000086100000, 0x0000000086100000, 0x0000000086200000|  0%| F|  |TAMS 0x0000000086100000, 0x0000000086100000| Untracked 
|  78|0x0000000086200000, 0x0000000086200000, 0x0000000086300000|  0%| F|  |TAMS 0x0000000086200000, 0x0000000086200000| Untracked 
|  79|0x0000000086300000, 0x0000000086300000, 0x0000000086400000|  0%| F|  |TAMS 0x0000000086300000, 0x0000000086300000| Untracked 
|  80|0x0000000086400000, 0x0000000086400000, 0x0000000086500000|  0%| F|  |TAMS 0x0000000086400000, 0x0000000086400000| Untracked 
|  81|0x0000000086500000, 0x0000000086500000, 0x0000000086600000|  0%| F|  |TAMS 0x0000000086500000, 0x0000000086500000| Untracked 
|  82|0x0000000086600000, 0x0000000086600000, 0x0000000086700000|  0%| F|  |TAMS 0x0000000086600000, 0x0000000086600000| Untracked 
|  83|0x0000000086700000, 0x0000000086700000, 0x0000000086800000|  0%| F|  |TAMS 0x0000000086700000, 0x0000000086700000| Untracked 
|  84|0x0000000086800000, 0x0000000086800000, 0x0000000086900000|  0%| F|  |TAMS 0x0000000086800000, 0x0000000086800000| Untracked 
|  85|0x0000000086900000, 0x0000000086900000, 0x0000000086a00000|  0%| F|  |TAMS 0x0000000086900000, 0x0000000086900000| Untracked 
|  86|0x0000000086a00000, 0x0000000086a00000, 0x0000000086b00000|  0%| F|  |TAMS 0x0000000086a00000, 0x0000000086a00000| Untracked 
|  87|0x0000000086b00000, 0x0000000086b00000, 0x0000000086c00000|  0%| F|  |TAMS 0x0000000086b00000, 0x0000000086b00000| Untracked 
|  88|0x0000000086c00000, 0x0000000086c00000, 0x0000000086d00000|  0%| F|  |TAMS 0x0000000086c00000, 0x0000000086c00000| Untracked 
|  89|0x0000000086d00000, 0x0000000086d00000, 0x0000000086e00000|  0%| F|  |TAMS 0x0000000086d00000, 0x0000000086d00000| Untracked 
|  90|0x0000000086e00000, 0x0000000086e00000, 0x0000000086f00000|  0%| F|  |TAMS 0x0000000086e00000, 0x0000000086e00000| Untracked 
|  91|0x0000000086f00000, 0x0000000086f00000, 0x0000000087000000|  0%| F|  |TAMS 0x0000000086f00000, 0x0000000086f00000| Untracked 
|  92|0x0000000087000000, 0x0000000087000000, 0x0000000087100000|  0%| F|  |TAMS 0x0000000087000000, 0x0000000087000000| Untracked 
|  93|0x0000000087100000, 0x0000000087100000, 0x0000000087200000|  0%| F|  |TAMS 0x0000000087100000, 0x0000000087100000| Untracked 
|  94|0x0000000087200000, 0x00000000872754e0, 0x0000000087300000| 45%| S|CS|TAMS 0x0000000087200000, 0x0000000087200000| Complete 
|  95|0x0000000087300000, 0x0000000087400000, 0x0000000087400000|100%| S|CS|TAMS 0x0000000087300000, 0x0000000087300000| Complete 
|  96|0x0000000087400000, 0x0000000087400000, 0x0000000087500000|  0%| F|  |TAMS 0x0000000087400000, 0x0000000087400000| Untracked 
|  97|0x0000000087500000, 0x0000000087500000, 0x0000000087600000|  0%| F|  |TAMS 0x0000000087500000, 0x0000000087500000| Untracked 
|  98|0x0000000087600000, 0x0000000087600000, 0x0000000087700000|  0%| F|  |TAMS 0x0000000087600000, 0x0000000087600000| Untracked 
|  99|0x0000000087700000, 0x0000000087700000, 0x0000000087800000|  0%| F|  |TAMS 0x0000000087700000, 0x0000000087700000| Untracked 
| 100|0x0000000087800000, 0x0000000087880800, 0x0000000087900000| 50%| E|  |TAMS 0x0000000087800000, 0x0000000087800000| Complete 
| 101|0x0000000087900000, 0x0000000087a00000, 0x0000000087a00000|100%| E|CS|TAMS 0x0000000087900000, 0x0000000087900000| Complete 
| 102|0x0000000087a00000, 0x0000000087b00000, 0x0000000087b00000|100%| E|CS|TAMS 0x0000000087a00000, 0x0000000087a00000| Complete 
| 103|0x0000000087b00000, 0x0000000087c00000, 0x0000000087c00000|100%| E|CS|TAMS 0x0000000087b00000, 0x0000000087b00000| Complete 
| 104|0x0000000087c00000, 0x0000000087d00000, 0x0000000087d00000|100%| E|CS|TAMS 0x0000000087c00000, 0x0000000087c00000| Complete 
| 105|0x0000000087d00000, 0x0000000087e00000, 0x0000000087e00000|100%| E|CS|TAMS 0x0000000087d00000, 0x0000000087d00000| Complete 
| 106|0x0000000087e00000, 0x0000000087f00000, 0x0000000087f00000|100%| E|CS|TAMS 0x0000000087e00000, 0x0000000087e00000| Complete 
| 107|0x0000000087f00000, 0x0000000088000000, 0x0000000088000000|100%| E|CS|TAMS 0x0000000087f00000, 0x0000000087f00000| Complete 
| 108|0x0000000088000000, 0x0000000088100000, 0x0000000088100000|100%| E|CS|TAMS 0x0000000088000000, 0x0000000088000000| Complete 
| 109|0x0000000088100000, 0x0000000088200000, 0x0000000088200000|100%| E|CS|TAMS 0x0000000088100000, 0x0000000088100000| Complete 
| 110|0x0000000088200000, 0x0000000088300000, 0x0000000088300000|100%| E|CS|TAMS 0x0000000088200000, 0x0000000088200000| Complete 
| 111|0x0000000088300000, 0x0000000088400000, 0x0000000088400000|100%| E|CS|TAMS 0x0000000088300000, 0x0000000088300000| Complete 
| 112|0x0000000088400000, 0x0000000088500000, 0x0000000088500000|100%| E|CS|TAMS 0x0000000088400000, 0x0000000088400000| Complete 
| 113|0x0000000088500000, 0x0000000088600000, 0x0000000088600000|100%| E|CS|TAMS 0x0000000088500000, 0x0000000088500000| Complete 
| 114|0x0000000088600000, 0x0000000088700000, 0x0000000088700000|100%| E|CS|TAMS 0x0000000088600000, 0x0000000088600000| Complete 
| 115|0x0000000088700000, 0x0000000088800000, 0x0000000088800000|100%| E|CS|TAMS 0x0000000088700000, 0x0000000088700000| Complete 
| 116|0x0000000088800000, 0x0000000088900000, 0x0000000088900000|100%| E|CS|TAMS 0x0000000088800000, 0x0000000088800000| Complete 
| 117|0x0000000088900000, 0x0000000088a00000, 0x0000000088a00000|100%| E|CS|TAMS 0x0000000088900000, 0x0000000088900000| Complete 
| 118|0x0000000088a00000, 0x0000000088b00000, 0x0000000088b00000|100%| E|CS|TAMS 0x0000000088a00000, 0x0000000088a00000| Complete 
| 119|0x0000000088b00000, 0x0000000088c00000, 0x0000000088c00000|100%| E|CS|TAMS 0x0000000088b00000, 0x0000000088b00000| Complete 
| 120|0x0000000088c00000, 0x0000000088d00000, 0x0000000088d00000|100%| E|CS|TAMS 0x0000000088c00000, 0x0000000088c00000| Complete 
| 121|0x0000000088d00000, 0x0000000088e00000, 0x0000000088e00000|100%| E|CS|TAMS 0x0000000088d00000, 0x0000000088d00000| Complete 
| 122|0x0000000088e00000, 0x0000000088f00000, 0x0000000088f00000|100%| E|CS|TAMS 0x0000000088e00000, 0x0000000088e00000| Complete 
| 123|0x0000000088f00000, 0x0000000089000000, 0x0000000089000000|100%| E|CS|TAMS 0x0000000088f00000, 0x0000000088f00000| Complete 
| 124|0x0000000089000000, 0x0000000089100000, 0x0000000089100000|100%| E|CS|TAMS 0x0000000089000000, 0x0000000089000000| Complete 
| 125|0x0000000089100000, 0x0000000089200000, 0x0000000089200000|100%| E|CS|TAMS 0x0000000089100000, 0x0000000089100000| Complete 
| 126|0x0000000089200000, 0x0000000089300000, 0x0000000089300000|100%| E|CS|TAMS 0x0000000089200000, 0x0000000089200000| Complete 
| 127|0x0000000089300000, 0x0000000089400000, 0x0000000089400000|100%| E|CS|TAMS 0x0000000089300000, 0x0000000089300000| Complete 

Card table byte_map: [0x0000023ad0ca0000,0x0000023ad10a0000] _byte_map_base: 0x0000023ad0896000

Marking Bits (Prev, Next): (CMBitMap*) 0x0000023ab9d55ce0, (CMBitMap*) 0x0000023ab9d55d20
 Prev Bits: [0x0000023ad14a0000, 0x0000023ad3450000)
 Next Bits: [0x0000023ad3450000, 0x0000023ad5400000)

Polling page: 0x0000023ab7d10000

Metaspace:

Usage:
  Non-class:     12.22 MB used.
      Class:      1.71 MB used.
       Both:     13.93 MB used.

Virtual space:
  Non-class space:       16.00 MB reserved,      12.38 MB ( 77%) committed,  2 nodes.
      Class space:        1.00 GB reserved,       1.81 MB ( <1%) committed,  1 nodes.
             Both:        1.02 GB reserved,      14.19 MB (  1%) committed. 

Chunk freelists:
   Non-Class:  2.86 MB
       Class:  2.05 MB
        Both:  4.91 MB

MaxMetaspaceSize: unlimited
CompressedClassSpaceSize: 1.00 GB
Initial GC threshold: 21.00 MB
Current GC threshold: 21.00 MB
CDS: on
MetaspaceReclaimPolicy: balanced
 - commit_granule_bytes: 65536.
 - commit_granule_words: 8192.
 - virtual_space_node_default_size: 1048576.
 - enlarge_chunks_in_place: 1.
 - new_chunks_are_fully_committed: 0.
 - uncommit_free_chunks: 1.
 - use_allocation_guard: 0.
 - handle_deallocations: 1.


Internal statistics:

num_allocs_failed_limit: 0.
num_arena_births: 76.
num_arena_deaths: 0.
num_vsnodes_births: 3.
num_vsnodes_deaths: 0.
num_space_committed: 227.
num_space_uncommitted: 0.
num_chunks_returned_to_freelist: 0.
num_chunks_taken_from_freelist: 569.
num_chunk_merges: 0.
num_chunk_splits: 390.
num_chunks_enlarged: 322.
num_purges: 0.
num_inconsistent_stats: 0.

CodeHeap 'non-profiled nmethods': size=120000Kb used=935Kb max_used=935Kb free=119064Kb
 bounds [0x0000023ac9040000, 0x0000023ac92b0000, 0x0000023ad0570000]
CodeHeap 'profiled nmethods': size=120000Kb used=5258Kb max_used=5258Kb free=114742Kb
 bounds [0x0000023ac1b10000, 0x0000023ac2040000, 0x0000023ac9040000]
CodeHeap 'non-nmethods': size=5760Kb used=1172Kb max_used=1215Kb free=4587Kb
 bounds [0x0000023ac1570000, 0x0000023ac17e0000, 0x0000023ac1b10000]
 total_blobs=3078 nmethods=2615 adapters=375
 compilation: enabled
              stopped_count=0, restarted_count=0
 full_count=0

Compilation events (20 events):
Event: 90.764 Thread 0x0000023ad7e84260 2619       3       java.util.ArrayList::fastRemove (44 bytes)
Event: 90.764 Thread 0x0000023ad7e1c9c0 2622       4       org.codehaus.plexus.util.xml.pull.MXParser::parseStartTag (1190 bytes)
Event: 90.765 Thread 0x0000023ad7e84260 nmethod 2619 0x0000023ac202a810 code [0x0000023ac202a9c0, 0x0000023ac202adc8]
Event: 90.765 Thread 0x0000023ad7e84260 2620       1       org.codehaus.plexus.util.xml.Xpp3Dom::setParent (6 bytes)
Event: 90.765 Thread 0x0000023ad7e84260 nmethod 2620 0x0000023ac9129090 code [0x0000023ac9129220, 0x0000023ac9129338]
Event: 90.765 Thread 0x0000023ad7e84260 2621       1       org.codehaus.plexus.util.xml.Xpp3Dom::setValue (6 bytes)
Event: 90.765 Thread 0x0000023ad7e84260 nmethod 2621 0x0000023ac9129390 code [0x0000023ac9129520, 0x0000023ac9129638]
Event: 90.765 Thread 0x0000023ad7e84260 2624       3       org.codehaus.plexus.util.xml.pull.MXParser::getAttributeCount (15 bytes)
Event: 90.765 Thread 0x0000023ad7e84260 nmethod 2624 0x0000023ac202af10 code [0x0000023ac202b0a0, 0x0000023ac202b218]
Event: 90.766 Thread 0x0000023ad7e84260 2625       1       org.codehaus.plexus.util.xml.Xpp3Dom::getValue (5 bytes)
Event: 90.767 Thread 0x0000023ad7e84260 nmethod 2625 0x0000023ac9129690 code [0x0000023ac9129820, 0x0000023ac91298f8]
Event: 90.767 Thread 0x0000023ad7e84260 2626       3       org.codehaus.plexus.util.xml.Xpp3Dom::getChildCount (20 bytes)
Event: 90.768 Thread 0x0000023ad7e84260 nmethod 2626 0x0000023ac202b290 code [0x0000023ac202b440, 0x0000023ac202b688]
Event: 90.768 Thread 0x0000023ad7e84260 2627       3       org.codehaus.plexus.util.xml.Xpp3Dom::addChild (17 bytes)
Event: 90.768 Thread 0x0000023ad7e84260 nmethod 2627 0x0000023ac202b790 code [0x0000023ac202b940, 0x0000023ac202bba8]
Event: 90.768 Thread 0x0000023ad7e84260 2628       1       org.codehaus.plexus.util.xml.Xpp3Dom::getName (5 bytes)
Event: 90.770 Thread 0x0000023ad7e84260 nmethod 2628 0x0000023ac9129990 code [0x0000023ac9129b20, 0x0000023ac9129bf8]
Event: 90.774 Thread 0x0000023ad7e84260 2629   !   3       org.eclipse.sisu.inject.RankedBindings$Itr::hasNext (107 bytes)
Event: 90.776 Thread 0x0000023ad7e84260 nmethod 2629 0x0000023ac202bc90 code [0x0000023ac202bf20, 0x0000023ac202cd58]
Event: 90.777 Thread 0x0000023ad7e84260 2631       3       java.lang.String::<init> (74 bytes)

GC Heap History (4 events):
Event: 47.801 GC heap before
{Heap before GC invocations=0 (full 0):
 garbage-first heap   total 131072K, used 23552K [0x0000000081400000, 0x0000000100000000)
  region size 1024K, 23 young (23552K), 0 survivors (0K)
 Metaspace       used 5653K, committed 5824K, reserved 1056768K
  class space    used 676K, committed 768K, reserved 1048576K
}
Event: 48.145 GC heap after
{Heap after GC invocations=1 (full 0):
 garbage-first heap   total 131072K, used 3841K [0x0000000081400000, 0x0000000100000000)
  region size 1024K, 3 young (3072K), 3 survivors (3072K)
 Metaspace       used 5653K, committed 5824K, reserved 1056768K
  class space    used 676K, committed 768K, reserved 1048576K
}
Event: 57.916 GC heap before
{Heap before GC invocations=1 (full 0):
 garbage-first heap   total 131072K, used 33537K [0x0000000081400000, 0x0000000100000000)
  region size 1024K, 32 young (32768K), 3 survivors (3072K)
 Metaspace       used 9223K, committed 9408K, reserved 1064960K
  class space    used 1123K, committed 1216K, reserved 1048576K
}
Event: 57.924 GC heap after
{Heap after GC invocations=2 (full 0):
 garbage-first heap   total 131072K, used 5328K [0x0000000081400000, 0x0000000100000000)
  region size 1024K, 2 young (2048K), 2 survivors (2048K)
 Metaspace       used 9223K, committed 9408K, reserved 1064960K
  class space    used 1123K, committed 1216K, reserved 1048576K
}

Deoptimization events (20 events):
Event: 86.802 Thread 0x0000023ab9cfbea0 Uncommon trap: trap_request=0xffffff45 fr.pc=0x0000023ac9076624 relative=0x0000000000000664
Event: 86.802 Thread 0x0000023ab9cfbea0 Uncommon trap: reason=unstable_if action=reinterpret pc=0x0000023ac9076624 method=java.lang.AbstractStringBuilder.append(Ljava/lang/String;)Ljava/lang/AbstractStringBuilder; @ 1 c2
Event: 86.802 Thread 0x0000023ab9cfbea0 DEOPT PACKING pc=0x0000023ac9076624 sp=0x0000009933dfd250
Event: 86.802 Thread 0x0000023ab9cfbea0 DEOPT UNPACKING pc=0x0000023ac15c23a3 sp=0x0000009933dfd238 mode 2
Event: 90.752 Thread 0x0000023ab9cfbea0 Uncommon trap: trap_request=0xffffff45 fr.pc=0x0000023ac90b4058 relative=0x0000000000000438
Event: 90.752 Thread 0x0000023ab9cfbea0 Uncommon trap: reason=unstable_if action=reinterpret pc=0x0000023ac90b4058 method=java.lang.String.<init>([CIILjava/lang/Void;)V @ 5 c2
Event: 90.752 Thread 0x0000023ab9cfbea0 DEOPT PACKING pc=0x0000023ac90b4058 sp=0x0000009933dfcb30
Event: 90.752 Thread 0x0000023ab9cfbea0 DEOPT UNPACKING pc=0x0000023ac15c23a3 sp=0x0000009933dfca78 mode 2
Event: 90.753 Thread 0x0000023ab9cfbea0 Uncommon trap: trap_request=0xffffff45 fr.pc=0x0000023ac90b8c5c relative=0x000000000000005c
Event: 90.753 Thread 0x0000023ab9cfbea0 Uncommon trap: reason=unstable_if action=reinterpret pc=0x0000023ac90b8c5c method=java.util.Objects.equals(Ljava/lang/Object;Ljava/lang/Object;)Z @ 6 c2
Event: 90.753 Thread 0x0000023ab9cfbea0 DEOPT PACKING pc=0x0000023ac90b8c5c sp=0x0000009933dfcf50
Event: 90.753 Thread 0x0000023ab9cfbea0 DEOPT UNPACKING pc=0x0000023ac15c23a3 sp=0x0000009933dfcef0 mode 2
Event: 90.769 Thread 0x0000023ab9cfbea0 Uncommon trap: trap_request=0xffffff45 fr.pc=0x0000023ac90a2484 relative=0x0000000000000664
Event: 90.770 Thread 0x0000023ab9cfbea0 Uncommon trap: reason=unstable_if action=reinterpret pc=0x0000023ac90a2484 method=java.lang.String.replace(CC)Ljava/lang/String; @ 2 c2
Event: 90.770 Thread 0x0000023ab9cfbea0 DEOPT PACKING pc=0x0000023ac90a2484 sp=0x0000009933dfd290
Event: 90.770 Thread 0x0000023ab9cfbea0 DEOPT UNPACKING pc=0x0000023ac15c23a3 sp=0x0000009933dfd240 mode 2
Event: 90.773 Thread 0x0000023ab9cfbea0 Uncommon trap: trap_request=0xffffff45 fr.pc=0x0000023ac90a1754 relative=0x0000000000000334
Event: 90.774 Thread 0x0000023ab9cfbea0 Uncommon trap: reason=unstable_if action=reinterpret pc=0x0000023ac90a1754 method=java.lang.String.<init>([CIILjava/lang/Void;)V @ 5 c2
Event: 90.774 Thread 0x0000023ab9cfbea0 DEOPT PACKING pc=0x0000023ac90a1754 sp=0x0000009933dfcaa0
Event: 90.774 Thread 0x0000023ab9cfbea0 DEOPT UNPACKING pc=0x0000023ac15c23a3 sp=0x0000009933dfca60 mode 2

Classes unloaded (0 events):
No events

Classes redefined (0 events):
No events

Internal exceptions (20 events):
Event: 36.505 Thread 0x0000023ab9cfbea0 Exception <a 'java/lang/NoSuchMethodError'{0x0000000088b2d598}: 'java.lang.Object java.lang.invoke.DirectMethodHandle$Holder.invokeSpecialIFC(java.lang.Object, java.lang.Object, java.lang.Object, java.lang.Object)'> (0x0000000088b2d598) 
thrown [s\open\src\hotspot\share\interpreter\linkResolver.cpp, line 759]
Event: 40.870 Thread 0x0000023ab9cfbea0 Exception <a 'java/lang/NoSuchMethodError'{0x000000008851cd90}: 'java.lang.Object java.lang.invoke.DirectMethodHandle$Holder.invokeStaticInit(java.lang.Object)'> (0x000000008851cd90) 
thrown [s\open\src\hotspot\share\interpreter\linkResolver.cpp, line 759]
Event: 41.359 Thread 0x0000023ab9cfbea0 Exception <a 'java/lang/NoSuchMethodError'{0x000000008853d4b8}: 'void java.lang.invoke.DirectMethodHandle$Holder.invokeSpecial(java.lang.Object, java.lang.Object, java.lang.Object)'> (0x000000008853d4b8) 
thrown [s\open\src\hotspot\share\interpreter\linkResolver.cpp, line 759]
Event: 41.501 Thread 0x0000023ab9cfbea0 Exception <a 'java/lang/NoSuchMethodError'{0x00000000884c2d98}: 'java.lang.Object java.lang.invoke.DirectMethodHandle$Holder.invokeInterface(java.lang.Object, java.lang.Object)'> (0x00000000884c2d98) 
thrown [s\open\src\hotspot\share\interpreter\linkResolver.cpp, line 759]
Event: 41.547 Thread 0x0000023ab9cfbea0 Exception <a 'java/lang/NoSuchMethodError'{0x00000000883810a8}: 'java.lang.Object java.lang.invoke.Invokers$Holder.invokeExact_MT(java.lang.Object, java.lang.Object, java.lang.Object, java.lang.Object, java.lang.Object, java.lang.Object)'> (0x00000000883810a8) 
thrown [s\open\src\hotspot\share\interpreter\linkResolver.cpp, line 759]
Event: 42.241 Thread 0x0000023ab9cfbea0 Exception <a 'java/lang/NoSuchMethodError'{0x0000000088392568}: 'int java.lang.invoke.DirectMethodHandle$Holder.invokeSpecialIFC(java.lang.Object, java.lang.Object, java.lang.Object, java.lang.Object, java.lang.Object)'> (0x0000000088392568) 
thrown [s\open\src\hotspot\share\interpreter\linkResolver.cpp, line 759]
Event: 44.877 Thread 0x0000023ab9cfbea0 Exception <a 'java/lang/NoSuchMethodError'{0x0000000088170c58}: 'java.lang.Object java.lang.invoke.DirectMethodHandle$Holder.newInvokeSpecial(java.lang.Object, java.lang.Object, java.lang.Object, java.lang.Object, java.lang.Object)'> (0x0000000088170c58) 
thrown [s\open\src\hotspot\share\interpreter\linkResolver.cpp, line 759]
Event: 45.878 Thread 0x0000023ab9cfbea0 Exception <a 'java/lang/NoSuchMethodError'{0x0000000088089de0}: 'int java.lang.invoke.DirectMethodHandle$Holder.invokeStaticInit(java.lang.Object, java.lang.Object)'> (0x0000000088089de0) 
thrown [s\open\src\hotspot\share\interpreter\linkResolver.cpp, line 759]
Event: 45.899 Thread 0x0000023ab9cfbea0 Exception <a 'java/lang/NoClassDefFoundError'{0x00000000880c8178}: javax/enterprise/inject/Typed> (0x00000000880c8178) 
thrown [s\open\src\hotspot\share\classfile\systemDictionary.cpp, line 245]
Event: 61.471 Thread 0x0000023ab9cfbea0 Exception <a 'java/lang/NoSuchMethodError'{0x0000000088c95858}: 'void java.lang.invoke.DirectMethodHandle$Holder.invokeStaticInit(java.lang.Object, java.lang.Object, java.lang.Object)'> (0x0000000088c95858) 
thrown [s\open\src\hotspot\share\interpreter\linkResolver.cpp, line 759]
Event: 61.493 Thread 0x0000023ab9cfbea0 Exception <a 'java/lang/ExceptionInInitializerError'{0x0000000088cc3210}> (0x0000000088cc3210) 
thrown [s\open\src\hotspot\share\oops\instanceKlass.cpp, line 1166]
Event: 61.644 Thread 0x0000023ab9cfbea0 Implicit null exception at 0x0000023ac90a07af to 0x0000023ac90a090c
Event: 61.650 Thread 0x0000023ab9cfbea0 Exception <a 'java/lang/NoSuchMethodError'{0x0000000088bdd650}: 'java.lang.Object java.lang.invoke.Invokers$Holder.invokeExact_MT(java.lang.Object, int, java.lang.Object)'> (0x0000000088bdd650) 
thrown [s\open\src\hotspot\share\interpreter\linkResolver.cpp, line 759]
Event: 63.748 Thread 0x0000023ab9cfbea0 Exception <a 'java/lang/NoSuchMethodError'{0x0000000088a40de0}: 'void java.lang.invoke.DirectMethodHandle$Holder.invokeStatic(java.lang.Object, java.lang.Object)'> (0x0000000088a40de0) 
thrown [s\open\src\hotspot\share\interpreter\linkResolver.cpp, line 759]
Event: 64.165 Thread 0x0000023ab9cfbea0 Exception <a 'java/lang/NoSuchMethodError'{0x0000000088a51940}: 'int java.lang.invoke.DirectMethodHandle$Holder.invokeSpecial(java.lang.Object, java.lang.Object, java.lang.Object, java.lang.Object)'> (0x0000000088a51940) 
thrown [s\open\src\hotspot\share\interpreter\linkResolver.cpp, line 759]
Event: 70.261 Thread 0x0000023ab9cfbea0 Exception <a 'java/lang/NoClassDefFoundError'{0x00000000882cb5a0}: com/google/inject/servlet/ServletModuleTargetVisitor> (0x00000000882cb5a0) 
thrown [s\open\src\hotspot\share\classfile\systemDictionary.cpp, line 245]
Event: 70.946 Thread 0x0000023ab9cfbea0 Exception <a 'java/lang/NoSuchMethodError'{0x0000000087f6b5e8}: 'void java.lang.invoke.DirectMethodHandle$Holder.invokeVirtual(java.lang.Object, java.lang.Object)'> (0x0000000087f6b5e8) 
thrown [s\open\src\hotspot\share\interpreter\linkResolver.cpp, line 759]
Event: 71.004 Thread 0x0000023ab9cfbea0 Exception <a 'java/lang/NoSuchMethodError'{0x0000000087ff4f68}: 'java.lang.Object java.lang.invoke.DirectMethodHandle$Holder.invokeStaticInit(java.lang.Object, int, int, int, int)'> (0x0000000087ff4f68) 
thrown [s\open\src\hotspot\share\interpreter\linkResolver.cpp, line 759]
Event: 86.802 Thread 0x0000023ab9cfbea0 Implicit null exception at 0x0000023ac9067b72 to 0x0000023ac906818c
Event: 86.802 Thread 0x0000023ab9cfbea0 Implicit null exception at 0x0000023ac9075ff2 to 0x0000023ac907660c

VM Operations (20 events):
Event: 80.604 Executing VM operation: Cleanup
Event: 81.369 Executing VM operation: Cleanup done
Event: 85.420 Executing VM operation: Cleanup
Event: 85.566 Executing VM operation: Cleanup done
Event: 85.798 Executing VM operation: HandshakeAllThreads
Event: 85.798 Executing VM operation: HandshakeAllThreads done
Event: 85.820 Executing VM operation: HandshakeAllThreads
Event: 85.820 Executing VM operation: HandshakeAllThreads done
Event: 86.823 Executing VM operation: Cleanup
Event: 86.851 Executing VM operation: Cleanup done
Event: 87.865 Executing VM operation: Cleanup
Event: 88.166 Executing VM operation: Cleanup done
Event: 89.182 Executing VM operation: Cleanup
Event: 90.191 Executing VM operation: Cleanup done
Event: 90.207 Executing VM operation: HandshakeAllThreads
Event: 90.207 Executing VM operation: HandshakeAllThreads done
Event: 90.207 Executing VM operation: HandshakeAllThreads
Event: 90.207 Executing VM operation: HandshakeAllThreads done
Event: 90.209 Executing VM operation: HandshakeAllThreads
Event: 90.209 Executing VM operation: HandshakeAllThreads done

Events (20 events):
Event: 90.210 loading class java/lang/ThreadLocal$SuppliedThreadLocal
Event: 90.214 loading class java/lang/ThreadLocal$SuppliedThreadLocal done
Event: 90.251 loading class sun/nio/fs/WindowsFileSystemProvider$1
Event: 90.252 loading class sun/nio/fs/WindowsFileSystemProvider$1 done
Event: 90.259 loading class sun/nio/ch/FileLockImpl
Event: 90.264 loading class sun/nio/ch/FileLockImpl done
Event: 90.264 loading class sun/nio/ch/FileLockTable
Event: 90.264 loading class sun/nio/ch/FileLockTable done
Event: 90.264 loading class sun/nio/ch/FileKey
Event: 90.265 loading class sun/nio/ch/FileKey done
Event: 90.750 loading class sun/nio/ch/FileLockTable$FileLockReference
Event: 90.751 loading class sun/nio/ch/FileLockTable$FileLockReference done
Event: 90.751 loading class java/nio/channels/spi/AbstractInterruptibleChannel$1
Event: 90.751 loading class sun/nio/ch/Interruptible
Event: 90.752 loading class sun/nio/ch/Interruptible done
Event: 90.752 loading class java/nio/channels/spi/AbstractInterruptibleChannel$1 done
Event: 90.753 loading class java/util/AbstractMap$2
Event: 90.753 loading class java/util/AbstractMap$2 done
Event: 90.753 loading class java/util/AbstractMap$2$1
Event: 90.753 loading class java/util/AbstractMap$2$1 done


Dynamic libraries:
0x00007ff75cc70000 - 0x00007ff75cc80000 	C:\Program Files\Java\jdk-17.0.4.1\bin\java.exe
0x00007ffe52bb0000 - 0x00007ffe52dc7000 	C:\WINDOWS\SYSTEM32\ntdll.dll
0x00007ffe51f30000 - 0x00007ffe51ff4000 	C:\WINDOWS\System32\KERNEL32.DLL
0x00007ffe501b0000 - 0x00007ffe50555000 	C:\WINDOWS\System32\KERNELBASE.dll
0x00007ffe50720000 - 0x00007ffe50831000 	C:\WINDOWS\System32\ucrtbase.dll
0x00007ffe30030000 - 0x00007ffe30048000 	C:\Program Files\Java\jdk-17.0.4.1\bin\jli.dll
0x00007ffe517e0000 - 0x00007ffe51891000 	C:\WINDOWS\System32\ADVAPI32.dll
0x00007ffe518a0000 - 0x00007ffe51947000 	C:\WINDOWS\System32\msvcrt.dll
0x00007ffe522a0000 - 0x00007ffe52346000 	C:\WINDOWS\System32\sechost.dll
0x00007ffe52000000 - 0x00007ffe52117000 	C:\WINDOWS\System32\RPCRT4.dll
0x00007ffe50980000 - 0x00007ffe50b2e000 	C:\WINDOWS\System32\USER32.dll
0x00007ffe506f0000 - 0x00007ffe50716000 	C:\WINDOWS\System32\win32u.dll
0x00007ffe51c60000 - 0x00007ffe51c89000 	C:\WINDOWS\System32\GDI32.dll
0x00007ffe50560000 - 0x00007ffe50679000 	C:\WINDOWS\System32\gdi32full.dll
0x00007ffe4ff20000 - 0x00007ffe4ffba000 	C:\WINDOWS\System32\msvcp_win.dll
0x00007ffe33530000 - 0x00007ffe3354a000 	C:\Program Files\Java\jdk-17.0.4.1\bin\VCRUNTIME140.dll
0x00007ffe37df0000 - 0x00007ffe38083000 	C:\WINDOWS\WinSxS\amd64_microsoft.windows.common-controls_6595b64144ccf1df_6.0.22621.2506_none_270c5ae97388e100\COMCTL32.dll
0x00007ffe43a50000 - 0x00007ffe43a5a000 	C:\WINDOWS\SYSTEM32\VERSION.dll
0x00007ffe51c90000 - 0x00007ffe51cc1000 	C:\WINDOWS\System32\IMM32.DLL
0x00007ffe46400000 - 0x00007ffe4640c000 	C:\Program Files\Java\jdk-17.0.4.1\bin\vcruntime140_1.dll
0x00007ffe10100000 - 0x00007ffe1018d000 	C:\Program Files\Java\jdk-17.0.4.1\bin\msvcp140.dll
0x00007ffdedab0000 - 0x00007ffdee672000 	C:\Program Files\Java\jdk-17.0.4.1\bin\server\jvm.dll
0x00007ffe52b60000 - 0x00007ffe52b68000 	C:\WINDOWS\System32\PSAPI.DLL
0x00007ffe48480000 - 0x00007ffe48489000 	C:\WINDOWS\SYSTEM32\WSOCK32.dll
0x00007ffe50900000 - 0x00007ffe50971000 	C:\WINDOWS\System32\WS2_32.dll
0x00007ffe44d00000 - 0x00007ffe44d34000 	C:\WINDOWS\SYSTEM32\WINMM.dll
0x00007ffe4efb0000 - 0x00007ffe4efc8000 	C:\WINDOWS\SYSTEM32\kernel.appcore.dll
0x00007ffe45ed0000 - 0x00007ffe45eda000 	C:\Program Files\Java\jdk-17.0.4.1\bin\jimage.dll
0x00007ffe4d850000 - 0x00007ffe4da83000 	C:\WINDOWS\SYSTEM32\DBGHELP.DLL
0x00007ffe52350000 - 0x00007ffe526d9000 	C:\WINDOWS\System32\combase.dll
0x00007ffe51950000 - 0x00007ffe51a27000 	C:\WINDOWS\System32\OLEAUT32.dll
0x00007ffe315e0000 - 0x00007ffe31612000 	C:\WINDOWS\SYSTEM32\dbgcore.DLL
0x00007ffe50130000 - 0x00007ffe501aa000 	C:\WINDOWS\System32\bcryptPrimitives.dll
0x00007ffe2ffc0000 - 0x00007ffe2ffe5000 	C:\Program Files\Java\jdk-17.0.4.1\bin\java.dll
0x00007ffe00e30000 - 0x00007ffe00f06000 	C:\Program Files\Java\jdk-17.0.4.1\bin\jsvml.dll
0x00007ffe50d00000 - 0x00007ffe51559000 	C:\WINDOWS\System32\SHELL32.dll
0x00007ffe4de50000 - 0x00007ffe4e744000 	C:\WINDOWS\SYSTEM32\windows.storage.dll
0x00007ffe4dd10000 - 0x00007ffe4de4e000 	C:\WINDOWS\SYSTEM32\wintypes.dll
0x00007ffe50b30000 - 0x00007ffe50c23000 	C:\WINDOWS\System32\SHCORE.dll
0x00007ffe51eb0000 - 0x00007ffe51f0e000 	C:\WINDOWS\System32\shlwapi.dll
0x00007ffe4fe50000 - 0x00007ffe4fe76000 	C:\WINDOWS\SYSTEM32\profapi.dll
0x00007ffe33090000 - 0x00007ffe330a9000 	C:\Program Files\Java\jdk-17.0.4.1\bin\net.dll
0x00007ffe44b60000 - 0x00007ffe44c97000 	C:\WINDOWS\SYSTEM32\WINHTTP.dll
0x00007ffe4f490000 - 0x00007ffe4f4f9000 	C:\WINDOWS\system32\mswsock.dll
0x00007ffe30140000 - 0x00007ffe30156000 	C:\Program Files\Java\jdk-17.0.4.1\bin\nio.dll
0x00007ffe30080000 - 0x00007ffe30098000 	C:\Program Files\Java\jdk-17.0.4.1\bin\zip.dll
0x0000000069ac0000 - 0x0000000069ae4000 	C:\Users\larak\AppData\Local\Temp\jansi-2.4.0-eddba21287bb4bd2-jansi.dll
0x00007ffe455e0000 - 0x00007ffe455f0000 	C:\Program Files\Java\jdk-17.0.4.1\bin\verify.dll

dbghelp: loaded successfully - version: 4.0.5 - missing functions: none
symbol engine: initialized successfully - sym options: 0x614 - pdb path: .;C:\Program Files\Java\jdk-17.0.4.1\bin;C:\WINDOWS\SYSTEM32;C:\WINDOWS\WinSxS\amd64_microsoft.windows.common-controls_6595b64144ccf1df_6.0.22621.2506_none_270c5ae97388e100;C:\Program Files\Java\jdk-17.0.4.1\bin\server;C:\Users\larak\AppData\Local\Temp

VM Arguments:
jvm_args: -Dmaven.multiModuleProjectDirectory=C:\Senac\curso ds\ProjetoIntegradorUC15\Etapa0708PIUC15\petpug\petpug 
java_command: org.apache.maven.wrapper.MavenWrapperMain -Dmaven.ext.class.path=C:\Program Files\NetBeans-14\netbeans\java\maven-nblib\netbeans-eventspy.jar -Dfile.encoding=UTF-8 install
java_class_path (initial): C:\Senac\curso ds\ProjetoIntegradorUC15\Etapa0708PIUC15\petpug\petpug\.mvn\wrapper\maven-wrapper.jar
Launcher Type: SUN_STANDARD

[Global flags]
     intx CICompilerCount                          = 4                                         {product} {ergonomic}
     uint ConcGCThreads                            = 2                                         {product} {ergonomic}
     uint G1ConcRefinementThreads                  = 8                                         {product} {ergonomic}
   size_t G1HeapRegionSize                         = 1048576                                   {product} {ergonomic}
    uintx GCDrainStackTargetSize                   = 64                                        {product} {ergonomic}
   size_t InitialHeapSize                          = 134217728                                 {product} {ergonomic}
   size_t MarkStackSize                            = 4194304                                   {product} {ergonomic}
   size_t MaxHeapSize                              = 2126512128                                {product} {ergonomic}
   size_t MaxNewSize                               = 1275068416                                {product} {ergonomic}
   size_t MinHeapDeltaBytes                        = 1048576                                   {product} {ergonomic}
   size_t MinHeapSize                              = 8388608                                   {product} {ergonomic}
    uintx NonNMethodCodeHeapSize                   = 5839372                                {pd product} {ergonomic}
    uintx NonProfiledCodeHeapSize                  = 122909434                              {pd product} {ergonomic}
    uintx ProfiledCodeHeapSize                     = 122909434                              {pd product} {ergonomic}
    uintx ReservedCodeCacheSize                    = 251658240                              {pd product} {ergonomic}
     bool SegmentedCodeCache                       = true                                      {product} {ergonomic}
   size_t SoftMaxHeapSize                          = 2126512128                             {manageable} {ergonomic}
     bool UseCompressedClassPointers               = true                           {product lp64_product} {ergonomic}
     bool UseCompressedOops                        = true                           {product lp64_product} {ergonomic}
     bool UseG1GC                                  = true                                      {product} {ergonomic}
     bool UseLargePagesIndividualAllocation        = false                                  {pd product} {ergonomic}

Logging:
Log output configuration:
 #0: stdout all=warning uptime,level,tags
 #1: stderr all=off uptime,level,tags

Environment Variables:
JAVA_HOME=C:\Program Files\Java\jdk-17.0.4.1
PATH=C:\Program Files\Common Files\Oracle\Java\javapath;C:\ProgramData\Oracle\Java\javapath;C:\Program Files (x86)\Intel\Intel(R) Management Engine Components\iCLS\;C:\Program Files\Intel\Intel(R) Management Engine Components\iCLS\;C:\windows\system32;C:\windows;C:\windows\System32\Wbem;C:\windows\System32\WindowsPowerShell\v1.0\;C:\windows\System32\OpenSSH\;C:\Program Files (x86)\NVIDIA Corporation\PhysX\Common;C:\Program Files (x86)\Intel\Intel(R) Management Engine Components\DAL;C:\Program Files\Intel\Intel(R) Management Engine Components\DAL;C:\Program Files (x86)\Intel\Intel(R) Management Engine Components\IPT;C:\Program Files\Intel\Intel(R) Management Engine Components\IPT;C:\WINDOWS\system32;C:\WINDOWS;C:\WINDOWS\System32\Wbem;C:\WINDOWS\System32\WindowsPowerShell\v1.0\;C:\WINDOWS\System32\OpenSSH\;C:\ProgramData\UNIVALI\Portugol Studio;C:\Program Files\Git\cmd;D:\Microsoft VS Code\bin;D:\;C:\Users\larak\AppData\Local\Microsoft\WindowsApps;C:\Program Files\JetBrains\PyCharm Community Edition 2020.3.3\bin;;C:\Users\larak\AppData\Local\GitHubDesktop\bin;C:\Users\larak\AppData\Roaming\npm
USERNAME=larak
OS=Windows_NT
PROCESSOR_IDENTIFIER=Intel64 Family 6 Model 142 Stepping 10, GenuineIntel



---------------  S Y S T E M  ---------------

OS:
 Windows 11 , 64 bit Build 22621 (10.0.22621.2506)
OS uptime: 3 days 14:28 hours

CPU: total 8 (initial active 8) (4 cores per cpu, 2 threads per core) family 6 model 142 stepping 10 microcode 0xe0, cx8, cmov, fxsr, ht, mmx, 3dnowpref, sse, sse2, sse3, ssse3, sse4.1, sse4.2, popcnt, lzcnt, tsc, tscinvbit, avx, avx2, aes, erms, clmul, bmi1, bmi2, adx, fma, vzeroupper, clflush, clflushopt

Memory: 4k page, system-wide physical 8106M (50M free)
TotalPageFile size 32682M (AvailPageFile size 0M)
current process WorkingSet (physical memory assigned to process): 65M, peak: 93M
current process commit charge ("private bytes"): 236M, peak: 243M

vm_info: Java HotSpot(TM) 64-Bit Server VM (17.0.4.1+1-LTS-2) for windows-amd64 JRE (17.0.4.1+1-LTS-2), built on Aug 16 2022 18:32:06 by "mach5one" with MS VC++ 16.8 / 16.9 (VS2019)

END.
