#
# There is insufficient memory for the Java Runtime Environment to continue.
# Native memory allocation (mmap) failed to map 65536 bytes for Failed to commit metaspace.
# Possible reasons:
#   The system is out of physical RAM or swap space
#   The process is running with CompressedOops enabled, and the Java Heap may be blocking the growth of the native heap
# Possible solutions:
#   Reduce memory load on the system
#   Increase physical memory or swap space
#   Check if swap backing store is full
#   Decrease Java heap size (-Xmx/-Xms)
#   Decrease number of Java threads
#   Decrease Java thread stack sizes (-Xss)
#   Set larger code cache with -XX:ReservedCodeCacheSize=
#   JVM is running with Unscaled Compressed Oops mode in which the Java heap is
#     placed in the first 4GB address space. The Java Heap base address is the
#     maximum limit for the native heap growth. Please use -XX:HeapBaseMinAddress
#     to set the Java Heap base and to place the Java Heap above 4GB virtual address.
# This output file may be truncated or incomplete.
#
#  Out of Memory Error (virtualSpaceNode.cpp:110), pid=28844, tid=28876
#
# JRE version: Java(TM) SE Runtime Environment (17.0.4.1+1) (build 17.0.4.1+1-LTS-2)
# Java VM: Java HotSpot(TM) 64-Bit Server VM (17.0.4.1+1-LTS-2, mixed mode, sharing, tiered, compressed oops, compressed class ptrs, g1 gc, windows-amd64)
# No core dump will be written. Minidumps are not enabled by default on client versions of Windows
#

---------------  S U M M A R Y ------------

Command Line: -Dmaven.multiModuleProjectDirectory=C:\Senac\curso ds\ProjetoIntegradorUC15\Etapa0708PIUC15\petpug\petpug org.apache.maven.wrapper.MavenWrapperMain -Dmaven.ext.class.path=C:\Program Files\NetBeans-14\netbeans\java\maven-nblib\netbeans-eventspy.jar -Dfile.encoding=UTF-8 install

Host: Intel(R) Core(TM) i5-8250U CPU @ 1.60GHz, 8 cores, 7G,  Windows 11 , 64 bit Build 22621 (10.0.22621.2506)
Time: Mon Dec 18 09:40:56 2023 Hora oficial do Brasil elapsed time: 44.010219 seconds (0d 0h 0m 44s)

---------------  T H R E A D  ---------------

Current thread (0x000001fa6f08bea0):  JavaThread "main" [_thread_in_vm, id=28876, stack(0x00000022ddb00000,0x00000022ddc00000)]

Stack: [0x00000022ddb00000,0x00000022ddc00000]
Native frames: (J=compiled Java code, j=interpreted, Vv=VM code, C=native code)
V  [jvm.dll+0x6723ba]
V  [jvm.dll+0x7d1e34]
V  [jvm.dll+0x7d35de]
V  [jvm.dll+0x7d3c43]
V  [jvm.dll+0x243065]
V  [jvm.dll+0x7cdddb]
V  [jvm.dll+0x618166]
V  [jvm.dll+0x1be94e]
V  [jvm.dll+0x61aaa1]
V  [jvm.dll+0x618b06]
V  [jvm.dll+0x238b70]
V  [jvm.dll+0x1e8e4d]
V  [jvm.dll+0x1de891]
V  [jvm.dll+0x538bb0]
V  [jvm.dll+0x74c978]
V  [jvm.dll+0x74ca64]
V  [jvm.dll+0x409485]
V  [jvm.dll+0x40f4d8]
C  [java.dll+0x17ec]

Java frames: (J=compiled Java code, j=interpreted, Vv=VM code)
J 812  java.lang.ClassLoader.defineClass1(Ljava/lang/ClassLoader;Ljava/lang/String;[BIILjava/security/ProtectionDomain;Ljava/lang/String;)Ljava/lang/Class; java.base@17.0.4.1 (0 bytes) @ 0x000001fa07b12963 [0x000001fa07b128a0+0x00000000000000c3]
J 941 c1 java.lang.ClassLoader.defineClass(Ljava/lang/String;[BIILjava/security/ProtectionDomain;)Ljava/lang/Class; java.base@17.0.4.1 (43 bytes) @ 0x000001fa0076b0d4 [0x000001fa0076ad80+0x0000000000000354]
J 851 c1 java.security.SecureClassLoader.defineClass(Ljava/lang/String;[BIILjava/security/CodeSource;)Ljava/lang/Class; java.base@17.0.4.1 (16 bytes) @ 0x000001fa0074368c [0x000001fa007435c0+0x00000000000000cc]
J 799 c1 java.net.URLClassLoader.defineClass(Ljava/lang/String;Ljdk/internal/loader/Resource;)Ljava/lang/Class; java.base@17.0.4.1 (224 bytes) @ 0x000001fa00720cdc [0x000001fa0071f620+0x00000000000016bc]
J 719 c1 java.net.URLClassLoader$1.run()Ljava/lang/Class; java.base@17.0.4.1 (81 bytes) @ 0x000001fa006ed45c [0x000001fa006ec820+0x0000000000000c3c]
J 718 c1 java.net.URLClassLoader$1.run()Ljava/lang/Object; java.base@17.0.4.1 (5 bytes) @ 0x000001fa006ec344 [0x000001fa006ec2c0+0x0000000000000084]
J 455 c1 java.security.AccessController.doPrivileged(Ljava/security/PrivilegedExceptionAction;Ljava/security/AccessControlContext;)Ljava/lang/Object; java.base@17.0.4.1 (26 bytes) @ 0x000001fa0064bbfc [0x000001fa0064ba20+0x00000000000001dc]
J 716 c1 java.net.URLClassLoader.findClass(Ljava/lang/String;)Ljava/lang/Class; java.base@17.0.4.1 (47 bytes) @ 0x000001fa006eb59c [0x000001fa006eb400+0x000000000000019c]
J 835 c1 org.codehaus.plexus.classworlds.realm.ClassRealm.loadClassFromSelf(Ljava/lang/String;)Ljava/lang/Class; (40 bytes) @ 0x000001fa0073968c [0x000001fa00739300+0x000000000000038c]
J 793 c1 org.codehaus.plexus.classworlds.strategy.SelfFirstStrategy.loadClass(Ljava/lang/String;)Ljava/lang/Class; (50 bytes) @ 0x000001fa0071a3a4 [0x000001fa00719fc0+0x00000000000003e4]
J 564 c1 org.codehaus.plexus.classworlds.realm.ClassRealm.loadClass(Ljava/lang/String;Z)Ljava/lang/Class; (33 bytes) @ 0x000001fa006959cc [0x000001fa00695860+0x000000000000016c]
J 563 c1 org.codehaus.plexus.classworlds.realm.ClassRealm.loadClass(Ljava/lang/String;)Ljava/lang/Class; (7 bytes) @ 0x000001fa0069551c [0x000001fa00695420+0x00000000000000fc]
J 793 c1 org.codehaus.plexus.classworlds.strategy.SelfFirstStrategy.loadClass(Ljava/lang/String;)Ljava/lang/Class; (50 bytes) @ 0x000001fa0071a73c [0x000001fa00719fc0+0x000000000000077c]
J 564 c1 org.codehaus.plexus.classworlds.realm.ClassRealm.loadClass(Ljava/lang/String;Z)Ljava/lang/Class; (33 bytes) @ 0x000001fa006959cc [0x000001fa00695860+0x000000000000016c]
J 563 c1 org.codehaus.plexus.classworlds.realm.ClassRealm.loadClass(Ljava/lang/String;)Ljava/lang/Class; (7 bytes) @ 0x000001fa0069551c [0x000001fa00695420+0x00000000000000fc]
j  org.eclipse.sisu.space.URLClassSpace.loadClass(Ljava/lang/String;)Ljava/lang/Class;+5
j  org.eclipse.sisu.space.NamedClass.load()Ljava/lang/Class;+8
j  org.eclipse.sisu.wire.DependencyAnalyzer.visit(Lcom/google/inject/spi/ProviderInstanceBinding;)Ljava/lang/Boolean;+21
j  org.eclipse.sisu.wire.DependencyAnalyzer.visit(Lcom/google/inject/spi/ProviderInstanceBinding;)Ljava/lang/Object;+5
j  com.google.inject.internal.ProviderInstanceBindingImpl.acceptTargetVisitor(Lcom/google/inject/spi/BindingTargetVisitor;)Ljava/lang/Object;+27
j  org.eclipse.sisu.wire.ElementAnalyzer.visit(Lcom/google/inject/Binding;)Ljava/lang/Void;+43
j  org.eclipse.sisu.wire.ElementAnalyzer.visit(Lcom/google/inject/Binding;)Ljava/lang/Object;+5
j  com.google.inject.internal.BindingImpl.acceptVisitor(Lcom/google/inject/spi/ElementVisitor;)Ljava/lang/Object;+2
j  org.eclipse.sisu.wire.WireModule.configure(Lcom/google/inject/Binder;)V+39
j  com.google.inject.spi.Elements$RecordingBinder.install(Lcom/google/inject/Module;)V+209
j  com.google.inject.spi.Elements.getElements(Lcom/google/inject/Stage;Ljava/lang/Iterable;)Ljava/util/List;+40
j  com.google.inject.internal.InjectorShell$Builder.build(Lcom/google/inject/internal/Initializer;Lcom/google/inject/internal/ProcessedBindingData;Lcom/google/inject/internal/util/ContinuousStopwatch;Lcom/google/inject/internal/Errors;)Ljava/util/List;+163
j  com.google.inject.internal.InternalInjectorCreator.build()Lcom/google/inject/Injector;+48
j  com.google.inject.Guice.createInjector(Lcom/google/inject/Stage;Ljava/lang/Iterable;)Lcom/google/inject/Injector;+15
j  com.google.inject.Guice.createInjector(Ljava/lang/Iterable;)Lcom/google/inject/Injector;+4
j  com.google.inject.Guice.createInjector([Lcom/google/inject/Module;)Lcom/google/inject/Injector;+4
j  org.codehaus.plexus.DefaultPlexusContainer.addPlexusInjector(Ljava/util/List;[Lcom/google/inject/Module;)Lcom/google/inject/Injector;+88
j  org.codehaus.plexus.DefaultPlexusContainer.<init>(Lorg/codehaus/plexus/ContainerConfiguration;[Lcom/google/inject/Module;)V+396
j  org.apache.maven.cli.MavenCli.container(Lorg/apache/maven/cli/CliRequest;)Lorg/codehaus/plexus/PlexusContainer;+279
j  org.apache.maven.cli.MavenCli.doMain(Lorg/apache/maven/cli/CliRequest;)I+34
j  org.apache.maven.cli.MavenCli.main([Ljava/lang/String;Lorg/codehaus/plexus/classworlds/ClassWorld;)I+24
v  ~StubRoutines::call_stub
j  jdk.internal.reflect.NativeMethodAccessorImpl.invoke0(Ljava/lang/reflect/Method;Ljava/lang/Object;[Ljava/lang/Object;)Ljava/lang/Object;+0 java.base@17.0.4.1
j  jdk.internal.reflect.NativeMethodAccessorImpl.invoke(Ljava/lang/Object;[Ljava/lang/Object;)Ljava/lang/Object;+133 java.base@17.0.4.1
j  jdk.internal.reflect.DelegatingMethodAccessorImpl.invoke(Ljava/lang/Object;[Ljava/lang/Object;)Ljava/lang/Object;+6 java.base@17.0.4.1
j  java.lang.reflect.Method.invoke(Ljava/lang/Object;[Ljava/lang/Object;)Ljava/lang/Object;+59 java.base@17.0.4.1
j  org.codehaus.plexus.classworlds.launcher.Launcher.launchEnhanced([Ljava/lang/String;)V+45
j  org.codehaus.plexus.classworlds.launcher.Launcher.launch([Ljava/lang/String;)V+2
j  org.codehaus.plexus.classworlds.launcher.Launcher.mainWithExitCode([Ljava/lang/String;)I+108
j  org.codehaus.plexus.classworlds.launcher.Launcher.main([Ljava/lang/String;)V+1
v  ~StubRoutines::call_stub
j  jdk.internal.reflect.NativeMethodAccessorImpl.invoke0(Ljava/lang/reflect/Method;Ljava/lang/Object;[Ljava/lang/Object;)Ljava/lang/Object;+0 java.base@17.0.4.1
j  jdk.internal.reflect.NativeMethodAccessorImpl.invoke(Ljava/lang/Object;[Ljava/lang/Object;)Ljava/lang/Object;+133 java.base@17.0.4.1
j  jdk.internal.reflect.DelegatingMethodAccessorImpl.invoke(Ljava/lang/Object;[Ljava/lang/Object;)Ljava/lang/Object;+6 java.base@17.0.4.1
j  java.lang.reflect.Method.invoke(Ljava/lang/Object;[Ljava/lang/Object;)Ljava/lang/Object;+59 java.base@17.0.4.1
j  org.apache.maven.wrapper.BootstrapMainStarter.start([Ljava/lang/String;Ljava/nio/file/Path;)V+124
j  org.apache.maven.wrapper.WrapperExecutor.execute([Ljava/lang/String;Lorg/apache/maven/wrapper/Installer;Lorg/apache/maven/wrapper/BootstrapMainStarter;)V+14
j  org.apache.maven.wrapper.MavenWrapperMain.main([Ljava/lang/String;)V+111
v  ~StubRoutines::call_stub

---------------  P R O C E S S  ---------------

Threads class SMR info:
_java_thread_list=0x000001fa7f076520, length=12, elements={
0x000001fa6f08bea0, 0x000001fa7e18ec30, 0x000001fa7e1914d0, 0x000001fa7e1a7100,
0x000001fa7e1a9ec0, 0x000001fa7e1aa870, 0x000001fa7e1ab220, 0x000001fa7e1abf00,
0x000001fa7e212450, 0x000001fa7e218150, 0x000001fa7ecbc290, 0x000001fa7ecc8d80
}

Java Threads: ( => current thread )
=>0x000001fa6f08bea0 JavaThread "main" [_thread_in_vm, id=28876, stack(0x00000022ddb00000,0x00000022ddc00000)]
  0x000001fa7e18ec30 JavaThread "Reference Handler" daemon [_thread_blocked, id=29124, stack(0x00000022de300000,0x00000022de400000)]
  0x000001fa7e1914d0 JavaThread "Finalizer" daemon [_thread_blocked, id=29128, stack(0x00000022de400000,0x00000022de500000)]
  0x000001fa7e1a7100 JavaThread "Signal Dispatcher" daemon [_thread_blocked, id=29132, stack(0x00000022de500000,0x00000022de600000)]
  0x000001fa7e1a9ec0 JavaThread "Attach Listener" daemon [_thread_blocked, id=29136, stack(0x00000022de600000,0x00000022de700000)]
  0x000001fa7e1aa870 JavaThread "Service Thread" daemon [_thread_blocked, id=29140, stack(0x00000022de700000,0x00000022de800000)]
  0x000001fa7e1ab220 JavaThread "Monitor Deflation Thread" daemon [_thread_blocked, id=29144, stack(0x00000022de800000,0x00000022de900000)]
  0x000001fa7e1abf00 JavaThread "C2 CompilerThread0" daemon [_thread_blocked, id=29148, stack(0x00000022de900000,0x00000022dea00000)]
  0x000001fa7e212450 JavaThread "C1 CompilerThread0" daemon [_thread_blocked, id=29152, stack(0x00000022dea00000,0x00000022deb00000)]
  0x000001fa7e218150 JavaThread "Sweeper thread" daemon [_thread_blocked, id=29156, stack(0x00000022deb00000,0x00000022dec00000)]
  0x000001fa7ecbc290 JavaThread "Notification Thread" daemon [_thread_blocked, id=29172, stack(0x00000022dec00000,0x00000022ded00000)]
  0x000001fa7ecc8d80 JavaThread "Common-Cleaner" daemon [_thread_blocked, id=29252, stack(0x00000022dee00000,0x00000022def00000)]

Other Threads:
  0x000001fa7e187cb0 VMThread "VM Thread" [stack: 0x00000022de200000,0x00000022de300000] [id=29064] _threads_hazard_ptr=0x000001fa7f076520
  0x000001fa7ec3e7d0 WatcherThread [stack: 0x00000022ded00000,0x00000022dee00000] [id=29248]
  0x000001fa6f0e56d0 GCTaskThread "GC Thread#0" [stack: 0x00000022ddd00000,0x00000022dde00000] [id=29044]
  0x000001fa7f5f8f70 GCTaskThread "GC Thread#1" [stack: 0x00000022df000000,0x00000022df100000] [id=28252]
  0x000001fa7f4462f0 GCTaskThread "GC Thread#2" [stack: 0x00000022df100000,0x00000022df200000] [id=14640]
  0x000001fa7f449bb0 GCTaskThread "GC Thread#3" [stack: 0x00000022df200000,0x00000022df300000] [id=28368]
  0x000001fa7f0544b0 GCTaskThread "GC Thread#4" [stack: 0x00000022df300000,0x00000022df400000] [id=7348]
  0x000001fa7f054760 GCTaskThread "GC Thread#5" [stack: 0x00000022df400000,0x00000022df500000] [id=14756]
  0x000001fa7f1e36e0 GCTaskThread "GC Thread#6" [stack: 0x00000022df500000,0x00000022df600000] [id=25412]
  0x000001fa7f1e3990 GCTaskThread "GC Thread#7" [stack: 0x00000022df600000,0x00000022df700000] [id=14100]
  0x000001fa6f0f73a0 ConcurrentGCThread "G1 Main Marker" [stack: 0x00000022dde00000,0x00000022ddf00000] [id=29048]
  0x000001fa6f0f8dc0 ConcurrentGCThread "G1 Conc#0" [stack: 0x00000022ddf00000,0x00000022de000000] [id=29052]
  0x000001fa6f15dcc0 ConcurrentGCThread "G1 Refine#0" [stack: 0x00000022de000000,0x00000022de100000] [id=29056]
  0x000001fa6f15e6e0 ConcurrentGCThread "G1 Service" [stack: 0x00000022de100000,0x00000022de200000] [id=29060]

Threads with active compile tasks:

VM state: synchronizing (normal execution)

VM Mutex/Monitor currently owned by a thread:  ([mutex/lock_event])
[0x000001fa6f0864d0] Metaspace_lock - owner thread: 0x000001fa6f08bea0
[0x000001fa6f087610] Threads_lock - owner thread: 0x000001fa7e187cb0

Heap address: 0x0000000081400000, size: 2028 MB, Compressed Oops mode: 32-bit

CDS archive(s) mapped at: [0x0000000800000000-0x0000000800bc0000-0x0000000800bc0000), size 12320768, SharedBaseAddress: 0x0000000800000000, ArchiveRelocationMode: 0.
Compressed class space mapped at: 0x0000000800c00000-0x0000000840c00000, reserved size: 1073741824
Narrow klass base: 0x0000000800000000, Narrow klass shift: 0, Narrow klass range: 0x100000000

GC Precious Log:
 CPUs: 8 total, 8 available
 Memory: 8106M
 Large Page Support: Disabled
 NUMA Support: Disabled
 Compressed Oops: Enabled (32-bit)
 Heap Region Size: 1M
 Heap Min Capacity: 8M
 Heap Initial Capacity: 128M
 Heap Max Capacity: 2028M
 Pre-touch: Disabled
 Parallel Workers: 8
 Concurrent Workers: 2
 Concurrent Refinement Workers: 8
 Periodic GC: Disabled

Heap:
 garbage-first heap   total 131072K, used 25341K [0x0000000081400000, 0x0000000100000000)
  region size 1024K, 25 young (25600K), 3 survivors (3072K)
 Metaspace       used 7841K, committed 8000K, reserved 1064960K
  class space    used 932K, committed 1024K, reserved 1048576K

Heap Regions: E=young(eden), S=young(survivor), O=old, HS=humongous(starts), HC=humongous(continues), CS=collection set, F=free, OA=open archive, CA=closed archive, TAMS=top-at-mark-start (previous, next)
|   0|0x0000000081400000, 0x00000000814bf400, 0x0000000081500000| 74%| O|  |TAMS 0x0000000081400000, 0x0000000081400000| Untracked 
|   1|0x0000000081500000, 0x0000000081500000, 0x0000000081600000|  0%| F|  |TAMS 0x0000000081500000, 0x0000000081500000| Untracked 
|   2|0x0000000081600000, 0x0000000081600000, 0x0000000081700000|  0%| F|  |TAMS 0x0000000081600000, 0x0000000081600000| Untracked 
|   3|0x0000000081700000, 0x0000000081700000, 0x0000000081800000|  0%| F|  |TAMS 0x0000000081700000, 0x0000000081700000| Untracked 
|   4|0x0000000081800000, 0x0000000081800000, 0x0000000081900000|  0%| F|  |TAMS 0x0000000081800000, 0x0000000081800000| Untracked 
|   5|0x0000000081900000, 0x0000000081900000, 0x0000000081a00000|  0%| F|  |TAMS 0x0000000081900000, 0x0000000081900000| Untracked 
|   6|0x0000000081a00000, 0x0000000081a00000, 0x0000000081b00000|  0%| F|  |TAMS 0x0000000081a00000, 0x0000000081a00000| Untracked 
|   7|0x0000000081b00000, 0x0000000081b00000, 0x0000000081c00000|  0%| F|  |TAMS 0x0000000081b00000, 0x0000000081b00000| Untracked 
|   8|0x0000000081c00000, 0x0000000081c00000, 0x0000000081d00000|  0%| F|  |TAMS 0x0000000081c00000, 0x0000000081c00000| Untracked 
|   9|0x0000000081d00000, 0x0000000081d00000, 0x0000000081e00000|  0%| F|  |TAMS 0x0000000081d00000, 0x0000000081d00000| Untracked 
|  10|0x0000000081e00000, 0x0000000081e00000, 0x0000000081f00000|  0%| F|  |TAMS 0x0000000081e00000, 0x0000000081e00000| Untracked 
|  11|0x0000000081f00000, 0x0000000081f00000, 0x0000000082000000|  0%| F|  |TAMS 0x0000000081f00000, 0x0000000081f00000| Untracked 
|  12|0x0000000082000000, 0x0000000082000000, 0x0000000082100000|  0%| F|  |TAMS 0x0000000082000000, 0x0000000082000000| Untracked 
|  13|0x0000000082100000, 0x0000000082100000, 0x0000000082200000|  0%| F|  |TAMS 0x0000000082100000, 0x0000000082100000| Untracked 
|  14|0x0000000082200000, 0x0000000082200000, 0x0000000082300000|  0%| F|  |TAMS 0x0000000082200000, 0x0000000082200000| Untracked 
|  15|0x0000000082300000, 0x0000000082300000, 0x0000000082400000|  0%| F|  |TAMS 0x0000000082300000, 0x0000000082300000| Untracked 
|  16|0x0000000082400000, 0x0000000082400000, 0x0000000082500000|  0%| F|  |TAMS 0x0000000082400000, 0x0000000082400000| Untracked 
|  17|0x0000000082500000, 0x0000000082500000, 0x0000000082600000|  0%| F|  |TAMS 0x0000000082500000, 0x0000000082500000| Untracked 
|  18|0x0000000082600000, 0x0000000082600000, 0x0000000082700000|  0%| F|  |TAMS 0x0000000082600000, 0x0000000082600000| Untracked 
|  19|0x0000000082700000, 0x0000000082700000, 0x0000000082800000|  0%| F|  |TAMS 0x0000000082700000, 0x0000000082700000| Untracked 
|  20|0x0000000082800000, 0x0000000082800000, 0x0000000082900000|  0%| F|  |TAMS 0x0000000082800000, 0x0000000082800000| Untracked 
|  21|0x0000000082900000, 0x0000000082900000, 0x0000000082a00000|  0%| F|  |TAMS 0x0000000082900000, 0x0000000082900000| Untracked 
|  22|0x0000000082a00000, 0x0000000082a00000, 0x0000000082b00000|  0%| F|  |TAMS 0x0000000082a00000, 0x0000000082a00000| Untracked 
|  23|0x0000000082b00000, 0x0000000082b00000, 0x0000000082c00000|  0%| F|  |TAMS 0x0000000082b00000, 0x0000000082b00000| Untracked 
|  24|0x0000000082c00000, 0x0000000082c00000, 0x0000000082d00000|  0%| F|  |TAMS 0x0000000082c00000, 0x0000000082c00000| Untracked 
|  25|0x0000000082d00000, 0x0000000082d00000, 0x0000000082e00000|  0%| F|  |TAMS 0x0000000082d00000, 0x0000000082d00000| Untracked 
|  26|0x0000000082e00000, 0x0000000082e00000, 0x0000000082f00000|  0%| F|  |TAMS 0x0000000082e00000, 0x0000000082e00000| Untracked 
|  27|0x0000000082f00000, 0x0000000082f00000, 0x0000000083000000|  0%| F|  |TAMS 0x0000000082f00000, 0x0000000082f00000| Untracked 
|  28|0x0000000083000000, 0x0000000083000000, 0x0000000083100000|  0%| F|  |TAMS 0x0000000083000000, 0x0000000083000000| Untracked 
|  29|0x0000000083100000, 0x0000000083100000, 0x0000000083200000|  0%| F|  |TAMS 0x0000000083100000, 0x0000000083100000| Untracked 
|  30|0x0000000083200000, 0x0000000083200000, 0x0000000083300000|  0%| F|  |TAMS 0x0000000083200000, 0x0000000083200000| Untracked 
|  31|0x0000000083300000, 0x0000000083300000, 0x0000000083400000|  0%| F|  |TAMS 0x0000000083300000, 0x0000000083300000| Untracked 
|  32|0x0000000083400000, 0x0000000083400000, 0x0000000083500000|  0%| F|  |TAMS 0x0000000083400000, 0x0000000083400000| Untracked 
|  33|0x0000000083500000, 0x0000000083500000, 0x0000000083600000|  0%| F|  |TAMS 0x0000000083500000, 0x0000000083500000| Untracked 
|  34|0x0000000083600000, 0x0000000083600000, 0x0000000083700000|  0%| F|  |TAMS 0x0000000083600000, 0x0000000083600000| Untracked 
|  35|0x0000000083700000, 0x0000000083700000, 0x0000000083800000|  0%| F|  |TAMS 0x0000000083700000, 0x0000000083700000| Untracked 
|  36|0x0000000083800000, 0x0000000083800000, 0x0000000083900000|  0%| F|  |TAMS 0x0000000083800000, 0x0000000083800000| Untracked 
|  37|0x0000000083900000, 0x0000000083900000, 0x0000000083a00000|  0%| F|  |TAMS 0x0000000083900000, 0x0000000083900000| Untracked 
|  38|0x0000000083a00000, 0x0000000083a00000, 0x0000000083b00000|  0%| F|  |TAMS 0x0000000083a00000, 0x0000000083a00000| Untracked 
|  39|0x0000000083b00000, 0x0000000083b00000, 0x0000000083c00000|  0%| F|  |TAMS 0x0000000083b00000, 0x0000000083b00000| Untracked 
|  40|0x0000000083c00000, 0x0000000083c00000, 0x0000000083d00000|  0%| F|  |TAMS 0x0000000083c00000, 0x0000000083c00000| Untracked 
|  41|0x0000000083d00000, 0x0000000083d00000, 0x0000000083e00000|  0%| F|  |TAMS 0x0000000083d00000, 0x0000000083d00000| Untracked 
|  42|0x0000000083e00000, 0x0000000083e00000, 0x0000000083f00000|  0%| F|  |TAMS 0x0000000083e00000, 0x0000000083e00000| Untracked 
|  43|0x0000000083f00000, 0x0000000083f00000, 0x0000000084000000|  0%| F|  |TAMS 0x0000000083f00000, 0x0000000083f00000| Untracked 
|  44|0x0000000084000000, 0x0000000084000000, 0x0000000084100000|  0%| F|  |TAMS 0x0000000084000000, 0x0000000084000000| Untracked 
|  45|0x0000000084100000, 0x0000000084100000, 0x0000000084200000|  0%| F|  |TAMS 0x0000000084100000, 0x0000000084100000| Untracked 
|  46|0x0000000084200000, 0x0000000084200000, 0x0000000084300000|  0%| F|  |TAMS 0x0000000084200000, 0x0000000084200000| Untracked 
|  47|0x0000000084300000, 0x0000000084300000, 0x0000000084400000|  0%| F|  |TAMS 0x0000000084300000, 0x0000000084300000| Untracked 
|  48|0x0000000084400000, 0x0000000084400000, 0x0000000084500000|  0%| F|  |TAMS 0x0000000084400000, 0x0000000084400000| Untracked 
|  49|0x0000000084500000, 0x0000000084500000, 0x0000000084600000|  0%| F|  |TAMS 0x0000000084500000, 0x0000000084500000| Untracked 
|  50|0x0000000084600000, 0x0000000084600000, 0x0000000084700000|  0%| F|  |TAMS 0x0000000084600000, 0x0000000084600000| Untracked 
|  51|0x0000000084700000, 0x0000000084700000, 0x0000000084800000|  0%| F|  |TAMS 0x0000000084700000, 0x0000000084700000| Untracked 
|  52|0x0000000084800000, 0x0000000084800000, 0x0000000084900000|  0%| F|  |TAMS 0x0000000084800000, 0x0000000084800000| Untracked 
|  53|0x0000000084900000, 0x0000000084900000, 0x0000000084a00000|  0%| F|  |TAMS 0x0000000084900000, 0x0000000084900000| Untracked 
|  54|0x0000000084a00000, 0x0000000084a00000, 0x0000000084b00000|  0%| F|  |TAMS 0x0000000084a00000, 0x0000000084a00000| Untracked 
|  55|0x0000000084b00000, 0x0000000084b00000, 0x0000000084c00000|  0%| F|  |TAMS 0x0000000084b00000, 0x0000000084b00000| Untracked 
|  56|0x0000000084c00000, 0x0000000084c00000, 0x0000000084d00000|  0%| F|  |TAMS 0x0000000084c00000, 0x0000000084c00000| Untracked 
|  57|0x0000000084d00000, 0x0000000084d00000, 0x0000000084e00000|  0%| F|  |TAMS 0x0000000084d00000, 0x0000000084d00000| Untracked 
|  58|0x0000000084e00000, 0x0000000084e00000, 0x0000000084f00000|  0%| F|  |TAMS 0x0000000084e00000, 0x0000000084e00000| Untracked 
|  59|0x0000000084f00000, 0x0000000084f00000, 0x0000000085000000|  0%| F|  |TAMS 0x0000000084f00000, 0x0000000084f00000| Untracked 
|  60|0x0000000085000000, 0x0000000085000000, 0x0000000085100000|  0%| F|  |TAMS 0x0000000085000000, 0x0000000085000000| Untracked 
|  61|0x0000000085100000, 0x0000000085100000, 0x0000000085200000|  0%| F|  |TAMS 0x0000000085100000, 0x0000000085100000| Untracked 
|  62|0x0000000085200000, 0x0000000085200000, 0x0000000085300000|  0%| F|  |TAMS 0x0000000085200000, 0x0000000085200000| Untracked 
|  63|0x0000000085300000, 0x0000000085300000, 0x0000000085400000|  0%| F|  |TAMS 0x0000000085300000, 0x0000000085300000| Untracked 
|  64|0x0000000085400000, 0x0000000085400000, 0x0000000085500000|  0%| F|  |TAMS 0x0000000085400000, 0x0000000085400000| Untracked 
|  65|0x0000000085500000, 0x0000000085500000, 0x0000000085600000|  0%| F|  |TAMS 0x0000000085500000, 0x0000000085500000| Untracked 
|  66|0x0000000085600000, 0x0000000085600000, 0x0000000085700000|  0%| F|  |TAMS 0x0000000085600000, 0x0000000085600000| Untracked 
|  67|0x0000000085700000, 0x0000000085700000, 0x0000000085800000|  0%| F|  |TAMS 0x0000000085700000, 0x0000000085700000| Untracked 
|  68|0x0000000085800000, 0x0000000085800000, 0x0000000085900000|  0%| F|  |TAMS 0x0000000085800000, 0x0000000085800000| Untracked 
|  69|0x0000000085900000, 0x0000000085900000, 0x0000000085a00000|  0%| F|  |TAMS 0x0000000085900000, 0x0000000085900000| Untracked 
|  70|0x0000000085a00000, 0x0000000085a00000, 0x0000000085b00000|  0%| F|  |TAMS 0x0000000085a00000, 0x0000000085a00000| Untracked 
|  71|0x0000000085b00000, 0x0000000085b00000, 0x0000000085c00000|  0%| F|  |TAMS 0x0000000085b00000, 0x0000000085b00000| Untracked 
|  72|0x0000000085c00000, 0x0000000085c00000, 0x0000000085d00000|  0%| F|  |TAMS 0x0000000085c00000, 0x0000000085c00000| Untracked 
|  73|0x0000000085d00000, 0x0000000085d00000, 0x0000000085e00000|  0%| F|  |TAMS 0x0000000085d00000, 0x0000000085d00000| Untracked 
|  74|0x0000000085e00000, 0x0000000085e00000, 0x0000000085f00000|  0%| F|  |TAMS 0x0000000085e00000, 0x0000000085e00000| Untracked 
|  75|0x0000000085f00000, 0x0000000085f00000, 0x0000000086000000|  0%| F|  |TAMS 0x0000000085f00000, 0x0000000085f00000| Untracked 
|  76|0x0000000086000000, 0x0000000086000000, 0x0000000086100000|  0%| F|  |TAMS 0x0000000086000000, 0x0000000086000000| Untracked 
|  77|0x0000000086100000, 0x0000000086100000, 0x0000000086200000|  0%| F|  |TAMS 0x0000000086100000, 0x0000000086100000| Untracked 
|  78|0x0000000086200000, 0x0000000086200000, 0x0000000086300000|  0%| F|  |TAMS 0x0000000086200000, 0x0000000086200000| Untracked 
|  79|0x0000000086300000, 0x0000000086300000, 0x0000000086400000|  0%| F|  |TAMS 0x0000000086300000, 0x0000000086300000| Untracked 
|  80|0x0000000086400000, 0x0000000086400000, 0x0000000086500000|  0%| F|  |TAMS 0x0000000086400000, 0x0000000086400000| Untracked 
|  81|0x0000000086500000, 0x0000000086500000, 0x0000000086600000|  0%| F|  |TAMS 0x0000000086500000, 0x0000000086500000| Untracked 
|  82|0x0000000086600000, 0x0000000086600000, 0x0000000086700000|  0%| F|  |TAMS 0x0000000086600000, 0x0000000086600000| Untracked 
|  83|0x0000000086700000, 0x0000000086700000, 0x0000000086800000|  0%| F|  |TAMS 0x0000000086700000, 0x0000000086700000| Untracked 
|  84|0x0000000086800000, 0x0000000086800000, 0x0000000086900000|  0%| F|  |TAMS 0x0000000086800000, 0x0000000086800000| Untracked 
|  85|0x0000000086900000, 0x0000000086900000, 0x0000000086a00000|  0%| F|  |TAMS 0x0000000086900000, 0x0000000086900000| Untracked 
|  86|0x0000000086a00000, 0x0000000086a00000, 0x0000000086b00000|  0%| F|  |TAMS 0x0000000086a00000, 0x0000000086a00000| Untracked 
|  87|0x0000000086b00000, 0x0000000086b00000, 0x0000000086c00000|  0%| F|  |TAMS 0x0000000086b00000, 0x0000000086b00000| Untracked 
|  88|0x0000000086c00000, 0x0000000086c00000, 0x0000000086d00000|  0%| F|  |TAMS 0x0000000086c00000, 0x0000000086c00000| Untracked 
|  89|0x0000000086d00000, 0x0000000086d00000, 0x0000000086e00000|  0%| F|  |TAMS 0x0000000086d00000, 0x0000000086d00000| Untracked 
|  90|0x0000000086e00000, 0x0000000086e00000, 0x0000000086f00000|  0%| F|  |TAMS 0x0000000086e00000, 0x0000000086e00000| Untracked 
|  91|0x0000000086f00000, 0x0000000086f00000, 0x0000000087000000|  0%| F|  |TAMS 0x0000000086f00000, 0x0000000086f00000| Untracked 
|  92|0x0000000087000000, 0x0000000087000000, 0x0000000087100000|  0%| F|  |TAMS 0x0000000087000000, 0x0000000087000000| Untracked 
|  93|0x0000000087100000, 0x0000000087100000, 0x0000000087200000|  0%| F|  |TAMS 0x0000000087100000, 0x0000000087100000| Untracked 
|  94|0x0000000087200000, 0x0000000087200000, 0x0000000087300000|  0%| F|  |TAMS 0x0000000087200000, 0x0000000087200000| Untracked 
|  95|0x0000000087300000, 0x0000000087300000, 0x0000000087400000|  0%| F|  |TAMS 0x0000000087300000, 0x0000000087300000| Untracked 
|  96|0x0000000087400000, 0x0000000087400000, 0x0000000087500000|  0%| F|  |TAMS 0x0000000087400000, 0x0000000087400000| Untracked 
|  97|0x0000000087500000, 0x0000000087500000, 0x0000000087600000|  0%| F|  |TAMS 0x0000000087500000, 0x0000000087500000| Untracked 
|  98|0x0000000087600000, 0x0000000087600000, 0x0000000087700000|  0%| F|  |TAMS 0x0000000087600000, 0x0000000087600000| Untracked 
|  99|0x0000000087700000, 0x0000000087700000, 0x0000000087800000|  0%| F|  |TAMS 0x0000000087700000, 0x0000000087700000| Untracked 
| 100|0x0000000087800000, 0x0000000087800000, 0x0000000087900000|  0%| F|  |TAMS 0x0000000087800000, 0x0000000087800000| Untracked 
| 101|0x0000000087900000, 0x0000000087900000, 0x0000000087a00000|  0%| F|  |TAMS 0x0000000087900000, 0x0000000087900000| Untracked 
| 102|0x0000000087a00000, 0x0000000087b00000, 0x0000000087b00000|100%| S|CS|TAMS 0x0000000087a00000, 0x0000000087a00000| Complete 
| 103|0x0000000087b00000, 0x0000000087c00000, 0x0000000087c00000|100%| S|CS|TAMS 0x0000000087b00000, 0x0000000087b00000| Complete 
| 104|0x0000000087c00000, 0x0000000087d00000, 0x0000000087d00000|100%| S|CS|TAMS 0x0000000087c00000, 0x0000000087c00000| Complete 
| 105|0x0000000087d00000, 0x0000000087d00000, 0x0000000087e00000|  0%| F|  |TAMS 0x0000000087d00000, 0x0000000087d00000| Untracked 
| 106|0x0000000087e00000, 0x0000000087f00000, 0x0000000087f00000|100%| E|  |TAMS 0x0000000087e00000, 0x0000000087e00000| Complete 
| 107|0x0000000087f00000, 0x0000000088000000, 0x0000000088000000|100%| E|CS|TAMS 0x0000000087f00000, 0x0000000087f00000| Complete 
| 108|0x0000000088000000, 0x0000000088100000, 0x0000000088100000|100%| E|CS|TAMS 0x0000000088000000, 0x0000000088000000| Complete 
| 109|0x0000000088100000, 0x0000000088200000, 0x0000000088200000|100%| E|CS|TAMS 0x0000000088100000, 0x0000000088100000| Complete 
| 110|0x0000000088200000, 0x0000000088300000, 0x0000000088300000|100%| E|CS|TAMS 0x0000000088200000, 0x0000000088200000| Complete 
| 111|0x0000000088300000, 0x0000000088400000, 0x0000000088400000|100%| E|CS|TAMS 0x0000000088300000, 0x0000000088300000| Complete 
| 112|0x0000000088400000, 0x0000000088500000, 0x0000000088500000|100%| E|CS|TAMS 0x0000000088400000, 0x0000000088400000| Complete 
| 113|0x0000000088500000, 0x0000000088600000, 0x0000000088600000|100%| E|CS|TAMS 0x0000000088500000, 0x0000000088500000| Complete 
| 114|0x0000000088600000, 0x0000000088700000, 0x0000000088700000|100%| E|CS|TAMS 0x0000000088600000, 0x0000000088600000| Complete 
| 115|0x0000000088700000, 0x0000000088800000, 0x0000000088800000|100%| E|CS|TAMS 0x0000000088700000, 0x0000000088700000| Complete 
| 116|0x0000000088800000, 0x0000000088900000, 0x0000000088900000|100%| E|CS|TAMS 0x0000000088800000, 0x0000000088800000| Complete 
| 117|0x0000000088900000, 0x0000000088a00000, 0x0000000088a00000|100%| E|CS|TAMS 0x0000000088900000, 0x0000000088900000| Complete 
| 118|0x0000000088a00000, 0x0000000088b00000, 0x0000000088b00000|100%| E|CS|TAMS 0x0000000088a00000, 0x0000000088a00000| Complete 
| 119|0x0000000088b00000, 0x0000000088c00000, 0x0000000088c00000|100%| E|CS|TAMS 0x0000000088b00000, 0x0000000088b00000| Complete 
| 120|0x0000000088c00000, 0x0000000088d00000, 0x0000000088d00000|100%| E|CS|TAMS 0x0000000088c00000, 0x0000000088c00000| Complete 
| 121|0x0000000088d00000, 0x0000000088e00000, 0x0000000088e00000|100%| E|CS|TAMS 0x0000000088d00000, 0x0000000088d00000| Complete 
| 122|0x0000000088e00000, 0x0000000088f00000, 0x0000000088f00000|100%| E|CS|TAMS 0x0000000088e00000, 0x0000000088e00000| Complete 
| 123|0x0000000088f00000, 0x0000000089000000, 0x0000000089000000|100%| E|CS|TAMS 0x0000000088f00000, 0x0000000088f00000| Complete 
| 124|0x0000000089000000, 0x0000000089100000, 0x0000000089100000|100%| E|CS|TAMS 0x0000000089000000, 0x0000000089000000| Complete 
| 125|0x0000000089100000, 0x0000000089200000, 0x0000000089200000|100%| E|CS|TAMS 0x0000000089100000, 0x0000000089100000| Complete 
| 126|0x0000000089200000, 0x0000000089300000, 0x0000000089300000|100%| E|CS|TAMS 0x0000000089200000, 0x0000000089200000| Complete 
| 127|0x0000000089300000, 0x0000000089400000, 0x0000000089400000|100%| E|CS|TAMS 0x0000000089300000, 0x0000000089300000| Complete 

Card table byte_map: [0x000001fa77030000,0x000001fa77430000] _byte_map_base: 0x000001fa76c26000

Marking Bits (Prev, Next): (CMBitMap*) 0x000001fa6f0e5ce0, (CMBitMap*) 0x000001fa6f0e5d20
 Prev Bits: [0x000001fa77830000, 0x000001fa797e0000)
 Next Bits: [0x000001fa797e0000, 0x000001fa7b790000)

Polling page: 0x000001fa6e860000

Metaspace:

Usage:
  Non-class:      6.75 MB used.
      Class:    932.56 KB used.
       Both:      7.66 MB used.

Virtual space:
  Non-class space:       16.00 MB reserved,       6.81 MB ( 43%) committed,  2 nodes.
      Class space:        1.00 GB reserved,       1.00 MB ( <1%) committed,  1 nodes.
             Both:        1.02 GB reserved,       7.81 MB ( <1%) committed. 

Chunk freelists:
   Non-Class:  3.61 MB
       Class:  3.04 MB
        Both:  6.65 MB

MaxMetaspaceSize: unlimited
CompressedClassSpaceSize: 1.00 GB
Initial GC threshold: 21.00 MB
Current GC threshold: 21.00 MB
CDS: on
MetaspaceReclaimPolicy: balanced
 - commit_granule_bytes: 65536.
 - commit_granule_words: 8192.
 - virtual_space_node_default_size: 1048576.
 - enlarge_chunks_in_place: 1.
 - new_chunks_are_fully_committed: 0.
 - uncommit_free_chunks: 1.
 - use_allocation_guard: 0.
 - handle_deallocations: 1.


Internal statistics:

num_allocs_failed_limit: 0.
num_arena_births: 50.
num_arena_deaths: 0.
num_vsnodes_births: 3.
num_vsnodes_deaths: 0.
num_space_committed: 125.
num_space_uncommitted: 0.
num_chunks_returned_to_freelist: 0.
num_chunks_taken_from_freelist: 294.
num_chunk_merges: 0.
num_chunk_splits: 192.
num_chunks_enlarged: 162.
num_purges: 0.
num_inconsistent_stats: 0.

CodeHeap 'non-profiled nmethods': size=120000Kb used=570Kb max_used=570Kb free=119430Kb
 bounds [0x000001fa07ad0000, 0x000001fa07d40000, 0x000001fa0f000000]
CodeHeap 'profiled nmethods': size=120000Kb used=3172Kb max_used=3172Kb free=116827Kb
 bounds [0x000001fa005a0000, 0x000001fa008c0000, 0x000001fa07ad0000]
CodeHeap 'non-nmethods': size=5760Kb used=1153Kb max_used=1194Kb free=4606Kb
 bounds [0x000001fa00000000, 0x000001fa00270000, 0x000001fa005a0000]
 total_blobs=1993 nmethods=1548 adapters=358
 compilation: enabled
              stopped_count=0, restarted_count=0
 full_count=0

Compilation events (20 events):
Event: 43.188 Thread 0x000001fa7e212450 nmethod 1551 0x000001fa008b5610 code [0x000001fa008b5800, 0x000001fa008b5e18]
Event: 43.201 Thread 0x000001fa7e1abf00 1553       4       java.lang.StringBuilder::toString (35 bytes)
Event: 43.752 Thread 0x000001fa7e212450 1554       3       java.util.Arrays::asList (9 bytes)
Event: 43.752 Thread 0x000001fa7e212450 nmethod 1554 0x000001fa008b6010 code [0x000001fa008b61e0, 0x000001fa008b6668]
Event: 43.752 Thread 0x000001fa7e212450 1556       3       java.util.Arrays$ArrayItr::next (36 bytes)
Event: 43.752 Thread 0x000001fa7e212450 nmethod 1556 0x000001fa008b6810 code [0x000001fa008b69c0, 0x000001fa008b6c08]
Event: 43.752 Thread 0x000001fa7e212450 1555       3       java.util.Arrays$ArrayList::<init> (16 bytes)
Event: 43.753 Thread 0x000001fa7e212450 nmethod 1555 0x000001fa008b6d10 code [0x000001fa008b6ee0, 0x000001fa008b72c8]
Event: 43.753 Thread 0x000001fa7e212450 1557       3       java.lang.reflect.Method::getParameterTypes (11 bytes)
Event: 43.753 Thread 0x000001fa7e212450 nmethod 1557 0x000001fa008b7490 code [0x000001fa008b7640, 0x000001fa008b7908]
Event: 43.754 Thread 0x000001fa7e212450 1559       3       com.google.inject.internal.DeclaredMembers$$Lambda$51/0x0000000800c99128::apply (8 bytes)
Event: 43.754 Thread 0x000001fa7e212450 nmethod 1559 0x000001fa008b7a10 code [0x000001fa008b7ba0, 0x000001fa008b7dd8]
Event: 43.754 Thread 0x000001fa7e212450 1560       3       com.google.inject.internal.DeclaredMembers$$Lambda$52/0x0000000800c99360::apply (8 bytes)
Event: 43.755 Thread 0x000001fa7e212450 nmethod 1560 0x000001fa008b7e90 code [0x000001fa008b8040, 0x000001fa008b8328]
Event: 43.755 Thread 0x000001fa7e212450 1561       1       java.lang.reflect.Constructor::getDeclaringClass (5 bytes)
Event: 43.755 Thread 0x000001fa7e212450 nmethod 1561 0x000001fa07b5ca90 code [0x000001fa07b5cc20, 0x000001fa07b5ccf8]
Event: 43.755 Thread 0x000001fa7e212450 1562       3       java.util.LinkedHashMap::valuesToArray (38 bytes)
Event: 43.755 Thread 0x000001fa7e212450 nmethod 1562 0x000001fa008b8410 code [0x000001fa008b85c0, 0x000001fa008b8938]
Event: 43.755 Thread 0x000001fa7e212450 1563   !   3       org.eclipse.sisu.space.URLClassSpace::loadClass (31 bytes)
Event: 43.756 Thread 0x000001fa7e212450 nmethod 1563 0x000001fa008b8a90 code [0x000001fa008b8c60, 0x000001fa008b9048]

GC Heap History (2 events):
Event: 30.746 GC heap before
{Heap before GC invocations=0 (full 0):
 garbage-first heap   total 131072K, used 22528K [0x0000000081400000, 0x0000000100000000)
  region size 1024K, 23 young (23552K), 0 survivors (0K)
 Metaspace       used 5668K, committed 5888K, reserved 1056768K
  class space    used 679K, committed 768K, reserved 1048576K
}
Event: 30.860 GC heap after
{Heap after GC invocations=1 (full 0):
 garbage-first heap   total 131072K, used 3837K [0x0000000081400000, 0x0000000100000000)
  region size 1024K, 3 young (3072K), 3 survivors (3072K)
 Metaspace       used 5668K, committed 5888K, reserved 1056768K
  class space    used 679K, committed 768K, reserved 1048576K
}

Deoptimization events (20 events):
Event: 31.499 Thread 0x000001fa6f08bea0 DEOPT PACKING pc=0x000001fa07b2fef8 sp=0x00000022ddbfd060
Event: 31.499 Thread 0x000001fa6f08bea0 DEOPT UNPACKING pc=0x000001fa000523a3 sp=0x00000022ddbfcfe0 mode 2
Event: 32.124 Thread 0x000001fa6f08bea0 Uncommon trap: trap_request=0xffffff45 fr.pc=0x000001fa07b35260 relative=0x0000000000000a60
Event: 32.124 Thread 0x000001fa6f08bea0 Uncommon trap: reason=unstable_if action=reinterpret pc=0x000001fa07b35260 method=org.codehaus.plexus.util.xml.pull.MXParser.nextImpl()I @ 241 c2
Event: 32.124 Thread 0x000001fa6f08bea0 DEOPT PACKING pc=0x000001fa07b35260 sp=0x00000022ddbfd050
Event: 32.124 Thread 0x000001fa6f08bea0 DEOPT UNPACKING pc=0x000001fa000523a3 sp=0x00000022ddbfcfe0 mode 2
Event: 33.833 Thread 0x000001fa6f08bea0 Uncommon trap: trap_request=0xffffff45 fr.pc=0x000001fa07b03124 relative=0x0000000000000a24
Event: 33.833 Thread 0x000001fa6f08bea0 Uncommon trap: reason=unstable_if action=reinterpret pc=0x000001fa07b03124 method=java.util.HashMap.putVal(ILjava/lang/Object;Ljava/lang/Object;ZZ)Ljava/lang/Object; @ 181 c2
Event: 33.833 Thread 0x000001fa6f08bea0 DEOPT PACKING pc=0x000001fa07b03124 sp=0x00000022ddbfcc30
Event: 33.833 Thread 0x000001fa6f08bea0 DEOPT UNPACKING pc=0x000001fa000523a3 sp=0x00000022ddbfcbd0 mode 2
Event: 36.485 Thread 0x000001fa6f08bea0 Uncommon trap: trap_request=0xffffff45 fr.pc=0x000001fa07b44ddc relative=0x00000000000004bc
Event: 36.485 Thread 0x000001fa6f08bea0 Uncommon trap: reason=unstable_if action=reinterpret pc=0x000001fa07b44ddc method=java.lang.String.<init>([CIILjava/lang/Void;)V @ 5 c2
Event: 36.485 Thread 0x000001fa6f08bea0 DEOPT PACKING pc=0x000001fa07b44ddc sp=0x00000022ddbfcc70
Event: 36.486 Thread 0x000001fa6f08bea0 DEOPT UNPACKING pc=0x000001fa000523a3 sp=0x00000022ddbfcb08 mode 2
Event: 38.637 Thread 0x000001fa6f08bea0 DEOPT PACKING pc=0x000001fa007b8434 sp=0x00000022ddbfcdb0
Event: 38.637 Thread 0x000001fa6f08bea0 DEOPT UNPACKING pc=0x000001fa00052b43 sp=0x00000022ddbfc220 mode 0
Event: 41.572 Thread 0x000001fa6f08bea0 Uncommon trap: trap_request=0xffffff45 fr.pc=0x000001fa07b546bc relative=0x000000000000151c
Event: 41.572 Thread 0x000001fa6f08bea0 Uncommon trap: reason=unstable_if action=reinterpret pc=0x000001fa07b546bc method=jdk.internal.jimage.ImageLocation.verifyName(Ljava/lang/String;Ljava/lang/String;IIIIIILjdk/internal/jimage/ImageStrings;)Z @ 27 c2
Event: 41.572 Thread 0x000001fa6f08bea0 DEOPT PACKING pc=0x000001fa07b546bc sp=0x00000022ddbfc980
Event: 41.573 Thread 0x000001fa6f08bea0 DEOPT UNPACKING pc=0x000001fa000523a3 sp=0x00000022ddbfc878 mode 2

Classes unloaded (0 events):
No events

Classes redefined (0 events):
No events

Internal exceptions (20 events):
Event: 13.699 Thread 0x000001fa6f08bea0 Exception <a 'java/lang/NullPointerException'{0x0000000088f9fa20}> (0x0000000088f9fa20) 
thrown [s\open\src\hotspot\share\interpreter\linkResolver.cpp, line 1350]
Event: 15.120 Thread 0x000001fa6f08bea0 Exception <a 'java/lang/NullPointerException'{0x0000000088e86400}> (0x0000000088e86400) 
thrown [s\open\src\hotspot\share\interpreter\linkResolver.cpp, line 1350]
Event: 15.120 Thread 0x000001fa6f08bea0 Exception <a 'java/lang/NullPointerException'{0x0000000088e866d8}> (0x0000000088e866d8) 
thrown [s\open\src\hotspot\share\interpreter\linkResolver.cpp, line 1350]
Event: 15.120 Thread 0x000001fa6f08bea0 Exception <a 'java/lang/NullPointerException'{0x0000000088e869b0}> (0x0000000088e869b0) 
thrown [s\open\src\hotspot\share\interpreter\linkResolver.cpp, line 1350]
Event: 15.140 Thread 0x000001fa6f08bea0 Exception <a 'java/lang/NullPointerException'{0x0000000088e8d398}> (0x0000000088e8d398) 
thrown [s\open\src\hotspot\share\interpreter\linkResolver.cpp, line 1350]
Event: 15.171 Thread 0x000001fa6f08bea0 Exception <a 'java/lang/NullPointerException'{0x0000000088ea31e8}> (0x0000000088ea31e8) 
thrown [s\open\src\hotspot\share\interpreter\linkResolver.cpp, line 1350]
Event: 15.171 Thread 0x000001fa6f08bea0 Exception <a 'java/lang/NullPointerException'{0x0000000088ea34c0}> (0x0000000088ea34c0) 
thrown [s\open\src\hotspot\share\interpreter\linkResolver.cpp, line 1350]
Event: 15.171 Thread 0x000001fa6f08bea0 Exception <a 'java/lang/NullPointerException'{0x0000000088ea3798}> (0x0000000088ea3798) 
thrown [s\open\src\hotspot\share\interpreter\linkResolver.cpp, line 1350]
Event: 15.171 Thread 0x000001fa6f08bea0 Exception <a 'java/lang/NullPointerException'{0x0000000088ea3a70}> (0x0000000088ea3a70) 
thrown [s\open\src\hotspot\share\interpreter\linkResolver.cpp, line 1350]
Event: 16.452 Thread 0x000001fa6f08bea0 Exception <a 'java/lang/NoSuchMethodError'{0x0000000088d579c8}: 'void java.lang.invoke.DirectMethodHandle$Holder.invokeStatic(java.lang.Object, java.lang.Object, java.lang.Object)'> (0x0000000088d579c8) 
thrown [s\open\src\hotspot\share\interpreter\linkResolver.cpp, line 759]
Event: 17.124 Thread 0x000001fa6f08bea0 Exception <a 'java/lang/NoSuchMethodError'{0x0000000088db4130}: 'int java.lang.invoke.DirectMethodHandle$Holder.invokeStatic(java.lang.Object, java.lang.Object, int)'> (0x0000000088db4130) 
thrown [s\open\src\hotspot\share\interpreter\linkResolver.cpp, line 759]
Event: 20.100 Thread 0x000001fa6f08bea0 Exception <a 'java/lang/NoSuchMethodError'{0x0000000088b3c6a8}: 'java.lang.Object java.lang.invoke.DirectMethodHandle$Holder.invokeSpecialIFC(java.lang.Object, java.lang.Object, java.lang.Object, java.lang.Object)'> (0x0000000088b3c6a8) 
thrown [s\open\src\hotspot\share\interpreter\linkResolver.cpp, line 759]
Event: 24.423 Thread 0x000001fa6f08bea0 Exception <a 'java/lang/NoSuchMethodError'{0x0000000088527f60}: 'java.lang.Object java.lang.invoke.DirectMethodHandle$Holder.invokeStaticInit(java.lang.Object)'> (0x0000000088527f60) 
thrown [s\open\src\hotspot\share\interpreter\linkResolver.cpp, line 759]
Event: 24.431 Thread 0x000001fa6f08bea0 Exception <a 'java/lang/NoSuchMethodError'{0x0000000088548688}: 'void java.lang.invoke.DirectMethodHandle$Holder.invokeSpecial(java.lang.Object, java.lang.Object, java.lang.Object)'> (0x0000000088548688) 
thrown [s\open\src\hotspot\share\interpreter\linkResolver.cpp, line 759]
Event: 25.287 Thread 0x000001fa6f08bea0 Exception <a 'java/lang/NoSuchMethodError'{0x00000000884d0440}: 'java.lang.Object java.lang.invoke.DirectMethodHandle$Holder.invokeInterface(java.lang.Object, java.lang.Object)'> (0x00000000884d0440) 
thrown [s\open\src\hotspot\share\interpreter\linkResolver.cpp, line 759]
Event: 25.735 Thread 0x000001fa6f08bea0 Exception <a 'java/lang/NoSuchMethodError'{0x000000008838c168}: 'java.lang.Object java.lang.invoke.Invokers$Holder.invokeExact_MT(java.lang.Object, java.lang.Object, java.lang.Object, java.lang.Object, java.lang.Object, java.lang.Object)'> (0x000000008838c168) 
thrown [s\open\src\hotspot\share\interpreter\linkResolver.cpp, line 759]
Event: 25.751 Thread 0x000001fa6f08bea0 Exception <a 'java/lang/NoSuchMethodError'{0x000000008839d628}: 'int java.lang.invoke.DirectMethodHandle$Holder.invokeSpecialIFC(java.lang.Object, java.lang.Object, java.lang.Object, java.lang.Object, java.lang.Object)'> (0x000000008839d628) 
thrown [s\open\src\hotspot\share\interpreter\linkResolver.cpp, line 759]
Event: 27.980 Thread 0x000001fa6f08bea0 Exception <a 'java/lang/NoSuchMethodError'{0x000000008817e708}: 'java.lang.Object java.lang.invoke.DirectMethodHandle$Holder.newInvokeSpecial(java.lang.Object, java.lang.Object, java.lang.Object, java.lang.Object, java.lang.Object)'> (0x000000008817e708) 
thrown [s\open\src\hotspot\share\interpreter\linkResolver.cpp, line 759]
Event: 29.030 Thread 0x000001fa6f08bea0 Exception <a 'java/lang/NoSuchMethodError'{0x0000000088095f28}: 'int java.lang.invoke.DirectMethodHandle$Holder.invokeStaticInit(java.lang.Object, java.lang.Object)'> (0x0000000088095f28) 
thrown [s\open\src\hotspot\share\interpreter\linkResolver.cpp, line 759]
Event: 29.066 Thread 0x000001fa6f08bea0 Exception <a 'java/lang/NoClassDefFoundError'{0x00000000880d42c0}: javax/enterprise/inject/Typed> (0x00000000880d42c0) 
thrown [s\open\src\hotspot\share\classfile\systemDictionary.cpp, line 245]

VM Operations (20 events):
Event: 29.517 Executing VM operation: Cleanup
Event: 29.800 Executing VM operation: Cleanup done
Event: 30.745 Executing VM operation: G1CollectForAllocation
Event: 30.860 Executing VM operation: G1CollectForAllocation done
Event: 32.884 Executing VM operation: Cleanup
Event: 33.014 Executing VM operation: Cleanup done
Event: 34.018 Executing VM operation: Cleanup
Event: 34.555 Executing VM operation: Cleanup done
Event: 35.559 Executing VM operation: Cleanup
Event: 35.999 Executing VM operation: Cleanup done
Event: 37.012 Executing VM operation: Cleanup
Event: 37.636 Executing VM operation: Cleanup done
Event: 39.648 Executing VM operation: Cleanup
Event: 40.208 Executing VM operation: Cleanup done
Event: 41.210 Executing VM operation: Cleanup
Event: 41.556 Executing VM operation: Cleanup done
Event: 42.558 Executing VM operation: Cleanup
Event: 42.558 Executing VM operation: Cleanup done
Event: 42.816 Executing VM operation: HandshakeAllThreads
Event: 42.816 Executing VM operation: HandshakeAllThreads done

Events (20 events):
Event: 34.904 loading class jdk/internal/reflect/ClassDefiner$1
Event: 34.904 loading class jdk/internal/reflect/ClassDefiner$1 done
Event: 34.904 loading class jdk/internal/reflect/BootstrapConstructorAccessorImpl
Event: 34.904 loading class jdk/internal/reflect/BootstrapConstructorAccessorImpl done
Event: 40.220 loading class java/lang/Deprecated
Event: 40.220 loading class java/lang/Deprecated done
Event: 42.765 loading class sun/reflect/generics/tree/BottomSignature
Event: 42.765 loading class sun/reflect/generics/tree/BottomSignature done
Event: 42.765 loading class sun/reflect/generics/tree/Wildcard
Event: 42.765 loading class sun/reflect/generics/tree/Wildcard done
Event: 42.765 loading class sun/reflect/generics/reflectiveObjects/WildcardTypeImpl
Event: 42.766 loading class sun/reflect/generics/reflectiveObjects/WildcardTypeImpl done
Event: 42.767 loading class sun/reflect/annotation/AnnotatedTypeFactory$AnnotatedParameterizedTypeImpl
Event: 42.767 loading class java/lang/reflect/AnnotatedParameterizedType
Event: 42.767 loading class java/lang/reflect/AnnotatedParameterizedType done
Event: 42.767 loading class sun/reflect/annotation/AnnotatedTypeFactory$AnnotatedParameterizedTypeImpl done
Event: 43.168 loading class java/util/concurrent/atomic/AtomicBoolean
Event: 43.168 loading class java/util/concurrent/atomic/AtomicBoolean done
Event: 43.751 loading class java/util/EventObject
Event: 43.751 loading class java/util/EventObject done


Dynamic libraries:
0x00007ff75cc70000 - 0x00007ff75cc80000 	C:\Program Files\Java\jdk-17.0.4.1\bin\java.exe
0x00007ffe52bb0000 - 0x00007ffe52dc7000 	C:\WINDOWS\SYSTEM32\ntdll.dll
0x00007ffe51f30000 - 0x00007ffe51ff4000 	C:\WINDOWS\System32\KERNEL32.DLL
0x00007ffe501b0000 - 0x00007ffe50555000 	C:\WINDOWS\System32\KERNELBASE.dll
0x00007ffe50720000 - 0x00007ffe50831000 	C:\WINDOWS\System32\ucrtbase.dll
0x00007ffe30030000 - 0x00007ffe30048000 	C:\Program Files\Java\jdk-17.0.4.1\bin\jli.dll
0x00007ffe517e0000 - 0x00007ffe51891000 	C:\WINDOWS\System32\ADVAPI32.dll
0x00007ffe518a0000 - 0x00007ffe51947000 	C:\WINDOWS\System32\msvcrt.dll
0x00007ffe522a0000 - 0x00007ffe52346000 	C:\WINDOWS\System32\sechost.dll
0x00007ffe52000000 - 0x00007ffe52117000 	C:\WINDOWS\System32\RPCRT4.dll
0x00007ffe50980000 - 0x00007ffe50b2e000 	C:\WINDOWS\System32\USER32.dll
0x00007ffe506f0000 - 0x00007ffe50716000 	C:\WINDOWS\System32\win32u.dll
0x00007ffe51c60000 - 0x00007ffe51c89000 	C:\WINDOWS\System32\GDI32.dll
0x00007ffe50560000 - 0x00007ffe50679000 	C:\WINDOWS\System32\gdi32full.dll
0x00007ffe4ff20000 - 0x00007ffe4ffba000 	C:\WINDOWS\System32\msvcp_win.dll
0x00007ffe33530000 - 0x00007ffe3354a000 	C:\Program Files\Java\jdk-17.0.4.1\bin\VCRUNTIME140.dll
0x00007ffe37df0000 - 0x00007ffe38083000 	C:\WINDOWS\WinSxS\amd64_microsoft.windows.common-controls_6595b64144ccf1df_6.0.22621.2506_none_270c5ae97388e100\COMCTL32.dll
0x00007ffe43a50000 - 0x00007ffe43a5a000 	C:\WINDOWS\SYSTEM32\VERSION.dll
0x00007ffe51c90000 - 0x00007ffe51cc1000 	C:\WINDOWS\System32\IMM32.DLL
0x00007ffe46400000 - 0x00007ffe4640c000 	C:\Program Files\Java\jdk-17.0.4.1\bin\vcruntime140_1.dll
0x00007ffe10100000 - 0x00007ffe1018d000 	C:\Program Files\Java\jdk-17.0.4.1\bin\msvcp140.dll
0x00007ffdedab0000 - 0x00007ffdee672000 	C:\Program Files\Java\jdk-17.0.4.1\bin\server\jvm.dll
0x00007ffe52b60000 - 0x00007ffe52b68000 	C:\WINDOWS\System32\PSAPI.DLL
0x00007ffe48480000 - 0x00007ffe48489000 	C:\WINDOWS\SYSTEM32\WSOCK32.dll
0x00007ffe50900000 - 0x00007ffe50971000 	C:\WINDOWS\System32\WS2_32.dll
0x00007ffe44d00000 - 0x00007ffe44d34000 	C:\WINDOWS\SYSTEM32\WINMM.dll
0x00007ffe4efb0000 - 0x00007ffe4efc8000 	C:\WINDOWS\SYSTEM32\kernel.appcore.dll
0x00007ffe45ed0000 - 0x00007ffe45eda000 	C:\Program Files\Java\jdk-17.0.4.1\bin\jimage.dll
0x00007ffe4d850000 - 0x00007ffe4da83000 	C:\WINDOWS\SYSTEM32\DBGHELP.DLL
0x00007ffe52350000 - 0x00007ffe526d9000 	C:\WINDOWS\System32\combase.dll
0x00007ffe51950000 - 0x00007ffe51a27000 	C:\WINDOWS\System32\OLEAUT32.dll
0x00007ffe315e0000 - 0x00007ffe31612000 	C:\WINDOWS\SYSTEM32\dbgcore.DLL
0x00007ffe50130000 - 0x00007ffe501aa000 	C:\WINDOWS\System32\bcryptPrimitives.dll
0x00007ffe2ffc0000 - 0x00007ffe2ffe5000 	C:\Program Files\Java\jdk-17.0.4.1\bin\java.dll
0x00007ffe00e30000 - 0x00007ffe00f06000 	C:\Program Files\Java\jdk-17.0.4.1\bin\jsvml.dll
0x00007ffe50d00000 - 0x00007ffe51559000 	C:\WINDOWS\System32\SHELL32.dll
0x00007ffe4de50000 - 0x00007ffe4e744000 	C:\WINDOWS\SYSTEM32\windows.storage.dll
0x00007ffe4dd10000 - 0x00007ffe4de4e000 	C:\WINDOWS\SYSTEM32\wintypes.dll
0x00007ffe50b30000 - 0x00007ffe50c23000 	C:\WINDOWS\System32\SHCORE.dll
0x00007ffe51eb0000 - 0x00007ffe51f0e000 	C:\WINDOWS\System32\shlwapi.dll
0x00007ffe4fe50000 - 0x00007ffe4fe76000 	C:\WINDOWS\SYSTEM32\profapi.dll
0x00007ffe33090000 - 0x00007ffe330a9000 	C:\Program Files\Java\jdk-17.0.4.1\bin\net.dll
0x00007ffe44b60000 - 0x00007ffe44c97000 	C:\WINDOWS\SYSTEM32\WINHTTP.dll
0x00007ffe4f490000 - 0x00007ffe4f4f9000 	C:\WINDOWS\system32\mswsock.dll
0x00007ffe30140000 - 0x00007ffe30156000 	C:\Program Files\Java\jdk-17.0.4.1\bin\nio.dll
0x00007ffe30080000 - 0x00007ffe30098000 	C:\Program Files\Java\jdk-17.0.4.1\bin\zip.dll
0x0000000069ac0000 - 0x0000000069ae4000 	C:\Users\larak\AppData\Local\Temp\jansi-2.4.0-aec4d0841ef57d04-jansi.dll
0x00007ffe455e0000 - 0x00007ffe455f0000 	C:\Program Files\Java\jdk-17.0.4.1\bin\verify.dll

dbghelp: loaded successfully - version: 4.0.5 - missing functions: none
symbol engine: initialized successfully - sym options: 0x614 - pdb path: .;C:\Program Files\Java\jdk-17.0.4.1\bin;C:\WINDOWS\SYSTEM32;C:\WINDOWS\WinSxS\amd64_microsoft.windows.common-controls_6595b64144ccf1df_6.0.22621.2506_none_270c5ae97388e100;C:\Program Files\Java\jdk-17.0.4.1\bin\server;C:\Users\larak\AppData\Local\Temp

VM Arguments:
jvm_args: -Dmaven.multiModuleProjectDirectory=C:\Senac\curso ds\ProjetoIntegradorUC15\Etapa0708PIUC15\petpug\petpug 
java_command: org.apache.maven.wrapper.MavenWrapperMain -Dmaven.ext.class.path=C:\Program Files\NetBeans-14\netbeans\java\maven-nblib\netbeans-eventspy.jar -Dfile.encoding=UTF-8 install
java_class_path (initial): C:\Senac\curso ds\ProjetoIntegradorUC15\Etapa0708PIUC15\petpug\petpug\.mvn\wrapper\maven-wrapper.jar
Launcher Type: SUN_STANDARD

[Global flags]
     intx CICompilerCount                          = 4                                         {product} {ergonomic}
     uint ConcGCThreads                            = 2                                         {product} {ergonomic}
     uint G1ConcRefinementThreads                  = 8                                         {product} {ergonomic}
   size_t G1HeapRegionSize                         = 1048576                                   {product} {ergonomic}
    uintx GCDrainStackTargetSize                   = 64                                        {product} {ergonomic}
   size_t InitialHeapSize                          = 134217728                                 {product} {ergonomic}
   size_t MarkStackSize                            = 4194304                                   {product} {ergonomic}
   size_t MaxHeapSize                              = 2126512128                                {product} {ergonomic}
   size_t MaxNewSize                               = 1275068416                                {product} {ergonomic}
   size_t MinHeapDeltaBytes                        = 1048576                                   {product} {ergonomic}
   size_t MinHeapSize                              = 8388608                                   {product} {ergonomic}
    uintx NonNMethodCodeHeapSize                   = 5839372                                {pd product} {ergonomic}
    uintx NonProfiledCodeHeapSize                  = 122909434                              {pd product} {ergonomic}
    uintx ProfiledCodeHeapSize                     = 122909434                              {pd product} {ergonomic}
    uintx ReservedCodeCacheSize                    = 251658240                              {pd product} {ergonomic}
     bool SegmentedCodeCache                       = true                                      {product} {ergonomic}
   size_t SoftMaxHeapSize                          = 2126512128                             {manageable} {ergonomic}
     bool UseCompressedClassPointers               = true                           {product lp64_product} {ergonomic}
     bool UseCompressedOops                        = true                           {product lp64_product} {ergonomic}
     bool UseG1GC                                  = true                                      {product} {ergonomic}
     bool UseLargePagesIndividualAllocation        = false                                  {pd product} {ergonomic}

Logging:
Log output configuration:
 #0: stdout all=warning uptime,level,tags
 #1: stderr all=off uptime,level,tags

Environment Variables:
JAVA_HOME=C:\Program Files\Java\jdk-17.0.4.1
PATH=C:\Program Files\Common Files\Oracle\Java\javapath;C:\ProgramData\Oracle\Java\javapath;C:\Program Files (x86)\Intel\Intel(R) Management Engine Components\iCLS\;C:\Program Files\Intel\Intel(R) Management Engine Components\iCLS\;C:\windows\system32;C:\windows;C:\windows\System32\Wbem;C:\windows\System32\WindowsPowerShell\v1.0\;C:\windows\System32\OpenSSH\;C:\Program Files (x86)\NVIDIA Corporation\PhysX\Common;C:\Program Files (x86)\Intel\Intel(R) Management Engine Components\DAL;C:\Program Files\Intel\Intel(R) Management Engine Components\DAL;C:\Program Files (x86)\Intel\Intel(R) Management Engine Components\IPT;C:\Program Files\Intel\Intel(R) Management Engine Components\IPT;C:\WINDOWS\system32;C:\WINDOWS;C:\WINDOWS\System32\Wbem;C:\WINDOWS\System32\WindowsPowerShell\v1.0\;C:\WINDOWS\System32\OpenSSH\;C:\ProgramData\UNIVALI\Portugol Studio;C:\Program Files\Git\cmd;D:\Microsoft VS Code\bin;D:\;C:\Users\larak\AppData\Local\Microsoft\WindowsApps;C:\Program Files\JetBrains\PyCharm Community Edition 2020.3.3\bin;;C:\Users\larak\AppData\Local\GitHubDesktop\bin;C:\Users\larak\AppData\Roaming\npm
USERNAME=larak
OS=Windows_NT
PROCESSOR_IDENTIFIER=Intel64 Family 6 Model 142 Stepping 10, GenuineIntel



---------------  S Y S T E M  ---------------

OS:
 Windows 11 , 64 bit Build 22621 (10.0.22621.2506)
OS uptime: 3 days 14:32 hours

CPU: total 8 (initial active 8) (4 cores per cpu, 2 threads per core) family 6 model 142 stepping 10 microcode 0xe0, cx8, cmov, fxsr, ht, mmx, 3dnowpref, sse, sse2, sse3, ssse3, sse4.1, sse4.2, popcnt, lzcnt, tsc, tscinvbit, avx, avx2, aes, erms, clmul, bmi1, bmi2, adx, fma, vzeroupper, clflush, clflushopt

Memory: 4k page, system-wide physical 8106M (469M free)
TotalPageFile size 32682M (AvailPageFile size 478M)
current process WorkingSet (physical memory assigned to process): 82M, peak: 82M
current process commit charge ("private bytes"): 230M, peak: 230M

vm_info: Java HotSpot(TM) 64-Bit Server VM (17.0.4.1+1-LTS-2) for windows-amd64 JRE (17.0.4.1+1-LTS-2), built on Aug 16 2022 18:32:06 by "mach5one" with MS VC++ 16.8 / 16.9 (VS2019)

END.
